#
# A fatal error has been detected by the Java Runtime Environment:
#
#  SIGSEGV (0xb) at pc=0x00007f1464c205a1, pid=610, tid=0x00007f14790a4700
#
# JRE version: OpenJDK Runtime Environment (8.0_212-b01) (build 1.8.0_212-8u212-b01-1~deb9u1-b01)
# Java VM: OpenJDK 64-Bit Server VM (25.212-b01 mixed mode linux-amd64 compressed oops)
# Problematic frame:
# j  java.util.Arrays.toString([Ljava/lang/Object;)Ljava/lang/String;+0
#
# Failed to write core dump. Core dumps have been disabled. To enable core dumping, try "ulimit -c unlimited" before starting Java again
#
# If you would like to submit a bug report, please visit:
#   http://bugreport.java.com/bugreport/crash.jsp
#

---------------  T H R E A D  ---------------

Current thread (0x00007f1474011800):  JavaThread "main" [_thread_in_Java, id=611, stack(0x00007f1478fa5000,0x00007f14790a5000)]

siginfo: si_signo: 11 (SIGSEGV), si_code: 1 (SEGV_MAPERR), si_addr: 0x00000d0b0d1510a9

Registers:
RAX=0x00000d0b0d15109d, RBX=0x00000000000000be, RCX=0x00007f14624bdce0, RDX=0x0000000000000006
RSP=0x00007f14790a23d0, RBP=0x00007f14790a2410, RSI=0x0000000000000008, RDI=0x0000000000000000
R8 =0x00007f14624bdce0, R9 =0x0000000000000009, R10=0x00007f147a30bae0, R11=0x000000000000000b
R12=0x0000000000000000, R13=0x00007f14624bdc88, R14=0x00007f14790a2438, R15=0x00007f1474011800
RIP=0x00007f1464c205a1, EFLAGS=0x0000000000010206, CSGSFS=0x002b000000000033, ERR=0x0000000000000004
  TRAPNO=0x000000000000000e

Top of Stack: (sp=0x00007f14790a23d0)
0x00007f14790a23d0:   00007f14790a23d0 00007f14624bdc80
0x00007f14790a23e0:   00007f14790a2438 00007f14624bf668
0x00007f14790a23f0:   0000000000000000 00007f14624bdce0
0x00007f14790a2400:   0000000000000000 00007f14790a2438
0x00007f14790a2410:   00007f14790a2490 00007f1464bf3e20
0x00007f14790a2420:   0000000000000000 0000000000000000
0x00007f14790a2430:   0000000000000000 00000d0b0d15109d
0x00007f14790a2440:   000000076e028888 00000006c9d3d520
0x00007f14790a2450:   00007f14790a2450 00007f13fb54889f
0x00007f14790a2460:   00007f14790a24b0 00007f13fad96618
0x00007f14790a2470:   0000000000000000 00007f13fb5488d0
0x00007f14790a2480:   00007f14790a2438 00007f14790a24a0
0x00007f14790a2490:   00007f14790a24f8 00007f1464bf409d
0x00007f14790a24a0:   00000d0b0d15109d 0000000000000000
0x00007f14790a24b0:   000000076e028820 00007f14790a24b8
0x00007f14790a24c0:   00007f13fb5490c2 00007f14790a2518
0x00007f14790a24d0:   00007f13fad94f10 0000000000000000
0x00007f14790a24e0:   00007f13fb5490c8 00007f14790a24a0
0x00007f14790a24f0:   00007f14790a2518 00007f14790a2580
0x00007f14790a2500:   00007f1464bec4e7 00000d0b0d15109d
0x00007f14790a2510:   0000000000000000 000000076e028810
0x00007f14790a2520:   00007f1400001fa0 00007f1474011800
0x00007f14790a2530:   00007f14790a2760 00007f14790a2620
0x00007f14790a2540:   00007f1474011800 00007f13fb5490c8
0x00007f14790a2550:   00007f14790a2620 00007f14790a2748
0x00007f14790a2560:   00007f140000000a 00007f13fb5490c8
0x00007f14790a2570:   00007f1464c05200 00007f14790a2768
0x00007f14790a2580:   00007f14790a26a0 00007f1479a2ef23
0x00007f14790a2590:   0000000000000001 00007f1474011800
0x00007f14790a25a0:   00007f1464bf1310 00007f1474012498
0x00007f14790a25b0:   00007f14790a25e0 00007f140000000a
0x00007f14790a25c0:   00007f140000000e 00007f1464c05200 

Instructions: (pc=0x00007f1464c205a1)
0x00007f1464c20581:   00 00 00 00 00 00 00 cb 15 e7 79 14 7f 00 00 be
0x00007f1464c20591:   00 00 00 00 00 00 00 00 00 00 00 00 00 00 00 58
0x00007f1464c205a1:   8b 40 0c 41 0f b6 5d 01 49 ff c5 49 ba e0 9a 30
0x00007f1464c205b1:   7a 14 7f 00 00 41 ff 24 da 66 0f 1f 44 00 00 40 

Register to memory mapping:

RAX=0x00000d0b0d15109d is an unknown value
RBX=0x00000000000000be is an unknown value
RCX={method} {0x00007f14624bdce0} 'toString' '([Ljava/lang/Object;)Ljava/lang/String;' in 'java/util/Arrays'
RDX=0x0000000000000006 is an unknown value
RSP=0x00007f14790a23d0 is pointing into the stack for thread: 0x00007f1474011800
RBP=0x00007f14790a2410 is pointing into the stack for thread: 0x00007f1474011800
RSI=0x0000000000000008 is an unknown value
RDI=0x0000000000000000 is an unknown value
R8 ={method} {0x00007f14624bdce0} 'toString' '([Ljava/lang/Object;)Ljava/lang/String;' in 'java/util/Arrays'
R9 =0x0000000000000009 is an unknown value
R10=0x00007f147a30bae0: <offset 0xf45ae0> in /usr/lib/jvm/java-8-openjdk-amd64/jre/lib/amd64/server/libjvm.so at 0x00007f14793c6000
R11=0x000000000000000b is an unknown value
R12=0x0000000000000000 is an unknown value
R13=0x00007f14624bdc88 is pointing into metadata
R14=0x00007f14790a2438 is pointing into the stack for thread: 0x00007f1474011800
R15=0x00007f1474011800 is a thread


Stack: [0x00007f1478fa5000,0x00007f14790a5000],  sp=0x00007f14790a23d0,  free space=1012k
Native frames: (J=compiled Java code, j=interpreted, Vv=VM code, C=native code)
j  java.util.Arrays.toString([Ljava/lang/Object;)Ljava/lang/String;+0
j  com.example.aim.agent.bootstrap.asm.advice.MethodAspect.sout(J[Ljava/lang/Object;)V+15
j  com.example.demo.controller.Test.<init>()V+10
v  ~StubRoutines::call_stub
V  [libjvm.so+0x668f23]
V  [libjvm.so+0x94a980]
V  [libjvm.so+0x94c8db]
V  [libjvm.so+0x6b3586]  JVM_NewInstanceFromConstructor+0x66
J 1296  sun.reflect.NativeConstructorAccessorImpl.newInstance0(Ljava/lang/reflect/Constructor;[Ljava/lang/Object;)Ljava/lang/Object; (0 bytes) @ 0x00007f1464ef1815 [0x00007f1464ef1740+0xd5]
J 1295 C1 sun.reflect.NativeConstructorAccessorImpl.newInstance([Ljava/lang/Object;)Ljava/lang/Object; (89 bytes) @ 0x00007f1464ef21d4 [0x00007f1464ef1e20+0x3b4]
J 1283 C1 sun.reflect.DelegatingConstructorAccessorImpl.newInstance([Ljava/lang/Object;)Ljava/lang/Object; (9 bytes) @ 0x00007f1464eee9dc [0x00007f1464eee980+0x5c]
J 1278 C1 java.lang.reflect.Constructor.newInstance([Ljava/lang/Object;)Ljava/lang/Object; (87 bytes) @ 0x00007f1464eeb664 [0x00007f1464eeb520+0x144]
j  org.springframework.beans.BeanUtils.instantiateClass(Ljava/lang/reflect/Constructor;[Ljava/lang/Object;)Ljava/lang/Object;+128
j  org.springframework.beans.factory.support.SimpleInstantiationStrategy.instantiate(Lorg/springframework/beans/factory/support/RootBeanDefinition;Ljava/lang/String;Lorg/springframework/beans/factory/BeanFactory;)Ljava/lang/Object;+140
j  org.springframework.beans.factory.support.AbstractAutowireCapableBeanFactory.instantiateBean(Ljava/lang/String;Lorg/springframework/beans/factory/support/RootBeanDefinition;)Lorg/springframework/beans/BeanWrapper;+32
j  org.springframework.beans.factory.support.AbstractAutowireCapableBeanFactory.createBeanInstance(Ljava/lang/String;Lorg/springframework/beans/factory/support/RootBeanDefinition;[Ljava/lang/Object;)Lorg/springframework/beans/BeanWrapper;+250
j  org.springframework.beans.factory.support.AbstractAutowireCapableBeanFactory.doCreateBean(Ljava/lang/String;Lorg/springframework/beans/factory/support/RootBeanDefinition;[Ljava/lang/Object;)Ljava/lang/Object;+34
j  org.springframework.beans.factory.support.AbstractAutowireCapableBeanFactory.createBean(Ljava/lang/String;Lorg/springframework/beans/factory/support/RootBeanDefinition;[Ljava/lang/Object;)Ljava/lang/Object;+169
j  org.springframework.beans.factory.support.AbstractBeanFactory.lambda$doGetBean$0(Ljava/lang/String;Lorg/springframework/beans/factory/support/RootBeanDefinition;[Ljava/lang/Object;)Ljava/lang/Object;+4
j  org.springframework.beans.factory.support.AbstractBeanFactory$$Lambda$195.getObject()Ljava/lang/Object;+16
j  org.springframework.beans.factory.support.DefaultSingletonBeanRegistry.getSingleton(Ljava/lang/String;Lorg/springframework/beans/factory/ObjectFactory;)Ljava/lang/Object;+132
J 1746 C1 org.springframework.beans.factory.support.AbstractBeanFactory.doGetBean(Ljava/lang/String;Ljava/lang/Class;[Ljava/lang/Object;Z)Ljava/lang/Object; (832 bytes) @ 0x00007f1464fbce94 [0x00007f1464fbc7e0+0x6b4]
j  org.springframework.beans.factory.support.AbstractBeanFactory.getBean(Ljava/lang/String;)Ljava/lang/Object;+5
j  org.springframework.beans.factory.support.DefaultListableBeanFactory.preInstantiateSingletons()V+248
j  org.springframework.context.support.AbstractApplicationContext.finishBeanFactoryInitialization(Lorg/springframework/beans/factory/config/ConfigurableListableBeanFactory;)V+124
j  org.springframework.context.support.AbstractApplicationContext.refresh()V+86
j  org.springframework.boot.web.servlet.context.ServletWebServerApplicationContext.refresh()V+1
j  org.springframework.boot.SpringApplication.refresh(Lorg/springframework/context/ConfigurableApplicationContext;)V+1
j  org.springframework.boot.SpringApplication.refresh(Lorg/springframework/context/ApplicationContext;)V+12
j  org.springframework.boot.SpringApplication.refreshContext(Lorg/springframework/context/ConfigurableApplicationContext;)V+19
j  org.springframework.boot.SpringApplication.run([Ljava/lang/String;)Lorg/springframework/context/ConfigurableApplicationContext;+111
j  org.springframework.boot.SpringApplication.run([Ljava/lang/Class;[Ljava/lang/String;)Lorg/springframework/context/ConfigurableApplicationContext;+9
j  org.springframework.boot.SpringApplication.run(Ljava/lang/Class;[Ljava/lang/String;)Lorg/springframework/context/ConfigurableApplicationContext;+9
j  com.example.demo.DemoApplication.main([Ljava/lang/String;)V+3
v  ~StubRoutines::call_stub
V  [libjvm.so+0x668f23]
V  [libjvm.so+0x689757]
V  [libjvm.so+0x68be76]
C  [libjli.so+0x34b1]
C  [libjli.so+0x73ad]
C  [libpthread.so.0+0x7fa3]  start_thread+0xf3


---------------  P R O C E S S  ---------------

Java Threads: ( => current thread )
  0x00007f1474c56800 JavaThread "container-0" [_thread_blocked, id=739, stack(0x00007f13faaf9000,0x00007f13fabfa000)]
  0x00007f13e8003000 JavaThread "Catalina-utility-2" [_thread_blocked, id=738, stack(0x00007f13fabfa000,0x00007f13facfb000)]
  0x00007f1474c63800 JavaThread "Catalina-utility-1" [_thread_blocked, id=737, stack(0x00007f13fb2fb000,0x00007f13fb3fc000)]
  0x00007f13fc003000 JavaThread "RMI TCP Connection(2)-127.0.0.1" daemon [_thread_in_native, id=678, stack(0x00007f13fb5fc000,0x00007f13fb6fd000)]
  0x00007f13f4155800 JavaThread "RMI Scheduler(0)" daemon [_thread_blocked, id=652, stack(0x00007f13fb6fd000,0x00007f13fb7fe000)]
  0x00007f13fc002000 JavaThread "RMI TCP Connection(1)-127.0.0.1" daemon [_thread_in_native, id=651, stack(0x00007f13fbcff000,0x00007f13fbe00000)]
  0x00007f142c001000 JavaThread "Attach Listener" daemon [_thread_blocked, id=649, stack(0x00007f13fb9fe000,0x00007f13fbaff000)]
  0x00007f14745dc000 JavaThread "RMI TCP Accept-0" daemon [_thread_in_native, id=642, stack(0x00007f141c3c5000,0x00007f141c4c6000)]
  0x00007f14744a1000 JavaThread "Service Thread" daemon [_thread_blocked, id=641, stack(0x00007f141fafb000,0x00007f141fbfc000)]
  0x00007f147449d800 JavaThread "C1 CompilerThread3" daemon [_thread_blocked, id=640, stack(0x00007f141fbfd000,0x00007f141fcfd000)]
  0x00007f147449b800 JavaThread "C2 CompilerThread2" daemon [_thread_blocked, id=639, stack(0x00007f141fcfe000,0x00007f141fdfe000)]
  0x00007f1474499000 JavaThread "C2 CompilerThread1" daemon [_thread_blocked, id=638, stack(0x00007f141fdff000,0x00007f141feff000)]
  0x00007f1474492800 JavaThread "C2 CompilerThread0" daemon [_thread_blocked, id=637, stack(0x00007f141ff00000,0x00007f1420000000)]
  0x00007f1424001000 JavaThread "JDWP Command Reader" daemon [_thread_in_native, id=628, stack(0x00007f143c0d9000,0x00007f143c1da000)]
  0x00007f147421c800 JavaThread "JDWP Event Helper Thread" daemon [_thread_blocked, id=627, stack(0x00007f143c1da000,0x00007f143c2db000)]
  0x00007f1474218800 JavaThread "JDWP Transport Listener: dt_socket" daemon [_thread_blocked, id=624, stack(0x00007f14600ea000,0x00007f14601eb000)]
  0x00007f147420c000 JavaThread "Signal Dispatcher" daemon [_thread_blocked, id=623, stack(0x00007f14601eb000,0x00007f14602ec000)]
  0x00007f14741db000 JavaThread "Finalizer" daemon [_thread_blocked, id=622, stack(0x00007f14602ec000,0x00007f14603ed000)]
  0x00007f14741d8800 JavaThread "Reference Handler" daemon [_thread_blocked, id=621, stack(0x00007f14603ed000,0x00007f14604ee000)]
=>0x00007f1474011800 JavaThread "main" [_thread_in_Java, id=611, stack(0x00007f1478fa5000,0x00007f14790a5000)]

Other Threads:
  0x00007f14741ce800 VMThread [stack: 0x00007f14604ef000,0x00007f14605ef000] [id=620]
  0x00007f14745f3800 WatcherThread [stack: 0x00007f141c2c5000,0x00007f141c3c5000] [id=643]

VM state:not at safepoint (normal execution)

VM Mutex/Monitor currently owned by a thread: None

heap address: 0x00000006c9c00000, size: 3940 MB, Compressed Oops mode: Zero based, Oop shift amount: 3
Narrow klass base: 0x0000000000000000, Narrow klass shift: 3
Compressed class space size: 1073741824 Address: 0x00000007c0000000

Heap:
 PSYoungGen      total 120832K, used 9552K [0x000000076df00000, 0x0000000776c80000, 0x00000007c0000000)
  eden space 114176K, 2% used [0x000000076df00000,0x000000076e1d8948,0x0000000774e80000)
  from space 6656K, 99% used [0x0000000776600000,0x0000000776c7bab0,0x0000000776c80000)
  to   space 10240K, 0% used [0x0000000775880000,0x0000000775880000,0x0000000776280000)
 ParOldGen       total 85504K, used 7141K [0x00000006c9c00000, 0x00000006cef80000, 0x000000076df00000)
  object space 85504K, 8% used [0x00000006c9c00000,0x00000006ca2f9688,0x00000006cef80000)
 Metaspace       used 25065K, capacity 26712K, committed 26880K, reserved 1073152K
  class space    used 3209K, capacity 3536K, committed 3584K, reserved 1048576K

Card table byte_map: [0x00007f1464079000,0x00007f146482c000] byte_map_base: 0x00007f1460a2b000

Marking Bits: (ParMarkBitMap*) 0x00007f147a2fb5a0
 Begin Bits: [0x00007f143c4e0000, 0x00007f1440270000)
 End Bits:   [0x00007f1440270000, 0x00007f1444000000)

Polling page: 0x00007f147a74e000

CodeCache: size=245760Kb used=4910Kb max_used=4910Kb free=240849Kb
 bounds [0x00007f1464bec000, 0x00007f14650bc000, 0x00007f1473bec000]
 total_blobs=2677 nmethods=2284 adapters=315
 compilation: enabled

Compilation events (10 events):
Event: 9.573 Thread 0x00007f147449d800 2280       1       org.springframework.beans.factory.support.AbstractBeanDefinition::getBeanClass (63 bytes)
Event: 9.574 Thread 0x00007f147449d800 nmethod 2280 0x00007f14650b2e50 code [0x00007f14650b3040, 0x00007f14650b35c8]
Event: 9.574 Thread 0x00007f147449d800 2283       1       sun.misc.ProxyGenerator$MethodInfo::write (283 bytes)
Event: 9.575 Thread 0x00007f147449d800 nmethod 2283 0x00007f14650b3990 code [0x00007f14650b3e00, 0x00007f14650b5648]
Event: 9.576 Thread 0x00007f147449d800 2281       1       sun.misc.ProxyGenerator$MethodInfo::<init> (86 bytes)
Event: 9.576 Thread 0x00007f147449d800 nmethod 2281 0x00007f14650b67d0 code [0x00007f14650b69c0, 0x00007f14650b6f08]
Event: 9.577 Thread 0x00007f147449d800 2282       1       sun.misc.ProxyGenerator::code_astore (11 bytes)
Event: 9.577 Thread 0x00007f147449d800 nmethod 2282 0x00007f14650b73d0 code [0x00007f14650b7540, 0x00007f14650b7688]
Event: 9.577 Thread 0x00007f147449d800 2284  s    1       java.io.ByteArrayOutputStream::writeTo (14 bytes)
Event: 9.577 Thread 0x00007f147449d800 nmethod 2284 0x00007f14650b7710 code [0x00007f14650b7880, 0x00007f14650b7b48]

GC Heap History (10 events):
Event: 1.916 GC heap before
{Heap before GC invocations=1 (full 0):
 PSYoungGen      total 74240K, used 64000K [0x000000076df00000, 0x0000000773180000, 0x00000007c0000000)
  eden space 64000K, 100% used [0x000000076df00000,0x0000000771d80000,0x0000000771d80000)
  from space 10240K, 0% used [0x0000000772780000,0x0000000772780000,0x0000000773180000)
  to   space 10240K, 0% used [0x0000000771d80000,0x0000000771d80000,0x0000000772780000)
 ParOldGen       total 169472K, used 0K [0x00000006c9c00000, 0x00000006d4180000, 0x000000076df00000)
  object space 169472K, 0% used [0x00000006c9c00000,0x00000006c9c00000,0x00000006d4180000)
 Metaspace       used 12754K, capacity 13348K, committed 13568K, reserved 1060864K
  class space    used 1582K, capacity 1732K, committed 1792K, reserved 1048576K
Event: 1.928 GC heap after
Heap after GC invocations=1 (full 0):
 PSYoungGen      total 74240K, used 6312K [0x000000076df00000, 0x0000000773180000, 0x00000007c0000000)
  eden space 64000K, 0% used [0x000000076df00000,0x000000076df00000,0x0000000771d80000)
  from space 10240K, 61% used [0x0000000771d80000,0x00000007723aa240,0x0000000772780000)
  to   space 10240K, 0% used [0x0000000772780000,0x0000000772780000,0x0000000773180000)
 ParOldGen       total 169472K, used 16K [0x00000006c9c00000, 0x00000006d4180000, 0x000000076df00000)
  object space 169472K, 0% used [0x00000006c9c00000,0x00000006c9c04000,0x00000006d4180000)
 Metaspace       used 12754K, capacity 13348K, committed 13568K, reserved 1060864K
  class space    used 1582K, capacity 1732K, committed 1792K, reserved 1048576K
}
Event: 2.341 GC heap before
{Heap before GC invocations=2 (full 0):
 PSYoungGen      total 74240K, used 70312K [0x000000076df00000, 0x0000000773180000, 0x00000007c0000000)
  eden space 64000K, 100% used [0x000000076df00000,0x0000000771d80000,0x0000000771d80000)
  from space 10240K, 61% used [0x0000000771d80000,0x00000007723aa240,0x0000000772780000)
  to   space 10240K, 0% used [0x0000000772780000,0x0000000772780000,0x0000000773180000)
 ParOldGen       total 169472K, used 16K [0x00000006c9c00000, 0x00000006d4180000, 0x000000076df00000)
  object space 169472K, 0% used [0x00000006c9c00000,0x00000006c9c04000,0x00000006d4180000)
 Metaspace       used 18786K, capacity 19676K, committed 19840K, reserved 1067008K
  class space    used 2362K, capacity 2582K, committed 2688K, reserved 1048576K
Event: 2.351 GC heap after
Heap after GC invocations=2 (full 0):
 PSYoungGen      total 74240K, used 9475K [0x000000076df00000, 0x0000000777000000, 0x00000007c0000000)
  eden space 64000K, 0% used [0x000000076df00000,0x000000076df00000,0x0000000771d80000)
  from space 10240K, 92% used [0x0000000772780000,0x00000007730c0da8,0x0000000773180000)
  to   space 10240K, 0% used [0x0000000771d80000,0x0000000771d80000,0x0000000772780000)
 ParOldGen       total 169472K, used 24K [0x00000006c9c00000, 0x00000006d4180000, 0x000000076df00000)
  object space 169472K, 0% used [0x00000006c9c00000,0x00000006c9c06000,0x00000006d4180000)
 Metaspace       used 18786K, capacity 19676K, committed 19840K, reserved 1067008K
  class space    used 2362K, capacity 2582K, committed 2688K, reserved 1048576K
}
Event: 9.148 GC heap before
{Heap before GC invocations=3 (full 0):
 PSYoungGen      total 74240K, used 44007K [0x000000076df00000, 0x0000000777000000, 0x00000007c0000000)
  eden space 64000K, 53% used [0x000000076df00000,0x00000007700b8fa8,0x0000000771d80000)
  from space 10240K, 92% used [0x0000000772780000,0x00000007730c0da8,0x0000000773180000)
  to   space 10240K, 0% used [0x0000000771d80000,0x0000000771d80000,0x0000000772780000)
 ParOldGen       total 169472K, used 24K [0x00000006c9c00000, 0x00000006d4180000, 0x000000076df00000)
  object space 169472K, 0% used [0x00000006c9c00000,0x00000006c9c06000,0x00000006d4180000)
 Metaspace       used 20239K, capacity 21254K, committed 21296K, reserved 1069056K
  class space    used 2575K, capacity 2803K, committed 2816K, reserved 1048576K
Event: 9.156 GC heap after
Heap after GC invocations=3 (full 0):
 PSYoungGen      total 74240K, used 7447K [0x000000076df00000, 0x0000000777000000, 0x00000007c0000000)
  eden space 64000K, 0% used [0x000000076df00000,0x000000076df00000,0x0000000771d80000)
  from space 10240K, 72% used [0x0000000771d80000,0x00000007724c5c20,0x0000000772780000)
  to   space 10240K, 0% used [0x0000000776600000,0x0000000776600000,0x0000000777000000)
 ParOldGen       total 169472K, used 32K [0x00000006c9c00000, 0x00000006d4180000, 0x000000076df00000)
  object space 169472K, 0% used [0x00000006c9c00000,0x00000006c9c08000,0x00000006d4180000)
 Metaspace       used 20239K, capacity 21254K, committed 21296K, reserved 1069056K
  class space    used 2575K, capacity 2803K, committed 2816K, reserved 1048576K
}
Event: 9.156 GC heap before
{Heap before GC invocations=4 (full 1):
 PSYoungGen      total 74240K, used 7447K [0x000000076df00000, 0x0000000777000000, 0x00000007c0000000)
  eden space 64000K, 0% used [0x000000076df00000,0x000000076df00000,0x0000000771d80000)
  from space 10240K, 72% used [0x0000000771d80000,0x00000007724c5c20,0x0000000772780000)
  to   space 10240K, 0% used [0x0000000776600000,0x0000000776600000,0x0000000777000000)
 ParOldGen       total 169472K, used 32K [0x00000006c9c00000, 0x00000006d4180000, 0x000000076df00000)
  object space 169472K, 0% used [0x00000006c9c00000,0x00000006c9c08000,0x00000006d4180000)
 Metaspace       used 20239K, capacity 21254K, committed 21296K, reserved 1069056K
  class space    used 2575K, capacity 2803K, committed 2816K, reserved 1048576K
Event: 9.185 GC heap after
Heap after GC invocations=4 (full 1):
 PSYoungGen      total 74240K, used 0K [0x000000076df00000, 0x0000000777000000, 0x00000007c0000000)
  eden space 64000K, 0% used [0x000000076df00000,0x000000076df00000,0x0000000771d80000)
  from space 10240K, 0% used [0x0000000771d80000,0x0000000771d80000,0x0000000772780000)
  to   space 10240K, 0% used [0x0000000776600000,0x0000000776600000,0x0000000777000000)
 ParOldGen       total 85504K, used 7133K [0x00000006c9c00000, 0x00000006cef80000, 0x000000076df00000)
  object space 85504K, 8% used [0x00000006c9c00000,0x00000006ca2f7688,0x00000006cef80000)
 Metaspace       used 20239K, capacity 21254K, committed 21296K, reserved 1069056K
  class space    used 2575K, capacity 2803K, committed 2816K, reserved 1048576K
}
Event: 9.557 GC heap before
{Heap before GC invocations=5 (full 1):
 PSYoungGen      total 74240K, used 64000K [0x000000076df00000, 0x0000000777000000, 0x00000007c0000000)
  eden space 64000K, 100% used [0x000000076df00000,0x0000000771d80000,0x0000000771d80000)
  from space 10240K, 0% used [0x0000000771d80000,0x0000000771d80000,0x0000000772780000)
  to   space 10240K, 0% used [0x0000000776600000,0x0000000776600000,0x0000000777000000)
 ParOldGen       total 85504K, used 7133K [0x00000006c9c00000, 0x00000006cef80000, 0x000000076df00000)
  object space 85504K, 8% used [0x00000006c9c00000,0x00000006ca2f7688,0x00000006cef80000)
 Metaspace       used 24992K, capacity 26616K, committed 26880K, reserved 1073152K
  class space    used 3194K, capacity 3504K, committed 3584K, reserved 1048576K
Event: 9.562 GC heap after
Heap after GC invocations=5 (full 1):
 PSYoungGen      total 120832K, used 6638K [0x000000076df00000, 0x0000000776c80000, 0x00000007c0000000)
  eden space 114176K, 0% used [0x000000076df00000,0x000000076df00000,0x0000000774e80000)
  from space 6656K, 99% used [0x0000000776600000,0x0000000776c7bab0,0x0000000776c80000)
  to   space 10240K, 0% used [0x0000000775880000,0x0000000775880000,0x0000000776280000)
 ParOldGen       total 85504K, used 7141K [0x00000006c9c00000, 0x00000006cef80000, 0x000000076df00000)
  object space 85504K, 8% used [0x00000006c9c00000,0x00000006ca2f9688,0x00000006cef80000)
 Metaspace       used 24992K, capacity 26616K, committed 26880K, reserved 1073152K
  class space    used 3194K, capacity 3504K, committed 3584K, reserved 1048576K
}

Deoptimization events (0 events):
No events

Classes redefined (0 events):
No events

Internal exceptions (10 events):
Event: 9.524 Thread 0x00007f1474011800 Implicit null exception at 0x00007f1464d0f240 to 0x00007f1464d0f3ad
Event: 9.524 Thread 0x00007f1474011800 Exception <a 'java/lang/NullPointerException'> (0x00000007718ac8e8) thrown at [/home/jmm/jdk/openjdk-8-8u212-b01/src/hotspot/src/share/vm/runtime/sharedRuntime.cpp, line 605]
Event: 9.524 Thread 0x00007f1474011800 Implicit null exception at 0x00007f1464d0f240 to 0x00007f1464d0f3ad
Event: 9.524 Thread 0x00007f1474011800 Exception <a 'java/lang/NullPointerException'> (0x00000007718b0f08) thrown at [/home/jmm/jdk/openjdk-8-8u212-b01/src/hotspot/src/share/vm/runtime/sharedRuntime.cpp, line 605]
Event: 9.527 Thread 0x00007f1474011800 Implicit null exception at 0x00007f1464d0f240 to 0x00007f1464d0f3ad
Event: 9.527 Thread 0x00007f1474011800 Exception <a 'java/lang/NullPointerException'> (0x00000007718eee50) thrown at [/home/jmm/jdk/openjdk-8-8u212-b01/src/hotspot/src/share/vm/runtime/sharedRuntime.cpp, line 605]
Event: 9.537 Thread 0x00007f1474011800 Implicit null exception at 0x00007f1464d0f240 to 0x00007f1464d0f3ad
Event: 9.537 Thread 0x00007f1474011800 Exception <a 'java/lang/NullPointerException'> (0x00000007719f4460) thrown at [/home/jmm/jdk/openjdk-8-8u212-b01/src/hotspot/src/share/vm/runtime/sharedRuntime.cpp, line 605]
Event: 9.547 Thread 0x00007f13fc002000 Exception <a 'java/lang/reflect/InvocationTargetException'> (0x0000000771c08cb8) thrown at [/home/jmm/jdk/openjdk-8-8u212-b01/src/hotspot/src/share/vm/runtime/reflection.cpp, line 1092]
Event: 9.555 Thread 0x00007f1474011800 Exception <a 'java/io/FileNotFoundException'> (0x0000000771d31058) thrown at [/home/jmm/jdk/openjdk-8-8u212-b01/src/hotspot/src/share/vm/prims/jni.cpp, line 710]

Events (10 events):
Event: 9.573 Thread 0x00007f1474011800 DEOPT PACKING pc=0x00007f1464db5f4c sp=0x00007f14790a2520
Event: 9.573 Thread 0x00007f1474011800 DEOPT UNPACKING pc=0x00007f1464c334c4 sp=0x00007f14790a2360 mode 1
Event: 9.576 Executing VM operation: ChangeBreakpoints
Event: 9.576 Executing VM operation: ChangeBreakpoints done
Event: 9.577 Executing VM operation: ChangeBreakpoints
Event: 9.578 Executing VM operation: ChangeBreakpoints done
Event: 9.578 Executing VM operation: ChangeBreakpoints
Event: 9.579 Executing VM operation: ChangeBreakpoints done
Event: 9.579 Executing VM operation: ChangeBreakpoints
Event: 9.579 Executing VM operation: ChangeBreakpoints done


Dynamic libraries:
6c9c00000-6cef80000 rw-p 00000000 00:00 0 
6cef80000-76df00000 ---p 00000000 00:00 0 
76df00000-776c80000 rw-p 00000000 00:00 0 
776c80000-7c0000000 ---p 00000000 00:00 0 
7c0000000-7c0380000 rw-p 00000000 00:00 0 
7c0380000-800000000 ---p 00000000 00:00 0 
55f972d8c000-55f972d8d000 r-xp 00000000 103:06 1846789                   /usr/lib/jvm/java-8-openjdk-amd64/jre/bin/java
55f972f8c000-55f972f8d000 r--p 00000000 103:06 1846789                   /usr/lib/jvm/java-8-openjdk-amd64/jre/bin/java
55f972f8d000-55f972f8e000 rw-p 00001000 103:06 1846789                   /usr/lib/jvm/java-8-openjdk-amd64/jre/bin/java
55f974133000-55f974154000 rw-p 00000000 00:00 0                          [heap]
7f13dc000000-7f13dc021000 rw-p 00000000 00:00 0 
7f13dc021000-7f13e0000000 ---p 00000000 00:00 0 
7f13e0000000-7f13e0021000 rw-p 00000000 00:00 0 
7f13e0021000-7f13e4000000 ---p 00000000 00:00 0 
7f13e4000000-7f13e4026000 rw-p 00000000 00:00 0 
7f13e4026000-7f13e8000000 ---p 00000000 00:00 0 
7f13e8000000-7f13e8021000 rw-p 00000000 00:00 0 
7f13e8021000-7f13ec000000 ---p 00000000 00:00 0 
7f13ec000000-7f13ec021000 rw-p 00000000 00:00 0 
7f13ec021000-7f13f0000000 ---p 00000000 00:00 0 
7f13f0000000-7f13f0021000 rw-p 00000000 00:00 0 
7f13f0021000-7f13f4000000 ---p 00000000 00:00 0 
7f13f4000000-7f13f4170000 rw-p 00000000 00:00 0 
7f13f4170000-7f13f8000000 ---p 00000000 00:00 0 
7f13faaf9000-7f13faafc000 ---p 00000000 00:00 0 
7f13faafc000-7f13fabfa000 rw-p 00000000 00:00 0 
7f13fabfa000-7f13fabfd000 ---p 00000000 00:00 0 
7f13fabfd000-7f13fadbb000 rw-p 00000000 00:00 0 
7f13fadbb000-7f13faefb000 ---p 00000000 00:00 0 
7f13faefb000-7f13fb0fb000 rw-p 00000000 00:00 0 
7f13fb0fb000-7f13fb2fb000 rw-p 00000000 00:00 0 
7f13fb2fb000-7f13fb2fe000 ---p 00000000 00:00 0 
7f13fb2fe000-7f13fb5fc000 rw-p 00000000 00:00 0 
7f13fb5fc000-7f13fb5ff000 ---p 00000000 00:00 0 
7f13fb5ff000-7f13fb6fd000 rw-p 00000000 00:00 0 
7f13fb6fd000-7f13fb700000 ---p 00000000 00:00 0 
7f13fb700000-7f13fb9fe000 rw-p 00000000 00:00 0 
7f13fb9fe000-7f13fba01000 ---p 00000000 00:00 0 
7f13fba01000-7f13fbcff000 rw-p 00000000 00:00 0 
7f13fbcff000-7f13fbd02000 ---p 00000000 00:00 0 
7f13fbd02000-7f13fc000000 rw-p 00000000 00:00 0 
7f13fc000000-7f13fc021000 rw-p 00000000 00:00 0 
7f13fc021000-7f1400000000 ---p 00000000 00:00 0 
7f1400000000-7f1400021000 rw-p 00000000 00:00 0 
7f1400021000-7f1404000000 ---p 00000000 00:00 0 
7f1404000000-7f1404334000 rw-p 00000000 00:00 0 
7f1404334000-7f1408000000 ---p 00000000 00:00 0 
7f1408000000-7f1408021000 rw-p 00000000 00:00 0 
7f1408021000-7f140c000000 ---p 00000000 00:00 0 
7f140c000000-7f140c021000 rw-p 00000000 00:00 0 
7f140c021000-7f1410000000 ---p 00000000 00:00 0 
7f1410000000-7f1410021000 rw-p 00000000 00:00 0 
7f1410021000-7f1414000000 ---p 00000000 00:00 0 
7f1414000000-7f1414066000 rw-p 00000000 00:00 0 
7f1414066000-7f1418000000 ---p 00000000 00:00 0 
7f1418000000-7f1418021000 rw-p 00000000 00:00 0 
7f1418021000-7f141c000000 ---p 00000000 00:00 0 
7f141c0c4000-7f141c2c4000 rw-p 00000000 00:00 0 
7f141c2c4000-7f141c2c5000 ---p 00000000 00:00 0 
7f141c2c5000-7f141c3c5000 rw-p 00000000 00:00 0 
7f141c3c5000-7f141c3c8000 ---p 00000000 00:00 0 
7f141c3c8000-7f141c4c6000 rw-p 00000000 00:00 0 
7f141c4c6000-7f141c4d7000 r-xp 00000000 103:06 1846828                   /usr/lib/jvm/java-8-openjdk-amd64/jre/lib/amd64/libnio.so
7f141c4d7000-7f141c6d6000 ---p 00011000 103:06 1846828                   /usr/lib/jvm/java-8-openjdk-amd64/jre/lib/amd64/libnio.so
7f141c6d6000-7f141c6d7000 r--p 00010000 103:06 1846828                   /usr/lib/jvm/java-8-openjdk-amd64/jre/lib/amd64/libnio.so
7f141c6d7000-7f141c6d8000 rw-p 00011000 103:06 1846828                   /usr/lib/jvm/java-8-openjdk-amd64/jre/lib/amd64/libnio.so
7f141c6d8000-7f141c6e1000 r-xp 00000000 103:06 1846825                   /usr/lib/jvm/java-8-openjdk-amd64/jre/lib/amd64/libmanagement.so
7f141c6e1000-7f141c8e0000 ---p 00009000 103:06 1846825                   /usr/lib/jvm/java-8-openjdk-amd64/jre/lib/amd64/libmanagement.so
7f141c8e0000-7f141c8e1000 r--p 00008000 103:06 1846825                   /usr/lib/jvm/java-8-openjdk-amd64/jre/lib/amd64/libmanagement.so
7f141c8e1000-7f141c8e2000 rw-p 00009000 103:06 1846825                   /usr/lib/jvm/java-8-openjdk-amd64/jre/lib/amd64/libmanagement.so
7f141c8e2000-7f141f8e3000 rw-p 00000000 00:00 0 
7f141f8e3000-7f141f8fa000 r-xp 00000000 103:06 1846827                   /usr/lib/jvm/java-8-openjdk-amd64/jre/lib/amd64/libnet.so
7f141f8fa000-7f141faf9000 ---p 00017000 103:06 1846827                   /usr/lib/jvm/java-8-openjdk-amd64/jre/lib/amd64/libnet.so
7f141faf9000-7f141fafa000 r--p 00016000 103:06 1846827                   /usr/lib/jvm/java-8-openjdk-amd64/jre/lib/amd64/libnet.so
7f141fafa000-7f141fafb000 rw-p 00017000 103:06 1846827                   /usr/lib/jvm/java-8-openjdk-amd64/jre/lib/amd64/libnet.so
7f141fafb000-7f141fafe000 ---p 00000000 00:00 0 
7f141fafe000-7f141fbfc000 rw-p 00000000 00:00 0 
7f141fbfc000-7f141fbfd000 ---p 00000000 00:00 0 
7f141fbfd000-7f141fc00000 ---p 00000000 00:00 0 
7f141fc00000-7f141fcfd000 rw-p 00000000 00:00 0 
7f141fcfd000-7f141fcfe000 ---p 00000000 00:00 0 
7f141fcfe000-7f141fd01000 ---p 00000000 00:00 0 
7f141fd01000-7f141fdfe000 rw-p 00000000 00:00 0 
7f141fdfe000-7f141fdff000 ---p 00000000 00:00 0 
7f141fdff000-7f141fe02000 ---p 00000000 00:00 0 
7f141fe02000-7f141feff000 rw-p 00000000 00:00 0 
7f141feff000-7f141ff00000 ---p 00000000 00:00 0 
7f141ff00000-7f141ff03000 ---p 00000000 00:00 0 
7f141ff03000-7f1420000000 rw-p 00000000 00:00 0 
7f1420000000-7f142006f000 rw-p 00000000 00:00 0 
7f142006f000-7f1424000000 ---p 00000000 00:00 0 
7f1424000000-7f1424021000 rw-p 00000000 00:00 0 
7f1424021000-7f1428000000 ---p 00000000 00:00 0 
7f1428000000-7f1428021000 rw-p 00000000 00:00 0 
7f1428021000-7f142c000000 ---p 00000000 00:00 0 
7f142c000000-7f142c021000 rw-p 00000000 00:00 0 
7f142c021000-7f1430000000 ---p 00000000 00:00 0 
7f1430000000-7f1430021000 rw-p 00000000 00:00 0 
7f1430021000-7f1434000000 ---p 00000000 00:00 0 
7f1434000000-7f1434021000 rw-p 00000000 00:00 0 
7f1434021000-7f1438000000 ---p 00000000 00:00 0 
7f1438000000-7f1438021000 rw-p 00000000 00:00 0 
7f1438021000-7f143c000000 ---p 00000000 00:00 0 
7f143c023000-7f143c02a000 r--s 00000000 103:06 2491823                   /usr/lib/x86_64-linux-gnu/gconv/gconv-modules.cache
7f143c02a000-7f143c04b000 r--p 00000000 103:06 794786                    /usr/share/locale/zh_CN/LC_MESSAGES/libc.mo
7f143c04b000-7f143c04f000 r--s 000a1000 103:06 1846872                   /usr/lib/jvm/java-8-openjdk-amd64/jre/lib/jsse.jar
7f143c04f000-7f143c050000 r--s 00002000 103:07 3940720                   /home/jleo/app/idea-IU-202.7660.26/plugins/java/lib/rt/debugger-agent-storage.jar
7f143c051000-7f143c059000 r--s 00066000 103:07 3940721                   /home/jleo/app/idea-IU-202.7660.26/plugins/java/lib/rt/debugger-agent.jar
7f143c059000-7f143c05b000 r--s 00002000 103:07 1446724                   /home/jleo/data/IDEAProject/java/aim/out/artifacts/agent_jar/agent.jar
7f143c05b000-7f143c05d000 r--s 0001d000 103:07 3809066                   /home/jleo/app/idea-IU-202.7660.26/lib/idea_rt.jar
7f143c05d000-7f143c062000 r--s 00038000 103:07 4733931                   /home/jleo/appData/maven/repository/org/ow2/asm/asm-all/5.1/asm-all-5.1.jar
7f143c062000-7f143c067000 r--s 00040000 103:07 1446357                   /home/jleo/appData/maven/repository/org/springframework/spring-expression/5.3.3/spring-expression-5.3.3.jar
7f143c067000-7f143c070000 r--s 00053000 103:07 1446361                   /home/jleo/appData/maven/repository/org/springframework/spring-aop/5.3.3/spring-aop-5.3.3.jar
7f143c070000-7f143c083000 r--s 000e1000 103:07 5127466                   /home/jleo/appData/maven/repository/org/springframework/spring-webmvc/5.3.3/spring-webmvc-5.3.3.jar
7f143c083000-7f143c08f000 r--s 0009e000 103:07 1446366                   /home/jleo/appData/maven/repository/org/springframework/spring-beans/5.3.3/spring-beans-5.3.3.jar
7f143c08f000-7f143c0ae000 r--s 00160000 103:07 4733953                   /home/jleo/appData/maven/repository/org/springframework/spring-web/5.3.3/spring-web-5.3.3.jar
7f143c0ae000-7f143c0d9000 r--s 00316000 103:07 4998422                   /home/jleo/appData/maven/repository/org/apache/tomcat/embed/tomcat-embed-core/9.0.41/tomcat-embed-core-9.0.41.jar
7f143c0d9000-7f143c0dc000 ---p 00000000 00:00 0 
7f143c0dc000-7f143c1da000 rw-p 00000000 00:00 0 
7f143c1da000-7f143c1dd000 ---p 00000000 00:00 0 
7f143c1dd000-7f143c2db000 rw-p 00000000 00:00 0 
7f143c2db000-7f143c2df000 r-xp 00000000 103:06 1846808                   /usr/lib/jvm/java-8-openjdk-amd64/jre/lib/amd64/libdt_socket.so
7f143c2df000-7f143c4de000 ---p 00004000 103:06 1846808                   /usr/lib/jvm/java-8-openjdk-amd64/jre/lib/amd64/libdt_socket.so
7f143c4de000-7f143c4df000 r--p 00003000 103:06 1846808                   /usr/lib/jvm/java-8-openjdk-amd64/jre/lib/amd64/libdt_socket.so
7f143c4df000-7f143c4e0000 rw-p 00004000 103:06 1846808                   /usr/lib/jvm/java-8-openjdk-amd64/jre/lib/amd64/libdt_socket.so
7f143c4e0000-7f1444000000 rw-p 00000000 00:00 0 
7f1444000000-7f1444021000 rw-p 00000000 00:00 0 
7f1444021000-7f1448000000 ---p 00000000 00:00 0 
7f1448000000-7f1448021000 rw-p 00000000 00:00 0 
7f1448021000-7f144c000000 ---p 00000000 00:00 0 
7f144c000000-7f144c021000 rw-p 00000000 00:00 0 
7f144c021000-7f1450000000 ---p 00000000 00:00 0 
7f1450000000-7f1450021000 rw-p 00000000 00:00 0 
7f1450021000-7f1454000000 ---p 00000000 00:00 0 
7f1454000000-7f1454021000 rw-p 00000000 00:00 0 
7f1454021000-7f1458000000 ---p 00000000 00:00 0 
7f1458000000-7f1458021000 rw-p 00000000 00:00 0 
7f1458021000-7f145c000000 ---p 00000000 00:00 0 
7f145c000000-7f145c021000 rw-p 00000000 00:00 0 
7f145c021000-7f1460000000 ---p 00000000 00:00 0 
7f1460000000-7f1460002000 r--s 00009000 103:07 4597784                   /home/jleo/appData/maven/repository/org/slf4j/slf4j-api/1.7.30/slf4j-api-1.7.30.jar
7f1460002000-7f1460008000 r--s 0003d000 103:07 4998425                   /home/jleo/appData/maven/repository/org/apache/tomcat/embed/tomcat-embed-websocket/9.0.41/tomcat-embed-websocket-9.0.41.jar
7f1460008000-7f146000d000 r--s 00036000 103:07 4597752                   /home/jleo/appData/maven/repository/org/glassfish/jakarta.el/3.0.3/jakarta.el-3.0.3.jar
7f146000d000-7f146000e000 r--s 00001000 103:07 4998420                   /home/jleo/appData/maven/repository/org/springframework/boot/spring-boot-starter-tomcat/2.4.2/spring-boot-starter-tomcat-2.4.2.jar
7f146000e000-7f1460010000 r--s 00001000 103:07 1446460                   /home/jleo/appData/maven/repository/com/fasterxml/jackson/module/jackson-module-parameter-names/2.11.4/jackson-module-parameter-names-2.11.4.jar
7f1460010000-7f1460014000 r--s 00018000 103:07 4866477                   /home/jleo/appData/maven/repository/com/fasterxml/jackson/datatype/jackson-datatype-jsr310/2.11.4/jackson-datatype-jsr310-2.11.4.jar
7f1460014000-7f1460016000 r--s 00007000 103:07 4733951                   /home/jleo/appData/maven/repository/com/fasterxml/jackson/datatype/jackson-datatype-jdk8/2.11.4/jackson-datatype-jdk8-2.11.4.jar
7f1460016000-7f146001a000 r--s 00052000 103:07 1446458                   /home/jleo/appData/maven/repository/com/fasterxml/jackson/core/jackson-core/2.11.4/jackson-core-2.11.4.jar
7f146001a000-7f146001d000 r--s 0000f000 103:07 1446456                   /home/jleo/appData/maven/repository/com/fasterxml/jackson/core/jackson-annotations/2.11.4/jackson-annotations-2.11.4.jar
7f146001d000-7f1460033000 r--s 00146000 103:07 1446454                   /home/jleo/appData/maven/repository/com/fasterxml/jackson/core/jackson-databind/2.11.4/jackson-databind-2.11.4.jar
7f1460033000-7f1460034000 r--s 00001000 103:07 4601204                   /home/jleo/appData/maven/repository/org/springframework/boot/spring-boot-starter-json/2.4.2/spring-boot-starter-json-2.4.2.jar
7f1460034000-7f1460035000 r--s 00001000 103:07 4601203                   /home/jleo/appData/maven/repository/org/springframework/boot/spring-boot-starter-web/2.4.2/spring-boot-starter-web-2.4.2.jar
7f1460035000-7f146003c000 r--s 00045000 103:07 1446379                   /home/jleo/appData/maven/repository/org/yaml/snakeyaml/1.27/snakeyaml-1.27.jar
7f146003c000-7f146003d000 r--s 00005000 103:07 1446376                   /home/jleo/appData/maven/repository/org/springframework/spring-jcl/5.3.3/spring-jcl-5.3.3.jar
7f146003d000-7f1460059000 r--s 0014b000 103:07 1446410                   /home/jleo/appData/maven/repository/org/springframework/spring-core/5.3.3/spring-core-5.3.3.jar
7f1460059000-7f146005b000 r--s 00005000 103:07 4597729                   /home/jleo/appData/maven/repository/jakarta/annotation/jakarta.annotation-api/1.3.5/jakarta.annotation-api-1.3.5.jar
7f146005b000-7f146005d000 r--s 00000000 103:07 4597726                   /home/jleo/appData/maven/repository/org/slf4j/jul-to-slf4j/1.7.30/jul-to-slf4j-1.7.30.jar
7f146005d000-7f1460063000 r--s 00042000 103:07 4597724                   /home/jleo/appData/maven/repository/org/apache/logging/log4j/log4j-api/2.13.3/log4j-api-2.13.3.jar
7f1460063000-7f146006e000 r--s 00069000 103:07 4597721                   /home/jleo/appData/maven/repository/ch/qos/logback/logback-core/1.2.3/logback-core-1.2.3.jar
7f146006e000-7f1460074000 r--s 00041000 103:07 4597718                   /home/jleo/appData/maven/repository/ch/qos/logback/logback-classic/1.2.3/logback-classic-1.2.3.jar
7f1460074000-7f146009f000 r--s 0014d000 103:07 1446373                   /home/jleo/appData/maven/repository/org/springframework/boot/spring-boot-autoconfigure/2.4.2/spring-boot-autoconfigure-2.4.2.jar
7f146009f000-7f14600bb000 r--s 00114000 103:07 1446358                   /home/jleo/appData/maven/repository/org/springframework/spring-context/5.3.3/spring-context-5.3.3.jar
7f14600bb000-7f14600d7000 r--s 00124000 103:07 1446385                   /home/jleo/appData/maven/repository/org/springframework/boot/spring-boot/2.4.2/spring-boot-2.4.2.jar
7f14600d7000-7f14600ea000 r--s 00346000 103:06 1846877                   /usr/lib/jvm/java-8-openjdk-amd64/jre/lib/resources.jar
7f14600ea000-7f14600ed000 ---p 00000000 00:00 0 
7f14600ed000-7f14601eb000 rw-p 00000000 00:00 0 
7f14601eb000-7f14601ee000 ---p 00000000 00:00 0 
7f14601ee000-7f14602ec000 rw-p 00000000 00:00 0 
7f14602ec000-7f14602ef000 ---p 00000000 00:00 0 
7f14602ef000-7f14603ed000 rw-p 00000000 00:00 0 
7f14603ed000-7f14603f0000 ---p 00000000 00:00 0 
7f14603f0000-7f14604ee000 rw-p 00000000 00:00 0 
7f14604ee000-7f14604ef000 ---p 00000000 00:00 0 
7f14604ef000-7f1462158000 rw-p 00000000 00:00 0 
7f1462158000-7f1462327000 r--s 03c3b000 103:06 1846878                   /usr/lib/jvm/java-8-openjdk-amd64/jre/lib/rt.jar
7f1462327000-7f146334f000 rw-p 00000000 00:00 0 
7f146334f000-7f1463350000 ---p 00000000 00:00 0 
7f1463350000-7f1463450000 rw-p 00000000 00:00 0 
7f1463450000-7f1463451000 ---p 00000000 00:00 0 
7f1463451000-7f1463551000 rw-p 00000000 00:00 0 
7f1463551000-7f1463552000 ---p 00000000 00:00 0 
7f1463552000-7f1463652000 rw-p 00000000 00:00 0 
7f1463652000-7f1463653000 ---p 00000000 00:00 0 
7f1463653000-7f1463753000 rw-p 00000000 00:00 0 
7f1463753000-7f1463754000 ---p 00000000 00:00 0 
7f1463754000-7f1463854000 rw-p 00000000 00:00 0 
7f1463854000-7f1463855000 ---p 00000000 00:00 0 
7f1463855000-7f1463955000 rw-p 00000000 00:00 0 
7f1463955000-7f1463956000 ---p 00000000 00:00 0 
7f1463956000-7f1463a56000 rw-p 00000000 00:00 0 
7f1463a56000-7f1463a57000 ---p 00000000 00:00 0 
7f1463a57000-7f1463b81000 rw-p 00000000 00:00 0 
7f1463b81000-7f1464079000 ---p 00000000 00:00 0 
7f1464079000-7f14640a3000 rw-p 00000000 00:00 0 
7f14640a3000-7f146459a000 ---p 00000000 00:00 0 
7f146459a000-7f14645e2000 rw-p 00000000 00:00 0 
7f14645e2000-7f146482b000 ---p 00000000 00:00 0 
7f146482b000-7f1464840000 rw-p 00000000 00:00 0 
7f1464840000-7f1464bec000 ---p 00000000 00:00 0 
7f1464bec000-7f14650bc000 rwxp 00000000 00:00 0 
7f14650bc000-7f1473bec000 ---p 00000000 00:00 0 
7f1473bec000-7f1473bf4000 r-xp 00000000 103:06 1846835                   /usr/lib/jvm/java-8-openjdk-amd64/jre/lib/amd64/libzip.so
7f1473bf4000-7f1473df3000 ---p 00008000 103:06 1846835                   /usr/lib/jvm/java-8-openjdk-amd64/jre/lib/amd64/libzip.so
7f1473df3000-7f1473df4000 r--p 00007000 103:06 1846835                   /usr/lib/jvm/java-8-openjdk-amd64/jre/lib/amd64/libzip.so
7f1473df4000-7f1473df5000 rw-p 00008000 103:06 1846835                   /usr/lib/jvm/java-8-openjdk-amd64/jre/lib/amd64/libzip.so
7f1473df5000-7f1473dff000 r-xp 00000000 103:06 1846811                   /usr/lib/jvm/java-8-openjdk-amd64/jre/lib/amd64/libinstrument.so
7f1473dff000-7f1473ffe000 ---p 0000a000 103:06 1846811                   /usr/lib/jvm/java-8-openjdk-amd64/jre/lib/amd64/libinstrument.so
7f1473ffe000-7f1473fff000 r--p 00009000 103:06 1846811                   /usr/lib/jvm/java-8-openjdk-amd64/jre/lib/amd64/libinstrument.so
7f1473fff000-7f1474000000 rw-p 0000a000 103:06 1846811                   /usr/lib/jvm/java-8-openjdk-amd64/jre/lib/amd64/libinstrument.so
7f1474000000-7f1474c76000 rw-p 00000000 00:00 0 
7f1474c76000-7f1478000000 ---p 00000000 00:00 0 
7f1478000000-7f1478002000 r--s 00003000 103:07 4597722                   /home/jleo/appData/maven/repository/org/apache/logging/log4j/log4j-to-slf4j/2.13.3/log4j-to-slf4j-2.13.3.jar
7f1478002000-7f1478003000 r--s 00001000 103:07 1446372                   /home/jleo/appData/maven/repository/org/springframework/boot/spring-boot-starter-logging/2.4.2/spring-boot-starter-logging-2.4.2.jar
7f1478003000-7f1478004000 r--s 00001000 103:07 1446360                   /home/jleo/appData/maven/repository/org/springframework/boot/spring-boot-starter/2.4.2/spring-boot-starter-2.4.2.jar
7f1478004000-7f1478005000 r--s 00000000 103:06 1846875                   /usr/lib/jvm/java-8-openjdk-amd64/jre/lib/management-agent.jar
7f1478005000-7f1478009000 r--s 000a1000 103:06 1846872                   /usr/lib/jvm/java-8-openjdk-amd64/jre/lib/jsse.jar
7f1478009000-7f1478024000 r--s 00394000 103:06 1846849                   /usr/lib/jvm/java-8-openjdk-amd64/jre/lib/ext/cldrdata.jar
7f1478024000-7f147803f000 r--s 001d6000 103:06 1846854                   /usr/lib/jvm/java-8-openjdk-amd64/jre/lib/ext/nashorn.jar
7f147803f000-7f14780e7000 rw-p 00000000 00:00 0 
7f14780e7000-7f14780ea000 r--p 00000000 103:06 2494112                   /usr/lib/x86_64-linux-gnu/libnss_files-2.28.so
7f14780ea000-7f14780f1000 r-xp 00003000 103:06 2494112                   /usr/lib/x86_64-linux-gnu/libnss_files-2.28.so
7f14780f1000-7f14780f3000 r--p 0000a000 103:06 2494112                   /usr/lib/x86_64-linux-gnu/libnss_files-2.28.so
7f14780f3000-7f14780f4000 ---p 0000c000 103:06 2494112                   /usr/lib/x86_64-linux-gnu/libnss_files-2.28.so
7f14780f4000-7f14780f5000 r--p 0000c000 103:06 2494112                   /usr/lib/x86_64-linux-gnu/libnss_files-2.28.so
7f14780f5000-7f14780f6000 rw-p 0000d000 103:06 2494112                   /usr/lib/x86_64-linux-gnu/libnss_files-2.28.so
7f14780f6000-7f14780fc000 rw-p 00000000 00:00 0 
7f14780fc000-7f1478100000 r--p 00000000 103:06 2494100                   /usr/lib/x86_64-linux-gnu/libnsl-2.28.so
7f1478100000-7f147810c000 r-xp 00004000 103:06 2494100                   /usr/lib/x86_64-linux-gnu/libnsl-2.28.so
7f147810c000-7f1478111000 r--p 00010000 103:06 2494100                   /usr/lib/x86_64-linux-gnu/libnsl-2.28.so
7f1478111000-7f1478112000 r--p 00014000 103:06 2494100                   /usr/lib/x86_64-linux-gnu/libnsl-2.28.so
7f1478112000-7f1478113000 rw-p 00015000 103:06 2494100                   /usr/lib/x86_64-linux-gnu/libnsl-2.28.so
7f1478113000-7f1478115000 rw-p 00000000 00:00 0 
7f1478115000-7f1478117000 r--s 00016000 103:06 1846870                   /usr/lib/jvm/java-8-openjdk-amd64/jre/lib/jce.jar
7f1478117000-7f147811c000 r--s 002f9000 103:06 1846839                   /usr/lib/jvm/java-8-openjdk-amd64/jre/lib/charsets.jar
7f147811c000-7f147811e000 r--s 00001000 103:06 1846850                   /usr/lib/jvm/java-8-openjdk-amd64/jre/lib/ext/dnsns.jar
7f147811e000-7f1478121000 r--s 00039000 103:06 1846857                   /usr/lib/jvm/java-8-openjdk-amd64/jre/lib/ext/sunpkcs11.jar
7f1478121000-7f147812b000 r--s 00116000 103:06 1846853                   /usr/lib/jvm/java-8-openjdk-amd64/jre/lib/ext/localedata.jar
7f147812b000-7f147812c000 r--s 0000a000 103:06 1846852                   /usr/lib/jvm/java-8-openjdk-amd64/jre/lib/ext/jaccess.jar
7f147812c000-7f147812e000 r--s 00008000 103:06 1846855                   /usr/lib/jvm/java-8-openjdk-amd64/jre/lib/ext/sunec.jar
7f147812e000-7f1478133000 r--s 0003c000 103:06 1846856                   /usr/lib/jvm/java-8-openjdk-amd64/jre/lib/ext/sunjce_provider.jar
7f1478133000-7f1478136000 r--s 0000f000 103:06 1846851                   /usr/lib/jvm/java-8-openjdk-amd64/jre/lib/ext/icedtea-sound.jar
7f1478136000-7f1478138000 r--s 00007000 103:06 672722                    /usr/share/java/java-atk-wrapper.jar
7f1478138000-7f147871c000 r--p 00000000 103:06 1971852                   /usr/lib/locale/locale-archive
7f147871c000-7f147871e000 r-xp 00000000 103:06 1846829                   /usr/lib/jvm/java-8-openjdk-amd64/jre/lib/amd64/libnpt.so
7f147871e000-7f147891e000 ---p 00002000 103:06 1846829                   /usr/lib/jvm/java-8-openjdk-amd64/jre/lib/amd64/libnpt.so
7f147891e000-7f147891f000 r--p 00002000 103:06 1846829                   /usr/lib/jvm/java-8-openjdk-amd64/jre/lib/amd64/libnpt.so
7f147891f000-7f1478920000 rw-p 00003000 103:06 1846829                   /usr/lib/jvm/java-8-openjdk-amd64/jre/lib/amd64/libnpt.so
7f1478920000-7f147895a000 r-xp 00000000 103:06 1846821                   /usr/lib/jvm/java-8-openjdk-amd64/jre/lib/amd64/libjdwp.so
7f147895a000-7f1478b59000 ---p 0003a000 103:06 1846821                   /usr/lib/jvm/java-8-openjdk-amd64/jre/lib/amd64/libjdwp.so
7f1478b59000-7f1478b5a000 r--p 00039000 103:06 1846821                   /usr/lib/jvm/java-8-openjdk-amd64/jre/lib/amd64/libjdwp.so
7f1478b5a000-7f1478b5b000 rw-p 0003a000 103:06 1846821                   /usr/lib/jvm/java-8-openjdk-amd64/jre/lib/amd64/libjdwp.so
7f1478b5b000-7f1478b87000 r-xp 00000000 103:06 1846816                   /usr/lib/jvm/java-8-openjdk-amd64/jre/lib/amd64/libjava.so
7f1478b87000-7f1478d86000 ---p 0002c000 103:06 1846816                   /usr/lib/jvm/java-8-openjdk-amd64/jre/lib/amd64/libjava.so
7f1478d86000-7f1478d87000 r--p 0002b000 103:06 1846816                   /usr/lib/jvm/java-8-openjdk-amd64/jre/lib/amd64/libjava.so
7f1478d87000-7f1478d89000 rw-p 0002c000 103:06 1846816                   /usr/lib/jvm/java-8-openjdk-amd64/jre/lib/amd64/libjava.so
7f1478d89000-7f1478d98000 r-xp 00000000 103:06 1846834                   /usr/lib/jvm/java-8-openjdk-amd64/jre/lib/amd64/libverify.so
7f1478d98000-7f1478f97000 ---p 0000f000 103:06 1846834                   /usr/lib/jvm/java-8-openjdk-amd64/jre/lib/amd64/libverify.so
7f1478f97000-7f1478f99000 r--p 0000e000 103:06 1846834                   /usr/lib/jvm/java-8-openjdk-amd64/jre/lib/amd64/libverify.so
7f1478f99000-7f1478f9a000 rw-p 00010000 103:06 1846834                   /usr/lib/jvm/java-8-openjdk-amd64/jre/lib/amd64/libverify.so
7f1478f9a000-7f1478f9c000 r--p 00000000 103:06 2494406                   /usr/lib/x86_64-linux-gnu/librt-2.28.so
7f1478f9c000-7f1478fa0000 r-xp 00002000 103:06 2494406                   /usr/lib/x86_64-linux-gnu/librt-2.28.so
7f1478fa0000-7f1478fa2000 r--p 00006000 103:06 2494406                   /usr/lib/x86_64-linux-gnu/librt-2.28.so
7f1478fa2000-7f1478fa3000 r--p 00007000 103:06 2494406                   /usr/lib/x86_64-linux-gnu/librt-2.28.so
7f1478fa3000-7f1478fa4000 rw-p 00008000 103:06 2494406                   /usr/lib/x86_64-linux-gnu/librt-2.28.so
7f1478fa4000-7f1478fa5000 ---p 00000000 00:00 0 
7f1478fa5000-7f1478fa8000 ---p 00000000 00:00 0 
7f1478fa8000-7f14790a5000 rw-p 00000000 00:00 0 
7f14790a5000-7f14790a8000 r--p 00000000 103:06 2493373                   /usr/lib/x86_64-linux-gnu/libgcc_s.so.1
7f14790a8000-7f14790b9000 r-xp 00003000 103:06 2493373                   /usr/lib/x86_64-linux-gnu/libgcc_s.so.1
7f14790b9000-7f14790bc000 r--p 00014000 103:06 2493373                   /usr/lib/x86_64-linux-gnu/libgcc_s.so.1
7f14790bc000-7f14790bd000 ---p 00017000 103:06 2493373                   /usr/lib/x86_64-linux-gnu/libgcc_s.so.1
7f14790bd000-7f14790be000 r--p 00017000 103:06 2493373                   /usr/lib/x86_64-linux-gnu/libgcc_s.so.1
7f14790be000-7f14790bf000 rw-p 00018000 103:06 2493373                   /usr/lib/x86_64-linux-gnu/libgcc_s.so.1
7f14790bf000-7f14790cc000 r--p 00000000 103:06 2493929                   /usr/lib/x86_64-linux-gnu/libm-2.28.so
7f14790cc000-7f147916b000 r-xp 0000d000 103:06 2493929                   /usr/lib/x86_64-linux-gnu/libm-2.28.so
7f147916b000-7f1479240000 r--p 000ac000 103:06 2493929                   /usr/lib/x86_64-linux-gnu/libm-2.28.so
7f1479240000-7f1479241000 r--p 00180000 103:06 2493929                   /usr/lib/x86_64-linux-gnu/libm-2.28.so
7f1479241000-7f1479242000 rw-p 00181000 103:06 2493929                   /usr/lib/x86_64-linux-gnu/libm-2.28.so
7f1479242000-7f14792cb000 r--p 00000000 103:06 2494516                   /usr/lib/x86_64-linux-gnu/libstdc++.so.6.0.25
7f14792cb000-7f1479377000 r-xp 00089000 103:06 2494516                   /usr/lib/x86_64-linux-gnu/libstdc++.so.6.0.25
7f1479377000-7f14793b5000 r--p 00135000 103:06 2494516                   /usr/lib/x86_64-linux-gnu/libstdc++.so.6.0.25
7f14793b5000-7f14793b6000 ---p 00173000 103:06 2494516                   /usr/lib/x86_64-linux-gnu/libstdc++.so.6.0.25
7f14793b6000-7f14793c0000 r--p 00173000 103:06 2494516                   /usr/lib/x86_64-linux-gnu/libstdc++.so.6.0.25
7f14793c0000-7f14793c2000 rw-p 0017d000 103:06 2494516                   /usr/lib/x86_64-linux-gnu/libstdc++.so.6.0.25
7f14793c2000-7f14793c6000 rw-p 00000000 00:00 0 
7f14793c6000-7f147a02c000 r-xp 00000000 103:06 1846838                   /usr/lib/jvm/java-8-openjdk-amd64/jre/lib/amd64/server/libjvm.so
7f147a02c000-7f147a22b000 ---p 00c66000 103:06 1846838                   /usr/lib/jvm/java-8-openjdk-amd64/jre/lib/amd64/server/libjvm.so
7f147a22b000-7f147a2bf000 r--p 00c65000 103:06 1846838                   /usr/lib/jvm/java-8-openjdk-amd64/jre/lib/amd64/server/libjvm.so
7f147a2bf000-7f147a2e8000 rw-p 00cf9000 103:06 1846838                   /usr/lib/jvm/java-8-openjdk-amd64/jre/lib/amd64/server/libjvm.so
7f147a2e8000-7f147a31a000 rw-p 00000000 00:00 0 
7f147a31a000-7f147a33c000 r--p 00000000 103:06 2492971                   /usr/lib/x86_64-linux-gnu/libc-2.28.so
7f147a33c000-7f147a484000 r-xp 00022000 103:06 2492971                   /usr/lib/x86_64-linux-gnu/libc-2.28.so
7f147a484000-7f147a4d0000 r--p 0016a000 103:06 2492971                   /usr/lib/x86_64-linux-gnu/libc-2.28.so
7f147a4d0000-7f147a4d1000 ---p 001b6000 103:06 2492971                   /usr/lib/x86_64-linux-gnu/libc-2.28.so
7f147a4d1000-7f147a4d5000 r--p 001b6000 103:06 2492971                   /usr/lib/x86_64-linux-gnu/libc-2.28.so
7f147a4d5000-7f147a4d7000 rw-p 001ba000 103:06 2492971                   /usr/lib/x86_64-linux-gnu/libc-2.28.so
7f147a4d7000-7f147a4db000 rw-p 00000000 00:00 0 
7f147a4db000-7f147a4dc000 r--p 00000000 103:06 2493149                   /usr/lib/x86_64-linux-gnu/libdl-2.28.so
7f147a4dc000-7f147a4dd000 r-xp 00001000 103:06 2493149                   /usr/lib/x86_64-linux-gnu/libdl-2.28.so
7f147a4dd000-7f147a4de000 r--p 00002000 103:06 2493149                   /usr/lib/x86_64-linux-gnu/libdl-2.28.so
7f147a4de000-7f147a4df000 r--p 00002000 103:06 2493149                   /usr/lib/x86_64-linux-gnu/libdl-2.28.so
7f147a4df000-7f147a4e0000 rw-p 00003000 103:06 2493149                   /usr/lib/x86_64-linux-gnu/libdl-2.28.so
7f147a4e0000-7f147a4ed000 r-xp 00000000 103:06 1846802                   /usr/lib/jvm/java-8-openjdk-amd64/jre/lib/amd64/jli/libjli.so
7f147a4ed000-7f147a6ec000 ---p 0000d000 103:06 1846802                   /usr/lib/jvm/java-8-openjdk-amd64/jre/lib/amd64/jli/libjli.so
7f147a6ec000-7f147a6ed000 r--p 0000c000 103:06 1846802                   /usr/lib/jvm/java-8-openjdk-amd64/jre/lib/amd64/jli/libjli.so
7f147a6ed000-7f147a6ee000 rw-p 0000d000 103:06 1846802                   /usr/lib/jvm/java-8-openjdk-amd64/jre/lib/amd64/jli/libjli.so
7f147a6ee000-7f147a6f1000 r--p 00000000 103:06 2494865                   /usr/lib/x86_64-linux-gnu/libz.so.1.2.11
7f147a6f1000-7f147a702000 r-xp 00003000 103:06 2494865                   /usr/lib/x86_64-linux-gnu/libz.so.1.2.11
7f147a702000-7f147a708000 r--p 00014000 103:06 2494865                   /usr/lib/x86_64-linux-gnu/libz.so.1.2.11
7f147a708000-7f147a709000 ---p 0001a000 103:06 2494865                   /usr/lib/x86_64-linux-gnu/libz.so.1.2.11
7f147a709000-7f147a70a000 r--p 0001a000 103:06 2494865                   /usr/lib/x86_64-linux-gnu/libz.so.1.2.11
7f147a70a000-7f147a70b000 rw-p 0001b000 103:06 2494865                   /usr/lib/x86_64-linux-gnu/libz.so.1.2.11
7f147a70b000-7f147a711000 r--p 00000000 103:06 2494327                   /usr/lib/x86_64-linux-gnu/libpthread-2.28.so
7f147a711000-7f147a720000 r-xp 00006000 103:06 2494327                   /usr/lib/x86_64-linux-gnu/libpthread-2.28.so
7f147a720000-7f147a726000 r--p 00015000 103:06 2494327                   /usr/lib/x86_64-linux-gnu/libpthread-2.28.so
7f147a726000-7f147a727000 r--p 0001a000 103:06 2494327                   /usr/lib/x86_64-linux-gnu/libpthread-2.28.so
7f147a727000-7f147a728000 rw-p 0001b000 103:06 2494327                   /usr/lib/x86_64-linux-gnu/libpthread-2.28.so
7f147a728000-7f147a72c000 rw-p 00000000 00:00 0 
7f147a72c000-7f147a72d000 r--s 00010000 103:06 1846858                   /usr/lib/jvm/java-8-openjdk-amd64/jre/lib/ext/zipfs.jar
7f147a72d000-7f147a735000 rw-s 00000000 103:06 1704022                   /tmp/hsperfdata_jleo/610
7f147a735000-7f147a737000 r--p 00000000 103:06 2494118                   /usr/lib/x86_64-linux-gnu/libnss_nis-2.28.so
7f147a737000-7f147a73e000 r-xp 00002000 103:06 2494118                   /usr/lib/x86_64-linux-gnu/libnss_nis-2.28.so
7f147a73e000-7f147a740000 r--p 00009000 103:06 2494118                   /usr/lib/x86_64-linux-gnu/libnss_nis-2.28.so
7f147a740000-7f147a741000 r--p 0000a000 103:06 2494118                   /usr/lib/x86_64-linux-gnu/libnss_nis-2.28.so
7f147a741000-7f147a742000 rw-p 0000b000 103:06 2494118                   /usr/lib/x86_64-linux-gnu/libnss_nis-2.28.so
7f147a742000-7f147a744000 r--p 00000000 103:06 2494106                   /usr/lib/x86_64-linux-gnu/libnss_compat-2.28.so
7f147a744000-7f147a749000 r-xp 00002000 103:06 2494106                   /usr/lib/x86_64-linux-gnu/libnss_compat-2.28.so
7f147a749000-7f147a74b000 r--p 00007000 103:06 2494106                   /usr/lib/x86_64-linux-gnu/libnss_compat-2.28.so
7f147a74b000-7f147a74c000 r--p 00008000 103:06 2494106                   /usr/lib/x86_64-linux-gnu/libnss_compat-2.28.so
7f147a74c000-7f147a74d000 rw-p 00009000 103:06 2494106                   /usr/lib/x86_64-linux-gnu/libnss_compat-2.28.so
7f147a74d000-7f147a74e000 rw-p 00000000 00:00 0 
7f147a74e000-7f147a74f000 r--p 00000000 00:00 0 
7f147a74f000-7f147a751000 rw-p 00000000 00:00 0 
7f147a751000-7f147a752000 r--p 00000000 103:06 2492246                   /usr/lib/x86_64-linux-gnu/ld-2.28.so
7f147a752000-7f147a770000 r-xp 00001000 103:06 2492246                   /usr/lib/x86_64-linux-gnu/ld-2.28.so
7f147a770000-7f147a778000 r--p 0001f000 103:06 2492246                   /usr/lib/x86_64-linux-gnu/ld-2.28.so
7f147a778000-7f147a779000 r--p 00026000 103:06 2492246                   /usr/lib/x86_64-linux-gnu/ld-2.28.so
7f147a779000-7f147a77a000 rw-p 00027000 103:06 2492246                   /usr/lib/x86_64-linux-gnu/ld-2.28.so
7f147a77a000-7f147a77b000 rw-p 00000000 00:00 0 
7fffe52fc000-7fffe531e000 rw-p 00000000 00:00 0                          [stack]
7fffe53e9000-7fffe53ec000 r--p 00000000 00:00 0                          [vvar]
7fffe53ec000-7fffe53ed000 r-xp 00000000 00:00 0                          [vdso]
ffffffffff600000-ffffffffff601000 --xp 00000000 00:00 0                  [vsyscall]

VM Arguments:
jvm_args: -agentlib:jdwp=transport=dt_socket,address=127.0.0.1:40197,suspend=y,server=n -javaagent:/home/jleo/data/IDEAProject/java/aim/out/artifacts/agent_jar/agent.jar -XX:TieredStopAtLevel=1 -Xverify:none -Dspring.output.ansi.enabled=always -javaagent:/home/jleo/app/idea-IU-202.7660.26/plugins/java/lib/rt/debugger-agent.jar -Dcom.sun.management.jmxremote -Dspring.jmx.enabled=true -Dspring.liveBeansView.mbeanDomain -Dspring.application.admin.enabled=true -Dfile.encoding=UTF-8 
java_command: com.example.demo.DemoApplication
java_class_path (initial): /usr/lib/jvm/java-1.8.0-openjdk-amd64/jre/lib/charsets.jar:/usr/lib/jvm/java-1.8.0-openjdk-amd64/jre/lib/ext/cldrdata.jar:/usr/lib/jvm/java-1.8.0-openjdk-amd64/jre/lib/ext/dnsns.jar:/usr/lib/jvm/java-1.8.0-openjdk-amd64/jre/lib/ext/icedtea-sound.jar:/usr/lib/jvm/java-1.8.0-openjdk-amd64/jre/lib/ext/jaccess.jar:/usr/lib/jvm/java-1.8.0-openjdk-amd64/jre/lib/ext/java-atk-wrapper.jar:/usr/lib/jvm/java-1.8.0-openjdk-amd64/jre/lib/ext/localedata.jar:/usr/lib/jvm/java-1.8.0-openjdk-amd64/jre/lib/ext/nashorn.jar:/usr/lib/jvm/java-1.8.0-openjdk-amd64/jre/lib/ext/sunec.jar:/usr/lib/jvm/java-1.8.0-openjdk-amd64/jre/lib/ext/sunjce_provider.jar:/usr/lib/jvm/java-1.8.0-openjdk-amd64/jre/lib/ext/sunpkcs11.jar:/usr/lib/jvm/java-1.8.0-openjdk-amd64/jre/lib/ext/zipfs.jar:/usr/lib/jvm/java-1.8.0-openjdk-amd64/jre/lib/jce.jar:/usr/lib/jvm/java-1.8.0-openjdk-amd64/jre/lib/jsse.jar:/usr/lib/jvm/java-1.8.0-openjdk-amd64/jre/lib/management-agent.jar:/usr/lib/jvm/java-1.8.0-openjdk-amd64/jre/lib/resources.jar:/usr/lib/jvm/java-1.8.0-openjdk-amd64/jre/lib/rt.jar:/home/jleo/data/IDEAProject/java/aim/demo/target/classes:/home/jleo/appData/maven/repository/org/springframework/boot/spring-boot-starter/2.4.2/spring-boot-starter-2.4.2.jar:/home/jleo/appData/maven/repository/org/springframework/boot/spring-boot/2.4.2/spring-boot-2.4.2.jar:/home/jleo/appData/maven/repository/org/springframework/spring-context/5.3.3/spring-context-5.3.3.jar:/home/jleo/appData/maven/repository/org/springframework/boot/spring-boot-autoconfigure/2.4.2/spring-boot-autoconfigure-2.4.2.jar:/home/jleo/appData/maven/repository/org/springframework/boot/spring-boot-starter-logging/2.4.2/spring-boot-starter-logging-2.4.2.jar:/home/jleo/appData/maven/repository/ch/qos/logback/logback-classic/1.2.3/logback-classic-1.2.3.jar:/home/jleo/appData/maven/repository/ch/qos/logback/logback-core/1.2.3/logback-core-1.2.3.jar:/home/jleo/appData/maven/repository/org/apache/logging/log4j/log4j-to-slf4j/2.13.3/log4
Launcher Type: SUN_STANDARD

Environment Variables:
PATH=/usr/local/bin:/usr/bin:/bin:/usr/local/games:/usr/games:/sbin:/usr/sbin
SHELL=/bin/bash
DISPLAY=:0

Signal Handlers:
SIGSEGV: [libjvm.so+0xa79db0], sa_mask[0]=11111111011111111101111111111110, sa_flags=SA_RESTART|SA_SIGINFO
SIGBUS: [libjvm.so+0xa79db0], sa_mask[0]=11111111011111111101111111111110, sa_flags=SA_RESTART|SA_SIGINFO
SIGFPE: [libjvm.so+0x8c24e0], sa_mask[0]=11111111011111111101111111111110, sa_flags=SA_RESTART|SA_SIGINFO
SIGPIPE: [libjvm.so+0x8c24e0], sa_mask[0]=11111111011111111101111111111110, sa_flags=SA_RESTART|SA_SIGINFO
SIGXFSZ: [libjvm.so+0x8c24e0], sa_mask[0]=11111111011111111101111111111110, sa_flags=SA_RESTART|SA_SIGINFO
SIGILL: [libjvm.so+0x8c24e0], sa_mask[0]=11111111011111111101111111111110, sa_flags=SA_RESTART|SA_SIGINFO
SIGUSR1: SIG_DFL, sa_mask[0]=00000000000000000000000000000000, sa_flags=none
SIGUSR2: [libjvm.so+0x8c2390], sa_mask[0]=00100000000000000000000000000000, sa_flags=SA_RESTART|SA_SIGINFO
SIGHUP: SIG_IGN, sa_mask[0]=00000000000000000000000000000000, sa_flags=none
SIGINT: [libjvm.so+0x8c2a00], sa_mask[0]=11111111011111111101111111111110, sa_flags=SA_RESTART|SA_SIGINFO
SIGTERM: [libjvm.so+0x8c2a00], sa_mask[0]=11111111011111111101111111111110, sa_flags=SA_RESTART|SA_SIGINFO
SIGQUIT: [libjvm.so+0x8c2a00], sa_mask[0]=11111111011111111101111111111110, sa_flags=SA_RESTART|SA_SIGINFO


---------------  S Y S T E M  ---------------

OS:DISTRIB_ID=Deepin
DISTRIB_RELEASE=20.1
DISTRIB_DESCRIPTION="Deepin 20.1"
DISTRIB_CODENAME=apricot

uname:Linux 5.4.70-amd64-desktop #1 SMP Wed Oct 14 15:24:23 CST 2020 x86_64
libc:glibc 2.28 NPTL 2.28 
rlimit: STACK 8192k, CORE 0k, NPROC 62713, NOFILE 1048576, AS infinity
load average:0.87 0.58 0.55

/proc/meminfo:
MemTotal:       16130768 kB
MemFree:         4789164 kB
MemAvailable:    7536192 kB
Buffers:          438092 kB
Cached:          3565408 kB
SwapCached:            0 kB
Active:          8587960 kB
Inactive:        1598292 kB
Active(anon):    6787024 kB
Inactive(anon):   534240 kB
Active(file):    1800936 kB
Inactive(file):  1064052 kB
Unevictable:      608400 kB
Mlocked:              96 kB
SwapTotal:             0 kB
SwapFree:              0 kB
Dirty:               412 kB
Writeback:             0 kB
AnonPages:       6789036 kB
Mapped:          1178188 kB
Shmem:           1145288 kB
KReclaimable:     222356 kB
Slab:             416308 kB
SReclaimable:     222356 kB
SUnreclaim:       193952 kB
KernelStack:       18736 kB
PageTables:        43704 kB
NFS_Unstable:          0 kB
Bounce:                0 kB
WritebackTmp:          0 kB
CommitLimit:     8065384 kB
Committed_AS:   18118320 kB
VmallocTotal:   34359738367 kB
VmallocUsed:       40164 kB
VmallocChunk:          0 kB
Percpu:             5984 kB
HardwareCorrupted:     0 kB
AnonHugePages:         0 kB
ShmemHugePages:        0 kB
ShmemPmdMapped:        0 kB
FileHugePages:         0 kB
FilePmdMapped:         0 kB
CmaTotal:              0 kB
CmaFree:               0 kB
HugePages_Total:       0
HugePages_Free:        0
HugePages_Rsvd:        0
HugePages_Surp:        0
Hugepagesize:       2048 kB
Hugetlb:               0 kB
DirectMap4k:      324472 kB
DirectMap2M:     8845312 kB
DirectMap1G:     7340032 kB

container (cgroup) information:
container_type: cgroupv1
cpu_cpuset_cpus: 0-7
cpu_memory_nodes: 0
active_processor_count: 8
cpu_quota: -1
cpu_period: 100000
cpu_shares: -1
memory_limit_in_bytes: -1
memory_and_swap_limit_in_bytes: -2
memory_soft_limit_in_bytes: -1
memory_usage_in_bytes: 3573768192
memory_max_usage_in_bytes: 3616509952


CPU:total 8 (initial active 8) (4 cores per cpu, 2 threads per core) family 6 model 142 stepping 12, cmov, cx8, fxsr, mmx, sse, sse2, sse3, ssse3, sse4.1, sse4.2, popcnt, avx, avx2, aes, clmul, erms, 3dnowpref, lzcnt, ht, tsc, tscinvbit, bmi1, bmi2, adx

/proc/cpuinfo:
processor	: 0
vendor_id	: GenuineIntel
cpu family	: 6
model		: 142
model name	: Intel(R) Core(TM) i5-10210U CPU @ 1.60GHz
stepping	: 12
microcode	: 0xd6
cpu MHz		: 2700.199
cache size	: 6144 KB
physical id	: 0
siblings	: 8
core id		: 0
cpu cores	: 4
apicid		: 0
initial apicid	: 0
fpu		: yes
fpu_exception	: yes
cpuid level	: 22
wp		: yes
flags		: fpu vme de pse tsc msr pae mce cx8 apic sep mtrr pge mca cmov pat pse36 clflush dts acpi mmx fxsr sse sse2 ss ht tm pbe syscall nx pdpe1gb rdtscp lm constant_tsc art arch_perfmon pebs bts rep_good nopl xtopology nonstop_tsc cpuid aperfmperf pni pclmulqdq dtes64 monitor ds_cpl vmx est tm2 ssse3 sdbg fma cx16 xtpr pdcm pcid sse4_1 sse4_2 x2apic movbe popcnt tsc_deadline_timer aes xsave avx f16c rdrand lahf_lm abm 3dnowprefetch cpuid_fault epb invpcid_single ssbd ibrs ibpb stibp ibrs_enhanced tpr_shadow vnmi flexpriority ept vpid ept_ad fsgsbase tsc_adjust bmi1 avx2 smep bmi2 erms invpcid mpx rdseed adx smap clflushopt intel_pt xsaveopt xsavec xgetbv1 xsaves dtherm ida arat pln pts hwp hwp_notify hwp_act_window hwp_epp md_clear flush_l1d arch_capabilities
bugs		: spectre_v1 spectre_v2 spec_store_bypass swapgs itlb_multihit srbds
bogomips	: 4199.88
clflush size	: 64
cache_alignment	: 64
address sizes	: 39 bits physical, 48 bits virtual
power management:

processor	: 1
vendor_id	: GenuineIntel
cpu family	: 6
model		: 142
model name	: Intel(R) Core(TM) i5-10210U CPU @ 1.60GHz
stepping	: 12
microcode	: 0xd6
cpu MHz		: 2700.222
cache size	: 6144 KB
physical id	: 0
siblings	: 8
core id		: 1
cpu cores	: 4
apicid		: 2
initial apicid	: 2
fpu		: yes
fpu_exception	: yes
cpuid level	: 22
wp		: yes
flags		: fpu vme de pse tsc msr pae mce cx8 apic sep mtrr pge mca cmov pat pse36 clflush dts acpi mmx fxsr sse sse2 ss ht tm pbe syscall nx pdpe1gb rdtscp lm constant_tsc art arch_perfmon pebs bts rep_good nopl xtopology nonstop_tsc cpuid aperfmperf pni pclmulqdq dtes64 monitor ds_cpl vmx est tm2 ssse3 sdbg fma cx16 xtpr pdcm pcid sse4_1 sse4_2 x2apic movbe popcnt tsc_deadline_timer aes xsave avx f16c rdrand lahf_lm abm 3dnowprefetch cpuid_fault epb invpcid_single ssbd ibrs ibpb stibp ibrs_enhanced tpr_shadow vnmi flexpriority ept vpid ept_ad fsgsbase tsc_adjust bmi1 avx2 smep bmi2 erms invpcid mpx rdseed adx smap clflushopt intel_pt xsaveopt xsavec xgetbv1 xsaves dtherm ida arat pln pts hwp hwp_notify hwp_act_window hwp_epp md_clear flush_l1d arch_capabilities
bugs		: spectre_v1 spectre_v2 spec_store_bypass swapgs itlb_multihit srbds
bogomips	: 4199.88
clflush size	: 64
cache_alignment	: 64
address sizes	: 39 bits physical, 48 bits virtual
power management:

processor	: 2
vendor_id	: GenuineIntel
cpu family	: 6
model		: 142
model name	: Intel(R) Core(TM) i5-10210U CPU @ 1.60GHz
stepping	: 12
microcode	: 0xd6
cpu MHz		: 2700.376
cache size	: 6144 KB
physical id	: 0
siblings	: 8
core id		: 2
cpu cores	: 4
apicid		: 4
initial apicid	: 4
fpu		: yes
fpu_exception	: yes
cpuid level	: 22
wp		: yes
flags		: fpu vme de pse tsc msr pae mce cx8 apic sep mtrr pge mca cmov pat pse36 clflush dts acpi mmx fxsr sse sse2 ss ht tm pbe syscall nx pdpe1gb rdtscp lm constant_tsc art arch_perfmon pebs bts rep_good nopl xtopology nonstop_tsc cpuid aperfmperf pni pclmulqdq dtes64 monitor ds_cpl vmx est tm2 ssse3 sdbg fma cx16 xtpr pdcm pcid sse4_1 sse4_2 x2apic movbe popcnt tsc_deadline_timer aes xsave avx f16c rdrand lahf_lm abm 3dnowprefetch cpuid_fault epb invpcid_single ssbd ibrs ibpb stibp ibrs_enhanced tpr_shadow vnmi flexpriority ept vpid ept_ad fsgsbase tsc_adjust bmi1 avx2 smep bmi2 erms invpcid mpx rdseed adx smap clflushopt intel_pt xsaveopt xsavec xgetbv1 xsaves dtherm ida arat pln pts hwp hwp_notify hwp_act_window hwp_epp md_clear flush_l1d arch_capabilities
bugs		: spectre_v1 spectre_v2 spec_store_bypass swapgs itlb_multihit srbds
bogomips	: 4199.88
clflush size	: 64
cache_alignment	: 64
address sizes	: 39 bits physical, 48 bits virtual
power management:

processor	: 3
vendor_id	: GenuineIntel
cpu family	: 6
model		: 142
model name	: Intel(R) Core(TM) i5-10210U CPU @ 1.60GHz
stepping	: 12
microcode	: 0xd6
cpu MHz		: 2700.209
cache size	: 6144 KB
physical id	: 0
siblings	: 8
core id		: 3
cpu cores	: 4
apicid		: 6
initial apicid	: 6
fpu		: yes
fpu_exception	: yes
cpuid level	: 22
wp		: yes
flags		: fpu vme de pse tsc msr pae mce cx8 apic sep mtrr pge mca cmov pat pse36 clflush dts acpi mmx fxsr sse sse2 ss ht tm pbe syscall nx pdpe1gb rdtscp lm constant_tsc art arch_perfmon pebs bts rep_good nopl xtopology nonstop_tsc cpuid aperfmperf pni pclmulqdq dtes64 monitor ds_cpl vmx est tm2 ssse3 sdbg fma cx16 xtpr pdcm pcid sse4_1 sse4_2 x2apic movbe popcnt tsc_deadline_timer aes xsave avx f16c rdrand lahf_lm abm 3dnowprefetch cpuid_fault epb invpcid_single ssbd ibrs ibpb stibp ibrs_enhanced tpr_shadow vnmi flexpriority ept vpid ept_ad fsgsbase tsc_adjust bmi1 avx2 smep bmi2 erms invpcid mpx rdseed adx smap clflushopt intel_pt xsaveopt xsavec xgetbv1 xsaves dtherm ida arat pln pts hwp hwp_notify hwp_act_window hwp_epp md_clear flush_l1d arch_capabilities
bugs		: spectre_v1 spectre_v2 spec_store_bypass swapgs itlb_multihit srbds
bogomips	: 4199.88
clflush size	: 64
cache_alignment	: 64
address sizes	: 39 bits physical, 48 bits virtual
power management:

processor	: 4
vendor_id	: GenuineIntel
cpu family	: 6
model		: 142
model name	: Intel(R) Core(TM) i5-10210U CPU @ 1.60GHz
stepping	: 12
microcode	: 0xd6
cpu MHz		: 2700.745
cache size	: 6144 KB
physical id	: 0
siblings	: 8
core id		: 0
cpu cores	: 4
apicid		: 1
initial apicid	: 1
fpu		: yes
fpu_exception	: yes
cpuid level	: 22
wp		: yes
flags		: fpu vme de pse tsc msr pae mce cx8 apic sep mtrr pge mca cmov pat pse36 clflush dts acpi mmx fxsr sse sse2 ss ht tm pbe syscall nx pdpe1gb rdtscp lm constant_tsc art arch_perfmon pebs bts rep_good nopl xtopology nonstop_tsc cpuid aperfmperf pni pclmulqdq dtes64 monitor ds_cpl vmx est tm2 ssse3 sdbg fma cx16 xtpr pdcm pcid sse4_1 sse4_2 x2apic movbe popcnt tsc_deadline_timer aes xsave avx f16c rdrand lahf_lm abm 3dnowprefetch cpuid_fault epb invpcid_single ssbd ibrs ibpb stibp ibrs_enhanced tpr_shadow vnmi flexpriority ept vpid ept_ad fsgsbase tsc_adjust bmi1 avx2 smep bmi2 erms invpcid mpx rdseed adx smap clflushopt intel_pt xsaveopt xsavec xgetbv1 xsaves dtherm ida arat pln pts hwp hwp_notify hwp_act_window hwp_epp md_clear flush_l1d arch_capabilities
bugs		: spectre_v1 spectre_v2 spec_store_bypass swapgs itlb_multihit srbds
bogomips	: 4199.88
clflush size	: 64
cache_alignment	: 64
address sizes	: 39 bits physical, 48 bits virtual
power management:

processor	: 5
vendor_id	: GenuineIntel
cpu family	: 6
model		: 142
model name	: Intel(R) Core(TM) i5-10210U CPU @ 1.60GHz
stepping	: 12
microcode	: 0xd6
cpu MHz		: 2700.044
cache size	: 6144 KB
physical id	: 0
siblings	: 8
core id		: 1
cpu cores	: 4
apicid		: 3
initial apicid	: 3
fpu		: yes
fpu_exception	: yes
cpuid level	: 22
wp		: yes
flags		: fpu vme de pse tsc msr pae mce cx8 apic sep mtrr pge mca cmov pat pse36 clflush dts acpi mmx fxsr sse sse2 ss ht tm pbe syscall nx pdpe1gb rdtscp lm constant_tsc art arch_perfmon pebs bts rep_good nopl xtopology nonstop_tsc cpuid aperfmperf pni pclmulqdq dtes64 monitor ds_cpl vmx est tm2 ssse3 sdbg fma cx16 xtpr pdcm pcid sse4_1 sse4_2 x2apic movbe popcnt tsc_deadline_timer aes xsave avx f16c rdrand lahf_lm abm 3dnowprefetch cpuid_fault epb invpcid_single ssbd ibrs ibpb stibp ibrs_enhanced tpr_shadow vnmi flexpriority ept vpid ept_ad fsgsbase tsc_adjust bmi1 avx2 smep bmi2 erms invpcid mpx rdseed adx smap clflushopt intel_pt xsaveopt xsavec xgetbv1 xsaves dtherm ida arat pln pts hwp hwp_notify hwp_act_window hwp_epp md_clear flush_l1d arch_capabilities
bugs		: spectre_v1 spectre_v2 spec_store_bypass swapgs itlb_multihit srbds
bogomips	: 4199.88
clflush size	: 64
cache_alignment	: 64
address sizes	: 39 bits physical, 48 bits virtual
power management:

processor	: 6
vendor_id	: GenuineIntel
cpu family	: 6
model		: 142
model name	: Intel(R) Core(TM) i5-10210U CPU @ 1.60GHz
stepping	: 12
microcode	: 0xd6
cpu MHz		: 2700.192
cache size	: 6144 KB
physical id	: 0
siblings	: 8
core id		: 2
cpu cores	: 4
apicid		: 5
initial apicid	: 5
fpu		: yes
fpu_exception	: yes
cpuid level	: 22
wp		: yes
flags		: fpu vme de pse tsc msr pae mce cx8 apic sep mtrr pge mca cmov pat pse36 clflush dts acpi mmx fxsr sse sse2 ss ht tm pbe syscall nx pdpe1gb rdtscp lm constant_tsc art arch_perfmon pebs bts rep_good nopl xtopology nonstop_tsc cpuid aperfmperf pni pclmulqdq dtes64 monitor ds_cpl vmx est tm2 ssse3 sdbg fma cx16 xtpr pdcm pcid sse4_1 sse4_2 x2apic movbe popcnt tsc_deadline_timer aes xsave avx f16c rdrand lahf_lm abm 3dnowprefetch cpuid_fault epb invpcid_single ssbd ibrs ibpb stibp ibrs_enhanced tpr_shadow vnmi flexpriority ept vpid ept_ad fsgsbase tsc_adjust bmi1 avx2 smep bmi2 erms invpcid mpx rdseed adx smap clflushopt intel_pt xsaveopt xsavec xgetbv1 xsaves dtherm ida arat pln pts hwp hwp_notify hwp_act_window hwp_epp md_clear flush_l1d arch_capabilities
bugs		: spectre_v1 spectre_v2 spec_store_bypass swapgs itlb_multihit srbds
bogomips	: 4199.88
clflush size	: 64
cache_alignment	: 64
address sizes	: 39 bits physical, 48 bits virtual
power management:

processor	: 7
vendor_id	: GenuineIntel
cpu family	: 6
model		: 142
model name	: Intel(R) Core(TM) i5-10210U CPU @ 1.60GHz
stepping	: 12
microcode	: 0xd6
cpu MHz		: 2700.240
cache size	: 6144 KB
physical id	: 0
siblings	: 8
core id		: 3
cpu cores	: 4
apicid		: 7
initial apicid	: 7
fpu		: yes
fpu_exception	: yes
cpuid level	: 22
wp		: yes
flags		: fpu vme de pse tsc msr pae mce cx8 apic sep mtrr pge mca cmov pat pse36 clflush dts acpi mmx fxsr sse sse2 ss ht tm pbe syscall nx pdpe1gb rdtscp lm constant_tsc art arch_perfmon pebs bts rep_good nopl xtopology nonstop_tsc cpuid aperfmperf pni pclmulqdq dtes64 monitor ds_cpl vmx est tm2 ssse3 sdbg fma cx16 xtpr pdcm pcid sse4_1 sse4_2 x2apic movbe popcnt tsc_deadline_timer aes xsave avx f16c rdrand lahf_lm abm 3dnowprefetch cpuid_fault epb invpcid_single ssbd ibrs ibpb stibp ibrs_enhanced tpr_shadow vnmi flexpriority ept vpid ept_ad fsgsbase tsc_adjust bmi1 avx2 smep bmi2 erms invpcid mpx rdseed adx smap clflushopt intel_pt xsaveopt xsavec xgetbv1 xsaves dtherm ida arat pln pts hwp hwp_notify hwp_act_window hwp_epp md_clear flush_l1d arch_capabilities
bugs		: spectre_v1 spectre_v2 spec_store_bypass swapgs itlb_multihit srbds
bogomips	: 4199.88
clflush size	: 64
cache_alignment	: 64
address sizes	: 39 bits physical, 48 bits virtual
power management:



Memory: 4k page, physical 16130768k(4788912k free), swap 0k(0k free)

vm_info: OpenJDK 64-Bit Server VM (25.212-b01) for linux-amd64 JRE (1.8.0_212-8u212-b01-1~deb9u1-b01), built on Mar 18 2019 23:06:47 by "jmm" with gcc 6.3.0 20170516

time: Thu Feb  4 17:14:00 2021
timezone: CST
elapsed time: 9 seconds (0d 0h 0m 9s)

