#
# A fatal error has been detected by the Java Runtime Environment:
#
#  SIGSEGV (0xb) at pc=0x00007fcfcf01a800, pid=2541, tid=0x00007fcfce4ac700
#
# JRE version: OpenJDK Runtime Environment (8.0_212-b01) (build 1.8.0_212-8u212-b01-1~deb9u1-b01)
# Java VM: OpenJDK 64-Bit Server VM (25.212-b01 mixed mode linux-amd64 compressed oops)
# Problematic frame:
# V  [libjvm.so+0x84c800]
#
# Failed to write core dump. Core dumps have been disabled. To enable core dumping, try "ulimit -c unlimited" before starting Java again
#
# If you would like to submit a bug report, please visit:
#   http://bugreport.java.com/bugreport/crash.jsp
#

---------------  T H R E A D  ---------------

Current thread (0x00007fcfc8011800):  JavaThread "main" [_thread_in_vm, id=2542, stack(0x00007fcfce3ad000,0x00007fcfce4ad000)]

siginfo: si_signo: 11 (SIGSEGV), si_code: 1 (SEGV_MAPERR), si_addr: 0x0000000000000008

Registers:
RAX=0x00007fcfb90004e7, RBX=0x00007fcfce4a9e60, RCX=0x00007fcfb9005360, RDX=0x00007fcfc805cd20
RSP=0x00007fcfce4a9dd8, RBP=0x00007fcfce4aa4a0, RSI=0x00000000014aabc0, RDI=0x0000000000000000
R8 =0x00007fcfb9000000, R9 =0x000000076dffbce8, R10=0x00007fcfce4ab9b8, R11=0x00007fcfce4ab9b8
R12=0x00007fcfc8011800, R13=0x0000000000000000, R14=0x00007fcfce4a9de0, R15=0x00007fcfc8012498
RIP=0x00007fcfcf01a800, EFLAGS=0x0000000000010246, CSGSFS=0x002b000000000033, ERR=0x0000000000000004
  TRAPNO=0x000000000000000e

Top of Stack: (sp=0x00007fcfce4a9dd8)
0x00007fcfce4a9dd8:   00007fcfcf13dce8 00007fcfce4aa518
0x00007fcfce4a9de8:   00007fcfb90004e7 00007fcfb90003d0
0x00007fcfce4a9df8:   00007fcf00000000 00007fcfce4aa580
0x00007fcfce4a9e08:   00007fcfce4aa518 000000076dfe7c90
0x00007fcfce4a9e18:   00007fcf5409db01 00007fcfc8012480
0x00007fcfce4a9e28:   0000000000000000 00007fcfce4aa508
0x00007fcfce4a9e38:   00007fcfb9005268 00007fcfb9005210
0x00007fcfce4a9e48:   0000000700000000 00007fcfce4aa508
0x00007fcfce4a9e58:   00007fcfce4aa508 00007fcfce4aa518
0x00007fcfce4a9e68:   00007fcfb90004e7 00007fcfb90003d0
0x00007fcfce4a9e78:   00007fcf00000000 00007fcfce4aa580
0x00007fcfce4a9e88:   00007fcfce4aa518 00007fcfc8011800
0x00007fcfce4a9e98:   00007fcfcee3868f 00007fcfce4aa3c0
0x00007fcfce4a9ea8:   00000006c9c0ee60 0000000000000000
0x00007fcfce4a9eb8:   00000007c036eab8 0000000000000000
0x00007fcfce4a9ec8:   000000076dfe0100 000000076dfe7ac0
0x00007fcfce4a9ed8:   00007fcfce4a9e88 00007fcfce4a9ec9
0x00007fcfce4a9ee8:   0000000800000001 00007fcfce4aa300
0x00007fcfce4a9ef8:   00007fcfb9284cf4 00007fcfce4aa0a0
0x00007fcfce4a9f08:   00007fcfb911abcc 00007fcfb310c6f0
0x00007fcfce4a9f18:   0000000000000000 00007fcfb305f398
0x00007fcfce4a9f28:   0000000000000000 00007fcfce4a9f80
0x00007fcfce4a9f38:   00007fcfce4aa0a0 00007fcfb93f2acc
0x00007fcfce4a9f48:   0000000000000000 000000076dfe6740
0x00007fcfce4a9f58:   00000006c9cbfa10 0000000000000000
0x00007fcfce4a9f68:   0000000000000000 00007fcfce4aa0a0
0x00007fcfce4a9f78:   000000076dfe7bb0 00007fcfce4aa620
0x00007fcfce4a9f88:   00007fcfb9370334 00007fcfb936fa10
0x00007fcfce4a9f98:   0000000700000000 00007fcfce4aa808
0x00007fcfce4a9fa8:   00007fcfce4aa620 00007fcfc8011800
0x00007fcfce4a9fb8:   00007fcf00000000 00007fcfce4aa020
0x00007fcfce4a9fc8:   00007fcfb900809d 000000076dfe66c8 

Instructions: (pc=0x00007fcfcf01a800)
0x00007fcfcf01a7e0:   72 ee 0f b7 7a 20 5d 48 8d 7c 3a 30 89 f2 29 ca
0x00007fcfcf01a7f0:   48 39 fe 0f 42 c2 c3 90 0f 1f 84 00 00 00 00 00
0x00007fcfcf01a800:   48 8b 47 08 55 48 63 f6 48 89 e5 48 8d 44 30 30
0x00007fcfcf01a810:   5d c3 0f 1f 40 00 66 2e 0f 1f 84 00 00 00 00 00 

Register to memory mapping:

RAX=0x00007fcfb90004e7 is at begin+136 in a stub
StubRoutines::call_stub [0x00007fcfb900045f, 0x00007fcfb9000547[ (232 bytes)
RBX=0x00007fcfce4a9e60 is pointing into the stack for thread: 0x00007fcfc8011800
RCX=0x00007fcfb9005360 is pointing into interpreter code (not bytecode specific)
RDX=0x00007fcfc805cd20 is an unknown value
RSP=0x00007fcfce4a9dd8 is pointing into the stack for thread: 0x00007fcfc8011800
RBP=0x00007fcfce4aa4a0 is pointing into the stack for thread: 0x00007fcfc8011800
RSI=0x00000000014aabc0 is an unknown value
RDI=0x0000000000000000 is an unknown value
R8 =0x00007fcfb9000000 is an unknown value
R9 =0x000000076dffbce8 is an oop
[S 
 - klass: {type array short}
 - length: 32
R10=0x00007fcfce4ab9b8 is pointing into the stack for thread: 0x00007fcfc8011800
R11=0x00007fcfce4ab9b8 is pointing into the stack for thread: 0x00007fcfc8011800
R12=0x00007fcfc8011800 is a thread
R13=0x0000000000000000 is an unknown value
R14=0x00007fcfce4a9de0 is pointing into the stack for thread: 0x00007fcfc8011800
R15=0x00007fcfc8012498 is an unknown value


Stack: [0x00007fcfce3ad000,0x00007fcfce4ad000],  sp=0x00007fcfce4a9dd8,  free space=1011k
Native frames: (J=compiled Java code, j=interpreted, Vv=VM code, C=native code)
V  [libjvm.so+0x84c800]
V  [libjvm.so+0x9712aa]
v  ~RuntimeStub::StackOverflowError throw_exception
C  0x00007fcfce4aa580
C  0x00000000000000d8

Java frames: (J=compiled Java code, j=interpreted, Vv=VM code)
v  ~RuntimeStub::StackOverflowError throw_exception
v  ~StubRoutines::call_stub
J 1306  sun.reflect.NativeConstructorAccessorImpl.newInstance0(Ljava/lang/reflect/Constructor;[Ljava/lang/Object;)Ljava/lang/Object; (0 bytes) @ 0x00007fcfb9304a63 [0x00007fcfb9304a00+0x63]
J 1305 C1 sun.reflect.NativeConstructorAccessorImpl.newInstance([Ljava/lang/Object;)Ljava/lang/Object; (89 bytes) @ 0x00007fcfb93051d4 [0x00007fcfb9304e20+0x3b4]
J 1291 C1 sun.reflect.DelegatingConstructorAccessorImpl.newInstance([Ljava/lang/Object;)Ljava/lang/Object; (9 bytes) @ 0x00007fcfb930019c [0x00007fcfb9300140+0x5c]
J 1286 C1 java.lang.reflect.Constructor.newInstance([Ljava/lang/Object;)Ljava/lang/Object; (87 bytes) @ 0x00007fcfb92fe6a4 [0x00007fcfb92fe560+0x144]
j  org.springframework.beans.BeanUtils.instantiateClass(Ljava/lang/reflect/Constructor;[Ljava/lang/Object;)Ljava/lang/Object;+128
j  org.springframework.beans.factory.support.SimpleInstantiationStrategy.instantiate(Lorg/springframework/beans/factory/support/RootBeanDefinition;Ljava/lang/String;Lorg/springframework/beans/factory/BeanFactory;)Ljava/lang/Object;+140
j  org.springframework.beans.factory.support.AbstractAutowireCapableBeanFactory.instantiateBean(Ljava/lang/String;Lorg/springframework/beans/factory/support/RootBeanDefinition;)Lorg/springframework/beans/BeanWrapper;+32
j  org.springframework.beans.factory.support.AbstractAutowireCapableBeanFactory.createBeanInstance(Ljava/lang/String;Lorg/springframework/beans/factory/support/RootBeanDefinition;[Ljava/lang/Object;)Lorg/springframework/beans/BeanWrapper;+250
j  org.springframework.beans.factory.support.AbstractAutowireCapableBeanFactory.doCreateBean(Ljava/lang/String;Lorg/springframework/beans/factory/support/RootBeanDefinition;[Ljava/lang/Object;)Ljava/lang/Object;+34
j  org.springframework.beans.factory.support.AbstractAutowireCapableBeanFactory.createBean(Ljava/lang/String;Lorg/springframework/beans/factory/support/RootBeanDefinition;[Ljava/lang/Object;)Ljava/lang/Object;+169
j  org.springframework.beans.factory.support.AbstractBeanFactory.lambda$doGetBean$0(Ljava/lang/String;Lorg/springframework/beans/factory/support/RootBeanDefinition;[Ljava/lang/Object;)Ljava/lang/Object;+4
j  org.springframework.beans.factory.support.AbstractBeanFactory$$Lambda$188.getObject()Ljava/lang/Object;+16
j  org.springframework.beans.factory.support.DefaultSingletonBeanRegistry.getSingleton(Ljava/lang/String;Lorg/springframework/beans/factory/ObjectFactory;)Ljava/lang/Object;+132
J 1769 C1 org.springframework.beans.factory.support.AbstractBeanFactory.doGetBean(Ljava/lang/String;Ljava/lang/Class;[Ljava/lang/Object;Z)Ljava/lang/Object; (832 bytes) @ 0x00007fcfb93c7ad4 [0x00007fcfb93c7420+0x6b4]
j  org.springframework.beans.factory.support.AbstractBeanFactory.getBean(Ljava/lang/String;)Ljava/lang/Object;+5
j  org.springframework.beans.factory.support.DefaultListableBeanFactory.preInstantiateSingletons()V+248
j  org.springframework.context.support.AbstractApplicationContext.finishBeanFactoryInitialization(Lorg/springframework/beans/factory/config/ConfigurableListableBeanFactory;)V+124
j  org.springframework.context.support.AbstractApplicationContext.refresh()V+86
j  org.springframework.boot.web.servlet.context.ServletWebServerApplicationContext.refresh()V+1
j  org.springframework.boot.SpringApplication.refresh(Lorg/springframework/context/ConfigurableApplicationContext;)V+1
j  org.springframework.boot.SpringApplication.refresh(Lorg/springframework/context/ApplicationContext;)V+12
j  org.springframework.boot.SpringApplication.refreshContext(Lorg/springframework/context/ConfigurableApplicationContext;)V+19
j  org.springframework.boot.SpringApplication.run([Ljava/lang/String;)Lorg/springframework/context/ConfigurableApplicationContext;+111
j  org.springframework.boot.SpringApplication.run([Ljava/lang/Class;[Ljava/lang/String;)Lorg/springframework/context/ConfigurableApplicationContext;+9
j  org.springframework.boot.SpringApplication.run(Ljava/lang/Class;[Ljava/lang/String;)Lorg/springframework/context/ConfigurableApplicationContext;+9
j  com.example.demo.DemoApplication.main([Ljava/lang/String;)V+3
v  ~StubRoutines::call_stub

---------------  P R O C E S S  ---------------

Java Threads: ( => current thread )
  0x00007fcfc8be0000 JavaThread "container-0" [_thread_blocked, id=2631, stack(0x00007fcfa3aff000,0x00007fcfa3c00000)]
  0x00007fcf3c01c000 JavaThread "Catalina-utility-2" [_thread_blocked, id=2630, stack(0x00007fcfa84fc000,0x00007fcfa85fd000)]
  0x00007fcfc8bdd000 JavaThread "Catalina-utility-1" [_thread_blocked, id=2629, stack(0x00007fcfa82fa000,0x00007fcfa83fb000)]
  0x00007fcf38010800 JavaThread "RMI Scheduler(0)" daemon [_thread_blocked, id=2596, stack(0x00007fcfa83fb000,0x00007fcfa84fc000)]
  0x00007fcf4c002000 JavaThread "RMI TCP Connection(1)-127.0.0.1" daemon [_thread_in_native, id=2594, stack(0x00007fcfa87fd000,0x00007fcfa88fe000)]
  0x00007fcf68001000 JavaThread "Attach Listener" daemon [_thread_blocked, id=2587, stack(0x00007fcfa8cfe000,0x00007fcfa8dff000)]
  0x00007fcfc85dc000 JavaThread "RMI TCP Accept-0" daemon [_thread_in_native, id=2578, stack(0x00007fcfb0339000,0x00007fcfb043a000)]
  0x00007fcfc84a9000 JavaThread "Service Thread" daemon [_thread_blocked, id=2574, stack(0x00007fcfb0a72000,0x00007fcfb0b73000)]
  0x00007fcfc849d800 JavaThread "C1 CompilerThread3" daemon [_thread_in_native, id=2573, stack(0x00007fcfb0b74000,0x00007fcfb0c74000)]
  0x00007fcfc849b800 JavaThread "C2 CompilerThread2" daemon [_thread_blocked, id=2572, stack(0x00007fcfb0c75000,0x00007fcfb0d75000)]
  0x00007fcfc8499000 JavaThread "C2 CompilerThread1" daemon [_thread_blocked, id=2571, stack(0x00007fcfb0d76000,0x00007fcfb0e76000)]
  0x00007fcfc8492800 JavaThread "C2 CompilerThread0" daemon [_thread_blocked, id=2570, stack(0x00007fcfb0e77000,0x00007fcfb0f77000)]
  0x00007fcf6c001000 JavaThread "JDWP Command Reader" daemon [_thread_in_native, id=2569, stack(0x00007fcfb102b000,0x00007fcfb112c000)]
  0x00007fcfc821c800 JavaThread "JDWP Event Helper Thread" daemon [_thread_blocked, id=2567, stack(0x00007fcfb112c000,0x00007fcfb122d000)]
  0x00007fcfc8218800 JavaThread "JDWP Transport Listener: dt_socket" daemon [_thread_blocked, id=2565, stack(0x00007fcfb122d000,0x00007fcfb132e000)]
  0x00007fcfc820c000 JavaThread "Signal Dispatcher" daemon [_thread_blocked, id=2564, stack(0x00007fcfb1533000,0x00007fcfb1634000)]
  0x00007fcfc81db000 JavaThread "Finalizer" daemon [_thread_blocked, id=2556, stack(0x00007fcfb1634000,0x00007fcfb1735000)]
  0x00007fcfc81d8800 JavaThread "Reference Handler" daemon [_thread_blocked, id=2555, stack(0x00007fcfb1735000,0x00007fcfb1836000)]
=>0x00007fcfc8011800 JavaThread "main" [_thread_in_vm, id=2542, stack(0x00007fcfce3ad000,0x00007fcfce4ad000)]

Other Threads:
  0x00007fcfc81ce800 VMThread [stack: 0x00007fcfb1837000,0x00007fcfb1937000] [id=2554]
  0x00007fcfc85f3800 WatcherThread [stack: 0x00007fcfb0239000,0x00007fcfb0339000] [id=2579]

VM state:not at safepoint (normal execution)

VM Mutex/Monitor currently owned by a thread:  ([mutex/lock_event])
[0x00007fcfc8009ff0] CompiledIC_lock - owner thread: 0x00007fcfc849d800

OutOfMemory and StackOverflow Exception counts:
StackOverflowErrors=1

heap address: 0x00000006c9c00000, size: 3940 MB, Compressed Oops mode: Zero based, Oop shift amount: 3
Narrow klass base: 0x0000000000000000, Narrow klass shift: 3
Compressed class space size: 1073741824 Address: 0x00000007c0000000

Heap:
 PSYoungGen      total 121344K, used 9270K [0x000000076df00000, 0x0000000776c80000, 0x00000007c0000000)
  eden space 114688K, 2% used [0x000000076df00000,0x000000076e18f4f0,0x0000000774f00000)
  from space 6656K, 99% used [0x0000000776600000,0x0000000776c7e350,0x0000000776c80000)
  to   space 10240K, 0% used [0x0000000775880000,0x0000000775880000,0x0000000776280000)
 ParOldGen       total 83968K, used 7095K [0x00000006c9c00000, 0x00000006cee00000, 0x000000076df00000)
  object space 83968K, 8% used [0x00000006c9c00000,0x00000006ca2edd90,0x00000006cee00000)
 Metaspace       used 25066K, capacity 26712K, committed 26880K, reserved 1073152K
  class space    used 3212K, capacity 3536K, committed 3584K, reserved 1048576K

Card table byte_map: [0x00007fcfcc568000,0x00007fcfccd1b000] byte_map_base: 0x00007fcfc8f1a000

Marking Bits: (ParMarkBitMap*) 0x00007fcfcf7035a0
 Begin Bits: [0x00007fcf7c4e0000, 0x00007fcf80270000)
 End Bits:   [0x00007fcf80270000, 0x00007fcf84000000)

Polling page: 0x00007fcfcfb56000

CodeCache: size=245760Kb used=4867Kb max_used=4867Kb free=240892Kb
 bounds [0x00007fcfb9000000, 0x00007fcfb94d0000, 0x00007fcfc8000000]
 total_blobs=2682 nmethods=2289 adapters=315
 compilation: enabled

Compilation events (10 events):
Event: 9.574 Thread 0x00007fcfc849d800 nmethod 2284 0x00007fcfb94bbcd0 code [0x00007fcfb94bbe20, 0x00007fcfb94bbf30]
Event: 9.585 Thread 0x00007fcfc849d800 2285   !   1       java.net.URLClassLoader::getResourceAsStream (137 bytes)
Event: 9.585 Thread 0x00007fcfc849d800 nmethod 2285 0x00007fcfb94bbf90 code [0x00007fcfb94bc180, 0x00007fcfb94bc968]
Event: 9.585 Thread 0x00007fcfc849d800 2286       1       sun.util.locale.BaseLocale::equals (71 bytes)
Event: 9.586 Thread 0x00007fcfc849d800 nmethod 2286 0x00007fcfb94bcf50 code [0x00007fcfb94bd0c0, 0x00007fcfb94bd2f0]
Event: 9.586 Thread 0x00007fcfc849d800 2287       1       java.util.Hashtable::<init> (9 bytes)
Event: 9.586 Thread 0x00007fcfc849d800 nmethod 2287 0x00007fcfb94bd390 code [0x00007fcfb94bd520, 0x00007fcfb94bd668]
Event: 9.588 Thread 0x00007fcfc849d800 2288       1       org.springframework.beans.factory.support.AbstractBeanDefinition::getBeanClass (63 bytes)
Event: 9.588 Thread 0x00007fcfc849d800 nmethod 2288 0x00007fcfb94bd6d0 code [0x00007fcfb94bd8c0, 0x00007fcfb94bde48]
Event: 9.588 Thread 0x00007fcfc849d800 2290       1       sun.misc.ProxyGenerator$MethodInfo::write (283 bytes)

GC Heap History (10 events):
Event: 1.502 GC heap before
{Heap before GC invocations=1 (full 0):
 PSYoungGen      total 74240K, used 64000K [0x000000076df00000, 0x0000000773180000, 0x00000007c0000000)
  eden space 64000K, 100% used [0x000000076df00000,0x0000000771d80000,0x0000000771d80000)
  from space 10240K, 0% used [0x0000000772780000,0x0000000772780000,0x0000000773180000)
  to   space 10240K, 0% used [0x0000000771d80000,0x0000000771d80000,0x0000000772780000)
 ParOldGen       total 169472K, used 0K [0x00000006c9c00000, 0x00000006d4180000, 0x000000076df00000)
  object space 169472K, 0% used [0x00000006c9c00000,0x00000006c9c00000,0x00000006d4180000)
 Metaspace       used 12759K, capacity 13348K, committed 13568K, reserved 1060864K
  class space    used 1584K, capacity 1732K, committed 1792K, reserved 1048576K
Event: 1.514 GC heap after
Heap after GC invocations=1 (full 0):
 PSYoungGen      total 74240K, used 6391K [0x000000076df00000, 0x0000000773180000, 0x00000007c0000000)
  eden space 64000K, 0% used [0x000000076df00000,0x000000076df00000,0x0000000771d80000)
  from space 10240K, 62% used [0x0000000771d80000,0x00000007723bdd40,0x0000000772780000)
  to   space 10240K, 0% used [0x0000000772780000,0x0000000772780000,0x0000000773180000)
 ParOldGen       total 169472K, used 16K [0x00000006c9c00000, 0x00000006d4180000, 0x000000076df00000)
  object space 169472K, 0% used [0x00000006c9c00000,0x00000006c9c04000,0x00000006d4180000)
 Metaspace       used 12759K, capacity 13348K, committed 13568K, reserved 1060864K
  class space    used 1584K, capacity 1732K, committed 1792K, reserved 1048576K
}
Event: 2.068 GC heap before
{Heap before GC invocations=2 (full 0):
 PSYoungGen      total 74240K, used 70391K [0x000000076df00000, 0x0000000773180000, 0x00000007c0000000)
  eden space 64000K, 100% used [0x000000076df00000,0x0000000771d80000,0x0000000771d80000)
  from space 10240K, 62% used [0x0000000771d80000,0x00000007723bdd40,0x0000000772780000)
  to   space 10240K, 0% used [0x0000000772780000,0x0000000772780000,0x0000000773180000)
 ParOldGen       total 169472K, used 16K [0x00000006c9c00000, 0x00000006d4180000, 0x000000076df00000)
  object space 169472K, 0% used [0x00000006c9c00000,0x00000006c9c04000,0x00000006d4180000)
 Metaspace       used 18601K, capacity 19490K, committed 19712K, reserved 1067008K
  class space    used 2338K, capacity 2535K, committed 2560K, reserved 1048576K
Event: 2.086 GC heap after
Heap after GC invocations=2 (full 0):
 PSYoungGen      total 74240K, used 9379K [0x000000076df00000, 0x0000000777000000, 0x00000007c0000000)
  eden space 64000K, 0% used [0x000000076df00000,0x000000076df00000,0x0000000771d80000)
  from space 10240K, 91% used [0x0000000772780000,0x00000007730a8ef8,0x0000000773180000)
  to   space 10240K, 0% used [0x0000000771d80000,0x0000000771d80000,0x0000000772780000)
 ParOldGen       total 169472K, used 24K [0x00000006c9c00000, 0x00000006d4180000, 0x000000076df00000)
  object space 169472K, 0% used [0x00000006c9c00000,0x00000006c9c06000,0x00000006d4180000)
 Metaspace       used 18601K, capacity 19490K, committed 19712K, reserved 1067008K
  class space    used 2338K, capacity 2535K, committed 2560K, reserved 1048576K
}
Event: 9.215 GC heap before
{Heap before GC invocations=3 (full 0):
 PSYoungGen      total 74240K, used 44188K [0x000000076df00000, 0x0000000777000000, 0x00000007c0000000)
  eden space 64000K, 54% used [0x000000076df00000,0x00000007700fe380,0x0000000771d80000)
  from space 10240K, 91% used [0x0000000772780000,0x00000007730a8ef8,0x0000000773180000)
  to   space 10240K, 0% used [0x0000000771d80000,0x0000000771d80000,0x0000000772780000)
 ParOldGen       total 169472K, used 24K [0x00000006c9c00000, 0x00000006d4180000, 0x000000076df00000)
  object space 169472K, 0% used [0x00000006c9c00000,0x00000006c9c06000,0x00000006d4180000)
 Metaspace       used 20244K, capacity 21254K, committed 21296K, reserved 1069056K
  class space    used 2581K, capacity 2803K, committed 2816K, reserved 1048576K
Event: 9.221 GC heap after
Heap after GC invocations=3 (full 0):
 PSYoungGen      total 74240K, used 7433K [0x000000076df00000, 0x0000000777000000, 0x00000007c0000000)
  eden space 64000K, 0% used [0x000000076df00000,0x000000076df00000,0x0000000771d80000)
  from space 10240K, 72% used [0x0000000771d80000,0x00000007724c2548,0x0000000772780000)
  to   space 10240K, 0% used [0x0000000776600000,0x0000000776600000,0x0000000777000000)
 ParOldGen       total 169472K, used 32K [0x00000006c9c00000, 0x00000006d4180000, 0x000000076df00000)
  object space 169472K, 0% used [0x00000006c9c00000,0x00000006c9c08000,0x00000006d4180000)
 Metaspace       used 20244K, capacity 21254K, committed 21296K, reserved 1069056K
  class space    used 2581K, capacity 2803K, committed 2816K, reserved 1048576K
}
Event: 9.221 GC heap before
{Heap before GC invocations=4 (full 1):
 PSYoungGen      total 74240K, used 7433K [0x000000076df00000, 0x0000000777000000, 0x00000007c0000000)
  eden space 64000K, 0% used [0x000000076df00000,0x000000076df00000,0x0000000771d80000)
  from space 10240K, 72% used [0x0000000771d80000,0x00000007724c2548,0x0000000772780000)
  to   space 10240K, 0% used [0x0000000776600000,0x0000000776600000,0x0000000777000000)
 ParOldGen       total 169472K, used 32K [0x00000006c9c00000, 0x00000006d4180000, 0x000000076df00000)
  object space 169472K, 0% used [0x00000006c9c00000,0x00000006c9c08000,0x00000006d4180000)
 Metaspace       used 20244K, capacity 21254K, committed 21296K, reserved 1069056K
  class space    used 2581K, capacity 2803K, committed 2816K, reserved 1048576K
Event: 9.251 GC heap after
Heap after GC invocations=4 (full 1):
 PSYoungGen      total 74240K, used 0K [0x000000076df00000, 0x0000000777000000, 0x00000007c0000000)
  eden space 64000K, 0% used [0x000000076df00000,0x000000076df00000,0x0000000771d80000)
  from space 10240K, 0% used [0x0000000771d80000,0x0000000771d80000,0x0000000772780000)
  to   space 10240K, 0% used [0x0000000776600000,0x0000000776600000,0x0000000777000000)
 ParOldGen       total 83968K, used 7087K [0x00000006c9c00000, 0x00000006cee00000, 0x000000076df00000)
  object space 83968K, 8% used [0x00000006c9c00000,0x00000006ca2ebd90,0x00000006cee00000)
 Metaspace       used 20244K, capacity 21254K, committed 21296K, reserved 1069056K
  class space    used 2581K, capacity 2803K, committed 2816K, reserved 1048576K
}
Event: 9.577 GC heap before
{Heap before GC invocations=5 (full 1):
 PSYoungGen      total 74240K, used 64000K [0x000000076df00000, 0x0000000777000000, 0x00000007c0000000)
  eden space 64000K, 100% used [0x000000076df00000,0x0000000771d80000,0x0000000771d80000)
  from space 10240K, 0% used [0x0000000771d80000,0x0000000771d80000,0x0000000772780000)
  to   space 10240K, 0% used [0x0000000776600000,0x0000000776600000,0x0000000777000000)
 ParOldGen       total 83968K, used 7087K [0x00000006c9c00000, 0x00000006cee00000, 0x000000076df00000)
  object space 83968K, 8% used [0x00000006c9c00000,0x00000006ca2ebd90,0x00000006cee00000)
 Metaspace       used 25005K, capacity 26616K, committed 26880K, reserved 1073152K
  class space    used 3199K, capacity 3504K, committed 3584K, reserved 1048576K
Event: 9.581 GC heap after
Heap after GC invocations=5 (full 1):
 PSYoungGen      total 121344K, used 6648K [0x000000076df00000, 0x0000000776c80000, 0x00000007c0000000)
  eden space 114688K, 0% used [0x000000076df00000,0x000000076df00000,0x0000000774f00000)
  from space 6656K, 99% used [0x0000000776600000,0x0000000776c7e350,0x0000000776c80000)
  to   space 10240K, 0% used [0x0000000775880000,0x0000000775880000,0x0000000776280000)
 ParOldGen       total 83968K, used 7095K [0x00000006c9c00000, 0x00000006cee00000, 0x000000076df00000)
  object space 83968K, 8% used [0x00000006c9c00000,0x00000006ca2edd90,0x00000006cee00000)
 Metaspace       used 25005K, capacity 26616K, committed 26880K, reserved 1073152K
  class space    used 3199K, capacity 3504K, committed 3584K, reserved 1048576K
}

Deoptimization events (0 events):
No events

Classes redefined (0 events):
No events

Internal exceptions (10 events):
Event: 9.545 Thread 0x00007fcfc8011800 Exception <a 'java/io/FileNotFoundException'> (0x00000007716afd78) thrown at [/home/jmm/jdk/openjdk-8-8u212-b01/src/hotspot/src/share/vm/prims/jni.cpp, line 710]
Event: 9.553 Thread 0x00007fcfc8011800 Implicit null exception at 0x00007fcfb913f900 to 0x00007fcfb913fa6d
Event: 9.553 Thread 0x00007fcfc8011800 Exception <a 'java/lang/NullPointerException'> (0x00000007718b32a8) thrown at [/home/jmm/jdk/openjdk-8-8u212-b01/src/hotspot/src/share/vm/runtime/sharedRuntime.cpp, line 605]
Event: 9.553 Thread 0x00007fcfc8011800 Implicit null exception at 0x00007fcfb913f900 to 0x00007fcfb913fa6d
Event: 9.553 Thread 0x00007fcfc8011800 Exception <a 'java/lang/NullPointerException'> (0x00000007718b78c8) thrown at [/home/jmm/jdk/openjdk-8-8u212-b01/src/hotspot/src/share/vm/runtime/sharedRuntime.cpp, line 605]
Event: 9.555 Thread 0x00007fcfc8011800 Implicit null exception at 0x00007fcfb913f900 to 0x00007fcfb913fa6d
Event: 9.555 Thread 0x00007fcfc8011800 Exception <a 'java/lang/NullPointerException'> (0x00000007718f3da0) thrown at [/home/jmm/jdk/openjdk-8-8u212-b01/src/hotspot/src/share/vm/runtime/sharedRuntime.cpp, line 605]
Event: 9.562 Thread 0x00007fcfc8011800 Implicit null exception at 0x00007fcfb913f900 to 0x00007fcfb913fa6d
Event: 9.562 Thread 0x00007fcfc8011800 Exception <a 'java/lang/NullPointerException'> (0x00000007719f8f98) thrown at [/home/jmm/jdk/openjdk-8-8u212-b01/src/hotspot/src/share/vm/runtime/sharedRuntime.cpp, line 605]
Event: 9.574 Thread 0x00007fcfc8011800 Exception <a 'java/io/FileNotFoundException'> (0x0000000771ccb6f0) thrown at [/home/jmm/jdk/openjdk-8-8u212-b01/src/hotspot/src/share/vm/prims/jni.cpp, line 710]

Events (10 events):
Event: 9.587 loading class sun/reflect/UnsafeObjectFieldAccessorImpl
Event: 9.587 loading class sun/reflect/UnsafeObjectFieldAccessorImpl done
Event: 9.588 loading class org/springframework/beans/factory/SmartFactoryBean
Event: 9.588 loading class org/springframework/beans/factory/SmartFactoryBean done
Event: 9.588 Thread 0x00007fcfc8011800 DEOPT PACKING pc=0x00007fcfb91edf11 sp=0x00007fcfce4aa310
Event: 9.588 Thread 0x00007fcfc8011800 DEOPT UNPACKING pc=0x00007fcfb90474c4 sp=0x00007fcfce4aa080 mode 1
Event: 9.588 Thread 0x00007fcfc8011800 DEOPT PACKING pc=0x00007fcfb91c7d84 sp=0x00007fcfce4aa390
Event: 9.588 Thread 0x00007fcfc8011800 DEOPT UNPACKING pc=0x00007fcfb90474c4 sp=0x00007fcfce4aa1d0 mode 1
Event: 9.588 Thread 0x00007fcfc8011800 DEOPT PACKING pc=0x00007fcfb91c7ccc sp=0x00007fcfce4aa520
Event: 9.588 Thread 0x00007fcfc8011800 DEOPT UNPACKING pc=0x00007fcfb90474c4 sp=0x00007fcfce4aa360 mode 1


Dynamic libraries:
6c9c00000-6cee00000 rw-p 00000000 00:00 0 
6cee00000-76df00000 ---p 00000000 00:00 0 
76df00000-776c80000 rw-p 00000000 00:00 0 
776c80000-7c0000000 ---p 00000000 00:00 0 
7c0000000-7c0380000 rw-p 00000000 00:00 0 
7c0380000-800000000 ---p 00000000 00:00 0 
55fe4d68d000-55fe4d68e000 r-xp 00000000 103:06 1846789                   /usr/lib/jvm/java-8-openjdk-amd64/jre/bin/java
55fe4d88d000-55fe4d88e000 r--p 00000000 103:06 1846789                   /usr/lib/jvm/java-8-openjdk-amd64/jre/bin/java
55fe4d88e000-55fe4d88f000 rw-p 00001000 103:06 1846789                   /usr/lib/jvm/java-8-openjdk-amd64/jre/bin/java
55fe4eaf0000-55fe4eb11000 rw-p 00000000 00:00 0                          [heap]
7fcf28000000-7fcf28021000 rw-p 00000000 00:00 0 
7fcf28021000-7fcf2c000000 ---p 00000000 00:00 0 
7fcf30000000-7fcf30021000 rw-p 00000000 00:00 0 
7fcf30021000-7fcf34000000 ---p 00000000 00:00 0 
7fcf34000000-7fcf34021000 rw-p 00000000 00:00 0 
7fcf34021000-7fcf38000000 ---p 00000000 00:00 0 
7fcf38000000-7fcf3803c000 rw-p 00000000 00:00 0 
7fcf3803c000-7fcf3c000000 ---p 00000000 00:00 0 
7fcf3c000000-7fcf3c034000 rw-p 00000000 00:00 0 
7fcf3c034000-7fcf40000000 ---p 00000000 00:00 0 
7fcf40000000-7fcf40021000 rw-p 00000000 00:00 0 
7fcf40021000-7fcf44000000 ---p 00000000 00:00 0 
7fcf44000000-7fcf4414c000 rw-p 00000000 00:00 0 
7fcf4414c000-7fcf48000000 ---p 00000000 00:00 0 
7fcf48000000-7fcf48021000 rw-p 00000000 00:00 0 
7fcf48021000-7fcf4c000000 ---p 00000000 00:00 0 
7fcf4c000000-7fcf4c021000 rw-p 00000000 00:00 0 
7fcf4c021000-7fcf50000000 ---p 00000000 00:00 0 
7fcf50000000-7fcf50021000 rw-p 00000000 00:00 0 
7fcf50021000-7fcf54000000 ---p 00000000 00:00 0 
7fcf54000000-7fcf542da000 rw-p 00000000 00:00 0 
7fcf542da000-7fcf58000000 ---p 00000000 00:00 0 
7fcf58000000-7fcf58021000 rw-p 00000000 00:00 0 
7fcf58021000-7fcf5c000000 ---p 00000000 00:00 0 
7fcf5c000000-7fcf5c05e000 rw-p 00000000 00:00 0 
7fcf5c05e000-7fcf60000000 ---p 00000000 00:00 0 
7fcf60000000-7fcf60070000 rw-p 00000000 00:00 0 
7fcf60070000-7fcf64000000 ---p 00000000 00:00 0 
7fcf64000000-7fcf64021000 rw-p 00000000 00:00 0 
7fcf64021000-7fcf68000000 ---p 00000000 00:00 0 
7fcf68000000-7fcf68021000 rw-p 00000000 00:00 0 
7fcf68021000-7fcf6c000000 ---p 00000000 00:00 0 
7fcf6c000000-7fcf6c021000 rw-p 00000000 00:00 0 
7fcf6c021000-7fcf70000000 ---p 00000000 00:00 0 
7fcf70000000-7fcf70021000 rw-p 00000000 00:00 0 
7fcf70021000-7fcf74000000 ---p 00000000 00:00 0 
7fcf74000000-7fcf74021000 rw-p 00000000 00:00 0 
7fcf74021000-7fcf78000000 ---p 00000000 00:00 0 
7fcf78000000-7fcf78021000 rw-p 00000000 00:00 0 
7fcf78021000-7fcf7c000000 ---p 00000000 00:00 0 
7fcf7c4e0000-7fcf84000000 rw-p 00000000 00:00 0 
7fcf84000000-7fcf84021000 rw-p 00000000 00:00 0 
7fcf84021000-7fcf88000000 ---p 00000000 00:00 0 
7fcf88000000-7fcf88021000 rw-p 00000000 00:00 0 
7fcf88021000-7fcf8c000000 ---p 00000000 00:00 0 
7fcf8c000000-7fcf8c021000 rw-p 00000000 00:00 0 
7fcf8c021000-7fcf90000000 ---p 00000000 00:00 0 
7fcf94000000-7fcf94021000 rw-p 00000000 00:00 0 
7fcf94021000-7fcf98000000 ---p 00000000 00:00 0 
7fcf9c000000-7fcf9c021000 rw-p 00000000 00:00 0 
7fcf9c021000-7fcfa0000000 ---p 00000000 00:00 0 
7fcfa3aff000-7fcfa3b02000 ---p 00000000 00:00 0 
7fcfa3b02000-7fcfa3cc0000 rw-p 00000000 00:00 0 
7fcfa3cc0000-7fcfa3e00000 ---p 00000000 00:00 0 
7fcfa3e00000-7fcfa4000000 rw-p 00000000 00:00 0 
7fcfa4000000-7fcfa4021000 rw-p 00000000 00:00 0 
7fcfa4021000-7fcfa8000000 ---p 00000000 00:00 0 
7fcfa80fa000-7fcfa82fa000 rw-p 00000000 00:00 0 
7fcfa82fa000-7fcfa82fd000 ---p 00000000 00:00 0 
7fcfa82fd000-7fcfa83fb000 rw-p 00000000 00:00 0 
7fcfa83fb000-7fcfa83fe000 ---p 00000000 00:00 0 
7fcfa83fe000-7fcfa84fc000 rw-p 00000000 00:00 0 
7fcfa84fc000-7fcfa84ff000 ---p 00000000 00:00 0 
7fcfa84ff000-7fcfa87fd000 rw-p 00000000 00:00 0 
7fcfa87fd000-7fcfa8800000 ---p 00000000 00:00 0 
7fcfa8800000-7fcfa8afe000 rw-p 00000000 00:00 0 
7fcfa8afe000-7fcfa8cfe000 rw-p 00000000 00:00 0 
7fcfa8cfe000-7fcfa8d01000 ---p 00000000 00:00 0 
7fcfa8d01000-7fcfa8fff000 rw-p 00000000 00:00 0 
7fcfa8fff000-7fcfac000000 rw-p 00000000 00:00 0 
7fcfac000000-7fcfac021000 rw-p 00000000 00:00 0 
7fcfac021000-7fcfb0000000 ---p 00000000 00:00 0 
7fcfb0010000-7fcfb0210000 rw-p 00000000 00:00 0 
7fcfb0210000-7fcfb0217000 r--s 00000000 103:06 2491823                   /usr/lib/x86_64-linux-gnu/gconv/gconv-modules.cache
7fcfb0217000-7fcfb0238000 r--p 00000000 103:06 794786                    /usr/share/locale/zh_CN/LC_MESSAGES/libc.mo
7fcfb0238000-7fcfb0239000 ---p 00000000 00:00 0 
7fcfb0239000-7fcfb0339000 rw-p 00000000 00:00 0 
7fcfb0339000-7fcfb033c000 ---p 00000000 00:00 0 
7fcfb033c000-7fcfb043a000 rw-p 00000000 00:00 0 
7fcfb043a000-7fcfb043e000 r--s 000a1000 103:06 1846872                   /usr/lib/jvm/java-8-openjdk-amd64/jre/lib/jsse.jar
7fcfb043e000-7fcfb044f000 r-xp 00000000 103:06 1846828                   /usr/lib/jvm/java-8-openjdk-amd64/jre/lib/amd64/libnio.so
7fcfb044f000-7fcfb064e000 ---p 00011000 103:06 1846828                   /usr/lib/jvm/java-8-openjdk-amd64/jre/lib/amd64/libnio.so
7fcfb064e000-7fcfb064f000 r--p 00010000 103:06 1846828                   /usr/lib/jvm/java-8-openjdk-amd64/jre/lib/amd64/libnio.so
7fcfb064f000-7fcfb0650000 rw-p 00011000 103:06 1846828                   /usr/lib/jvm/java-8-openjdk-amd64/jre/lib/amd64/libnio.so
7fcfb0650000-7fcfb0659000 r-xp 00000000 103:06 1846825                   /usr/lib/jvm/java-8-openjdk-amd64/jre/lib/amd64/libmanagement.so
7fcfb0659000-7fcfb0858000 ---p 00009000 103:06 1846825                   /usr/lib/jvm/java-8-openjdk-amd64/jre/lib/amd64/libmanagement.so
7fcfb0858000-7fcfb0859000 r--p 00008000 103:06 1846825                   /usr/lib/jvm/java-8-openjdk-amd64/jre/lib/amd64/libmanagement.so
7fcfb0859000-7fcfb085a000 rw-p 00009000 103:06 1846825                   /usr/lib/jvm/java-8-openjdk-amd64/jre/lib/amd64/libmanagement.so
7fcfb085a000-7fcfb0871000 r-xp 00000000 103:06 1846827                   /usr/lib/jvm/java-8-openjdk-amd64/jre/lib/amd64/libnet.so
7fcfb0871000-7fcfb0a70000 ---p 00017000 103:06 1846827                   /usr/lib/jvm/java-8-openjdk-amd64/jre/lib/amd64/libnet.so
7fcfb0a70000-7fcfb0a71000 r--p 00016000 103:06 1846827                   /usr/lib/jvm/java-8-openjdk-amd64/jre/lib/amd64/libnet.so
7fcfb0a71000-7fcfb0a72000 rw-p 00017000 103:06 1846827                   /usr/lib/jvm/java-8-openjdk-amd64/jre/lib/amd64/libnet.so
7fcfb0a72000-7fcfb0a75000 ---p 00000000 00:00 0 
7fcfb0a75000-7fcfb0b73000 rw-p 00000000 00:00 0 
7fcfb0b73000-7fcfb0b74000 ---p 00000000 00:00 0 
7fcfb0b74000-7fcfb0b77000 ---p 00000000 00:00 0 
7fcfb0b77000-7fcfb0c74000 rw-p 00000000 00:00 0 
7fcfb0c74000-7fcfb0c75000 ---p 00000000 00:00 0 
7fcfb0c75000-7fcfb0c78000 ---p 00000000 00:00 0 
7fcfb0c78000-7fcfb0d75000 rw-p 00000000 00:00 0 
7fcfb0d75000-7fcfb0d76000 ---p 00000000 00:00 0 
7fcfb0d76000-7fcfb0d79000 ---p 00000000 00:00 0 
7fcfb0d79000-7fcfb0e76000 rw-p 00000000 00:00 0 
7fcfb0e76000-7fcfb0e77000 ---p 00000000 00:00 0 
7fcfb0e77000-7fcfb0e7a000 ---p 00000000 00:00 0 
7fcfb0e7a000-7fcfb0f77000 rw-p 00000000 00:00 0 
7fcfb0f77000-7fcfb0f78000 r--s 00002000 103:07 3940720                   /home/jleo/app/idea-IU-202.7660.26/plugins/java/lib/rt/debugger-agent-storage.jar
7fcfb0f79000-7fcfb0f81000 r--s 00066000 103:07 3940721                   /home/jleo/app/idea-IU-202.7660.26/plugins/java/lib/rt/debugger-agent.jar
7fcfb0f81000-7fcfb0f83000 r--s 00002000 103:07 1446725                   /home/jleo/data/IDEAProject/java/aim/out/artifacts/agent_jar/agent.jar
7fcfb0f83000-7fcfb0f85000 r--s 0001d000 103:07 3809066                   /home/jleo/app/idea-IU-202.7660.26/lib/idea_rt.jar
7fcfb0f85000-7fcfb0f87000 r--s 00009000 103:07 4597784                   /home/jleo/appData/maven/repository/org/slf4j/slf4j-api/1.7.30/slf4j-api-1.7.30.jar
7fcfb0f87000-7fcfb0f8c000 r--s 00038000 103:07 4733931                   /home/jleo/appData/maven/repository/org/ow2/asm/asm-all/5.1/asm-all-5.1.jar
7fcfb0f8c000-7fcfb0f91000 r--s 00040000 103:07 1446357                   /home/jleo/appData/maven/repository/org/springframework/spring-expression/5.3.3/spring-expression-5.3.3.jar
7fcfb0f91000-7fcfb0f9a000 r--s 00053000 103:07 1446361                   /home/jleo/appData/maven/repository/org/springframework/spring-aop/5.3.3/spring-aop-5.3.3.jar
7fcfb0f9a000-7fcfb0fad000 r--s 000e1000 103:07 5127466                   /home/jleo/appData/maven/repository/org/springframework/spring-webmvc/5.3.3/spring-webmvc-5.3.3.jar
7fcfb0fad000-7fcfb0fb9000 r--s 0009e000 103:07 1446366                   /home/jleo/appData/maven/repository/org/springframework/spring-beans/5.3.3/spring-beans-5.3.3.jar
7fcfb0fb9000-7fcfb0fd8000 r--s 00160000 103:07 4733953                   /home/jleo/appData/maven/repository/org/springframework/spring-web/5.3.3/spring-web-5.3.3.jar
7fcfb0fd8000-7fcfb0fde000 r--s 0003d000 103:07 4998425                   /home/jleo/appData/maven/repository/org/apache/tomcat/embed/tomcat-embed-websocket/9.0.41/tomcat-embed-websocket-9.0.41.jar
7fcfb0fde000-7fcfb0fe3000 r--s 00036000 103:07 4597752                   /home/jleo/appData/maven/repository/org/glassfish/jakarta.el/3.0.3/jakarta.el-3.0.3.jar
7fcfb0fe3000-7fcfb100e000 r--s 00316000 103:07 4998422                   /home/jleo/appData/maven/repository/org/apache/tomcat/embed/tomcat-embed-core/9.0.41/tomcat-embed-core-9.0.41.jar
7fcfb100e000-7fcfb100f000 r--s 00001000 103:07 4998420                   /home/jleo/appData/maven/repository/org/springframework/boot/spring-boot-starter-tomcat/2.4.2/spring-boot-starter-tomcat-2.4.2.jar
7fcfb100f000-7fcfb1011000 r--s 00001000 103:07 1446460                   /home/jleo/appData/maven/repository/com/fasterxml/jackson/module/jackson-module-parameter-names/2.11.4/jackson-module-parameter-names-2.11.4.jar
7fcfb1011000-7fcfb1015000 r--s 00018000 103:07 4866477                   /home/jleo/appData/maven/repository/com/fasterxml/jackson/datatype/jackson-datatype-jsr310/2.11.4/jackson-datatype-jsr310-2.11.4.jar
7fcfb1015000-7fcfb102b000 r--s 00146000 103:07 1446454                   /home/jleo/appData/maven/repository/com/fasterxml/jackson/core/jackson-databind/2.11.4/jackson-databind-2.11.4.jar
7fcfb102b000-7fcfb102e000 ---p 00000000 00:00 0 
7fcfb102e000-7fcfb112c000 rw-p 00000000 00:00 0 
7fcfb112c000-7fcfb112f000 ---p 00000000 00:00 0 
7fcfb112f000-7fcfb122d000 rw-p 00000000 00:00 0 
7fcfb122d000-7fcfb1230000 ---p 00000000 00:00 0 
7fcfb1230000-7fcfb132e000 rw-p 00000000 00:00 0 
7fcfb132e000-7fcfb1332000 r-xp 00000000 103:06 1846808                   /usr/lib/jvm/java-8-openjdk-amd64/jre/lib/amd64/libdt_socket.so
7fcfb1332000-7fcfb1531000 ---p 00004000 103:06 1846808                   /usr/lib/jvm/java-8-openjdk-amd64/jre/lib/amd64/libdt_socket.so
7fcfb1531000-7fcfb1532000 r--p 00003000 103:06 1846808                   /usr/lib/jvm/java-8-openjdk-amd64/jre/lib/amd64/libdt_socket.so
7fcfb1532000-7fcfb1533000 rw-p 00004000 103:06 1846808                   /usr/lib/jvm/java-8-openjdk-amd64/jre/lib/amd64/libdt_socket.so
7fcfb1533000-7fcfb1536000 ---p 00000000 00:00 0 
7fcfb1536000-7fcfb1634000 rw-p 00000000 00:00 0 
7fcfb1634000-7fcfb1637000 ---p 00000000 00:00 0 
7fcfb1637000-7fcfb1735000 rw-p 00000000 00:00 0 
7fcfb1735000-7fcfb1738000 ---p 00000000 00:00 0 
7fcfb1738000-7fcfb1836000 rw-p 00000000 00:00 0 
7fcfb1836000-7fcfb1837000 ---p 00000000 00:00 0 
7fcfb1837000-7fcfb4000000 rw-p 00000000 00:00 0 
7fcfb4000000-7fcfb4021000 rw-p 00000000 00:00 0 
7fcfb4021000-7fcfb8000000 ---p 00000000 00:00 0 
7fcfb8000000-7fcfb8002000 r--s 00007000 103:07 4733951                   /home/jleo/appData/maven/repository/com/fasterxml/jackson/datatype/jackson-datatype-jdk8/2.11.4/jackson-datatype-jdk8-2.11.4.jar
7fcfb8002000-7fcfb8006000 r--s 00052000 103:07 1446458                   /home/jleo/appData/maven/repository/com/fasterxml/jackson/core/jackson-core/2.11.4/jackson-core-2.11.4.jar
7fcfb8006000-7fcfb8009000 r--s 0000f000 103:07 1446456                   /home/jleo/appData/maven/repository/com/fasterxml/jackson/core/jackson-annotations/2.11.4/jackson-annotations-2.11.4.jar
7fcfb8009000-7fcfb800a000 r--s 00001000 103:07 4601204                   /home/jleo/appData/maven/repository/org/springframework/boot/spring-boot-starter-json/2.4.2/spring-boot-starter-json-2.4.2.jar
7fcfb800a000-7fcfb800b000 r--s 00001000 103:07 4601203                   /home/jleo/appData/maven/repository/org/springframework/boot/spring-boot-starter-web/2.4.2/spring-boot-starter-web-2.4.2.jar
7fcfb800b000-7fcfb8012000 r--s 00045000 103:07 1446379                   /home/jleo/appData/maven/repository/org/yaml/snakeyaml/1.27/snakeyaml-1.27.jar
7fcfb8012000-7fcfb802e000 r--s 0014b000 103:07 1446410                   /home/jleo/appData/maven/repository/org/springframework/spring-core/5.3.3/spring-core-5.3.3.jar
7fcfb802e000-7fcfb8030000 r--s 00005000 103:07 4597729                   /home/jleo/appData/maven/repository/jakarta/annotation/jakarta.annotation-api/1.3.5/jakarta.annotation-api-1.3.5.jar
7fcfb8030000-7fcfb8032000 r--s 00000000 103:07 4597726                   /home/jleo/appData/maven/repository/org/slf4j/jul-to-slf4j/1.7.30/jul-to-slf4j-1.7.30.jar
7fcfb8032000-7fcfb8038000 r--s 00042000 103:07 4597724                   /home/jleo/appData/maven/repository/org/apache/logging/log4j/log4j-api/2.13.3/log4j-api-2.13.3.jar
7fcfb8038000-7fcfb8043000 r--s 00069000 103:07 4597721                   /home/jleo/appData/maven/repository/ch/qos/logback/logback-core/1.2.3/logback-core-1.2.3.jar
7fcfb8043000-7fcfb806e000 r--s 0014d000 103:07 1446373                   /home/jleo/appData/maven/repository/org/springframework/boot/spring-boot-autoconfigure/2.4.2/spring-boot-autoconfigure-2.4.2.jar
7fcfb806e000-7fcfb808a000 r--s 00114000 103:07 1446358                   /home/jleo/appData/maven/repository/org/springframework/spring-context/5.3.3/spring-context-5.3.3.jar
7fcfb808a000-7fcfb80a6000 r--s 00124000 103:07 1446385                   /home/jleo/appData/maven/repository/org/springframework/boot/spring-boot/2.4.2/spring-boot-2.4.2.jar
7fcfb80a6000-7fcfb80b9000 r--s 00346000 103:06 1846877                   /usr/lib/jvm/java-8-openjdk-amd64/jre/lib/resources.jar
7fcfb80b9000-7fcfb850b000 rw-p 00000000 00:00 0 
7fcfb850b000-7fcfb86da000 r--s 03c3b000 103:06 1846878                   /usr/lib/jvm/java-8-openjdk-amd64/jre/lib/rt.jar
7fcfb86da000-7fcfb87f8000 rw-p 00000000 00:00 0 
7fcfb87f8000-7fcfb87f9000 ---p 00000000 00:00 0 
7fcfb87f9000-7fcfb88f9000 rw-p 00000000 00:00 0 
7fcfb88f9000-7fcfb88fa000 ---p 00000000 00:00 0 
7fcfb88fa000-7fcfb89fa000 rw-p 00000000 00:00 0 
7fcfb89fa000-7fcfb89fb000 ---p 00000000 00:00 0 
7fcfb89fb000-7fcfb8afb000 rw-p 00000000 00:00 0 
7fcfb8afb000-7fcfb8afc000 ---p 00000000 00:00 0 
7fcfb8afc000-7fcfb8bfc000 rw-p 00000000 00:00 0 
7fcfb8bfc000-7fcfb8bfd000 ---p 00000000 00:00 0 
7fcfb8bfd000-7fcfb8cfd000 rw-p 00000000 00:00 0 
7fcfb8cfd000-7fcfb8cfe000 ---p 00000000 00:00 0 
7fcfb8cfe000-7fcfb8dfe000 rw-p 00000000 00:00 0 
7fcfb8dfe000-7fcfb8dff000 ---p 00000000 00:00 0 
7fcfb8dff000-7fcfb8eff000 rw-p 00000000 00:00 0 
7fcfb8eff000-7fcfb8f00000 ---p 00000000 00:00 0 
7fcfb8f00000-7fcfb9000000 rw-p 00000000 00:00 0 
7fcfb9000000-7fcfb94d0000 rwxp 00000000 00:00 0 
7fcfb94d0000-7fcfc8000000 ---p 00000000 00:00 0 
7fcfc8000000-7fcfc8beb000 rw-p 00000000 00:00 0 
7fcfc8beb000-7fcfcc000000 ---p 00000000 00:00 0 
7fcfcc000000-7fcfcc001000 r--s 00005000 103:07 1446376                   /home/jleo/appData/maven/repository/org/springframework/spring-jcl/5.3.3/spring-jcl-5.3.3.jar
7fcfcc001000-7fcfcc003000 r--s 00003000 103:07 4597722                   /home/jleo/appData/maven/repository/org/apache/logging/log4j/log4j-to-slf4j/2.13.3/log4j-to-slf4j-2.13.3.jar
7fcfcc003000-7fcfcc009000 r--s 00041000 103:07 4597718                   /home/jleo/appData/maven/repository/ch/qos/logback/logback-classic/1.2.3/logback-classic-1.2.3.jar
7fcfcc009000-7fcfcc00a000 r--s 00001000 103:07 1446372                   /home/jleo/appData/maven/repository/org/springframework/boot/spring-boot-starter-logging/2.4.2/spring-boot-starter-logging-2.4.2.jar
7fcfcc00a000-7fcfcc00b000 r--s 00001000 103:07 1446360                   /home/jleo/appData/maven/repository/org/springframework/boot/spring-boot-starter/2.4.2/spring-boot-starter-2.4.2.jar
7fcfcc00b000-7fcfcc00c000 r--s 00000000 103:06 1846875                   /usr/lib/jvm/java-8-openjdk-amd64/jre/lib/management-agent.jar
7fcfcc00c000-7fcfcc010000 r--s 000a1000 103:06 1846872                   /usr/lib/jvm/java-8-openjdk-amd64/jre/lib/jsse.jar
7fcfcc010000-7fcfcc02b000 r--s 00394000 103:06 1846849                   /usr/lib/jvm/java-8-openjdk-amd64/jre/lib/ext/cldrdata.jar
7fcfcc02b000-7fcfcc046000 r--s 001d6000 103:06 1846854                   /usr/lib/jvm/java-8-openjdk-amd64/jre/lib/ext/nashorn.jar
7fcfcc046000-7fcfcc06f000 rw-p 00000000 00:00 0 
7fcfcc06f000-7fcfcc568000 ---p 00000000 00:00 0 
7fcfcc568000-7fcfcc591000 rw-p 00000000 00:00 0 
7fcfcc591000-7fcfcca89000 ---p 00000000 00:00 0 
7fcfcca89000-7fcfccad1000 rw-p 00000000 00:00 0 
7fcfccad1000-7fcfccd1a000 ---p 00000000 00:00 0 
7fcfccd1a000-7fcfccd2f000 rw-p 00000000 00:00 0 
7fcfccd2f000-7fcfcd0db000 ---p 00000000 00:00 0 
7fcfcd0db000-7fcfcd0e3000 r-xp 00000000 103:06 1846835                   /usr/lib/jvm/java-8-openjdk-amd64/jre/lib/amd64/libzip.so
7fcfcd0e3000-7fcfcd2e2000 ---p 00008000 103:06 1846835                   /usr/lib/jvm/java-8-openjdk-amd64/jre/lib/amd64/libzip.so
7fcfcd2e2000-7fcfcd2e3000 r--p 00007000 103:06 1846835                   /usr/lib/jvm/java-8-openjdk-amd64/jre/lib/amd64/libzip.so
7fcfcd2e3000-7fcfcd2e4000 rw-p 00008000 103:06 1846835                   /usr/lib/jvm/java-8-openjdk-amd64/jre/lib/amd64/libzip.so
7fcfcd2e4000-7fcfcd2e7000 r--p 00000000 103:06 2494112                   /usr/lib/x86_64-linux-gnu/libnss_files-2.28.so
7fcfcd2e7000-7fcfcd2ee000 r-xp 00003000 103:06 2494112                   /usr/lib/x86_64-linux-gnu/libnss_files-2.28.so
7fcfcd2ee000-7fcfcd2f0000 r--p 0000a000 103:06 2494112                   /usr/lib/x86_64-linux-gnu/libnss_files-2.28.so
7fcfcd2f0000-7fcfcd2f1000 ---p 0000c000 103:06 2494112                   /usr/lib/x86_64-linux-gnu/libnss_files-2.28.so
7fcfcd2f1000-7fcfcd2f2000 r--p 0000c000 103:06 2494112                   /usr/lib/x86_64-linux-gnu/libnss_files-2.28.so
7fcfcd2f2000-7fcfcd2f3000 rw-p 0000d000 103:06 2494112                   /usr/lib/x86_64-linux-gnu/libnss_files-2.28.so
7fcfcd2f3000-7fcfcd2f9000 rw-p 00000000 00:00 0 
7fcfcd2f9000-7fcfcd2fd000 r--p 00000000 103:06 2494100                   /usr/lib/x86_64-linux-gnu/libnsl-2.28.so
7fcfcd2fd000-7fcfcd309000 r-xp 00004000 103:06 2494100                   /usr/lib/x86_64-linux-gnu/libnsl-2.28.so
7fcfcd309000-7fcfcd30e000 r--p 00010000 103:06 2494100                   /usr/lib/x86_64-linux-gnu/libnsl-2.28.so
7fcfcd30e000-7fcfcd30f000 r--p 00014000 103:06 2494100                   /usr/lib/x86_64-linux-gnu/libnsl-2.28.so
7fcfcd30f000-7fcfcd310000 rw-p 00015000 103:06 2494100                   /usr/lib/x86_64-linux-gnu/libnsl-2.28.so
7fcfcd310000-7fcfcd312000 rw-p 00000000 00:00 0 
7fcfcd312000-7fcfcd314000 r--s 00016000 103:06 1846870                   /usr/lib/jvm/java-8-openjdk-amd64/jre/lib/jce.jar
7fcfcd314000-7fcfcd319000 r--s 002f9000 103:06 1846839                   /usr/lib/jvm/java-8-openjdk-amd64/jre/lib/charsets.jar
7fcfcd319000-7fcfcd31b000 r--s 00001000 103:06 1846850                   /usr/lib/jvm/java-8-openjdk-amd64/jre/lib/ext/dnsns.jar
7fcfcd31b000-7fcfcd31e000 r--s 00039000 103:06 1846857                   /usr/lib/jvm/java-8-openjdk-amd64/jre/lib/ext/sunpkcs11.jar
7fcfcd31e000-7fcfcd328000 r--s 00116000 103:06 1846853                   /usr/lib/jvm/java-8-openjdk-amd64/jre/lib/ext/localedata.jar
7fcfcd328000-7fcfcd329000 r--s 0000a000 103:06 1846852                   /usr/lib/jvm/java-8-openjdk-amd64/jre/lib/ext/jaccess.jar
7fcfcd329000-7fcfcd32b000 r--s 00008000 103:06 1846855                   /usr/lib/jvm/java-8-openjdk-amd64/jre/lib/ext/sunec.jar
7fcfcd32b000-7fcfcd330000 r--s 0003c000 103:06 1846856                   /usr/lib/jvm/java-8-openjdk-amd64/jre/lib/ext/sunjce_provider.jar
7fcfcd330000-7fcfcd333000 r--s 0000f000 103:06 1846851                   /usr/lib/jvm/java-8-openjdk-amd64/jre/lib/ext/icedtea-sound.jar
7fcfcd333000-7fcfcd335000 r--s 00007000 103:06 672722                    /usr/share/java/java-atk-wrapper.jar
7fcfcd335000-7fcfcd33f000 r-xp 00000000 103:06 1846811                   /usr/lib/jvm/java-8-openjdk-amd64/jre/lib/amd64/libinstrument.so
7fcfcd33f000-7fcfcd53e000 ---p 0000a000 103:06 1846811                   /usr/lib/jvm/java-8-openjdk-amd64/jre/lib/amd64/libinstrument.so
7fcfcd53e000-7fcfcd53f000 r--p 00009000 103:06 1846811                   /usr/lib/jvm/java-8-openjdk-amd64/jre/lib/amd64/libinstrument.so
7fcfcd53f000-7fcfcd540000 rw-p 0000a000 103:06 1846811                   /usr/lib/jvm/java-8-openjdk-amd64/jre/lib/amd64/libinstrument.so
7fcfcd540000-7fcfcdb24000 r--p 00000000 103:06 1971852                   /usr/lib/locale/locale-archive
7fcfcdb24000-7fcfcdb26000 r-xp 00000000 103:06 1846829                   /usr/lib/jvm/java-8-openjdk-amd64/jre/lib/amd64/libnpt.so
7fcfcdb26000-7fcfcdd26000 ---p 00002000 103:06 1846829                   /usr/lib/jvm/java-8-openjdk-amd64/jre/lib/amd64/libnpt.so
7fcfcdd26000-7fcfcdd27000 r--p 00002000 103:06 1846829                   /usr/lib/jvm/java-8-openjdk-amd64/jre/lib/amd64/libnpt.so
7fcfcdd27000-7fcfcdd28000 rw-p 00003000 103:06 1846829                   /usr/lib/jvm/java-8-openjdk-amd64/jre/lib/amd64/libnpt.so
7fcfcdd28000-7fcfcdd62000 r-xp 00000000 103:06 1846821                   /usr/lib/jvm/java-8-openjdk-amd64/jre/lib/amd64/libjdwp.so
7fcfcdd62000-7fcfcdf61000 ---p 0003a000 103:06 1846821                   /usr/lib/jvm/java-8-openjdk-amd64/jre/lib/amd64/libjdwp.so
7fcfcdf61000-7fcfcdf62000 r--p 00039000 103:06 1846821                   /usr/lib/jvm/java-8-openjdk-amd64/jre/lib/amd64/libjdwp.so
7fcfcdf62000-7fcfcdf63000 rw-p 0003a000 103:06 1846821                   /usr/lib/jvm/java-8-openjdk-amd64/jre/lib/amd64/libjdwp.so
7fcfcdf63000-7fcfcdf8f000 r-xp 00000000 103:06 1846816                   /usr/lib/jvm/java-8-openjdk-amd64/jre/lib/amd64/libjava.so
7fcfcdf8f000-7fcfce18e000 ---p 0002c000 103:06 1846816                   /usr/lib/jvm/java-8-openjdk-amd64/jre/lib/amd64/libjava.so
7fcfce18e000-7fcfce18f000 r--p 0002b000 103:06 1846816                   /usr/lib/jvm/java-8-openjdk-amd64/jre/lib/amd64/libjava.so
7fcfce18f000-7fcfce191000 rw-p 0002c000 103:06 1846816                   /usr/lib/jvm/java-8-openjdk-amd64/jre/lib/amd64/libjava.so
7fcfce191000-7fcfce1a0000 r-xp 00000000 103:06 1846834                   /usr/lib/jvm/java-8-openjdk-amd64/jre/lib/amd64/libverify.so
7fcfce1a0000-7fcfce39f000 ---p 0000f000 103:06 1846834                   /usr/lib/jvm/java-8-openjdk-amd64/jre/lib/amd64/libverify.so
7fcfce39f000-7fcfce3a1000 r--p 0000e000 103:06 1846834                   /usr/lib/jvm/java-8-openjdk-amd64/jre/lib/amd64/libverify.so
7fcfce3a1000-7fcfce3a2000 rw-p 00010000 103:06 1846834                   /usr/lib/jvm/java-8-openjdk-amd64/jre/lib/amd64/libverify.so
7fcfce3a2000-7fcfce3a4000 r--p 00000000 103:06 2494406                   /usr/lib/x86_64-linux-gnu/librt-2.28.so
7fcfce3a4000-7fcfce3a8000 r-xp 00002000 103:06 2494406                   /usr/lib/x86_64-linux-gnu/librt-2.28.so
7fcfce3a8000-7fcfce3aa000 r--p 00006000 103:06 2494406                   /usr/lib/x86_64-linux-gnu/librt-2.28.so
7fcfce3aa000-7fcfce3ab000 r--p 00007000 103:06 2494406                   /usr/lib/x86_64-linux-gnu/librt-2.28.so
7fcfce3ab000-7fcfce3ac000 rw-p 00008000 103:06 2494406                   /usr/lib/x86_64-linux-gnu/librt-2.28.so
7fcfce3ac000-7fcfce3ad000 ---p 00000000 00:00 0 
7fcfce3ad000-7fcfce3b0000 ---p 00000000 00:00 0 
7fcfce3b0000-7fcfce4ad000 rw-p 00000000 00:00 0 
7fcfce4ad000-7fcfce4b0000 r--p 00000000 103:06 2493373                   /usr/lib/x86_64-linux-gnu/libgcc_s.so.1
7fcfce4b0000-7fcfce4c1000 r-xp 00003000 103:06 2493373                   /usr/lib/x86_64-linux-gnu/libgcc_s.so.1
7fcfce4c1000-7fcfce4c4000 r--p 00014000 103:06 2493373                   /usr/lib/x86_64-linux-gnu/libgcc_s.so.1
7fcfce4c4000-7fcfce4c5000 ---p 00017000 103:06 2493373                   /usr/lib/x86_64-linux-gnu/libgcc_s.so.1
7fcfce4c5000-7fcfce4c6000 r--p 00017000 103:06 2493373                   /usr/lib/x86_64-linux-gnu/libgcc_s.so.1
7fcfce4c6000-7fcfce4c7000 rw-p 00018000 103:06 2493373                   /usr/lib/x86_64-linux-gnu/libgcc_s.so.1
7fcfce4c7000-7fcfce4d4000 r--p 00000000 103:06 2493929                   /usr/lib/x86_64-linux-gnu/libm-2.28.so
7fcfce4d4000-7fcfce573000 r-xp 0000d000 103:06 2493929                   /usr/lib/x86_64-linux-gnu/libm-2.28.so
7fcfce573000-7fcfce648000 r--p 000ac000 103:06 2493929                   /usr/lib/x86_64-linux-gnu/libm-2.28.so
7fcfce648000-7fcfce649000 r--p 00180000 103:06 2493929                   /usr/lib/x86_64-linux-gnu/libm-2.28.so
7fcfce649000-7fcfce64a000 rw-p 00181000 103:06 2493929                   /usr/lib/x86_64-linux-gnu/libm-2.28.so
7fcfce64a000-7fcfce6d3000 r--p 00000000 103:06 2494516                   /usr/lib/x86_64-linux-gnu/libstdc++.so.6.0.25
7fcfce6d3000-7fcfce77f000 r-xp 00089000 103:06 2494516                   /usr/lib/x86_64-linux-gnu/libstdc++.so.6.0.25
7fcfce77f000-7fcfce7bd000 r--p 00135000 103:06 2494516                   /usr/lib/x86_64-linux-gnu/libstdc++.so.6.0.25
7fcfce7bd000-7fcfce7be000 ---p 00173000 103:06 2494516                   /usr/lib/x86_64-linux-gnu/libstdc++.so.6.0.25
7fcfce7be000-7fcfce7c8000 r--p 00173000 103:06 2494516                   /usr/lib/x86_64-linux-gnu/libstdc++.so.6.0.25
7fcfce7c8000-7fcfce7ca000 rw-p 0017d000 103:06 2494516                   /usr/lib/x86_64-linux-gnu/libstdc++.so.6.0.25
7fcfce7ca000-7fcfce7ce000 rw-p 00000000 00:00 0 
7fcfce7ce000-7fcfcf434000 r-xp 00000000 103:06 1846838                   /usr/lib/jvm/java-8-openjdk-amd64/jre/lib/amd64/server/libjvm.so
7fcfcf434000-7fcfcf633000 ---p 00c66000 103:06 1846838                   /usr/lib/jvm/java-8-openjdk-amd64/jre/lib/amd64/server/libjvm.so
7fcfcf633000-7fcfcf6c7000 r--p 00c65000 103:06 1846838                   /usr/lib/jvm/java-8-openjdk-amd64/jre/lib/amd64/server/libjvm.so
7fcfcf6c7000-7fcfcf6f0000 rw-p 00cf9000 103:06 1846838                   /usr/lib/jvm/java-8-openjdk-amd64/jre/lib/amd64/server/libjvm.so
7fcfcf6f0000-7fcfcf722000 rw-p 00000000 00:00 0 
7fcfcf722000-7fcfcf744000 r--p 00000000 103:06 2492971                   /usr/lib/x86_64-linux-gnu/libc-2.28.so
7fcfcf744000-7fcfcf88c000 r-xp 00022000 103:06 2492971                   /usr/lib/x86_64-linux-gnu/libc-2.28.so
7fcfcf88c000-7fcfcf8d8000 r--p 0016a000 103:06 2492971                   /usr/lib/x86_64-linux-gnu/libc-2.28.so
7fcfcf8d8000-7fcfcf8d9000 ---p 001b6000 103:06 2492971                   /usr/lib/x86_64-linux-gnu/libc-2.28.so
7fcfcf8d9000-7fcfcf8dd000 r--p 001b6000 103:06 2492971                   /usr/lib/x86_64-linux-gnu/libc-2.28.so
7fcfcf8dd000-7fcfcf8df000 rw-p 001ba000 103:06 2492971                   /usr/lib/x86_64-linux-gnu/libc-2.28.so
7fcfcf8df000-7fcfcf8e3000 rw-p 00000000 00:00 0 
7fcfcf8e3000-7fcfcf8e4000 r--p 00000000 103:06 2493149                   /usr/lib/x86_64-linux-gnu/libdl-2.28.so
7fcfcf8e4000-7fcfcf8e5000 r-xp 00001000 103:06 2493149                   /usr/lib/x86_64-linux-gnu/libdl-2.28.so
7fcfcf8e5000-7fcfcf8e6000 r--p 00002000 103:06 2493149                   /usr/lib/x86_64-linux-gnu/libdl-2.28.so
7fcfcf8e6000-7fcfcf8e7000 r--p 00002000 103:06 2493149                   /usr/lib/x86_64-linux-gnu/libdl-2.28.so
7fcfcf8e7000-7fcfcf8e8000 rw-p 00003000 103:06 2493149                   /usr/lib/x86_64-linux-gnu/libdl-2.28.so
7fcfcf8e8000-7fcfcf8f5000 r-xp 00000000 103:06 1846802                   /usr/lib/jvm/java-8-openjdk-amd64/jre/lib/amd64/jli/libjli.so
7fcfcf8f5000-7fcfcfaf4000 ---p 0000d000 103:06 1846802                   /usr/lib/jvm/java-8-openjdk-amd64/jre/lib/amd64/jli/libjli.so
7fcfcfaf4000-7fcfcfaf5000 r--p 0000c000 103:06 1846802                   /usr/lib/jvm/java-8-openjdk-amd64/jre/lib/amd64/jli/libjli.so
7fcfcfaf5000-7fcfcfaf6000 rw-p 0000d000 103:06 1846802                   /usr/lib/jvm/java-8-openjdk-amd64/jre/lib/amd64/jli/libjli.so
7fcfcfaf6000-7fcfcfaf9000 r--p 00000000 103:06 2494865                   /usr/lib/x86_64-linux-gnu/libz.so.1.2.11
7fcfcfaf9000-7fcfcfb0a000 r-xp 00003000 103:06 2494865                   /usr/lib/x86_64-linux-gnu/libz.so.1.2.11
7fcfcfb0a000-7fcfcfb10000 r--p 00014000 103:06 2494865                   /usr/lib/x86_64-linux-gnu/libz.so.1.2.11
7fcfcfb10000-7fcfcfb11000 ---p 0001a000 103:06 2494865                   /usr/lib/x86_64-linux-gnu/libz.so.1.2.11
7fcfcfb11000-7fcfcfb12000 r--p 0001a000 103:06 2494865                   /usr/lib/x86_64-linux-gnu/libz.so.1.2.11
7fcfcfb12000-7fcfcfb13000 rw-p 0001b000 103:06 2494865                   /usr/lib/x86_64-linux-gnu/libz.so.1.2.11
7fcfcfb13000-7fcfcfb19000 r--p 00000000 103:06 2494327                   /usr/lib/x86_64-linux-gnu/libpthread-2.28.so
7fcfcfb19000-7fcfcfb28000 r-xp 00006000 103:06 2494327                   /usr/lib/x86_64-linux-gnu/libpthread-2.28.so
7fcfcfb28000-7fcfcfb2e000 r--p 00015000 103:06 2494327                   /usr/lib/x86_64-linux-gnu/libpthread-2.28.so
7fcfcfb2e000-7fcfcfb2f000 r--p 0001a000 103:06 2494327                   /usr/lib/x86_64-linux-gnu/libpthread-2.28.so
7fcfcfb2f000-7fcfcfb30000 rw-p 0001b000 103:06 2494327                   /usr/lib/x86_64-linux-gnu/libpthread-2.28.so
7fcfcfb30000-7fcfcfb34000 rw-p 00000000 00:00 0 
7fcfcfb34000-7fcfcfb35000 r--s 00010000 103:06 1846858                   /usr/lib/jvm/java-8-openjdk-amd64/jre/lib/ext/zipfs.jar
7fcfcfb35000-7fcfcfb3d000 rw-s 00000000 103:06 1704022                   /tmp/hsperfdata_jleo/2541
7fcfcfb3d000-7fcfcfb3f000 r--p 00000000 103:06 2494118                   /usr/lib/x86_64-linux-gnu/libnss_nis-2.28.so
7fcfcfb3f000-7fcfcfb46000 r-xp 00002000 103:06 2494118                   /usr/lib/x86_64-linux-gnu/libnss_nis-2.28.so
7fcfcfb46000-7fcfcfb48000 r--p 00009000 103:06 2494118                   /usr/lib/x86_64-linux-gnu/libnss_nis-2.28.so
7fcfcfb48000-7fcfcfb49000 r--p 0000a000 103:06 2494118                   /usr/lib/x86_64-linux-gnu/libnss_nis-2.28.so
7fcfcfb49000-7fcfcfb4a000 rw-p 0000b000 103:06 2494118                   /usr/lib/x86_64-linux-gnu/libnss_nis-2.28.so
7fcfcfb4a000-7fcfcfb4c000 r--p 00000000 103:06 2494106                   /usr/lib/x86_64-linux-gnu/libnss_compat-2.28.so
7fcfcfb4c000-7fcfcfb51000 r-xp 00002000 103:06 2494106                   /usr/lib/x86_64-linux-gnu/libnss_compat-2.28.so
7fcfcfb51000-7fcfcfb53000 r--p 00007000 103:06 2494106                   /usr/lib/x86_64-linux-gnu/libnss_compat-2.28.so
7fcfcfb53000-7fcfcfb54000 r--p 00008000 103:06 2494106                   /usr/lib/x86_64-linux-gnu/libnss_compat-2.28.so
7fcfcfb54000-7fcfcfb55000 rw-p 00009000 103:06 2494106                   /usr/lib/x86_64-linux-gnu/libnss_compat-2.28.so
7fcfcfb55000-7fcfcfb56000 rw-p 00000000 00:00 0 
7fcfcfb56000-7fcfcfb57000 r--p 00000000 00:00 0 
7fcfcfb57000-7fcfcfb59000 rw-p 00000000 00:00 0 
7fcfcfb59000-7fcfcfb5a000 r--p 00000000 103:06 2492246                   /usr/lib/x86_64-linux-gnu/ld-2.28.so
7fcfcfb5a000-7fcfcfb78000 r-xp 00001000 103:06 2492246                   /usr/lib/x86_64-linux-gnu/ld-2.28.so
7fcfcfb78000-7fcfcfb80000 r--p 0001f000 103:06 2492246                   /usr/lib/x86_64-linux-gnu/ld-2.28.so
7fcfcfb80000-7fcfcfb81000 r--p 00026000 103:06 2492246                   /usr/lib/x86_64-linux-gnu/ld-2.28.so
7fcfcfb81000-7fcfcfb82000 rw-p 00027000 103:06 2492246                   /usr/lib/x86_64-linux-gnu/ld-2.28.so
7fcfcfb82000-7fcfcfb83000 rw-p 00000000 00:00 0 
7ffcf5994000-7ffcf59b6000 rw-p 00000000 00:00 0                          [stack]
7ffcf59c9000-7ffcf59cc000 r--p 00000000 00:00 0                          [vvar]
7ffcf59cc000-7ffcf59cd000 r-xp 00000000 00:00 0                          [vdso]
ffffffffff600000-ffffffffff601000 --xp 00000000 00:00 0                  [vsyscall]

VM Arguments:
jvm_args: -agentlib:jdwp=transport=dt_socket,address=127.0.0.1:41629,suspend=y,server=n -javaagent:/home/jleo/data/IDEAProject/java/aim/out/artifacts/agent_jar/agent.jar -XX:TieredStopAtLevel=1 -Xverify:none -Dspring.output.ansi.enabled=always -javaagent:/home/jleo/app/idea-IU-202.7660.26/plugins/java/lib/rt/debugger-agent.jar -Dcom.sun.management.jmxremote -Dspring.jmx.enabled=true -Dspring.liveBeansView.mbeanDomain -Dspring.application.admin.enabled=true -Dfile.encoding=UTF-8 
java_command: com.example.demo.DemoApplication
java_class_path (initial): /usr/lib/jvm/java-1.8.0-openjdk-amd64/jre/lib/charsets.jar:/usr/lib/jvm/java-1.8.0-openjdk-amd64/jre/lib/ext/cldrdata.jar:/usr/lib/jvm/java-1.8.0-openjdk-amd64/jre/lib/ext/dnsns.jar:/usr/lib/jvm/java-1.8.0-openjdk-amd64/jre/lib/ext/icedtea-sound.jar:/usr/lib/jvm/java-1.8.0-openjdk-amd64/jre/lib/ext/jaccess.jar:/usr/lib/jvm/java-1.8.0-openjdk-amd64/jre/lib/ext/java-atk-wrapper.jar:/usr/lib/jvm/java-1.8.0-openjdk-amd64/jre/lib/ext/localedata.jar:/usr/lib/jvm/java-1.8.0-openjdk-amd64/jre/lib/ext/nashorn.jar:/usr/lib/jvm/java-1.8.0-openjdk-amd64/jre/lib/ext/sunec.jar:/usr/lib/jvm/java-1.8.0-openjdk-amd64/jre/lib/ext/sunjce_provider.jar:/usr/lib/jvm/java-1.8.0-openjdk-amd64/jre/lib/ext/sunpkcs11.jar:/usr/lib/jvm/java-1.8.0-openjdk-amd64/jre/lib/ext/zipfs.jar:/usr/lib/jvm/java-1.8.0-openjdk-amd64/jre/lib/jce.jar:/usr/lib/jvm/java-1.8.0-openjdk-amd64/jre/lib/jsse.jar:/usr/lib/jvm/java-1.8.0-openjdk-amd64/jre/lib/management-agent.jar:/usr/lib/jvm/java-1.8.0-openjdk-amd64/jre/lib/resources.jar:/usr/lib/jvm/java-1.8.0-openjdk-amd64/jre/lib/rt.jar:/home/jleo/data/IDEAProject/java/aim/demo/target/classes:/home/jleo/appData/maven/repository/org/springframework/boot/spring-boot-starter/2.4.2/spring-boot-starter-2.4.2.jar:/home/jleo/appData/maven/repository/org/springframework/boot/spring-boot/2.4.2/spring-boot-2.4.2.jar:/home/jleo/appData/maven/repository/org/springframework/spring-context/5.3.3/spring-context-5.3.3.jar:/home/jleo/appData/maven/repository/org/springframework/boot/spring-boot-autoconfigure/2.4.2/spring-boot-autoconfigure-2.4.2.jar:/home/jleo/appData/maven/repository/org/springframework/boot/spring-boot-starter-logging/2.4.2/spring-boot-starter-logging-2.4.2.jar:/home/jleo/appData/maven/repository/ch/qos/logback/logback-classic/1.2.3/logback-classic-1.2.3.jar:/home/jleo/appData/maven/repository/ch/qos/logback/logback-core/1.2.3/logback-core-1.2.3.jar:/home/jleo/appData/maven/repository/org/apache/logging/log4j/log4j-to-slf4j/2.13.3/log4
Launcher Type: SUN_STANDARD

Environment Variables:
PATH=/usr/local/bin:/usr/bin:/bin:/usr/local/games:/usr/games:/sbin:/usr/sbin
SHELL=/bin/bash
DISPLAY=:0

Signal Handlers:
SIGSEGV: [libjvm.so+0xa79db0], sa_mask[0]=11111111011111111101111111111110, sa_flags=SA_RESTART|SA_SIGINFO
SIGBUS: [libjvm.so+0xa79db0], sa_mask[0]=11111111011111111101111111111110, sa_flags=SA_RESTART|SA_SIGINFO
SIGFPE: [libjvm.so+0x8c24e0], sa_mask[0]=11111111011111111101111111111110, sa_flags=SA_RESTART|SA_SIGINFO
SIGPIPE: [libjvm.so+0x8c24e0], sa_mask[0]=11111111011111111101111111111110, sa_flags=SA_RESTART|SA_SIGINFO
SIGXFSZ: [libjvm.so+0x8c24e0], sa_mask[0]=11111111011111111101111111111110, sa_flags=SA_RESTART|SA_SIGINFO
SIGILL: [libjvm.so+0x8c24e0], sa_mask[0]=11111111011111111101111111111110, sa_flags=SA_RESTART|SA_SIGINFO
SIGUSR1: SIG_DFL, sa_mask[0]=00000000000000000000000000000000, sa_flags=none
SIGUSR2: [libjvm.so+0x8c2390], sa_mask[0]=00100000000000000000000000000000, sa_flags=SA_RESTART|SA_SIGINFO
SIGHUP: SIG_IGN, sa_mask[0]=00000000000000000000000000000000, sa_flags=none
SIGINT: [libjvm.so+0x8c2a00], sa_mask[0]=11111111011111111101111111111110, sa_flags=SA_RESTART|SA_SIGINFO
SIGTERM: [libjvm.so+0x8c2a00], sa_mask[0]=11111111011111111101111111111110, sa_flags=SA_RESTART|SA_SIGINFO
SIGQUIT: [libjvm.so+0x8c2a00], sa_mask[0]=11111111011111111101111111111110, sa_flags=SA_RESTART|SA_SIGINFO


---------------  S Y S T E M  ---------------

OS:DISTRIB_ID=Deepin
DISTRIB_RELEASE=20.1
DISTRIB_DESCRIPTION="Deepin 20.1"
DISTRIB_CODENAME=apricot

uname:Linux 5.4.70-amd64-desktop #1 SMP Wed Oct 14 15:24:23 CST 2020 x86_64
libc:glibc 2.28 NPTL 2.28 
rlimit: STACK 8192k, CORE 0k, NPROC 62713, NOFILE 1048576, AS infinity
load average:1.21 0.68 0.59

/proc/meminfo:
MemTotal:       16130768 kB
MemFree:         4820120 kB
MemAvailable:    7573996 kB
Buffers:          439224 kB
Cached:          3571536 kB
SwapCached:            0 kB
Active:          8552752 kB
Inactive:        1603152 kB
Active(anon):    6749084 kB
Inactive(anon):   535628 kB
Active(file):    1803668 kB
Inactive(file):  1067524 kB
Unevictable:      607808 kB
Mlocked:              96 kB
SwapTotal:             0 kB
SwapFree:              0 kB
Dirty:             37328 kB
Writeback:             0 kB
AnonPages:       6751396 kB
Mapped:          1177792 kB
Shmem:           1146344 kB
KReclaimable:     223000 kB
Slab:             416432 kB
SReclaimable:     223000 kB
SUnreclaim:       193432 kB
KernelStack:       18480 kB
PageTables:        43060 kB
NFS_Unstable:          0 kB
Bounce:                0 kB
WritebackTmp:          0 kB
CommitLimit:     8065384 kB
Committed_AS:   18068464 kB
VmallocTotal:   34359738367 kB
VmallocUsed:       39972 kB
VmallocChunk:          0 kB
Percpu:             5984 kB
HardwareCorrupted:     0 kB
AnonHugePages:         0 kB
ShmemHugePages:        0 kB
ShmemPmdMapped:        0 kB
FileHugePages:         0 kB
FilePmdMapped:         0 kB
CmaTotal:              0 kB
CmaFree:               0 kB
HugePages_Total:       0
HugePages_Free:        0
HugePages_Rsvd:        0
HugePages_Surp:        0
Hugepagesize:       2048 kB
Hugetlb:               0 kB
DirectMap4k:      324472 kB
DirectMap2M:     8845312 kB
DirectMap1G:     7340032 kB

container (cgroup) information:
container_type: cgroupv1
cpu_cpuset_cpus: 0-7
cpu_memory_nodes: 0
active_processor_count: 8
cpu_quota: -1
cpu_period: 100000
cpu_shares: -1
memory_limit_in_bytes: -1
memory_and_swap_limit_in_bytes: -2
memory_soft_limit_in_bytes: -1
memory_usage_in_bytes: 3588378624
memory_max_usage_in_bytes: 3616509952


CPU:total 8 (initial active 8) (4 cores per cpu, 2 threads per core) family 6 model 142 stepping 12, cmov, cx8, fxsr, mmx, sse, sse2, sse3, ssse3, sse4.1, sse4.2, popcnt, avx, avx2, aes, clmul, erms, 3dnowpref, lzcnt, ht, tsc, tscinvbit, bmi1, bmi2, adx

/proc/cpuinfo:
processor	: 0
vendor_id	: GenuineIntel
cpu family	: 6
model		: 142
model name	: Intel(R) Core(TM) i5-10210U CPU @ 1.60GHz
stepping	: 12
microcode	: 0xd6
cpu MHz		: 3305.428
cache size	: 6144 KB
physical id	: 0
siblings	: 8
core id		: 0
cpu cores	: 4
apicid		: 0
initial apicid	: 0
fpu		: yes
fpu_exception	: yes
cpuid level	: 22
wp		: yes
flags		: fpu vme de pse tsc msr pae mce cx8 apic sep mtrr pge mca cmov pat pse36 clflush dts acpi mmx fxsr sse sse2 ss ht tm pbe syscall nx pdpe1gb rdtscp lm constant_tsc art arch_perfmon pebs bts rep_good nopl xtopology nonstop_tsc cpuid aperfmperf pni pclmulqdq dtes64 monitor ds_cpl vmx est tm2 ssse3 sdbg fma cx16 xtpr pdcm pcid sse4_1 sse4_2 x2apic movbe popcnt tsc_deadline_timer aes xsave avx f16c rdrand lahf_lm abm 3dnowprefetch cpuid_fault epb invpcid_single ssbd ibrs ibpb stibp ibrs_enhanced tpr_shadow vnmi flexpriority ept vpid ept_ad fsgsbase tsc_adjust bmi1 avx2 smep bmi2 erms invpcid mpx rdseed adx smap clflushopt intel_pt xsaveopt xsavec xgetbv1 xsaves dtherm ida arat pln pts hwp hwp_notify hwp_act_window hwp_epp md_clear flush_l1d arch_capabilities
bugs		: spectre_v1 spectre_v2 spec_store_bypass swapgs itlb_multihit srbds
bogomips	: 4199.88
clflush size	: 64
cache_alignment	: 64
address sizes	: 39 bits physical, 48 bits virtual
power management:

processor	: 1
vendor_id	: GenuineIntel
cpu family	: 6
model		: 142
model name	: Intel(R) Core(TM) i5-10210U CPU @ 1.60GHz
stepping	: 12
microcode	: 0xd6
cpu MHz		: 2147.971
cache size	: 6144 KB
physical id	: 0
siblings	: 8
core id		: 1
cpu cores	: 4
apicid		: 2
initial apicid	: 2
fpu		: yes
fpu_exception	: yes
cpuid level	: 22
wp		: yes
flags		: fpu vme de pse tsc msr pae mce cx8 apic sep mtrr pge mca cmov pat pse36 clflush dts acpi mmx fxsr sse sse2 ss ht tm pbe syscall nx pdpe1gb rdtscp lm constant_tsc art arch_perfmon pebs bts rep_good nopl xtopology nonstop_tsc cpuid aperfmperf pni pclmulqdq dtes64 monitor ds_cpl vmx est tm2 ssse3 sdbg fma cx16 xtpr pdcm pcid sse4_1 sse4_2 x2apic movbe popcnt tsc_deadline_timer aes xsave avx f16c rdrand lahf_lm abm 3dnowprefetch cpuid_fault epb invpcid_single ssbd ibrs ibpb stibp ibrs_enhanced tpr_shadow vnmi flexpriority ept vpid ept_ad fsgsbase tsc_adjust bmi1 avx2 smep bmi2 erms invpcid mpx rdseed adx smap clflushopt intel_pt xsaveopt xsavec xgetbv1 xsaves dtherm ida arat pln pts hwp hwp_notify hwp_act_window hwp_epp md_clear flush_l1d arch_capabilities
bugs		: spectre_v1 spectre_v2 spec_store_bypass swapgs itlb_multihit srbds
bogomips	: 4199.88
clflush size	: 64
cache_alignment	: 64
address sizes	: 39 bits physical, 48 bits virtual
power management:

processor	: 2
vendor_id	: GenuineIntel
cpu family	: 6
model		: 142
model name	: Intel(R) Core(TM) i5-10210U CPU @ 1.60GHz
stepping	: 12
microcode	: 0xd6
cpu MHz		: 1085.286
cache size	: 6144 KB
physical id	: 0
siblings	: 8
core id		: 2
cpu cores	: 4
apicid		: 4
initial apicid	: 4
fpu		: yes
fpu_exception	: yes
cpuid level	: 22
wp		: yes
flags		: fpu vme de pse tsc msr pae mce cx8 apic sep mtrr pge mca cmov pat pse36 clflush dts acpi mmx fxsr sse sse2 ss ht tm pbe syscall nx pdpe1gb rdtscp lm constant_tsc art arch_perfmon pebs bts rep_good nopl xtopology nonstop_tsc cpuid aperfmperf pni pclmulqdq dtes64 monitor ds_cpl vmx est tm2 ssse3 sdbg fma cx16 xtpr pdcm pcid sse4_1 sse4_2 x2apic movbe popcnt tsc_deadline_timer aes xsave avx f16c rdrand lahf_lm abm 3dnowprefetch cpuid_fault epb invpcid_single ssbd ibrs ibpb stibp ibrs_enhanced tpr_shadow vnmi flexpriority ept vpid ept_ad fsgsbase tsc_adjust bmi1 avx2 smep bmi2 erms invpcid mpx rdseed adx smap clflushopt intel_pt xsaveopt xsavec xgetbv1 xsaves dtherm ida arat pln pts hwp hwp_notify hwp_act_window hwp_epp md_clear flush_l1d arch_capabilities
bugs		: spectre_v1 spectre_v2 spec_store_bypass swapgs itlb_multihit srbds
bogomips	: 4199.88
clflush size	: 64
cache_alignment	: 64
address sizes	: 39 bits physical, 48 bits virtual
power management:

processor	: 3
vendor_id	: GenuineIntel
cpu family	: 6
model		: 142
model name	: Intel(R) Core(TM) i5-10210U CPU @ 1.60GHz
stepping	: 12
microcode	: 0xd6
cpu MHz		: 3144.176
cache size	: 6144 KB
physical id	: 0
siblings	: 8
core id		: 3
cpu cores	: 4
apicid		: 6
initial apicid	: 6
fpu		: yes
fpu_exception	: yes
cpuid level	: 22
wp		: yes
flags		: fpu vme de pse tsc msr pae mce cx8 apic sep mtrr pge mca cmov pat pse36 clflush dts acpi mmx fxsr sse sse2 ss ht tm pbe syscall nx pdpe1gb rdtscp lm constant_tsc art arch_perfmon pebs bts rep_good nopl xtopology nonstop_tsc cpuid aperfmperf pni pclmulqdq dtes64 monitor ds_cpl vmx est tm2 ssse3 sdbg fma cx16 xtpr pdcm pcid sse4_1 sse4_2 x2apic movbe popcnt tsc_deadline_timer aes xsave avx f16c rdrand lahf_lm abm 3dnowprefetch cpuid_fault epb invpcid_single ssbd ibrs ibpb stibp ibrs_enhanced tpr_shadow vnmi flexpriority ept vpid ept_ad fsgsbase tsc_adjust bmi1 avx2 smep bmi2 erms invpcid mpx rdseed adx smap clflushopt intel_pt xsaveopt xsavec xgetbv1 xsaves dtherm ida arat pln pts hwp hwp_notify hwp_act_window hwp_epp md_clear flush_l1d arch_capabilities
bugs		: spectre_v1 spectre_v2 spec_store_bypass swapgs itlb_multihit srbds
bogomips	: 4199.88
clflush size	: 64
cache_alignment	: 64
address sizes	: 39 bits physical, 48 bits virtual
power management:

processor	: 4
vendor_id	: GenuineIntel
cpu family	: 6
model		: 142
model name	: Intel(R) Core(TM) i5-10210U CPU @ 1.60GHz
stepping	: 12
microcode	: 0xd6
cpu MHz		: 3045.018
cache size	: 6144 KB
physical id	: 0
siblings	: 8
core id		: 0
cpu cores	: 4
apicid		: 1
initial apicid	: 1
fpu		: yes
fpu_exception	: yes
cpuid level	: 22
wp		: yes
flags		: fpu vme de pse tsc msr pae mce cx8 apic sep mtrr pge mca cmov pat pse36 clflush dts acpi mmx fxsr sse sse2 ss ht tm pbe syscall nx pdpe1gb rdtscp lm constant_tsc art arch_perfmon pebs bts rep_good nopl xtopology nonstop_tsc cpuid aperfmperf pni pclmulqdq dtes64 monitor ds_cpl vmx est tm2 ssse3 sdbg fma cx16 xtpr pdcm pcid sse4_1 sse4_2 x2apic movbe popcnt tsc_deadline_timer aes xsave avx f16c rdrand lahf_lm abm 3dnowprefetch cpuid_fault epb invpcid_single ssbd ibrs ibpb stibp ibrs_enhanced tpr_shadow vnmi flexpriority ept vpid ept_ad fsgsbase tsc_adjust bmi1 avx2 smep bmi2 erms invpcid mpx rdseed adx smap clflushopt intel_pt xsaveopt xsavec xgetbv1 xsaves dtherm ida arat pln pts hwp hwp_notify hwp_act_window hwp_epp md_clear flush_l1d arch_capabilities
bugs		: spectre_v1 spectre_v2 spec_store_bypass swapgs itlb_multihit srbds
bogomips	: 4199.88
clflush size	: 64
cache_alignment	: 64
address sizes	: 39 bits physical, 48 bits virtual
power management:

processor	: 5
vendor_id	: GenuineIntel
cpu family	: 6
model		: 142
model name	: Intel(R) Core(TM) i5-10210U CPU @ 1.60GHz
stepping	: 12
microcode	: 0xd6
cpu MHz		: 3755.981
cache size	: 6144 KB
physical id	: 0
siblings	: 8
core id		: 1
cpu cores	: 4
apicid		: 3
initial apicid	: 3
fpu		: yes
fpu_exception	: yes
cpuid level	: 22
wp		: yes
flags		: fpu vme de pse tsc msr pae mce cx8 apic sep mtrr pge mca cmov pat pse36 clflush dts acpi mmx fxsr sse sse2 ss ht tm pbe syscall nx pdpe1gb rdtscp lm constant_tsc art arch_perfmon pebs bts rep_good nopl xtopology nonstop_tsc cpuid aperfmperf pni pclmulqdq dtes64 monitor ds_cpl vmx est tm2 ssse3 sdbg fma cx16 xtpr pdcm pcid sse4_1 sse4_2 x2apic movbe popcnt tsc_deadline_timer aes xsave avx f16c rdrand lahf_lm abm 3dnowprefetch cpuid_fault epb invpcid_single ssbd ibrs ibpb stibp ibrs_enhanced tpr_shadow vnmi flexpriority ept vpid ept_ad fsgsbase tsc_adjust bmi1 avx2 smep bmi2 erms invpcid mpx rdseed adx smap clflushopt intel_pt xsaveopt xsavec xgetbv1 xsaves dtherm ida arat pln pts hwp hwp_notify hwp_act_window hwp_epp md_clear flush_l1d arch_capabilities
bugs		: spectre_v1 spectre_v2 spec_store_bypass swapgs itlb_multihit srbds
bogomips	: 4199.88
clflush size	: 64
cache_alignment	: 64
address sizes	: 39 bits physical, 48 bits virtual
power management:

processor	: 6
vendor_id	: GenuineIntel
cpu family	: 6
model		: 142
model name	: Intel(R) Core(TM) i5-10210U CPU @ 1.60GHz
stepping	: 12
microcode	: 0xd6
cpu MHz		: 3111.284
cache size	: 6144 KB
physical id	: 0
siblings	: 8
core id		: 2
cpu cores	: 4
apicid		: 5
initial apicid	: 5
fpu		: yes
fpu_exception	: yes
cpuid level	: 22
wp		: yes
flags		: fpu vme de pse tsc msr pae mce cx8 apic sep mtrr pge mca cmov pat pse36 clflush dts acpi mmx fxsr sse sse2 ss ht tm pbe syscall nx pdpe1gb rdtscp lm constant_tsc art arch_perfmon pebs bts rep_good nopl xtopology nonstop_tsc cpuid aperfmperf pni pclmulqdq dtes64 monitor ds_cpl vmx est tm2 ssse3 sdbg fma cx16 xtpr pdcm pcid sse4_1 sse4_2 x2apic movbe popcnt tsc_deadline_timer aes xsave avx f16c rdrand lahf_lm abm 3dnowprefetch cpuid_fault epb invpcid_single ssbd ibrs ibpb stibp ibrs_enhanced tpr_shadow vnmi flexpriority ept vpid ept_ad fsgsbase tsc_adjust bmi1 avx2 smep bmi2 erms invpcid mpx rdseed adx smap clflushopt intel_pt xsaveopt xsavec xgetbv1 xsaves dtherm ida arat pln pts hwp hwp_notify hwp_act_window hwp_epp md_clear flush_l1d arch_capabilities
bugs		: spectre_v1 spectre_v2 spec_store_bypass swapgs itlb_multihit srbds
bogomips	: 4199.88
clflush size	: 64
cache_alignment	: 64
address sizes	: 39 bits physical, 48 bits virtual
power management:

processor	: 7
vendor_id	: GenuineIntel
cpu family	: 6
model		: 142
model name	: Intel(R) Core(TM) i5-10210U CPU @ 1.60GHz
stepping	: 12
microcode	: 0xd6
cpu MHz		: 1733.336
cache size	: 6144 KB
physical id	: 0
siblings	: 8
core id		: 3
cpu cores	: 4
apicid		: 7
initial apicid	: 7
fpu		: yes
fpu_exception	: yes
cpuid level	: 22
wp		: yes
flags		: fpu vme de pse tsc msr pae mce cx8 apic sep mtrr pge mca cmov pat pse36 clflush dts acpi mmx fxsr sse sse2 ss ht tm pbe syscall nx pdpe1gb rdtscp lm constant_tsc art arch_perfmon pebs bts rep_good nopl xtopology nonstop_tsc cpuid aperfmperf pni pclmulqdq dtes64 monitor ds_cpl vmx est tm2 ssse3 sdbg fma cx16 xtpr pdcm pcid sse4_1 sse4_2 x2apic movbe popcnt tsc_deadline_timer aes xsave avx f16c rdrand lahf_lm abm 3dnowprefetch cpuid_fault epb invpcid_single ssbd ibrs ibpb stibp ibrs_enhanced tpr_shadow vnmi flexpriority ept vpid ept_ad fsgsbase tsc_adjust bmi1 avx2 smep bmi2 erms invpcid mpx rdseed adx smap clflushopt intel_pt xsaveopt xsavec xgetbv1 xsaves dtherm ida arat pln pts hwp hwp_notify hwp_act_window hwp_epp md_clear flush_l1d arch_capabilities
bugs		: spectre_v1 spectre_v2 spec_store_bypass swapgs itlb_multihit srbds
bogomips	: 4199.88
clflush size	: 64
cache_alignment	: 64
address sizes	: 39 bits physical, 48 bits virtual
power management:



Memory: 4k page, physical 16130768k(4820120k free), swap 0k(0k free)

vm_info: OpenJDK 64-Bit Server VM (25.212-b01) for linux-amd64 JRE (1.8.0_212-8u212-b01-1~deb9u1-b01), built on Mar 18 2019 23:06:47 by "jmm" with gcc 6.3.0 20170516

time: Thu Feb  4 17:21:24 2021
timezone: CST
elapsed time: 9 seconds (0d 0h 0m 9s)

