#
# A fatal error has been detected by the Java Runtime Environment:
#
#  SIGSEGV (0xb) at pc=0x00007fef9f88e800, pid=8375, tid=0x00007fef9ed20700
#
# JRE version: OpenJDK Runtime Environment (8.0_212-b01) (build 1.8.0_212-8u212-b01-1~deb9u1-b01)
# Java VM: OpenJDK 64-Bit Server VM (25.212-b01 mixed mode linux-amd64 compressed oops)
# Problematic frame:
# V  [libjvm.so+0x84c800]
#
# Failed to write core dump. Core dumps have been disabled. To enable core dumping, try "ulimit -c unlimited" before starting Java again
#
# If you would like to submit a bug report, please visit:
#   http://bugreport.java.com/bugreport/crash.jsp
#

---------------  T H R E A D  ---------------

Current thread (0x00007fef98011800):  JavaThread "main" [_thread_in_vm, id=8376, stack(0x00007fef9ec21000,0x00007fef9ed21000)]

siginfo: si_signo: 11 (SIGSEGV), si_code: 1 (SEGV_MAPERR), si_addr: 0x0000000000000008

Registers:
RAX=0x00007fef890004e7, RBX=0x00007fef9ed1de60, RCX=0x00007fef89005360, RDX=0x00007fef9805cd20
RSP=0x00007fef9ed1ddd8, RBP=0x00007fef9ed1e4a0, RSI=0x00000000011cff70, RDI=0x0000000000000000
R8 =0x00007fef89000000, R9 =0x0000000771ebe7f0, R10=0x00007fef9ed1f9b8, R11=0x00007fef9ed1f9b8
R12=0x00007fef98011800, R13=0x0000000000000000, R14=0x00007fef9ed1dde0, R15=0x00007fef98012498
RIP=0x00007fef9f88e800, EFLAGS=0x0000000000010246, CSGSFS=0x002b000000000033, ERR=0x0000000000000004
  TRAPNO=0x000000000000000e

Top of Stack: (sp=0x00007fef9ed1ddd8)
0x00007fef9ed1ddd8:   00007fef9f9b1ce8 00007fef9ed1e518
0x00007fef9ed1dde8:   00007fef890004e7 00007fef890003d0
0x00007fef9ed1ddf8:   00007fef00000000 00007fef9ed1e580
0x00007fef9ed1de08:   00007fef9ed1e518 0000000771eaa798
0x00007fef9ed1de18:   00007fef340add51 00007fef98012480
0x00007fef9ed1de28:   0000000000000000 00007fef9ed1e508
0x00007fef9ed1de38:   00007fef89005268 00007fef89005210
0x00007fef9ed1de48:   0000000700000000 00007fef9ed1e508
0x00007fef9ed1de58:   00007fef9ed1e508 00007fef9ed1e518
0x00007fef9ed1de68:   00007fef890004e7 00007fef890003d0
0x00007fef9ed1de78:   00007fef00000000 00007fef9ed1e580
0x00007fef9ed1de88:   00007fef9ed1e518 00007fef98011800
0x00007fef9ed1de98:   00007fef9f6ac68f 00007fef9ed1e3c0
0x00007fef9ed1dea8:   00000006c9c0fed0 0000000000000000
0x00007fef9ed1deb8:   00000007c036eab8 0000000000000000
0x00007fef9ed1dec8:   0000000771ea0108 0000000771eaa5c8
0x00007fef9ed1ded8:   00007fef9ed1de88 00007fef9ed1dec9
0x00007fef9ed1dee8:   0000000800000001 00007fef9ed1e300
0x00007fef9ed1def8:   00007fef89288d74 00007fef9ed1e0a0
0x00007fef9ed1df08:   00007fef892884b4 00000006c9ccc6e0
0x00007fef9ed1df18:   00000008873ddc85 0000000771ea9248
0x00007fef9ed1df28:   00000006c9ccc680 00000006c9ccc6b0
0x00007fef9ed1df38:   00000006c9ccc2e0 00000006c9ccc230
0x00007fef9ed1df48:   00007fef8932b460 00000007c00714f0
0x00007fef9ed1df58:   0000000000000000 00007fef9ed1e038
0x00007fef9ed1df68:   00007fef8911aa4c 00007fef9ed1df70
0x00007fef9ed1df78:   0000000771eaa6b8 00007fef9ed1e620
0x00007fef9ed1df88:   00007fef8936d6f4 00007fef8936cdd0
0x00007fef9ed1df98:   0000000700000000 00007fef9ed1e808
0x00007fef9ed1dfa8:   00007fef9ed1e620 00007fef98011800
0x00007fef9ed1dfb8:   0000000600000000 0000000000000000
0x00007fef9ed1dfc8:   0000000000000000 00007fef9ed1e038 

Instructions: (pc=0x00007fef9f88e800)
0x00007fef9f88e7e0:   72 ee 0f b7 7a 20 5d 48 8d 7c 3a 30 89 f2 29 ca
0x00007fef9f88e7f0:   48 39 fe 0f 42 c2 c3 90 0f 1f 84 00 00 00 00 00
0x00007fef9f88e800:   48 8b 47 08 55 48 63 f6 48 89 e5 48 8d 44 30 30
0x00007fef9f88e810:   5d c3 0f 1f 40 00 66 2e 0f 1f 84 00 00 00 00 00 

Register to memory mapping:

RAX=0x00007fef890004e7 is at begin+136 in a stub
StubRoutines::call_stub [0x00007fef8900045f, 0x00007fef89000547[ (232 bytes)
RBX=0x00007fef9ed1de60 is pointing into the stack for thread: 0x00007fef98011800
RCX=0x00007fef89005360 is pointing into interpreter code (not bytecode specific)
RDX=0x00007fef9805cd20 is an unknown value
RSP=0x00007fef9ed1ddd8 is pointing into the stack for thread: 0x00007fef98011800
RBP=0x00007fef9ed1e4a0 is pointing into the stack for thread: 0x00007fef98011800
RSI=0x00000000011cff70 is an unknown value
RDI=0x0000000000000000 is an unknown value
R8 =0x00007fef89000000 is an unknown value
R9 =0x0000000771ebe7f0 is an oop
[S 
 - klass: {type array short}
 - length: 32
R10=0x00007fef9ed1f9b8 is pointing into the stack for thread: 0x00007fef98011800
R11=0x00007fef9ed1f9b8 is pointing into the stack for thread: 0x00007fef98011800
R12=0x00007fef98011800 is a thread
R13=0x0000000000000000 is an unknown value
R14=0x00007fef9ed1dde0 is pointing into the stack for thread: 0x00007fef98011800
R15=0x00007fef98012498 is an unknown value


Stack: [0x00007fef9ec21000,0x00007fef9ed21000],  sp=0x00007fef9ed1ddd8,  free space=1011k
Native frames: (J=compiled Java code, j=interpreted, Vv=VM code, C=native code)
V  [libjvm.so+0x84c800]
V  [libjvm.so+0x9712aa]
v  ~RuntimeStub::StackOverflowError throw_exception
C  0x00007fef9ed1e580
C  0x00000000000000d8

Java frames: (J=compiled Java code, j=interpreted, Vv=VM code)
v  ~RuntimeStub::StackOverflowError throw_exception
v  ~StubRoutines::call_stub
J 1513  sun.reflect.NativeConstructorAccessorImpl.newInstance0(Ljava/lang/reflect/Constructor;[Ljava/lang/Object;)Ljava/lang/Object; (0 bytes) @ 0x00007fef8935a9e3 [0x00007fef8935a980+0x63]
J 1311 C1 sun.reflect.NativeConstructorAccessorImpl.newInstance([Ljava/lang/Object;)Ljava/lang/Object; (89 bytes) @ 0x00007fef8930b194 [0x00007fef8930ade0+0x3b4]
J 1298 C1 sun.reflect.DelegatingConstructorAccessorImpl.newInstance([Ljava/lang/Object;)Ljava/lang/Object; (9 bytes) @ 0x00007fef89307edc [0x00007fef89307e80+0x5c]
J 1293 C1 java.lang.reflect.Constructor.newInstance([Ljava/lang/Object;)Ljava/lang/Object; (87 bytes) @ 0x00007fef89305324 [0x00007fef893051e0+0x144]
j  org.springframework.beans.BeanUtils.instantiateClass(Ljava/lang/reflect/Constructor;[Ljava/lang/Object;)Ljava/lang/Object;+128
j  org.springframework.beans.factory.support.SimpleInstantiationStrategy.instantiate(Lorg/springframework/beans/factory/support/RootBeanDefinition;Ljava/lang/String;Lorg/springframework/beans/factory/BeanFactory;)Ljava/lang/Object;+140
j  org.springframework.beans.factory.support.AbstractAutowireCapableBeanFactory.instantiateBean(Ljava/lang/String;Lorg/springframework/beans/factory/support/RootBeanDefinition;)Lorg/springframework/beans/BeanWrapper;+32
j  org.springframework.beans.factory.support.AbstractAutowireCapableBeanFactory.createBeanInstance(Ljava/lang/String;Lorg/springframework/beans/factory/support/RootBeanDefinition;[Ljava/lang/Object;)Lorg/springframework/beans/BeanWrapper;+250
j  org.springframework.beans.factory.support.AbstractAutowireCapableBeanFactory.doCreateBean(Ljava/lang/String;Lorg/springframework/beans/factory/support/RootBeanDefinition;[Ljava/lang/Object;)Ljava/lang/Object;+34
j  org.springframework.beans.factory.support.AbstractAutowireCapableBeanFactory.createBean(Ljava/lang/String;Lorg/springframework/beans/factory/support/RootBeanDefinition;[Ljava/lang/Object;)Ljava/lang/Object;+169
j  org.springframework.beans.factory.support.AbstractBeanFactory.lambda$doGetBean$0(Ljava/lang/String;Lorg/springframework/beans/factory/support/RootBeanDefinition;[Ljava/lang/Object;)Ljava/lang/Object;+4
j  org.springframework.beans.factory.support.AbstractBeanFactory$$Lambda$194.getObject()Ljava/lang/Object;+16
j  org.springframework.beans.factory.support.DefaultSingletonBeanRegistry.getSingleton(Ljava/lang/String;Lorg/springframework/beans/factory/ObjectFactory;)Ljava/lang/Object;+132
J 2031 C1 org.springframework.beans.factory.support.AbstractBeanFactory.doGetBean(Ljava/lang/String;Ljava/lang/Class;[Ljava/lang/Object;Z)Ljava/lang/Object; (832 bytes) @ 0x00007fef894407d4 [0x00007fef89440120+0x6b4]
j  org.springframework.beans.factory.support.AbstractBeanFactory.getBean(Ljava/lang/String;)Ljava/lang/Object;+5
j  org.springframework.beans.factory.support.DefaultListableBeanFactory.preInstantiateSingletons()V+248
j  org.springframework.context.support.AbstractApplicationContext.finishBeanFactoryInitialization(Lorg/springframework/beans/factory/config/ConfigurableListableBeanFactory;)V+124
j  org.springframework.context.support.AbstractApplicationContext.refresh()V+86
j  org.springframework.boot.web.servlet.context.ServletWebServerApplicationContext.refresh()V+1
j  org.springframework.boot.SpringApplication.refresh(Lorg/springframework/context/ConfigurableApplicationContext;)V+1
j  org.springframework.boot.SpringApplication.refresh(Lorg/springframework/context/ApplicationContext;)V+12
j  org.springframework.boot.SpringApplication.refreshContext(Lorg/springframework/context/ConfigurableApplicationContext;)V+19
j  org.springframework.boot.SpringApplication.run([Ljava/lang/String;)Lorg/springframework/context/ConfigurableApplicationContext;+111
j  org.springframework.boot.SpringApplication.run([Ljava/lang/Class;[Ljava/lang/String;)Lorg/springframework/context/ConfigurableApplicationContext;+9
j  org.springframework.boot.SpringApplication.run(Ljava/lang/Class;[Ljava/lang/String;)Lorg/springframework/context/ConfigurableApplicationContext;+9
j  com.example.demo.DemoApplication.main([Ljava/lang/String;)V+3
v  ~StubRoutines::call_stub

---------------  P R O C E S S  ---------------

Java Threads: ( => current thread )
  0x00007fef98c02800 JavaThread "container-0" [_thread_blocked, id=8512, stack(0x00007fef2c6fc000,0x00007fef2c7fd000)]
  0x00007fef0c003800 JavaThread "Catalina-utility-2" [_thread_blocked, id=8509, stack(0x00007fef2c8fe000,0x00007fef2c9ff000)]
  0x00007fef98bfd000 JavaThread "Catalina-utility-1" [_thread_blocked, id=8508, stack(0x00007fef640de000,0x00007fef641df000)]
  0x00007fef14017800 JavaThread "RMI Scheduler(0)" daemon [_thread_blocked, id=8502, stack(0x00007fef641df000,0x00007fef642e0000)]
  0x00007fef24003000 JavaThread "RMI TCP Connection(1)-127.0.0.1" daemon [_thread_in_native, id=8478, stack(0x00007fef78082000,0x00007fef78183000)]
  0x00007fef48001000 JavaThread "Attach Listener" daemon [_thread_blocked, id=8421, stack(0x00007fef78583000,0x00007fef78684000)]
  0x00007fef985e4800 JavaThread "RMI TCP Accept-0" daemon [_thread_in_native, id=8409, stack(0x00007fef78bad000,0x00007fef78cae000)]
  0x00007fef984a9000 JavaThread "Service Thread" daemon [_thread_blocked, id=8405, stack(0x00007fef792e6000,0x00007fef793e7000)]
  0x00007fef9849d800 JavaThread "C1 CompilerThread3" daemon [_thread_in_native, id=8404, stack(0x00007fef793e8000,0x00007fef794e8000)]
  0x00007fef9849b800 JavaThread "C2 CompilerThread2" daemon [_thread_blocked, id=8403, stack(0x00007fef794e9000,0x00007fef795e9000)]
  0x00007fef98499000 JavaThread "C2 CompilerThread1" daemon [_thread_blocked, id=8402, stack(0x00007fef795ea000,0x00007fef796ea000)]
  0x00007fef98492800 JavaThread "C2 CompilerThread0" daemon [_thread_blocked, id=8401, stack(0x00007fef796eb000,0x00007fef797eb000)]
  0x00007fef4c001000 JavaThread "JDWP Command Reader" daemon [_thread_in_native, id=8400, stack(0x00007fef79994000,0x00007fef79a95000)]
  0x00007fef9821c800 JavaThread "JDWP Event Helper Thread" daemon [_thread_blocked, id=8399, stack(0x00007fef79a95000,0x00007fef79b96000)]
  0x00007fef98218800 JavaThread "JDWP Transport Listener: dt_socket" daemon [_thread_blocked, id=8396, stack(0x00007fef79b96000,0x00007fef79c97000)]
  0x00007fef9820c000 JavaThread "Signal Dispatcher" daemon [_thread_blocked, id=8395, stack(0x00007fef79e9c000,0x00007fef79f9d000)]
  0x00007fef981db000 JavaThread "Finalizer" daemon [_thread_blocked, id=8394, stack(0x00007fef79f9d000,0x00007fef7a09e000)]
  0x00007fef981d8800 JavaThread "Reference Handler" daemon [_thread_blocked, id=8393, stack(0x00007fef7a09e000,0x00007fef7a19f000)]
=>0x00007fef98011800 JavaThread "main" [_thread_in_vm, id=8376, stack(0x00007fef9ec21000,0x00007fef9ed21000)]

Other Threads:
  0x00007fef981ce800 VMThread [stack: 0x00007fef7a1a0000,0x00007fef7a2a0000] [id=8390]
  0x00007fef985fc000 WatcherThread [stack: 0x00007fef78aad000,0x00007fef78bad000] [id=8410]

VM state:not at safepoint (normal execution)

VM Mutex/Monitor currently owned by a thread: None

OutOfMemory and StackOverflow Exception counts:
StackOverflowErrors=1

heap address: 0x00000006c9c00000, size: 3940 MB, Compressed Oops mode: Zero based, Oop shift amount: 3
Narrow klass base: 0x0000000000000000, Narrow klass shift: 3
Compressed class space size: 1073741824 Address: 0x00000007c0000000

Heap:
 PSYoungGen      total 138240K, used 67790K [0x000000076df00000, 0x000000077ed00000, 0x00000007c0000000)
  eden space 128000K, 52% used [0x000000076df00000,0x00000007721338b0,0x0000000775c00000)
  from space 10240K, 0% used [0x0000000775c00000,0x0000000775c00000,0x0000000776600000)
  to   space 10240K, 0% used [0x000000077e300000,0x000000077e300000,0x000000077ed00000)
 ParOldGen       total 76800K, used 7018K [0x00000006c9c00000, 0x00000006ce700000, 0x000000076df00000)
  object space 76800K, 9% used [0x00000006c9c00000,0x00000006ca2daaf0,0x00000006ce700000)
 Metaspace       used 25069K, capacity 26704K, committed 26880K, reserved 1073152K
  class space    used 3212K, capacity 3536K, committed 3584K, reserved 1048576K

Card table byte_map: [0x00007fef9cddc000,0x00007fef9d58f000] byte_map_base: 0x00007fef9978e000

Marking Bits: (ParMarkBitMap*) 0x00007fef9ff775a0
 Begin Bits: [0x00007fef644e0000, 0x00007fef68270000)
 End Bits:   [0x00007fef68270000, 0x00007fef6c000000)

Polling page: 0x00007fefa03ca000

CodeCache: size=245760Kb used=4901Kb max_used=4901Kb free=240858Kb
 bounds [0x00007fef89000000, 0x00007fef894d0000, 0x00007fef98000000]
 total_blobs=2692 nmethods=2299 adapters=315
 compilation: enabled

Compilation events (10 events):
Event: 19.586 Thread 0x00007fef9849d800 nmethod 2297 0x00007fef894c7b10 code [0x00007fef894c7c60, 0x00007fef894c7d70]
Event: 19.586 Thread 0x00007fef9849d800 2299       1       java.io.ObjectOutputStream$BlockDataOutputStream::getUTFLength (124 bytes)
Event: 19.587 Thread 0x00007fef9849d800 nmethod 2299 0x00007fef894c7e10 code [0x00007fef894c7f80, 0x00007fef894c8208]
Event: 19.587 Thread 0x00007fef9849d800 2300       1       java.io.ObjectOutputStream$BlockDataOutputStream::writeBytes (144 bytes)
Event: 19.587 Thread 0x00007fef9849d800 nmethod 2300 0x00007fef894c8410 code [0x00007fef894c85a0, 0x00007fef894c8858]
Event: 19.588 Thread 0x00007fef9849d800 2298       1       java.io.ObjectOutputStream$HandleTable::insert (39 bytes)
Event: 19.588 Thread 0x00007fef9849d800 nmethod 2298 0x00007fef894c8b50 code [0x00007fef894c8cc0, 0x00007fef894c8f28]
Event: 19.588 Thread 0x00007fef9849d800 2296       1       java.io.ObjectOutputStream$BlockDataOutputStream::writeShort (47 bytes)
Event: 19.588 Thread 0x00007fef9849d800 nmethod 2296 0x00007fef894c9150 code [0x00007fef894c92e0, 0x00007fef894c9518]
Event: 19.588 Thread 0x00007fef9849d800 2302       1       sun.misc.ProxyGenerator$MethodInfo::write (283 bytes)

GC Heap History (8 events):
Event: 0.806 GC heap before
{Heap before GC invocations=1 (full 0):
 PSYoungGen      total 74240K, used 64000K [0x000000076df00000, 0x0000000773180000, 0x00000007c0000000)
  eden space 64000K, 100% used [0x000000076df00000,0x0000000771d80000,0x0000000771d80000)
  from space 10240K, 0% used [0x0000000772780000,0x0000000772780000,0x0000000773180000)
  to   space 10240K, 0% used [0x0000000771d80000,0x0000000771d80000,0x0000000772780000)
 ParOldGen       total 169472K, used 0K [0x00000006c9c00000, 0x00000006d4180000, 0x000000076df00000)
  object space 169472K, 0% used [0x00000006c9c00000,0x00000006c9c00000,0x00000006d4180000)
 Metaspace       used 12755K, capacity 13348K, committed 13568K, reserved 1060864K
  class space    used 1584K, capacity 1732K, committed 1792K, reserved 1048576K
Event: 0.814 GC heap after
Heap after GC invocations=1 (full 0):
 PSYoungGen      total 74240K, used 6342K [0x000000076df00000, 0x0000000777000000, 0x00000007c0000000)
  eden space 64000K, 0% used [0x000000076df00000,0x000000076df00000,0x0000000771d80000)
  from space 10240K, 61% used [0x0000000771d80000,0x00000007723b1a08,0x0000000772780000)
  to   space 10240K, 0% used [0x0000000776600000,0x0000000776600000,0x0000000777000000)
 ParOldGen       total 169472K, used 16K [0x00000006c9c00000, 0x00000006d4180000, 0x000000076df00000)
  object space 169472K, 0% used [0x00000006c9c00000,0x00000006c9c04000,0x00000006d4180000)
 Metaspace       used 12755K, capacity 13348K, committed 13568K, reserved 1060864K
  class space    used 1584K, capacity 1732K, committed 1792K, reserved 1048576K
}
Event: 1.120 GC heap before
{Heap before GC invocations=2 (full 0):
 PSYoungGen      total 74240K, used 70342K [0x000000076df00000, 0x0000000777000000, 0x00000007c0000000)
  eden space 64000K, 100% used [0x000000076df00000,0x0000000771d80000,0x0000000771d80000)
  from space 10240K, 61% used [0x0000000771d80000,0x00000007723b1a08,0x0000000772780000)
  to   space 10240K, 0% used [0x0000000776600000,0x0000000776600000,0x0000000777000000)
 ParOldGen       total 169472K, used 16K [0x00000006c9c00000, 0x00000006d4180000, 0x000000076df00000)
  object space 169472K, 0% used [0x00000006c9c00000,0x00000006c9c04000,0x00000006d4180000)
 Metaspace       used 18271K, capacity 19098K, committed 19200K, reserved 1067008K
  class space    used 2304K, capacity 2495K, committed 2560K, reserved 1048576K
Event: 1.129 GC heap after
Heap after GC invocations=2 (full 0):
 PSYoungGen      total 138240K, used 9425K [0x000000076df00000, 0x0000000777000000, 0x00000007c0000000)
  eden space 128000K, 0% used [0x000000076df00000,0x000000076df00000,0x0000000775c00000)
  from space 10240K, 92% used [0x0000000776600000,0x0000000776f344b8,0x0000000777000000)
  to   space 10240K, 0% used [0x0000000775c00000,0x0000000775c00000,0x0000000776600000)
 ParOldGen       total 169472K, used 24K [0x00000006c9c00000, 0x00000006d4180000, 0x000000076df00000)
  object space 169472K, 0% used [0x00000006c9c00000,0x00000006c9c06000,0x00000006d4180000)
 Metaspace       used 18271K, capacity 19098K, committed 19200K, reserved 1067008K
  class space    used 2304K, capacity 2495K, committed 2560K, reserved 1048576K
}
Event: 19.166 GC heap before
{Heap before GC invocations=3 (full 0):
 PSYoungGen      total 138240K, used 46930K [0x000000076df00000, 0x0000000777000000, 0x00000007c0000000)
  eden space 128000K, 29% used [0x000000076df00000,0x00000007703a03e0,0x0000000775c00000)
  from space 10240K, 92% used [0x0000000776600000,0x0000000776f344b8,0x0000000777000000)
  to   space 10240K, 0% used [0x0000000775c00000,0x0000000775c00000,0x0000000776600000)
 ParOldGen       total 169472K, used 24K [0x00000006c9c00000, 0x00000006d4180000, 0x000000076df00000)
  object space 169472K, 0% used [0x00000006c9c00000,0x00000006c9c06000,0x00000006d4180000)
 Metaspace       used 20239K, capacity 21246K, committed 21296K, reserved 1069056K
  class space    used 2579K, capacity 2803K, committed 2816K, reserved 1048576K
Event: 19.173 GC heap after
Heap after GC invocations=3 (full 0):
 PSYoungGen      total 138240K, used 7253K [0x000000076df00000, 0x000000077ed00000, 0x00000007c0000000)
  eden space 128000K, 0% used [0x000000076df00000,0x000000076df00000,0x0000000775c00000)
  from space 10240K, 70% used [0x0000000775c00000,0x0000000776315448,0x0000000776600000)
  to   space 10240K, 0% used [0x000000077e300000,0x000000077e300000,0x000000077ed00000)
 ParOldGen       total 169472K, used 40K [0x00000006c9c00000, 0x00000006d4180000, 0x000000076df00000)
  object space 169472K, 0% used [0x00000006c9c00000,0x00000006c9c0a000,0x00000006d4180000)
 Metaspace       used 20239K, capacity 21246K, committed 21296K, reserved 1069056K
  class space    used 2579K, capacity 2803K, committed 2816K, reserved 1048576K
}
Event: 19.173 GC heap before
{Heap before GC invocations=4 (full 1):
 PSYoungGen      total 138240K, used 7253K [0x000000076df00000, 0x000000077ed00000, 0x00000007c0000000)
  eden space 128000K, 0% used [0x000000076df00000,0x000000076df00000,0x0000000775c00000)
  from space 10240K, 70% used [0x0000000775c00000,0x0000000776315448,0x0000000776600000)
  to   space 10240K, 0% used [0x000000077e300000,0x000000077e300000,0x000000077ed00000)
 ParOldGen       total 169472K, used 40K [0x00000006c9c00000, 0x00000006d4180000, 0x000000076df00000)
  object space 169472K, 0% used [0x00000006c9c00000,0x00000006c9c0a000,0x00000006d4180000)
 Metaspace       used 20239K, capacity 21246K, committed 21296K, reserved 1069056K
  class space    used 2579K, capacity 2803K, committed 2816K, reserved 1048576K
Event: 19.198 GC heap after
Heap after GC invocations=4 (full 1):
 PSYoungGen      total 138240K, used 0K [0x000000076df00000, 0x000000077ed00000, 0x00000007c0000000)
  eden space 128000K, 0% used [0x000000076df00000,0x000000076df00000,0x0000000775c00000)
  from space 10240K, 0% used [0x0000000775c00000,0x0000000775c00000,0x0000000776600000)
  to   space 10240K, 0% used [0x000000077e300000,0x000000077e300000,0x000000077ed00000)
 ParOldGen       total 76800K, used 7018K [0x00000006c9c00000, 0x00000006ce700000, 0x000000076df00000)
  object space 76800K, 9% used [0x00000006c9c00000,0x00000006ca2daaf0,0x00000006ce700000)
 Metaspace       used 20239K, capacity 21246K, committed 21296K, reserved 1069056K
  class space    used 2579K, capacity 2803K, committed 2816K, reserved 1048576K
}

Deoptimization events (0 events):
No events

Classes redefined (0 events):
No events

Internal exceptions (10 events):
Event: 19.548 Thread 0x00007fef98011800 Implicit null exception at 0x00007fef89377840 to 0x00007fef893779ad
Event: 19.548 Thread 0x00007fef98011800 Exception <a 'java/lang/NullPointerException'> (0x000000077192f518) thrown at [/home/jmm/jdk/openjdk-8-8u212-b01/src/hotspot/src/share/vm/runtime/sharedRuntime.cpp, line 605]
Event: 19.548 Thread 0x00007fef98011800 Implicit null exception at 0x00007fef89377840 to 0x00007fef893779ad
Event: 19.548 Thread 0x00007fef98011800 Exception <a 'java/lang/NullPointerException'> (0x0000000771933b38) thrown at [/home/jmm/jdk/openjdk-8-8u212-b01/src/hotspot/src/share/vm/runtime/sharedRuntime.cpp, line 605]
Event: 19.551 Thread 0x00007fef98011800 Implicit null exception at 0x00007fef89377840 to 0x00007fef893779ad
Event: 19.551 Thread 0x00007fef98011800 Exception <a 'java/lang/NullPointerException'> (0x0000000771970018) thrown at [/home/jmm/jdk/openjdk-8-8u212-b01/src/hotspot/src/share/vm/runtime/sharedRuntime.cpp, line 605]
Event: 19.561 Thread 0x00007fef98011800 Implicit null exception at 0x00007fef89377840 to 0x00007fef893779ad
Event: 19.561 Thread 0x00007fef98011800 Exception <a 'java/lang/NullPointerException'> (0x0000000771a75240) thrown at [/home/jmm/jdk/openjdk-8-8u212-b01/src/hotspot/src/share/vm/runtime/sharedRuntime.cpp, line 605]
Event: 19.576 Thread 0x00007fef98011800 Exception <a 'java/io/FileNotFoundException'> (0x0000000771d47880) thrown at [/home/jmm/jdk/openjdk-8-8u212-b01/src/hotspot/src/share/vm/prims/jni.cpp, line 710]
Event: 19.585 Thread 0x00007fef24003000 Exception <a 'java/lang/reflect/InvocationTargetException'> (0x0000000771fc83d8) thrown at [/home/jmm/jdk/openjdk-8-8u212-b01/src/hotspot/src/share/vm/runtime/reflection.cpp, line 1092]

Events (10 events):
Event: 19.587 loading class sun/reflect/UnsafeObjectFieldAccessorImpl
Event: 19.587 loading class sun/reflect/UnsafeObjectFieldAccessorImpl done
Event: 19.588 loading class org/springframework/beans/factory/SmartFactoryBean
Event: 19.588 loading class org/springframework/beans/factory/SmartFactoryBean done
Event: 19.588 Thread 0x00007fef98011800 DEOPT PACKING pc=0x00007fef89390b51 sp=0x00007fef9ed1e310
Event: 19.588 Thread 0x00007fef98011800 DEOPT UNPACKING pc=0x00007fef890474c4 sp=0x00007fef9ed1e080 mode 1
Event: 19.588 Thread 0x00007fef98011800 DEOPT PACKING pc=0x00007fef891c9e84 sp=0x00007fef9ed1e390
Event: 19.588 Thread 0x00007fef98011800 DEOPT UNPACKING pc=0x00007fef890474c4 sp=0x00007fef9ed1e1d0 mode 1
Event: 19.588 Thread 0x00007fef98011800 DEOPT PACKING pc=0x00007fef891c9dcc sp=0x00007fef9ed1e520
Event: 19.588 Thread 0x00007fef98011800 DEOPT UNPACKING pc=0x00007fef890474c4 sp=0x00007fef9ed1e360 mode 1


Dynamic libraries:
6c9c00000-6ce700000 rw-p 00000000 00:00 0 
6ce700000-76df00000 ---p 00000000 00:00 0 
76df00000-77ed00000 rw-p 00000000 00:00 0 
77ed00000-7c0000000 ---p 00000000 00:00 0 
7c0000000-7c0380000 rw-p 00000000 00:00 0 
7c0380000-800000000 ---p 00000000 00:00 0 
558fba628000-558fba629000 r-xp 00000000 103:06 1846789                   /usr/lib/jvm/java-8-openjdk-amd64/jre/bin/java
558fba828000-558fba829000 r--p 00000000 103:06 1846789                   /usr/lib/jvm/java-8-openjdk-amd64/jre/bin/java
558fba829000-558fba82a000 rw-p 00001000 103:06 1846789                   /usr/lib/jvm/java-8-openjdk-amd64/jre/bin/java
558fbac08000-558fbac29000 rw-p 00000000 00:00 0                          [heap]
7fef04000000-7fef04021000 rw-p 00000000 00:00 0 
7fef04021000-7fef08000000 ---p 00000000 00:00 0 
7fef08000000-7fef08021000 rw-p 00000000 00:00 0 
7fef08021000-7fef0c000000 ---p 00000000 00:00 0 
7fef0c000000-7fef0c021000 rw-p 00000000 00:00 0 
7fef0c021000-7fef10000000 ---p 00000000 00:00 0 
7fef10000000-7fef10021000 rw-p 00000000 00:00 0 
7fef10021000-7fef14000000 ---p 00000000 00:00 0 
7fef14000000-7fef1404f000 rw-p 00000000 00:00 0 
7fef1404f000-7fef18000000 ---p 00000000 00:00 0 
7fef18000000-7fef18021000 rw-p 00000000 00:00 0 
7fef18021000-7fef1c000000 ---p 00000000 00:00 0 
7fef1c000000-7fef1c021000 rw-p 00000000 00:00 0 
7fef1c021000-7fef20000000 ---p 00000000 00:00 0 
7fef20000000-7fef2016f000 rw-p 00000000 00:00 0 
7fef2016f000-7fef24000000 ---p 00000000 00:00 0 
7fef24000000-7fef24021000 rw-p 00000000 00:00 0 
7fef24021000-7fef28000000 ---p 00000000 00:00 0 
7fef28000000-7fef28021000 rw-p 00000000 00:00 0 
7fef28021000-7fef2c000000 ---p 00000000 00:00 0 
7fef2c6fc000-7fef2c6ff000 ---p 00000000 00:00 0 
7fef2c6ff000-7fef2c7fd000 rw-p 00000000 00:00 0 
7fef2c7fd000-7fef2c800000 ---p 00000000 00:00 0 
7fef2c800000-7fef2c8fe000 rw-p 00000000 00:00 0 
7fef2c8fe000-7fef2c901000 ---p 00000000 00:00 0 
7fef2c901000-7fef2cabf000 rw-p 00000000 00:00 0 
7fef2cabf000-7fef2cbff000 ---p 00000000 00:00 0 
7fef2cbff000-7fef2cdff000 rw-p 00000000 00:00 0 
7fef2cdff000-7fef2cfff000 rw-p 00000000 00:00 0 
7fef2cfff000-7fef30000000 rw-p 00000000 00:00 0 
7fef30000000-7fef30021000 rw-p 00000000 00:00 0 
7fef30021000-7fef34000000 ---p 00000000 00:00 0 
7fef34000000-7fef342c5000 rw-p 00000000 00:00 0 
7fef342c5000-7fef38000000 ---p 00000000 00:00 0 
7fef38000000-7fef3803e000 rw-p 00000000 00:00 0 
7fef3803e000-7fef3c000000 ---p 00000000 00:00 0 
7fef3c000000-7fef3c021000 rw-p 00000000 00:00 0 
7fef3c021000-7fef40000000 ---p 00000000 00:00 0 
7fef40000000-7fef40077000 rw-p 00000000 00:00 0 
7fef40077000-7fef44000000 ---p 00000000 00:00 0 
7fef44000000-7fef44021000 rw-p 00000000 00:00 0 
7fef44021000-7fef48000000 ---p 00000000 00:00 0 
7fef48000000-7fef48021000 rw-p 00000000 00:00 0 
7fef48021000-7fef4c000000 ---p 00000000 00:00 0 
7fef4c000000-7fef4c021000 rw-p 00000000 00:00 0 
7fef4c021000-7fef50000000 ---p 00000000 00:00 0 
7fef50000000-7fef50021000 rw-p 00000000 00:00 0 
7fef50021000-7fef54000000 ---p 00000000 00:00 0 
7fef54000000-7fef54021000 rw-p 00000000 00:00 0 
7fef54021000-7fef58000000 ---p 00000000 00:00 0 
7fef58000000-7fef58021000 rw-p 00000000 00:00 0 
7fef58021000-7fef5c000000 ---p 00000000 00:00 0 
7fef5c000000-7fef5c021000 rw-p 00000000 00:00 0 
7fef5c021000-7fef60000000 ---p 00000000 00:00 0 
7fef60000000-7fef60021000 rw-p 00000000 00:00 0 
7fef60021000-7fef64000000 ---p 00000000 00:00 0 
7fef640de000-7fef640e1000 ---p 00000000 00:00 0 
7fef640e1000-7fef641df000 rw-p 00000000 00:00 0 
7fef641df000-7fef641e2000 ---p 00000000 00:00 0 
7fef641e2000-7fef6c000000 rw-p 00000000 00:00 0 
7fef6c000000-7fef6c021000 rw-p 00000000 00:00 0 
7fef6c021000-7fef70000000 ---p 00000000 00:00 0 
7fef70000000-7fef70021000 rw-p 00000000 00:00 0 
7fef70021000-7fef74000000 ---p 00000000 00:00 0 
7fef74000000-7fef74021000 rw-p 00000000 00:00 0 
7fef74021000-7fef78000000 ---p 00000000 00:00 0 
7fef78082000-7fef78085000 ---p 00000000 00:00 0 
7fef78085000-7fef78383000 rw-p 00000000 00:00 0 
7fef78383000-7fef78583000 rw-p 00000000 00:00 0 
7fef78583000-7fef78586000 ---p 00000000 00:00 0 
7fef78586000-7fef78884000 rw-p 00000000 00:00 0 
7fef78884000-7fef78a84000 rw-p 00000000 00:00 0 
7fef78a84000-7fef78a8b000 r--s 00000000 103:06 2491823                   /usr/lib/x86_64-linux-gnu/gconv/gconv-modules.cache
7fef78a8b000-7fef78aac000 r--p 00000000 103:06 794786                    /usr/share/locale/zh_CN/LC_MESSAGES/libc.mo
7fef78aac000-7fef78aad000 ---p 00000000 00:00 0 
7fef78aad000-7fef78bad000 rw-p 00000000 00:00 0 
7fef78bad000-7fef78bb0000 ---p 00000000 00:00 0 
7fef78bb0000-7fef78cae000 rw-p 00000000 00:00 0 
7fef78cae000-7fef78cb2000 r--s 000a1000 103:06 1846872                   /usr/lib/jvm/java-8-openjdk-amd64/jre/lib/jsse.jar
7fef78cb2000-7fef78cc3000 r-xp 00000000 103:06 1846828                   /usr/lib/jvm/java-8-openjdk-amd64/jre/lib/amd64/libnio.so
7fef78cc3000-7fef78ec2000 ---p 00011000 103:06 1846828                   /usr/lib/jvm/java-8-openjdk-amd64/jre/lib/amd64/libnio.so
7fef78ec2000-7fef78ec3000 r--p 00010000 103:06 1846828                   /usr/lib/jvm/java-8-openjdk-amd64/jre/lib/amd64/libnio.so
7fef78ec3000-7fef78ec4000 rw-p 00011000 103:06 1846828                   /usr/lib/jvm/java-8-openjdk-amd64/jre/lib/amd64/libnio.so
7fef78ec4000-7fef78ecd000 r-xp 00000000 103:06 1846825                   /usr/lib/jvm/java-8-openjdk-amd64/jre/lib/amd64/libmanagement.so
7fef78ecd000-7fef790cc000 ---p 00009000 103:06 1846825                   /usr/lib/jvm/java-8-openjdk-amd64/jre/lib/amd64/libmanagement.so
7fef790cc000-7fef790cd000 r--p 00008000 103:06 1846825                   /usr/lib/jvm/java-8-openjdk-amd64/jre/lib/amd64/libmanagement.so
7fef790cd000-7fef790ce000 rw-p 00009000 103:06 1846825                   /usr/lib/jvm/java-8-openjdk-amd64/jre/lib/amd64/libmanagement.so
7fef790ce000-7fef790e5000 r-xp 00000000 103:06 1846827                   /usr/lib/jvm/java-8-openjdk-amd64/jre/lib/amd64/libnet.so
7fef790e5000-7fef792e4000 ---p 00017000 103:06 1846827                   /usr/lib/jvm/java-8-openjdk-amd64/jre/lib/amd64/libnet.so
7fef792e4000-7fef792e5000 r--p 00016000 103:06 1846827                   /usr/lib/jvm/java-8-openjdk-amd64/jre/lib/amd64/libnet.so
7fef792e5000-7fef792e6000 rw-p 00017000 103:06 1846827                   /usr/lib/jvm/java-8-openjdk-amd64/jre/lib/amd64/libnet.so
7fef792e6000-7fef792e9000 ---p 00000000 00:00 0 
7fef792e9000-7fef793e7000 rw-p 00000000 00:00 0 
7fef793e7000-7fef793e8000 ---p 00000000 00:00 0 
7fef793e8000-7fef793eb000 ---p 00000000 00:00 0 
7fef793eb000-7fef794e8000 rw-p 00000000 00:00 0 
7fef794e8000-7fef794e9000 ---p 00000000 00:00 0 
7fef794e9000-7fef794ec000 ---p 00000000 00:00 0 
7fef794ec000-7fef795e9000 rw-p 00000000 00:00 0 
7fef795e9000-7fef795ea000 ---p 00000000 00:00 0 
7fef795ea000-7fef795ed000 ---p 00000000 00:00 0 
7fef795ed000-7fef796ea000 rw-p 00000000 00:00 0 
7fef796ea000-7fef796eb000 ---p 00000000 00:00 0 
7fef796eb000-7fef796ee000 ---p 00000000 00:00 0 
7fef796ee000-7fef797eb000 rw-p 00000000 00:00 0 
7fef797eb000-7fef797ec000 r--s 00002000 103:07 3940720                   /home/jleo/app/idea-IU-202.7660.26/plugins/java/lib/rt/debugger-agent-storage.jar
7fef797ed000-7fef797f5000 r--s 00066000 103:07 3940721                   /home/jleo/app/idea-IU-202.7660.26/plugins/java/lib/rt/debugger-agent.jar
7fef797f5000-7fef797f7000 r--s 00002000 103:07 1446725                   /home/jleo/data/IDEAProject/java/aim/out/artifacts/agent_jar/agent.jar
7fef797f7000-7fef797f9000 r--s 0001d000 103:07 3809066                   /home/jleo/app/idea-IU-202.7660.26/lib/idea_rt.jar
7fef797f9000-7fef797fb000 r--s 00009000 103:07 4597784                   /home/jleo/appData/maven/repository/org/slf4j/slf4j-api/1.7.30/slf4j-api-1.7.30.jar
7fef797fb000-7fef79800000 r--s 00038000 103:07 4733931                   /home/jleo/appData/maven/repository/org/ow2/asm/asm-all/5.1/asm-all-5.1.jar
7fef79800000-7fef79805000 r--s 00040000 103:07 1446357                   /home/jleo/appData/maven/repository/org/springframework/spring-expression/5.3.3/spring-expression-5.3.3.jar
7fef79805000-7fef7980e000 r--s 00053000 103:07 1446361                   /home/jleo/appData/maven/repository/org/springframework/spring-aop/5.3.3/spring-aop-5.3.3.jar
7fef7980e000-7fef79821000 r--s 000e1000 103:07 5127466                   /home/jleo/appData/maven/repository/org/springframework/spring-webmvc/5.3.3/spring-webmvc-5.3.3.jar
7fef79821000-7fef7982d000 r--s 0009e000 103:07 1446366                   /home/jleo/appData/maven/repository/org/springframework/spring-beans/5.3.3/spring-beans-5.3.3.jar
7fef7982d000-7fef7984c000 r--s 00160000 103:07 4733953                   /home/jleo/appData/maven/repository/org/springframework/spring-web/5.3.3/spring-web-5.3.3.jar
7fef7984c000-7fef79852000 r--s 0003d000 103:07 4998425                   /home/jleo/appData/maven/repository/org/apache/tomcat/embed/tomcat-embed-websocket/9.0.41/tomcat-embed-websocket-9.0.41.jar
7fef79852000-7fef79857000 r--s 00036000 103:07 4597752                   /home/jleo/appData/maven/repository/org/glassfish/jakarta.el/3.0.3/jakarta.el-3.0.3.jar
7fef79857000-7fef79882000 r--s 00316000 103:07 4998422                   /home/jleo/appData/maven/repository/org/apache/tomcat/embed/tomcat-embed-core/9.0.41/tomcat-embed-core-9.0.41.jar
7fef79882000-7fef79883000 r--s 00001000 103:07 4998420                   /home/jleo/appData/maven/repository/org/springframework/boot/spring-boot-starter-tomcat/2.4.2/spring-boot-starter-tomcat-2.4.2.jar
7fef79883000-7fef79885000 r--s 00001000 103:07 1446460                   /home/jleo/appData/maven/repository/com/fasterxml/jackson/module/jackson-module-parameter-names/2.11.4/jackson-module-parameter-names-2.11.4.jar
7fef79885000-7fef79889000 r--s 00018000 103:07 4866477                   /home/jleo/appData/maven/repository/com/fasterxml/jackson/datatype/jackson-datatype-jsr310/2.11.4/jackson-datatype-jsr310-2.11.4.jar
7fef79889000-7fef7988b000 r--s 00007000 103:07 4733951                   /home/jleo/appData/maven/repository/com/fasterxml/jackson/datatype/jackson-datatype-jdk8/2.11.4/jackson-datatype-jdk8-2.11.4.jar
7fef7988b000-7fef7988f000 r--s 00052000 103:07 1446458                   /home/jleo/appData/maven/repository/com/fasterxml/jackson/core/jackson-core/2.11.4/jackson-core-2.11.4.jar
7fef7988f000-7fef79892000 r--s 0000f000 103:07 1446456                   /home/jleo/appData/maven/repository/com/fasterxml/jackson/core/jackson-annotations/2.11.4/jackson-annotations-2.11.4.jar
7fef79892000-7fef798a8000 r--s 00146000 103:07 1446454                   /home/jleo/appData/maven/repository/com/fasterxml/jackson/core/jackson-databind/2.11.4/jackson-databind-2.11.4.jar
7fef798a8000-7fef798a9000 r--s 00001000 103:07 4601204                   /home/jleo/appData/maven/repository/org/springframework/boot/spring-boot-starter-json/2.4.2/spring-boot-starter-json-2.4.2.jar
7fef798a9000-7fef798aa000 r--s 00001000 103:07 4601203                   /home/jleo/appData/maven/repository/org/springframework/boot/spring-boot-starter-web/2.4.2/spring-boot-starter-web-2.4.2.jar
7fef798aa000-7fef798b1000 r--s 00045000 103:07 1446379                   /home/jleo/appData/maven/repository/org/yaml/snakeyaml/1.27/snakeyaml-1.27.jar
7fef798b1000-7fef798cd000 r--s 0014b000 103:07 1446410                   /home/jleo/appData/maven/repository/org/springframework/spring-core/5.3.3/spring-core-5.3.3.jar
7fef798cd000-7fef798cf000 r--s 00005000 103:07 4597729                   /home/jleo/appData/maven/repository/jakarta/annotation/jakarta.annotation-api/1.3.5/jakarta.annotation-api-1.3.5.jar
7fef798cf000-7fef798d1000 r--s 00000000 103:07 4597726                   /home/jleo/appData/maven/repository/org/slf4j/jul-to-slf4j/1.7.30/jul-to-slf4j-1.7.30.jar
7fef798d1000-7fef798d7000 r--s 00042000 103:07 4597724                   /home/jleo/appData/maven/repository/org/apache/logging/log4j/log4j-api/2.13.3/log4j-api-2.13.3.jar
7fef798d7000-7fef798e2000 r--s 00069000 103:07 4597721                   /home/jleo/appData/maven/repository/ch/qos/logback/logback-core/1.2.3/logback-core-1.2.3.jar
7fef798e2000-7fef798e8000 r--s 00041000 103:07 4597718                   /home/jleo/appData/maven/repository/ch/qos/logback/logback-classic/1.2.3/logback-classic-1.2.3.jar
7fef798e8000-7fef79913000 r--s 0014d000 103:07 1446373                   /home/jleo/appData/maven/repository/org/springframework/boot/spring-boot-autoconfigure/2.4.2/spring-boot-autoconfigure-2.4.2.jar
7fef79913000-7fef7992f000 r--s 00114000 103:07 1446358                   /home/jleo/appData/maven/repository/org/springframework/spring-context/5.3.3/spring-context-5.3.3.jar
7fef7992f000-7fef7994b000 r--s 00124000 103:07 1446385                   /home/jleo/appData/maven/repository/org/springframework/boot/spring-boot/2.4.2/spring-boot-2.4.2.jar
7fef7994b000-7fef7995e000 r--s 00346000 103:06 1846877                   /usr/lib/jvm/java-8-openjdk-amd64/jre/lib/resources.jar
7fef7995e000-7fef79979000 r--s 00394000 103:06 1846849                   /usr/lib/jvm/java-8-openjdk-amd64/jre/lib/ext/cldrdata.jar
7fef79979000-7fef79994000 r--s 001d6000 103:06 1846854                   /usr/lib/jvm/java-8-openjdk-amd64/jre/lib/ext/nashorn.jar
7fef79994000-7fef79997000 ---p 00000000 00:00 0 
7fef79997000-7fef79a95000 rw-p 00000000 00:00 0 
7fef79a95000-7fef79a98000 ---p 00000000 00:00 0 
7fef79a98000-7fef79b96000 rw-p 00000000 00:00 0 
7fef79b96000-7fef79b99000 ---p 00000000 00:00 0 
7fef79b99000-7fef79c97000 rw-p 00000000 00:00 0 
7fef79c97000-7fef79c9b000 r-xp 00000000 103:06 1846808                   /usr/lib/jvm/java-8-openjdk-amd64/jre/lib/amd64/libdt_socket.so
7fef79c9b000-7fef79e9a000 ---p 00004000 103:06 1846808                   /usr/lib/jvm/java-8-openjdk-amd64/jre/lib/amd64/libdt_socket.so
7fef79e9a000-7fef79e9b000 r--p 00003000 103:06 1846808                   /usr/lib/jvm/java-8-openjdk-amd64/jre/lib/amd64/libdt_socket.so
7fef79e9b000-7fef79e9c000 rw-p 00004000 103:06 1846808                   /usr/lib/jvm/java-8-openjdk-amd64/jre/lib/amd64/libdt_socket.so
7fef79e9c000-7fef79e9f000 ---p 00000000 00:00 0 
7fef79e9f000-7fef79f9d000 rw-p 00000000 00:00 0 
7fef79f9d000-7fef79fa0000 ---p 00000000 00:00 0 
7fef79fa0000-7fef7a09e000 rw-p 00000000 00:00 0 
7fef7a09e000-7fef7a0a1000 ---p 00000000 00:00 0 
7fef7a0a1000-7fef7a19f000 rw-p 00000000 00:00 0 
7fef7a19f000-7fef7a1a0000 ---p 00000000 00:00 0 
7fef7a1a0000-7fef7bdbb000 rw-p 00000000 00:00 0 
7fef7bdbb000-7fef7bf8a000 r--s 03c3b000 103:06 1846878                   /usr/lib/jvm/java-8-openjdk-amd64/jre/lib/rt.jar
7fef7bf8a000-7fef7c000000 rw-p 00000000 00:00 0 
7fef7c000000-7fef7c021000 rw-p 00000000 00:00 0 
7fef7c021000-7fef80000000 ---p 00000000 00:00 0 
7fef80000000-7fef80021000 rw-p 00000000 00:00 0 
7fef80021000-7fef84000000 ---p 00000000 00:00 0 
7fef84000000-7fef84021000 rw-p 00000000 00:00 0 
7fef84021000-7fef88000000 ---p 00000000 00:00 0 
7fef88000000-7fef89000000 rw-p 00000000 00:00 0 
7fef89000000-7fef894d0000 rwxp 00000000 00:00 0 
7fef894d0000-7fef98000000 ---p 00000000 00:00 0 
7fef98000000-7fef98c0c000 rw-p 00000000 00:00 0 
7fef98c0c000-7fef9c000000 ---p 00000000 00:00 0 
7fef9c000000-7fef9c001000 r--s 00005000 103:07 1446376                   /home/jleo/appData/maven/repository/org/springframework/spring-jcl/5.3.3/spring-jcl-5.3.3.jar
7fef9c001000-7fef9c003000 r--s 00003000 103:07 4597722                   /home/jleo/appData/maven/repository/org/apache/logging/log4j/log4j-to-slf4j/2.13.3/log4j-to-slf4j-2.13.3.jar
7fef9c003000-7fef9c004000 r--s 00001000 103:07 1446372                   /home/jleo/appData/maven/repository/org/springframework/boot/spring-boot-starter-logging/2.4.2/spring-boot-starter-logging-2.4.2.jar
7fef9c004000-7fef9c005000 r--s 00001000 103:07 1446360                   /home/jleo/appData/maven/repository/org/springframework/boot/spring-boot-starter/2.4.2/spring-boot-starter-2.4.2.jar
7fef9c005000-7fef9c006000 r--s 00000000 103:06 1846875                   /usr/lib/jvm/java-8-openjdk-amd64/jre/lib/management-agent.jar
7fef9c006000-7fef9c00a000 r--s 000a1000 103:06 1846872                   /usr/lib/jvm/java-8-openjdk-amd64/jre/lib/jsse.jar
7fef9c00a000-7fef9c0b2000 rw-p 00000000 00:00 0 
7fef9c0b2000-7fef9c0b3000 ---p 00000000 00:00 0 
7fef9c0b3000-7fef9c1b3000 rw-p 00000000 00:00 0 
7fef9c1b3000-7fef9c1b4000 ---p 00000000 00:00 0 
7fef9c1b4000-7fef9c2b4000 rw-p 00000000 00:00 0 
7fef9c2b4000-7fef9c2b5000 ---p 00000000 00:00 0 
7fef9c2b5000-7fef9c3b5000 rw-p 00000000 00:00 0 
7fef9c3b5000-7fef9c3b6000 ---p 00000000 00:00 0 
7fef9c3b6000-7fef9c4b6000 rw-p 00000000 00:00 0 
7fef9c4b6000-7fef9c4b7000 ---p 00000000 00:00 0 
7fef9c4b7000-7fef9c5b7000 rw-p 00000000 00:00 0 
7fef9c5b7000-7fef9c5b8000 ---p 00000000 00:00 0 
7fef9c5b8000-7fef9c6b8000 rw-p 00000000 00:00 0 
7fef9c6b8000-7fef9c6b9000 ---p 00000000 00:00 0 
7fef9c6b9000-7fef9c7b9000 rw-p 00000000 00:00 0 
7fef9c7b9000-7fef9c7ba000 ---p 00000000 00:00 0 
7fef9c7ba000-7fef9c8e0000 rw-p 00000000 00:00 0 
7fef9c8e0000-7fef9cddc000 ---p 00000000 00:00 0 
7fef9cddc000-7fef9ce02000 rw-p 00000000 00:00 0 
7fef9ce02000-7fef9d2fd000 ---p 00000000 00:00 0 
7fef9d2fd000-7fef9d385000 rw-p 00000000 00:00 0 
7fef9d385000-7fef9d58e000 ---p 00000000 00:00 0 
7fef9d58e000-7fef9d5a3000 rw-p 00000000 00:00 0 
7fef9d5a3000-7fef9d94f000 ---p 00000000 00:00 0 
7fef9d94f000-7fef9d957000 r-xp 00000000 103:06 1846835                   /usr/lib/jvm/java-8-openjdk-amd64/jre/lib/amd64/libzip.so
7fef9d957000-7fef9db56000 ---p 00008000 103:06 1846835                   /usr/lib/jvm/java-8-openjdk-amd64/jre/lib/amd64/libzip.so
7fef9db56000-7fef9db57000 r--p 00007000 103:06 1846835                   /usr/lib/jvm/java-8-openjdk-amd64/jre/lib/amd64/libzip.so
7fef9db57000-7fef9db58000 rw-p 00008000 103:06 1846835                   /usr/lib/jvm/java-8-openjdk-amd64/jre/lib/amd64/libzip.so
7fef9db58000-7fef9db5b000 r--p 00000000 103:06 2494112                   /usr/lib/x86_64-linux-gnu/libnss_files-2.28.so
7fef9db5b000-7fef9db62000 r-xp 00003000 103:06 2494112                   /usr/lib/x86_64-linux-gnu/libnss_files-2.28.so
7fef9db62000-7fef9db64000 r--p 0000a000 103:06 2494112                   /usr/lib/x86_64-linux-gnu/libnss_files-2.28.so
7fef9db64000-7fef9db65000 ---p 0000c000 103:06 2494112                   /usr/lib/x86_64-linux-gnu/libnss_files-2.28.so
7fef9db65000-7fef9db66000 r--p 0000c000 103:06 2494112                   /usr/lib/x86_64-linux-gnu/libnss_files-2.28.so
7fef9db66000-7fef9db67000 rw-p 0000d000 103:06 2494112                   /usr/lib/x86_64-linux-gnu/libnss_files-2.28.so
7fef9db67000-7fef9db6d000 rw-p 00000000 00:00 0 
7fef9db6d000-7fef9db71000 r--p 00000000 103:06 2494100                   /usr/lib/x86_64-linux-gnu/libnsl-2.28.so
7fef9db71000-7fef9db7d000 r-xp 00004000 103:06 2494100                   /usr/lib/x86_64-linux-gnu/libnsl-2.28.so
7fef9db7d000-7fef9db82000 r--p 00010000 103:06 2494100                   /usr/lib/x86_64-linux-gnu/libnsl-2.28.so
7fef9db82000-7fef9db83000 r--p 00014000 103:06 2494100                   /usr/lib/x86_64-linux-gnu/libnsl-2.28.so
7fef9db83000-7fef9db84000 rw-p 00015000 103:06 2494100                   /usr/lib/x86_64-linux-gnu/libnsl-2.28.so
7fef9db84000-7fef9db86000 rw-p 00000000 00:00 0 
7fef9db86000-7fef9db88000 r--s 00016000 103:06 1846870                   /usr/lib/jvm/java-8-openjdk-amd64/jre/lib/jce.jar
7fef9db88000-7fef9db8d000 r--s 002f9000 103:06 1846839                   /usr/lib/jvm/java-8-openjdk-amd64/jre/lib/charsets.jar
7fef9db8d000-7fef9db8f000 r--s 00001000 103:06 1846850                   /usr/lib/jvm/java-8-openjdk-amd64/jre/lib/ext/dnsns.jar
7fef9db8f000-7fef9db92000 r--s 00039000 103:06 1846857                   /usr/lib/jvm/java-8-openjdk-amd64/jre/lib/ext/sunpkcs11.jar
7fef9db92000-7fef9db9c000 r--s 00116000 103:06 1846853                   /usr/lib/jvm/java-8-openjdk-amd64/jre/lib/ext/localedata.jar
7fef9db9c000-7fef9db9d000 r--s 0000a000 103:06 1846852                   /usr/lib/jvm/java-8-openjdk-amd64/jre/lib/ext/jaccess.jar
7fef9db9d000-7fef9db9f000 r--s 00008000 103:06 1846855                   /usr/lib/jvm/java-8-openjdk-amd64/jre/lib/ext/sunec.jar
7fef9db9f000-7fef9dba4000 r--s 0003c000 103:06 1846856                   /usr/lib/jvm/java-8-openjdk-amd64/jre/lib/ext/sunjce_provider.jar
7fef9dba4000-7fef9dba7000 r--s 0000f000 103:06 1846851                   /usr/lib/jvm/java-8-openjdk-amd64/jre/lib/ext/icedtea-sound.jar
7fef9dba7000-7fef9dba9000 r--s 00007000 103:06 672722                    /usr/share/java/java-atk-wrapper.jar
7fef9dba9000-7fef9dbb3000 r-xp 00000000 103:06 1846811                   /usr/lib/jvm/java-8-openjdk-amd64/jre/lib/amd64/libinstrument.so
7fef9dbb3000-7fef9ddb2000 ---p 0000a000 103:06 1846811                   /usr/lib/jvm/java-8-openjdk-amd64/jre/lib/amd64/libinstrument.so
7fef9ddb2000-7fef9ddb3000 r--p 00009000 103:06 1846811                   /usr/lib/jvm/java-8-openjdk-amd64/jre/lib/amd64/libinstrument.so
7fef9ddb3000-7fef9ddb4000 rw-p 0000a000 103:06 1846811                   /usr/lib/jvm/java-8-openjdk-amd64/jre/lib/amd64/libinstrument.so
7fef9ddb4000-7fef9e398000 r--p 00000000 103:06 1971852                   /usr/lib/locale/locale-archive
7fef9e398000-7fef9e39a000 r-xp 00000000 103:06 1846829                   /usr/lib/jvm/java-8-openjdk-amd64/jre/lib/amd64/libnpt.so
7fef9e39a000-7fef9e59a000 ---p 00002000 103:06 1846829                   /usr/lib/jvm/java-8-openjdk-amd64/jre/lib/amd64/libnpt.so
7fef9e59a000-7fef9e59b000 r--p 00002000 103:06 1846829                   /usr/lib/jvm/java-8-openjdk-amd64/jre/lib/amd64/libnpt.so
7fef9e59b000-7fef9e59c000 rw-p 00003000 103:06 1846829                   /usr/lib/jvm/java-8-openjdk-amd64/jre/lib/amd64/libnpt.so
7fef9e59c000-7fef9e5d6000 r-xp 00000000 103:06 1846821                   /usr/lib/jvm/java-8-openjdk-amd64/jre/lib/amd64/libjdwp.so
7fef9e5d6000-7fef9e7d5000 ---p 0003a000 103:06 1846821                   /usr/lib/jvm/java-8-openjdk-amd64/jre/lib/amd64/libjdwp.so
7fef9e7d5000-7fef9e7d6000 r--p 00039000 103:06 1846821                   /usr/lib/jvm/java-8-openjdk-amd64/jre/lib/amd64/libjdwp.so
7fef9e7d6000-7fef9e7d7000 rw-p 0003a000 103:06 1846821                   /usr/lib/jvm/java-8-openjdk-amd64/jre/lib/amd64/libjdwp.so
7fef9e7d7000-7fef9e803000 r-xp 00000000 103:06 1846816                   /usr/lib/jvm/java-8-openjdk-amd64/jre/lib/amd64/libjava.so
7fef9e803000-7fef9ea02000 ---p 0002c000 103:06 1846816                   /usr/lib/jvm/java-8-openjdk-amd64/jre/lib/amd64/libjava.so
7fef9ea02000-7fef9ea03000 r--p 0002b000 103:06 1846816                   /usr/lib/jvm/java-8-openjdk-amd64/jre/lib/amd64/libjava.so
7fef9ea03000-7fef9ea05000 rw-p 0002c000 103:06 1846816                   /usr/lib/jvm/java-8-openjdk-amd64/jre/lib/amd64/libjava.so
7fef9ea05000-7fef9ea14000 r-xp 00000000 103:06 1846834                   /usr/lib/jvm/java-8-openjdk-amd64/jre/lib/amd64/libverify.so
7fef9ea14000-7fef9ec13000 ---p 0000f000 103:06 1846834                   /usr/lib/jvm/java-8-openjdk-amd64/jre/lib/amd64/libverify.so
7fef9ec13000-7fef9ec15000 r--p 0000e000 103:06 1846834                   /usr/lib/jvm/java-8-openjdk-amd64/jre/lib/amd64/libverify.so
7fef9ec15000-7fef9ec16000 rw-p 00010000 103:06 1846834                   /usr/lib/jvm/java-8-openjdk-amd64/jre/lib/amd64/libverify.so
7fef9ec16000-7fef9ec18000 r--p 00000000 103:06 2494406                   /usr/lib/x86_64-linux-gnu/librt-2.28.so
7fef9ec18000-7fef9ec1c000 r-xp 00002000 103:06 2494406                   /usr/lib/x86_64-linux-gnu/librt-2.28.so
7fef9ec1c000-7fef9ec1e000 r--p 00006000 103:06 2494406                   /usr/lib/x86_64-linux-gnu/librt-2.28.so
7fef9ec1e000-7fef9ec1f000 r--p 00007000 103:06 2494406                   /usr/lib/x86_64-linux-gnu/librt-2.28.so
7fef9ec1f000-7fef9ec20000 rw-p 00008000 103:06 2494406                   /usr/lib/x86_64-linux-gnu/librt-2.28.so
7fef9ec20000-7fef9ec21000 ---p 00000000 00:00 0 
7fef9ec21000-7fef9ec24000 ---p 00000000 00:00 0 
7fef9ec24000-7fef9ed21000 rw-p 00000000 00:00 0 
7fef9ed21000-7fef9ed24000 r--p 00000000 103:06 2493373                   /usr/lib/x86_64-linux-gnu/libgcc_s.so.1
7fef9ed24000-7fef9ed35000 r-xp 00003000 103:06 2493373                   /usr/lib/x86_64-linux-gnu/libgcc_s.so.1
7fef9ed35000-7fef9ed38000 r--p 00014000 103:06 2493373                   /usr/lib/x86_64-linux-gnu/libgcc_s.so.1
7fef9ed38000-7fef9ed39000 ---p 00017000 103:06 2493373                   /usr/lib/x86_64-linux-gnu/libgcc_s.so.1
7fef9ed39000-7fef9ed3a000 r--p 00017000 103:06 2493373                   /usr/lib/x86_64-linux-gnu/libgcc_s.so.1
7fef9ed3a000-7fef9ed3b000 rw-p 00018000 103:06 2493373                   /usr/lib/x86_64-linux-gnu/libgcc_s.so.1
7fef9ed3b000-7fef9ed48000 r--p 00000000 103:06 2493929                   /usr/lib/x86_64-linux-gnu/libm-2.28.so
7fef9ed48000-7fef9ede7000 r-xp 0000d000 103:06 2493929                   /usr/lib/x86_64-linux-gnu/libm-2.28.so
7fef9ede7000-7fef9eebc000 r--p 000ac000 103:06 2493929                   /usr/lib/x86_64-linux-gnu/libm-2.28.so
7fef9eebc000-7fef9eebd000 r--p 00180000 103:06 2493929                   /usr/lib/x86_64-linux-gnu/libm-2.28.so
7fef9eebd000-7fef9eebe000 rw-p 00181000 103:06 2493929                   /usr/lib/x86_64-linux-gnu/libm-2.28.so
7fef9eebe000-7fef9ef47000 r--p 00000000 103:06 2494516                   /usr/lib/x86_64-linux-gnu/libstdc++.so.6.0.25
7fef9ef47000-7fef9eff3000 r-xp 00089000 103:06 2494516                   /usr/lib/x86_64-linux-gnu/libstdc++.so.6.0.25
7fef9eff3000-7fef9f031000 r--p 00135000 103:06 2494516                   /usr/lib/x86_64-linux-gnu/libstdc++.so.6.0.25
7fef9f031000-7fef9f032000 ---p 00173000 103:06 2494516                   /usr/lib/x86_64-linux-gnu/libstdc++.so.6.0.25
7fef9f032000-7fef9f03c000 r--p 00173000 103:06 2494516                   /usr/lib/x86_64-linux-gnu/libstdc++.so.6.0.25
7fef9f03c000-7fef9f03e000 rw-p 0017d000 103:06 2494516                   /usr/lib/x86_64-linux-gnu/libstdc++.so.6.0.25
7fef9f03e000-7fef9f042000 rw-p 00000000 00:00 0 
7fef9f042000-7fef9fca8000 r-xp 00000000 103:06 1846838                   /usr/lib/jvm/java-8-openjdk-amd64/jre/lib/amd64/server/libjvm.so
7fef9fca8000-7fef9fea7000 ---p 00c66000 103:06 1846838                   /usr/lib/jvm/java-8-openjdk-amd64/jre/lib/amd64/server/libjvm.so
7fef9fea7000-7fef9ff3b000 r--p 00c65000 103:06 1846838                   /usr/lib/jvm/java-8-openjdk-amd64/jre/lib/amd64/server/libjvm.so
7fef9ff3b000-7fef9ff64000 rw-p 00cf9000 103:06 1846838                   /usr/lib/jvm/java-8-openjdk-amd64/jre/lib/amd64/server/libjvm.so
7fef9ff64000-7fef9ff96000 rw-p 00000000 00:00 0 
7fef9ff96000-7fef9ffb8000 r--p 00000000 103:06 2492971                   /usr/lib/x86_64-linux-gnu/libc-2.28.so
7fef9ffb8000-7fefa0100000 r-xp 00022000 103:06 2492971                   /usr/lib/x86_64-linux-gnu/libc-2.28.so
7fefa0100000-7fefa014c000 r--p 0016a000 103:06 2492971                   /usr/lib/x86_64-linux-gnu/libc-2.28.so
7fefa014c000-7fefa014d000 ---p 001b6000 103:06 2492971                   /usr/lib/x86_64-linux-gnu/libc-2.28.so
7fefa014d000-7fefa0151000 r--p 001b6000 103:06 2492971                   /usr/lib/x86_64-linux-gnu/libc-2.28.so
7fefa0151000-7fefa0153000 rw-p 001ba000 103:06 2492971                   /usr/lib/x86_64-linux-gnu/libc-2.28.so
7fefa0153000-7fefa0157000 rw-p 00000000 00:00 0 
7fefa0157000-7fefa0158000 r--p 00000000 103:06 2493149                   /usr/lib/x86_64-linux-gnu/libdl-2.28.so
7fefa0158000-7fefa0159000 r-xp 00001000 103:06 2493149                   /usr/lib/x86_64-linux-gnu/libdl-2.28.so
7fefa0159000-7fefa015a000 r--p 00002000 103:06 2493149                   /usr/lib/x86_64-linux-gnu/libdl-2.28.so
7fefa015a000-7fefa015b000 r--p 00002000 103:06 2493149                   /usr/lib/x86_64-linux-gnu/libdl-2.28.so
7fefa015b000-7fefa015c000 rw-p 00003000 103:06 2493149                   /usr/lib/x86_64-linux-gnu/libdl-2.28.so
7fefa015c000-7fefa0169000 r-xp 00000000 103:06 1846802                   /usr/lib/jvm/java-8-openjdk-amd64/jre/lib/amd64/jli/libjli.so
7fefa0169000-7fefa0368000 ---p 0000d000 103:06 1846802                   /usr/lib/jvm/java-8-openjdk-amd64/jre/lib/amd64/jli/libjli.so
7fefa0368000-7fefa0369000 r--p 0000c000 103:06 1846802                   /usr/lib/jvm/java-8-openjdk-amd64/jre/lib/amd64/jli/libjli.so
7fefa0369000-7fefa036a000 rw-p 0000d000 103:06 1846802                   /usr/lib/jvm/java-8-openjdk-amd64/jre/lib/amd64/jli/libjli.so
7fefa036a000-7fefa036d000 r--p 00000000 103:06 2494865                   /usr/lib/x86_64-linux-gnu/libz.so.1.2.11
7fefa036d000-7fefa037e000 r-xp 00003000 103:06 2494865                   /usr/lib/x86_64-linux-gnu/libz.so.1.2.11
7fefa037e000-7fefa0384000 r--p 00014000 103:06 2494865                   /usr/lib/x86_64-linux-gnu/libz.so.1.2.11
7fefa0384000-7fefa0385000 ---p 0001a000 103:06 2494865                   /usr/lib/x86_64-linux-gnu/libz.so.1.2.11
7fefa0385000-7fefa0386000 r--p 0001a000 103:06 2494865                   /usr/lib/x86_64-linux-gnu/libz.so.1.2.11
7fefa0386000-7fefa0387000 rw-p 0001b000 103:06 2494865                   /usr/lib/x86_64-linux-gnu/libz.so.1.2.11
7fefa0387000-7fefa038d000 r--p 00000000 103:06 2494327                   /usr/lib/x86_64-linux-gnu/libpthread-2.28.so
7fefa038d000-7fefa039c000 r-xp 00006000 103:06 2494327                   /usr/lib/x86_64-linux-gnu/libpthread-2.28.so
7fefa039c000-7fefa03a2000 r--p 00015000 103:06 2494327                   /usr/lib/x86_64-linux-gnu/libpthread-2.28.so
7fefa03a2000-7fefa03a3000 r--p 0001a000 103:06 2494327                   /usr/lib/x86_64-linux-gnu/libpthread-2.28.so
7fefa03a3000-7fefa03a4000 rw-p 0001b000 103:06 2494327                   /usr/lib/x86_64-linux-gnu/libpthread-2.28.so
7fefa03a4000-7fefa03a8000 rw-p 00000000 00:00 0 
7fefa03a8000-7fefa03a9000 r--s 00010000 103:06 1846858                   /usr/lib/jvm/java-8-openjdk-amd64/jre/lib/ext/zipfs.jar
7fefa03a9000-7fefa03b1000 rw-s 00000000 103:06 1704022                   /tmp/hsperfdata_jleo/8375
7fefa03b1000-7fefa03b3000 r--p 00000000 103:06 2494118                   /usr/lib/x86_64-linux-gnu/libnss_nis-2.28.so
7fefa03b3000-7fefa03ba000 r-xp 00002000 103:06 2494118                   /usr/lib/x86_64-linux-gnu/libnss_nis-2.28.so
7fefa03ba000-7fefa03bc000 r--p 00009000 103:06 2494118                   /usr/lib/x86_64-linux-gnu/libnss_nis-2.28.so
7fefa03bc000-7fefa03bd000 r--p 0000a000 103:06 2494118                   /usr/lib/x86_64-linux-gnu/libnss_nis-2.28.so
7fefa03bd000-7fefa03be000 rw-p 0000b000 103:06 2494118                   /usr/lib/x86_64-linux-gnu/libnss_nis-2.28.so
7fefa03be000-7fefa03c0000 r--p 00000000 103:06 2494106                   /usr/lib/x86_64-linux-gnu/libnss_compat-2.28.so
7fefa03c0000-7fefa03c5000 r-xp 00002000 103:06 2494106                   /usr/lib/x86_64-linux-gnu/libnss_compat-2.28.so
7fefa03c5000-7fefa03c7000 r--p 00007000 103:06 2494106                   /usr/lib/x86_64-linux-gnu/libnss_compat-2.28.so
7fefa03c7000-7fefa03c8000 r--p 00008000 103:06 2494106                   /usr/lib/x86_64-linux-gnu/libnss_compat-2.28.so
7fefa03c8000-7fefa03c9000 rw-p 00009000 103:06 2494106                   /usr/lib/x86_64-linux-gnu/libnss_compat-2.28.so
7fefa03c9000-7fefa03ca000 rw-p 00000000 00:00 0 
7fefa03ca000-7fefa03cb000 r--p 00000000 00:00 0 
7fefa03cb000-7fefa03cd000 rw-p 00000000 00:00 0 
7fefa03cd000-7fefa03ce000 r--p 00000000 103:06 2492246                   /usr/lib/x86_64-linux-gnu/ld-2.28.so
7fefa03ce000-7fefa03ec000 r-xp 00001000 103:06 2492246                   /usr/lib/x86_64-linux-gnu/ld-2.28.so
7fefa03ec000-7fefa03f4000 r--p 0001f000 103:06 2492246                   /usr/lib/x86_64-linux-gnu/ld-2.28.so
7fefa03f4000-7fefa03f5000 r--p 00026000 103:06 2492246                   /usr/lib/x86_64-linux-gnu/ld-2.28.so
7fefa03f5000-7fefa03f6000 rw-p 00027000 103:06 2492246                   /usr/lib/x86_64-linux-gnu/ld-2.28.so
7fefa03f6000-7fefa03f7000 rw-p 00000000 00:00 0 
7ffe74777000-7ffe74799000 rw-p 00000000 00:00 0                          [stack]
7ffe747e3000-7ffe747e6000 r--p 00000000 00:00 0                          [vvar]
7ffe747e6000-7ffe747e7000 r-xp 00000000 00:00 0                          [vdso]
ffffffffff600000-ffffffffff601000 --xp 00000000 00:00 0                  [vsyscall]

VM Arguments:
jvm_args: -agentlib:jdwp=transport=dt_socket,address=127.0.0.1:48589,suspend=y,server=n -javaagent:/home/jleo/data/IDEAProject/java/aim/out/artifacts/agent_jar/agent.jar -XX:TieredStopAtLevel=1 -Xverify:none -Dspring.output.ansi.enabled=always -javaagent:/home/jleo/app/idea-IU-202.7660.26/plugins/java/lib/rt/debugger-agent.jar -Dcom.sun.management.jmxremote -Dspring.jmx.enabled=true -Dspring.liveBeansView.mbeanDomain -Dspring.application.admin.enabled=true -Dfile.encoding=UTF-8 
java_command: com.example.demo.DemoApplication
java_class_path (initial): /usr/lib/jvm/java-1.8.0-openjdk-amd64/jre/lib/charsets.jar:/usr/lib/jvm/java-1.8.0-openjdk-amd64/jre/lib/ext/cldrdata.jar:/usr/lib/jvm/java-1.8.0-openjdk-amd64/jre/lib/ext/dnsns.jar:/usr/lib/jvm/java-1.8.0-openjdk-amd64/jre/lib/ext/icedtea-sound.jar:/usr/lib/jvm/java-1.8.0-openjdk-amd64/jre/lib/ext/jaccess.jar:/usr/lib/jvm/java-1.8.0-openjdk-amd64/jre/lib/ext/java-atk-wrapper.jar:/usr/lib/jvm/java-1.8.0-openjdk-amd64/jre/lib/ext/localedata.jar:/usr/lib/jvm/java-1.8.0-openjdk-amd64/jre/lib/ext/nashorn.jar:/usr/lib/jvm/java-1.8.0-openjdk-amd64/jre/lib/ext/sunec.jar:/usr/lib/jvm/java-1.8.0-openjdk-amd64/jre/lib/ext/sunjce_provider.jar:/usr/lib/jvm/java-1.8.0-openjdk-amd64/jre/lib/ext/sunpkcs11.jar:/usr/lib/jvm/java-1.8.0-openjdk-amd64/jre/lib/ext/zipfs.jar:/usr/lib/jvm/java-1.8.0-openjdk-amd64/jre/lib/jce.jar:/usr/lib/jvm/java-1.8.0-openjdk-amd64/jre/lib/jsse.jar:/usr/lib/jvm/java-1.8.0-openjdk-amd64/jre/lib/management-agent.jar:/usr/lib/jvm/java-1.8.0-openjdk-amd64/jre/lib/resources.jar:/usr/lib/jvm/java-1.8.0-openjdk-amd64/jre/lib/rt.jar:/home/jleo/data/IDEAProject/java/aim/demo/target/classes:/home/jleo/appData/maven/repository/org/springframework/boot/spring-boot-starter/2.4.2/spring-boot-starter-2.4.2.jar:/home/jleo/appData/maven/repository/org/springframework/boot/spring-boot/2.4.2/spring-boot-2.4.2.jar:/home/jleo/appData/maven/repository/org/springframework/spring-context/5.3.3/spring-context-5.3.3.jar:/home/jleo/appData/maven/repository/org/springframework/boot/spring-boot-autoconfigure/2.4.2/spring-boot-autoconfigure-2.4.2.jar:/home/jleo/appData/maven/repository/org/springframework/boot/spring-boot-starter-logging/2.4.2/spring-boot-starter-logging-2.4.2.jar:/home/jleo/appData/maven/repository/ch/qos/logback/logback-classic/1.2.3/logback-classic-1.2.3.jar:/home/jleo/appData/maven/repository/ch/qos/logback/logback-core/1.2.3/logback-core-1.2.3.jar:/home/jleo/appData/maven/repository/org/apache/logging/log4j/log4j-to-slf4j/2.13.3/log4
Launcher Type: SUN_STANDARD

Environment Variables:
PATH=/usr/local/bin:/usr/bin:/bin:/usr/local/games:/usr/games:/sbin:/usr/sbin
SHELL=/bin/bash
DISPLAY=:0

Signal Handlers:
SIGSEGV: [libjvm.so+0xa79db0], sa_mask[0]=11111111011111111101111111111110, sa_flags=SA_RESTART|SA_SIGINFO
SIGBUS: [libjvm.so+0xa79db0], sa_mask[0]=11111111011111111101111111111110, sa_flags=SA_RESTART|SA_SIGINFO
SIGFPE: [libjvm.so+0x8c24e0], sa_mask[0]=11111111011111111101111111111110, sa_flags=SA_RESTART|SA_SIGINFO
SIGPIPE: [libjvm.so+0x8c24e0], sa_mask[0]=11111111011111111101111111111110, sa_flags=SA_RESTART|SA_SIGINFO
SIGXFSZ: [libjvm.so+0x8c24e0], sa_mask[0]=11111111011111111101111111111110, sa_flags=SA_RESTART|SA_SIGINFO
SIGILL: [libjvm.so+0x8c24e0], sa_mask[0]=11111111011111111101111111111110, sa_flags=SA_RESTART|SA_SIGINFO
SIGUSR1: SIG_DFL, sa_mask[0]=00000000000000000000000000000000, sa_flags=none
SIGUSR2: [libjvm.so+0x8c2390], sa_mask[0]=00100000000000000000000000000000, sa_flags=SA_RESTART|SA_SIGINFO
SIGHUP: SIG_IGN, sa_mask[0]=00000000000000000000000000000000, sa_flags=none
SIGINT: [libjvm.so+0x8c2a00], sa_mask[0]=11111111011111111101111111111110, sa_flags=SA_RESTART|SA_SIGINFO
SIGTERM: [libjvm.so+0x8c2a00], sa_mask[0]=11111111011111111101111111111110, sa_flags=SA_RESTART|SA_SIGINFO
SIGQUIT: [libjvm.so+0x8c2a00], sa_mask[0]=11111111011111111101111111111110, sa_flags=SA_RESTART|SA_SIGINFO


---------------  S Y S T E M  ---------------

OS:DISTRIB_ID=Deepin
DISTRIB_RELEASE=20.1
DISTRIB_DESCRIPTION="Deepin 20.1"
DISTRIB_CODENAME=apricot

uname:Linux 5.4.70-amd64-desktop #1 SMP Wed Oct 14 15:24:23 CST 2020 x86_64
libc:glibc 2.28 NPTL 2.28 
rlimit: STACK 8192k, CORE 0k, NPROC 62713, NOFILE 1048576, AS infinity
load average:0.73 0.55 0.49

/proc/meminfo:
MemTotal:       16130768 kB
MemFree:         4649112 kB
MemAvailable:    7414780 kB
Buffers:          442720 kB
Cached:          3580724 kB
SwapCached:            0 kB
Active:          8718620 kB
Inactive:        1618948 kB
Active(anon):    6906640 kB
Inactive(anon):   548780 kB
Active(file):    1811980 kB
Inactive(file):  1070168 kB
Unevictable:      596648 kB
Mlocked:              96 kB
SwapTotal:             0 kB
SwapFree:              0 kB
Dirty:              5552 kB
Writeback:             0 kB
AnonPages:       6908860 kB
Mapped:          1199596 kB
Shmem:           1148072 kB
KReclaimable:     223836 kB
Slab:             417040 kB
SReclaimable:     223836 kB
SUnreclaim:       193204 kB
KernelStack:       18544 kB
PageTables:        43476 kB
NFS_Unstable:          0 kB
Bounce:                0 kB
WritebackTmp:          0 kB
CommitLimit:     8065384 kB
Committed_AS:   18268748 kB
VmallocTotal:   34359738367 kB
VmallocUsed:       40084 kB
VmallocChunk:          0 kB
Percpu:             5984 kB
HardwareCorrupted:     0 kB
AnonHugePages:         0 kB
ShmemHugePages:        0 kB
ShmemPmdMapped:        0 kB
FileHugePages:         0 kB
FilePmdMapped:         0 kB
CmaTotal:              0 kB
CmaFree:               0 kB
HugePages_Total:       0
HugePages_Free:        0
HugePages_Rsvd:        0
HugePages_Surp:        0
Hugepagesize:       2048 kB
Hugetlb:               0 kB
DirectMap4k:      334712 kB
DirectMap2M:     9883648 kB
DirectMap1G:     6291456 kB

container (cgroup) information:
container_type: cgroupv1
cpu_cpuset_cpus: 0-7
cpu_memory_nodes: 0
active_processor_count: 8
cpu_quota: -1
cpu_period: 100000
cpu_shares: -1
memory_limit_in_bytes: -1
memory_and_swap_limit_in_bytes: -2
memory_soft_limit_in_bytes: -1
memory_usage_in_bytes: 3618078720
memory_max_usage_in_bytes: 3619332096


CPU:total 8 (initial active 8) (4 cores per cpu, 2 threads per core) family 6 model 142 stepping 12, cmov, cx8, fxsr, mmx, sse, sse2, sse3, ssse3, sse4.1, sse4.2, popcnt, avx, avx2, aes, clmul, erms, 3dnowpref, lzcnt, ht, tsc, tscinvbit, bmi1, bmi2, adx

/proc/cpuinfo:
processor	: 0
vendor_id	: GenuineIntel
cpu family	: 6
model		: 142
model name	: Intel(R) Core(TM) i5-10210U CPU @ 1.60GHz
stepping	: 12
microcode	: 0xd6
cpu MHz		: 2699.981
cache size	: 6144 KB
physical id	: 0
siblings	: 8
core id		: 0
cpu cores	: 4
apicid		: 0
initial apicid	: 0
fpu		: yes
fpu_exception	: yes
cpuid level	: 22
wp		: yes
flags		: fpu vme de pse tsc msr pae mce cx8 apic sep mtrr pge mca cmov pat pse36 clflush dts acpi mmx fxsr sse sse2 ss ht tm pbe syscall nx pdpe1gb rdtscp lm constant_tsc art arch_perfmon pebs bts rep_good nopl xtopology nonstop_tsc cpuid aperfmperf pni pclmulqdq dtes64 monitor ds_cpl vmx est tm2 ssse3 sdbg fma cx16 xtpr pdcm pcid sse4_1 sse4_2 x2apic movbe popcnt tsc_deadline_timer aes xsave avx f16c rdrand lahf_lm abm 3dnowprefetch cpuid_fault epb invpcid_single ssbd ibrs ibpb stibp ibrs_enhanced tpr_shadow vnmi flexpriority ept vpid ept_ad fsgsbase tsc_adjust bmi1 avx2 smep bmi2 erms invpcid mpx rdseed adx smap clflushopt intel_pt xsaveopt xsavec xgetbv1 xsaves dtherm ida arat pln pts hwp hwp_notify hwp_act_window hwp_epp md_clear flush_l1d arch_capabilities
bugs		: spectre_v1 spectre_v2 spec_store_bypass swapgs itlb_multihit srbds
bogomips	: 4199.88
clflush size	: 64
cache_alignment	: 64
address sizes	: 39 bits physical, 48 bits virtual
power management:

processor	: 1
vendor_id	: GenuineIntel
cpu family	: 6
model		: 142
model name	: Intel(R) Core(TM) i5-10210U CPU @ 1.60GHz
stepping	: 12
microcode	: 0xd6
cpu MHz		: 2700.194
cache size	: 6144 KB
physical id	: 0
siblings	: 8
core id		: 1
cpu cores	: 4
apicid		: 2
initial apicid	: 2
fpu		: yes
fpu_exception	: yes
cpuid level	: 22
wp		: yes
flags		: fpu vme de pse tsc msr pae mce cx8 apic sep mtrr pge mca cmov pat pse36 clflush dts acpi mmx fxsr sse sse2 ss ht tm pbe syscall nx pdpe1gb rdtscp lm constant_tsc art arch_perfmon pebs bts rep_good nopl xtopology nonstop_tsc cpuid aperfmperf pni pclmulqdq dtes64 monitor ds_cpl vmx est tm2 ssse3 sdbg fma cx16 xtpr pdcm pcid sse4_1 sse4_2 x2apic movbe popcnt tsc_deadline_timer aes xsave avx f16c rdrand lahf_lm abm 3dnowprefetch cpuid_fault epb invpcid_single ssbd ibrs ibpb stibp ibrs_enhanced tpr_shadow vnmi flexpriority ept vpid ept_ad fsgsbase tsc_adjust bmi1 avx2 smep bmi2 erms invpcid mpx rdseed adx smap clflushopt intel_pt xsaveopt xsavec xgetbv1 xsaves dtherm ida arat pln pts hwp hwp_notify hwp_act_window hwp_epp md_clear flush_l1d arch_capabilities
bugs		: spectre_v1 spectre_v2 spec_store_bypass swapgs itlb_multihit srbds
bogomips	: 4199.88
clflush size	: 64
cache_alignment	: 64
address sizes	: 39 bits physical, 48 bits virtual
power management:

processor	: 2
vendor_id	: GenuineIntel
cpu family	: 6
model		: 142
model name	: Intel(R) Core(TM) i5-10210U CPU @ 1.60GHz
stepping	: 12
microcode	: 0xd6
cpu MHz		: 2700.003
cache size	: 6144 KB
physical id	: 0
siblings	: 8
core id		: 2
cpu cores	: 4
apicid		: 4
initial apicid	: 4
fpu		: yes
fpu_exception	: yes
cpuid level	: 22
wp		: yes
flags		: fpu vme de pse tsc msr pae mce cx8 apic sep mtrr pge mca cmov pat pse36 clflush dts acpi mmx fxsr sse sse2 ss ht tm pbe syscall nx pdpe1gb rdtscp lm constant_tsc art arch_perfmon pebs bts rep_good nopl xtopology nonstop_tsc cpuid aperfmperf pni pclmulqdq dtes64 monitor ds_cpl vmx est tm2 ssse3 sdbg fma cx16 xtpr pdcm pcid sse4_1 sse4_2 x2apic movbe popcnt tsc_deadline_timer aes xsave avx f16c rdrand lahf_lm abm 3dnowprefetch cpuid_fault epb invpcid_single ssbd ibrs ibpb stibp ibrs_enhanced tpr_shadow vnmi flexpriority ept vpid ept_ad fsgsbase tsc_adjust bmi1 avx2 smep bmi2 erms invpcid mpx rdseed adx smap clflushopt intel_pt xsaveopt xsavec xgetbv1 xsaves dtherm ida arat pln pts hwp hwp_notify hwp_act_window hwp_epp md_clear flush_l1d arch_capabilities
bugs		: spectre_v1 spectre_v2 spec_store_bypass swapgs itlb_multihit srbds
bogomips	: 4199.88
clflush size	: 64
cache_alignment	: 64
address sizes	: 39 bits physical, 48 bits virtual
power management:

processor	: 3
vendor_id	: GenuineIntel
cpu family	: 6
model		: 142
model name	: Intel(R) Core(TM) i5-10210U CPU @ 1.60GHz
stepping	: 12
microcode	: 0xd6
cpu MHz		: 2699.999
cache size	: 6144 KB
physical id	: 0
siblings	: 8
core id		: 3
cpu cores	: 4
apicid		: 6
initial apicid	: 6
fpu		: yes
fpu_exception	: yes
cpuid level	: 22
wp		: yes
flags		: fpu vme de pse tsc msr pae mce cx8 apic sep mtrr pge mca cmov pat pse36 clflush dts acpi mmx fxsr sse sse2 ss ht tm pbe syscall nx pdpe1gb rdtscp lm constant_tsc art arch_perfmon pebs bts rep_good nopl xtopology nonstop_tsc cpuid aperfmperf pni pclmulqdq dtes64 monitor ds_cpl vmx est tm2 ssse3 sdbg fma cx16 xtpr pdcm pcid sse4_1 sse4_2 x2apic movbe popcnt tsc_deadline_timer aes xsave avx f16c rdrand lahf_lm abm 3dnowprefetch cpuid_fault epb invpcid_single ssbd ibrs ibpb stibp ibrs_enhanced tpr_shadow vnmi flexpriority ept vpid ept_ad fsgsbase tsc_adjust bmi1 avx2 smep bmi2 erms invpcid mpx rdseed adx smap clflushopt intel_pt xsaveopt xsavec xgetbv1 xsaves dtherm ida arat pln pts hwp hwp_notify hwp_act_window hwp_epp md_clear flush_l1d arch_capabilities
bugs		: spectre_v1 spectre_v2 spec_store_bypass swapgs itlb_multihit srbds
bogomips	: 4199.88
clflush size	: 64
cache_alignment	: 64
address sizes	: 39 bits physical, 48 bits virtual
power management:

processor	: 4
vendor_id	: GenuineIntel
cpu family	: 6
model		: 142
model name	: Intel(R) Core(TM) i5-10210U CPU @ 1.60GHz
stepping	: 12
microcode	: 0xd6
cpu MHz		: 2700.031
cache size	: 6144 KB
physical id	: 0
siblings	: 8
core id		: 0
cpu cores	: 4
apicid		: 1
initial apicid	: 1
fpu		: yes
fpu_exception	: yes
cpuid level	: 22
wp		: yes
flags		: fpu vme de pse tsc msr pae mce cx8 apic sep mtrr pge mca cmov pat pse36 clflush dts acpi mmx fxsr sse sse2 ss ht tm pbe syscall nx pdpe1gb rdtscp lm constant_tsc art arch_perfmon pebs bts rep_good nopl xtopology nonstop_tsc cpuid aperfmperf pni pclmulqdq dtes64 monitor ds_cpl vmx est tm2 ssse3 sdbg fma cx16 xtpr pdcm pcid sse4_1 sse4_2 x2apic movbe popcnt tsc_deadline_timer aes xsave avx f16c rdrand lahf_lm abm 3dnowprefetch cpuid_fault epb invpcid_single ssbd ibrs ibpb stibp ibrs_enhanced tpr_shadow vnmi flexpriority ept vpid ept_ad fsgsbase tsc_adjust bmi1 avx2 smep bmi2 erms invpcid mpx rdseed adx smap clflushopt intel_pt xsaveopt xsavec xgetbv1 xsaves dtherm ida arat pln pts hwp hwp_notify hwp_act_window hwp_epp md_clear flush_l1d arch_capabilities
bugs		: spectre_v1 spectre_v2 spec_store_bypass swapgs itlb_multihit srbds
bogomips	: 4199.88
clflush size	: 64
cache_alignment	: 64
address sizes	: 39 bits physical, 48 bits virtual
power management:

processor	: 5
vendor_id	: GenuineIntel
cpu family	: 6
model		: 142
model name	: Intel(R) Core(TM) i5-10210U CPU @ 1.60GHz
stepping	: 12
microcode	: 0xd6
cpu MHz		: 2700.064
cache size	: 6144 KB
physical id	: 0
siblings	: 8
core id		: 1
cpu cores	: 4
apicid		: 3
initial apicid	: 3
fpu		: yes
fpu_exception	: yes
cpuid level	: 22
wp		: yes
flags		: fpu vme de pse tsc msr pae mce cx8 apic sep mtrr pge mca cmov pat pse36 clflush dts acpi mmx fxsr sse sse2 ss ht tm pbe syscall nx pdpe1gb rdtscp lm constant_tsc art arch_perfmon pebs bts rep_good nopl xtopology nonstop_tsc cpuid aperfmperf pni pclmulqdq dtes64 monitor ds_cpl vmx est tm2 ssse3 sdbg fma cx16 xtpr pdcm pcid sse4_1 sse4_2 x2apic movbe popcnt tsc_deadline_timer aes xsave avx f16c rdrand lahf_lm abm 3dnowprefetch cpuid_fault epb invpcid_single ssbd ibrs ibpb stibp ibrs_enhanced tpr_shadow vnmi flexpriority ept vpid ept_ad fsgsbase tsc_adjust bmi1 avx2 smep bmi2 erms invpcid mpx rdseed adx smap clflushopt intel_pt xsaveopt xsavec xgetbv1 xsaves dtherm ida arat pln pts hwp hwp_notify hwp_act_window hwp_epp md_clear flush_l1d arch_capabilities
bugs		: spectre_v1 spectre_v2 spec_store_bypass swapgs itlb_multihit srbds
bogomips	: 4199.88
clflush size	: 64
cache_alignment	: 64
address sizes	: 39 bits physical, 48 bits virtual
power management:

processor	: 6
vendor_id	: GenuineIntel
cpu family	: 6
model		: 142
model name	: Intel(R) Core(TM) i5-10210U CPU @ 1.60GHz
stepping	: 12
microcode	: 0xd6
cpu MHz		: 2700.015
cache size	: 6144 KB
physical id	: 0
siblings	: 8
core id		: 2
cpu cores	: 4
apicid		: 5
initial apicid	: 5
fpu		: yes
fpu_exception	: yes
cpuid level	: 22
wp		: yes
flags		: fpu vme de pse tsc msr pae mce cx8 apic sep mtrr pge mca cmov pat pse36 clflush dts acpi mmx fxsr sse sse2 ss ht tm pbe syscall nx pdpe1gb rdtscp lm constant_tsc art arch_perfmon pebs bts rep_good nopl xtopology nonstop_tsc cpuid aperfmperf pni pclmulqdq dtes64 monitor ds_cpl vmx est tm2 ssse3 sdbg fma cx16 xtpr pdcm pcid sse4_1 sse4_2 x2apic movbe popcnt tsc_deadline_timer aes xsave avx f16c rdrand lahf_lm abm 3dnowprefetch cpuid_fault epb invpcid_single ssbd ibrs ibpb stibp ibrs_enhanced tpr_shadow vnmi flexpriority ept vpid ept_ad fsgsbase tsc_adjust bmi1 avx2 smep bmi2 erms invpcid mpx rdseed adx smap clflushopt intel_pt xsaveopt xsavec xgetbv1 xsaves dtherm ida arat pln pts hwp hwp_notify hwp_act_window hwp_epp md_clear flush_l1d arch_capabilities
bugs		: spectre_v1 spectre_v2 spec_store_bypass swapgs itlb_multihit srbds
bogomips	: 4199.88
clflush size	: 64
cache_alignment	: 64
address sizes	: 39 bits physical, 48 bits virtual
power management:

processor	: 7
vendor_id	: GenuineIntel
cpu family	: 6
model		: 142
model name	: Intel(R) Core(TM) i5-10210U CPU @ 1.60GHz
stepping	: 12
microcode	: 0xd6
cpu MHz		: 2699.706
cache size	: 6144 KB
physical id	: 0
siblings	: 8
core id		: 3
cpu cores	: 4
apicid		: 7
initial apicid	: 7
fpu		: yes
fpu_exception	: yes
cpuid level	: 22
wp		: yes
flags		: fpu vme de pse tsc msr pae mce cx8 apic sep mtrr pge mca cmov pat pse36 clflush dts acpi mmx fxsr sse sse2 ss ht tm pbe syscall nx pdpe1gb rdtscp lm constant_tsc art arch_perfmon pebs bts rep_good nopl xtopology nonstop_tsc cpuid aperfmperf pni pclmulqdq dtes64 monitor ds_cpl vmx est tm2 ssse3 sdbg fma cx16 xtpr pdcm pcid sse4_1 sse4_2 x2apic movbe popcnt tsc_deadline_timer aes xsave avx f16c rdrand lahf_lm abm 3dnowprefetch cpuid_fault epb invpcid_single ssbd ibrs ibpb stibp ibrs_enhanced tpr_shadow vnmi flexpriority ept vpid ept_ad fsgsbase tsc_adjust bmi1 avx2 smep bmi2 erms invpcid mpx rdseed adx smap clflushopt intel_pt xsaveopt xsavec xgetbv1 xsaves dtherm ida arat pln pts hwp hwp_notify hwp_act_window hwp_epp md_clear flush_l1d arch_capabilities
bugs		: spectre_v1 spectre_v2 spec_store_bypass swapgs itlb_multihit srbds
bogomips	: 4199.88
clflush size	: 64
cache_alignment	: 64
address sizes	: 39 bits physical, 48 bits virtual
power management:



Memory: 4k page, physical 16130768k(4649112k free), swap 0k(0k free)

vm_info: OpenJDK 64-Bit Server VM (25.212-b01) for linux-amd64 JRE (1.8.0_212-8u212-b01-1~deb9u1-b01), built on Mar 18 2019 23:06:47 by "jmm" with gcc 6.3.0 20170516

time: Thu Feb  4 17:45:21 2021
timezone: CST
elapsed time: 19 seconds (0d 0h 0m 19s)

