#
# A fatal error has been detected by the Java Runtime Environment:
#
#  SIGSEGV (0xb) at pc=0x00007ffb4419e800, pid=2706, tid=0x00007ffb43630700
#
# JRE version: OpenJDK Runtime Environment (8.0_212-b01) (build 1.8.0_212-8u212-b01-1~deb9u1-b01)
# Java VM: OpenJDK 64-Bit Server VM (25.212-b01 mixed mode linux-amd64 compressed oops)
# Problematic frame:
# V  [libjvm.so+0x84c800]
#
# Failed to write core dump. Core dumps have been disabled. To enable core dumping, try "ulimit -c unlimited" before starting Java again
#
# If you would like to submit a bug report, please visit:
#   http://bugreport.java.com/bugreport/crash.jsp
#

---------------  T H R E A D  ---------------

Current thread (0x00007ffb3c011800):  JavaThread "main" [_thread_in_vm, id=2708, stack(0x00007ffb43531000,0x00007ffb43631000)]

siginfo: si_signo: 11 (SIGSEGV), si_code: 1 (SEGV_MAPERR), si_addr: 0x0000000000000008

Registers:
RAX=0x00007ffb2d0004e7, RBX=0x00007ffb4362de60, RCX=0x00007ffb2d005360, RDX=0x00007ffb3c05cd20
RSP=0x00007ffb4362ddd8, RBP=0x00007ffb4362e4a0, RSI=0x00000000011cff70, RDI=0x0000000000000000
R8 =0x00007ffb2d000000, R9 =0x00000007715676f0, R10=0x00007ffb4362f9b8, R11=0x00007ffb4362f9b8
R12=0x00007ffb3c011800, R13=0x0000000000000000, R14=0x00007ffb4362dde0, R15=0x00007ffb3c012498
RIP=0x00007ffb4419e800, EFLAGS=0x0000000000010246, CSGSFS=0x002b000000000033, ERR=0x0000000000000004
  TRAPNO=0x000000000000000e

Top of Stack: (sp=0x00007ffb4362ddd8)
0x00007ffb4362ddd8:   00007ffb442c1ce8 00007ffb4362e518
0x00007ffb4362dde8:   00007ffb2d0004e7 00007ffb2d0003d0
0x00007ffb4362ddf8:   0000000700000000 00007ffb4362e580
0x00007ffb4362de08:   00007ffb4362e518 0000000771552148
0x00007ffb4362de18:   00000006c9cb5128 0000000000000000
0x00007ffb4362de28:   0000000000000000 00007ffb4362e508
0x00007ffb4362de38:   00007ffb2d005268 00007ffb2d005210
0x00007ffb4362de48:   0000000700000000 00007ffb4362e508
0x00007ffb4362de58:   00007ffb4362e508 00007ffb4362e518
0x00007ffb4362de68:   00007ffb2d0004e7 00007ffb2d0003d0
0x00007ffb4362de78:   0000000700000000 00007ffb4362e580
0x00007ffb4362de88:   00007ffb4362e518 00007ffb3c011800
0x00007ffb4362de98:   00000007715535a0 0000000771553698
0x00007ffb4362dea8:   00007ffb43f7bfe0 00007ffb3e09e000
0x00007ffb4362deb8:   4cf76ed472362b00 00007ffb4362e3e0
0x00007ffb4362dec8:   00007ffb2d31e244 000000000000000f
0x00007ffb4362ded8:   00007ffb4362dfe0 00007ffb4362df40
0x00007ffb4362dee8:   01007ffb43f773e4 00007ffb4487dbf9
0x00007ffb4362def8:   0000000771552f18 00007ffb4362e5a0
0x00007ffb4362df08:   00007ffb2d369534 00007ffb2d368c10
0x00007ffb4362df18:   0000000700000000 00007ffb4362eb20
0x00007ffb4362df28:   00007ffb4362e5a0 00007ffb3c011800
0x00007ffb4362df38:   0000000000000031 00007ffb00000001
0x00007ffb4362df48:   0000000771552f90 00007ffb4362e068
0x00007ffb4362df58:   00007ffb2d2fa4cc 00007ffb4362e3e0
0x00007ffb4362df68:   00007ffb2d28a1b4 00007ffb4362dfb0
0x00007ffb4362df78:   00007ffb43fbcb15 00000007c00714f0
0x00007ffb4362df88:   00000007715535b8 00000007c00714f0
0x00007ffb4362df98:   0000000003b8aa9a 00007ffb4362e070
0x00007ffb4362dfa8:   00007ffb440eaabe 00007ffb4362e0c0
0x00007ffb4362dfb8:   00007ffb44332243 00007ffb3c0120c2
0x00007ffb4362dfc8:   0000000000000000 00007ffb3cb20a20 

Instructions: (pc=0x00007ffb4419e800)
0x00007ffb4419e7e0:   72 ee 0f b7 7a 20 5d 48 8d 7c 3a 30 89 f2 29 ca
0x00007ffb4419e7f0:   48 39 fe 0f 42 c2 c3 90 0f 1f 84 00 00 00 00 00
0x00007ffb4419e800:   48 8b 47 08 55 48 63 f6 48 89 e5 48 8d 44 30 30
0x00007ffb4419e810:   5d c3 0f 1f 40 00 66 2e 0f 1f 84 00 00 00 00 00 

Register to memory mapping:

RAX=0x00007ffb2d0004e7 is at begin+136 in a stub
StubRoutines::call_stub [0x00007ffb2d00045f, 0x00007ffb2d000547[ (232 bytes)
RBX=0x00007ffb4362de60 is pointing into the stack for thread: 0x00007ffb3c011800
RCX=0x00007ffb2d005360 is pointing into interpreter code (not bytecode specific)
RDX=0x00007ffb3c05cd20 is an unknown value
RSP=0x00007ffb4362ddd8 is pointing into the stack for thread: 0x00007ffb3c011800
RBP=0x00007ffb4362e4a0 is pointing into the stack for thread: 0x00007ffb3c011800
RSI=0x00000000011cff70 is an unknown value
RDI=0x0000000000000000 is an unknown value
R8 =0x00007ffb2d000000 is an unknown value
R9 =0x00000007715676f0 is an oop
[S 
 - klass: {type array short}
 - length: 32
R10=0x00007ffb4362f9b8 is pointing into the stack for thread: 0x00007ffb3c011800
R11=0x00007ffb4362f9b8 is pointing into the stack for thread: 0x00007ffb3c011800
R12=0x00007ffb3c011800 is a thread
R13=0x0000000000000000 is an unknown value
R14=0x00007ffb4362dde0 is pointing into the stack for thread: 0x00007ffb3c011800
R15=0x00007ffb3c012498 is an unknown value


Stack: [0x00007ffb43531000,0x00007ffb43631000],  sp=0x00007ffb4362ddd8,  free space=1011k
Native frames: (J=compiled Java code, j=interpreted, Vv=VM code, C=native code)
V  [libjvm.so+0x84c800]
V  [libjvm.so+0x9712aa]
v  ~RuntimeStub::StackOverflowError throw_exception
C  0x00007ffb4362e580
C  0x00007ffb3c012428

Java frames: (J=compiled Java code, j=interpreted, Vv=VM code)
v  ~RuntimeStub::StackOverflowError throw_exception
v  ~StubRoutines::call_stub
J 1308  sun.reflect.NativeConstructorAccessorImpl.newInstance0(Ljava/lang/reflect/Constructor;[Ljava/lang/Object;)Ljava/lang/Object; (0 bytes) @ 0x00007ffb2d30b023 [0x00007ffb2d30afc0+0x63]
J 1307 C1 sun.reflect.NativeConstructorAccessorImpl.newInstance([Ljava/lang/Object;)Ljava/lang/Object; (89 bytes) @ 0x00007ffb2d30b794 [0x00007ffb2d30b3e0+0x3b4]
J 1290 C1 sun.reflect.DelegatingConstructorAccessorImpl.newInstance([Ljava/lang/Object;)Ljava/lang/Object; (9 bytes) @ 0x00007ffb2d305e9c [0x00007ffb2d305e40+0x5c]
J 1283 C1 java.lang.reflect.Constructor.newInstance([Ljava/lang/Object;)Ljava/lang/Object; (87 bytes) @ 0x00007ffb2d302da4 [0x00007ffb2d302c60+0x144]
j  org.springframework.beans.BeanUtils.instantiateClass(Ljava/lang/reflect/Constructor;[Ljava/lang/Object;)Ljava/lang/Object;+128
j  org.springframework.beans.factory.support.SimpleInstantiationStrategy.instantiate(Lorg/springframework/beans/factory/support/RootBeanDefinition;Ljava/lang/String;Lorg/springframework/beans/factory/BeanFactory;)Ljava/lang/Object;+140
j  org.springframework.beans.factory.support.AbstractAutowireCapableBeanFactory.instantiateBean(Ljava/lang/String;Lorg/springframework/beans/factory/support/RootBeanDefinition;)Lorg/springframework/beans/BeanWrapper;+32
j  org.springframework.beans.factory.support.AbstractAutowireCapableBeanFactory.createBeanInstance(Ljava/lang/String;Lorg/springframework/beans/factory/support/RootBeanDefinition;[Ljava/lang/Object;)Lorg/springframework/beans/BeanWrapper;+250
j  org.springframework.beans.factory.support.AbstractAutowireCapableBeanFactory.doCreateBean(Ljava/lang/String;Lorg/springframework/beans/factory/support/RootBeanDefinition;[Ljava/lang/Object;)Ljava/lang/Object;+34
j  org.springframework.beans.factory.support.AbstractAutowireCapableBeanFactory.createBean(Ljava/lang/String;Lorg/springframework/beans/factory/support/RootBeanDefinition;[Ljava/lang/Object;)Ljava/lang/Object;+169
j  org.springframework.beans.factory.support.AbstractBeanFactory.lambda$doGetBean$0(Ljava/lang/String;Lorg/springframework/beans/factory/support/RootBeanDefinition;[Ljava/lang/Object;)Ljava/lang/Object;+4
j  org.springframework.beans.factory.support.AbstractBeanFactory$$Lambda$185.getObject()Ljava/lang/Object;+16
j  org.springframework.beans.factory.support.DefaultSingletonBeanRegistry.getSingleton(Ljava/lang/String;Lorg/springframework/beans/factory/ObjectFactory;)Ljava/lang/Object;+132
J 1998 C1 org.springframework.beans.factory.support.AbstractBeanFactory.doGetBean(Ljava/lang/String;Ljava/lang/Class;[Ljava/lang/Object;Z)Ljava/lang/Object; (832 bytes) @ 0x00007ffb2d437d94 [0x00007ffb2d4376e0+0x6b4]
j  org.springframework.beans.factory.support.AbstractBeanFactory.getBean(Ljava/lang/String;)Ljava/lang/Object;+5
j  org.springframework.beans.factory.support.DefaultListableBeanFactory.preInstantiateSingletons()V+248
j  org.springframework.context.support.AbstractApplicationContext.finishBeanFactoryInitialization(Lorg/springframework/beans/factory/config/ConfigurableListableBeanFactory;)V+124
j  org.springframework.context.support.AbstractApplicationContext.refresh()V+86
j  org.springframework.boot.web.servlet.context.ServletWebServerApplicationContext.refresh()V+1
j  org.springframework.boot.SpringApplication.refresh(Lorg/springframework/context/ConfigurableApplicationContext;)V+1
j  org.springframework.boot.SpringApplication.refresh(Lorg/springframework/context/ApplicationContext;)V+12
j  org.springframework.boot.SpringApplication.refreshContext(Lorg/springframework/context/ConfigurableApplicationContext;)V+19
j  org.springframework.boot.SpringApplication.run([Ljava/lang/String;)Lorg/springframework/context/ConfigurableApplicationContext;+111
j  org.springframework.boot.SpringApplication.run([Ljava/lang/Class;[Ljava/lang/String;)Lorg/springframework/context/ConfigurableApplicationContext;+9
j  org.springframework.boot.SpringApplication.run(Ljava/lang/Class;[Ljava/lang/String;)Lorg/springframework/context/ConfigurableApplicationContext;+9
j  com.example.demo.DemoApplication.main([Ljava/lang/String;)V+3
v  ~StubRoutines::call_stub

---------------  P R O C E S S  ---------------

Java Threads: ( => current thread )
  0x00007ffb3cbed000 JavaThread "container-0" [_thread_blocked, id=2796, stack(0x00007ffb1026e000,0x00007ffb1036f000)]
  0x00007ffab0003800 JavaThread "Catalina-utility-2" [_thread_blocked, id=2795, stack(0x00007ffb1036f000,0x00007ffb10470000)]
  0x00007ffb3cbea800 JavaThread "Catalina-utility-1" [_thread_blocked, id=2794, stack(0x00007ffb10470000,0x00007ffb10571000)]
  0x00007ffaec003800 JavaThread "Attach Listener" daemon [_thread_blocked, id=2789, stack(0x00007ffb10b71000,0x00007ffb10c72000)]
  0x00007ffaec002000 JavaThread "Attach Listener" daemon [_thread_blocked, id=2788, stack(0x00007ffb10c72000,0x00007ffb10d73000)]
  0x00007ffaec001000 JavaThread "Attach Listener" daemon [_thread_blocked, id=2787, stack(0x00007ffb11373000,0x00007ffb11474000)]
  0x00007ffb3c5b4000 JavaThread "RMI TCP Accept-0" daemon [_thread_in_native, id=2740, stack(0x00007ffb1199d000,0x00007ffb11a9e000)]
  0x00007ffb3c4a0800 JavaThread "Service Thread" daemon [_thread_blocked, id=2739, stack(0x00007ffb120d6000,0x00007ffb121d7000)]
  0x00007ffb3c49d800 JavaThread "C1 CompilerThread3" daemon [_thread_in_native, id=2738, stack(0x00007ffb121d8000,0x00007ffb122d8000)]
  0x00007ffb3c49b000 JavaThread "C2 CompilerThread2" daemon [_thread_blocked, id=2737, stack(0x00007ffb122d9000,0x00007ffb123d9000)]
  0x00007ffb3c499000 JavaThread "C2 CompilerThread1" daemon [_thread_blocked, id=2736, stack(0x00007ffb123da000,0x00007ffb124da000)]
  0x00007ffb3c492800 JavaThread "C2 CompilerThread0" daemon [_thread_blocked, id=2735, stack(0x00007ffb124db000,0x00007ffb125db000)]
  0x00007ffaf0001000 JavaThread "JDWP Command Reader" daemon [_thread_in_native, id=2734, stack(0x00007ffb125e3000,0x00007ffb126e4000)]
  0x00007ffb3c21c800 JavaThread "JDWP Event Helper Thread" daemon [_thread_blocked, id=2732, stack(0x00007ffb126e4000,0x00007ffb127e5000)]
  0x00007ffb3c218800 JavaThread "JDWP Transport Listener: dt_socket" daemon [_thread_blocked, id=2730, stack(0x00007ffb127e5000,0x00007ffb128e6000)]
  0x00007ffb3c20c000 JavaThread "Signal Dispatcher" daemon [_thread_blocked, id=2729, stack(0x00007ffb12aeb000,0x00007ffb12bec000)]
  0x00007ffb3c1db000 JavaThread "Finalizer" daemon [_thread_blocked, id=2721, stack(0x00007ffb12bec000,0x00007ffb12ced000)]
  0x00007ffb3c1d8800 JavaThread "Reference Handler" daemon [_thread_blocked, id=2720, stack(0x00007ffb12ced000,0x00007ffb12dee000)]
=>0x00007ffb3c011800 JavaThread "main" [_thread_in_vm, id=2708, stack(0x00007ffb43531000,0x00007ffb43631000)]

Other Threads:
  0x00007ffb3c1ce800 VMThread [stack: 0x00007ffb12def000,0x00007ffb12eef000] [id=2719]
  0x00007ffb3c5cb800 WatcherThread [stack: 0x00007ffb1189d000,0x00007ffb1199d000] [id=2741]

VM state:not at safepoint (normal execution)

VM Mutex/Monitor currently owned by a thread:  ([mutex/lock_event])
[0x00007ffb3c00e9a0] Compile_lock - owner thread: 0x00007ffb3c49d800
[0x00007ffb3c00eaa0] MethodCompileQueue_lock - owner thread: 0x00007ffb3c49d800

OutOfMemory and StackOverflow Exception counts:
StackOverflowErrors=1

heap address: 0x00000006c9c00000, size: 3940 MB, Compressed Oops mode: Zero based, Oop shift amount: 3
Narrow klass base: 0x0000000000000000, Narrow klass shift: 3
Compressed class space size: 1073741824 Address: 0x00000007c0000000

Heap:
 PSYoungGen      total 74240K, used 56030K [0x000000076df00000, 0x0000000777000000, 0x00000007c0000000)
  eden space 64000K, 87% used [0x000000076df00000,0x00000007715b7838,0x0000000771d80000)
  from space 10240K, 0% used [0x0000000771d80000,0x0000000771d80000,0x0000000772780000)
  to   space 10240K, 0% used [0x0000000776600000,0x0000000776600000,0x0000000777000000)
 ParOldGen       total 80384K, used 7596K [0x00000006c9c00000, 0x00000006cea80000, 0x000000076df00000)
  object space 80384K, 9% used [0x00000006c9c00000,0x00000006ca36b268,0x00000006cea80000)
 Metaspace       used 24643K, capacity 26190K, committed 26288K, reserved 1073152K
  class space    used 3149K, capacity 3449K, committed 3504K, reserved 1048576K

Card table byte_map: [0x00007ffb416ec000,0x00007ffb41e9f000] byte_map_base: 0x00007ffb3e09e000

Marking Bits: (ParMarkBitMap*) 0x00007ffb448875a0
 Begin Bits: [0x00007ffb204e0000, 0x00007ffb24270000)
 End Bits:   [0x00007ffb24270000, 0x00007ffb28000000)

Polling page: 0x00007ffb44cda000

CodeCache: size=245760Kb used=4864Kb max_used=4864Kb free=240895Kb
 bounds [0x00007ffb2d000000, 0x00007ffb2d4d0000, 0x00007ffb3c000000]
 total_blobs=2640 nmethods=2249 adapters=313
 compilation: enabled

Compilation events (10 events):
Event: 11.852 Thread 0x00007ffb3c49d800 nmethod 2243 0x00007ffb2d4b8ed0 code [0x00007ffb2d4b9020, 0x00007ffb2d4b9130]
Event: 11.856 Thread 0x00007ffb3c49d800 2244       1       java.util.zip.ZipCoder::getBytes (192 bytes)
Event: 11.856 Thread 0x00007ffb3c49d800 nmethod 2244 0x00007ffb2d4b9190 code [0x00007ffb2d4b9440, 0x00007ffb2d4ba238]
Event: 11.862 Thread 0x00007ffb3c49d800 2245       1       java.util.LinkedList::size (5 bytes)
Event: 11.862 Thread 0x00007ffb3c49d800 nmethod 2245 0x00007ffb2d4baed0 code [0x00007ffb2d4bb020, 0x00007ffb2d4bb130]
Event: 11.868 Thread 0x00007ffb3c49d800 2246   !   1       java.net.URLClassLoader::getResourceAsStream (137 bytes)
Event: 11.869 Thread 0x00007ffb3c49d800 nmethod 2246 0x00007ffb2d4bb390 code [0x00007ffb2d4bb580, 0x00007ffb2d4bbd68]
Event: 11.871 Thread 0x00007ffb3c49d800 2247       1       org.springframework.beans.factory.support.AbstractBeanDefinition::getBeanClass (63 bytes)
Event: 11.871 Thread 0x00007ffb3c49d800 nmethod 2247 0x00007ffb2d4bc350 code [0x00007ffb2d4bc540, 0x00007ffb2d4bcac8]
Event: 11.871 Thread 0x00007ffb3c49d800 2248       1       sun.misc.ProxyGenerator$MethodInfo::write (283 bytes)

GC Heap History (8 events):
Event: 0.833 GC heap before
{Heap before GC invocations=1 (full 0):
 PSYoungGen      total 74240K, used 64000K [0x000000076df00000, 0x0000000773180000, 0x00000007c0000000)
  eden space 64000K, 100% used [0x000000076df00000,0x0000000771d80000,0x0000000771d80000)
  from space 10240K, 0% used [0x0000000772780000,0x0000000772780000,0x0000000773180000)
  to   space 10240K, 0% used [0x0000000771d80000,0x0000000771d80000,0x0000000772780000)
 ParOldGen       total 169472K, used 0K [0x00000006c9c00000, 0x00000006d4180000, 0x000000076df00000)
  object space 169472K, 0% used [0x00000006c9c00000,0x00000006c9c00000,0x00000006d4180000)
 Metaspace       used 12750K, capacity 13348K, committed 13568K, reserved 1060864K
  class space    used 1584K, capacity 1732K, committed 1792K, reserved 1048576K
Event: 0.839 GC heap after
Heap after GC invocations=1 (full 0):
 PSYoungGen      total 74240K, used 6352K [0x000000076df00000, 0x0000000773180000, 0x00000007c0000000)
  eden space 64000K, 0% used [0x000000076df00000,0x000000076df00000,0x0000000771d80000)
  from space 10240K, 62% used [0x0000000771d80000,0x00000007723b4198,0x0000000772780000)
  to   space 10240K, 0% used [0x0000000772780000,0x0000000772780000,0x0000000773180000)
 ParOldGen       total 169472K, used 16K [0x00000006c9c00000, 0x00000006d4180000, 0x000000076df00000)
  object space 169472K, 0% used [0x00000006c9c00000,0x00000006c9c04000,0x00000006d4180000)
 Metaspace       used 12750K, capacity 13348K, committed 13568K, reserved 1060864K
  class space    used 1584K, capacity 1732K, committed 1792K, reserved 1048576K
}
Event: 1.187 GC heap before
{Heap before GC invocations=2 (full 0):
 PSYoungGen      total 74240K, used 70352K [0x000000076df00000, 0x0000000773180000, 0x00000007c0000000)
  eden space 64000K, 100% used [0x000000076df00000,0x0000000771d80000,0x0000000771d80000)
  from space 10240K, 62% used [0x0000000771d80000,0x00000007723b4198,0x0000000772780000)
  to   space 10240K, 0% used [0x0000000772780000,0x0000000772780000,0x0000000773180000)
 ParOldGen       total 169472K, used 16K [0x00000006c9c00000, 0x00000006d4180000, 0x000000076df00000)
  object space 169472K, 0% used [0x00000006c9c00000,0x00000006c9c04000,0x00000006d4180000)
 Metaspace       used 18354K, capacity 19184K, committed 19456K, reserved 1067008K
  class space    used 2318K, capacity 2504K, committed 2560K, reserved 1048576K
Event: 1.205 GC heap after
Heap after GC invocations=2 (full 0):
 PSYoungGen      total 74240K, used 9874K [0x000000076df00000, 0x0000000777000000, 0x00000007c0000000)
  eden space 64000K, 0% used [0x000000076df00000,0x000000076df00000,0x0000000771d80000)
  from space 10240K, 96% used [0x0000000772780000,0x00000007731249f8,0x0000000773180000)
  to   space 10240K, 0% used [0x0000000771d80000,0x0000000771d80000,0x0000000772780000)
 ParOldGen       total 169472K, used 24K [0x00000006c9c00000, 0x00000006d4180000, 0x000000076df00000)
  object space 169472K, 0% used [0x00000006c9c00000,0x00000006c9c06000,0x00000006d4180000)
 Metaspace       used 18354K, capacity 19184K, committed 19456K, reserved 1067008K
  class space    used 2318K, capacity 2504K, committed 2560K, reserved 1048576K
}
Event: 11.512 GC heap before
{Heap before GC invocations=3 (full 0):
 PSYoungGen      total 74240K, used 48414K [0x000000076df00000, 0x0000000777000000, 0x00000007c0000000)
  eden space 64000K, 60% used [0x000000076df00000,0x00000007704a2e78,0x0000000771d80000)
  from space 10240K, 96% used [0x0000000772780000,0x00000007731249f8,0x0000000773180000)
  to   space 10240K, 0% used [0x0000000771d80000,0x0000000771d80000,0x0000000772780000)
 ParOldGen       total 169472K, used 24K [0x00000006c9c00000, 0x00000006d4180000, 0x000000076df00000)
  object space 169472K, 0% used [0x00000006c9c00000,0x00000006c9c06000,0x00000006d4180000)
 Metaspace       used 20184K, capacity 21240K, committed 21296K, reserved 1067008K
  class space    used 2590K, capacity 2854K, committed 2864K, reserved 1048576K
Event: 11.517 GC heap after
Heap after GC invocations=3 (full 0):
 PSYoungGen      total 74240K, used 7927K [0x000000076df00000, 0x0000000777000000, 0x00000007c0000000)
  eden space 64000K, 0% used [0x000000076df00000,0x000000076df00000,0x0000000771d80000)
  from space 10240K, 77% used [0x0000000771d80000,0x000000077253dc08,0x0000000772780000)
  to   space 10240K, 0% used [0x0000000776600000,0x0000000776600000,0x0000000777000000)
 ParOldGen       total 169472K, used 40K [0x00000006c9c00000, 0x00000006d4180000, 0x000000076df00000)
  object space 169472K, 0% used [0x00000006c9c00000,0x00000006c9c0a000,0x00000006d4180000)
 Metaspace       used 20184K, capacity 21240K, committed 21296K, reserved 1067008K
  class space    used 2590K, capacity 2854K, committed 2864K, reserved 1048576K
}
Event: 11.517 GC heap before
{Heap before GC invocations=4 (full 1):
 PSYoungGen      total 74240K, used 7927K [0x000000076df00000, 0x0000000777000000, 0x00000007c0000000)
  eden space 64000K, 0% used [0x000000076df00000,0x000000076df00000,0x0000000771d80000)
  from space 10240K, 77% used [0x0000000771d80000,0x000000077253dc08,0x0000000772780000)
  to   space 10240K, 0% used [0x0000000776600000,0x0000000776600000,0x0000000777000000)
 ParOldGen       total 169472K, used 40K [0x00000006c9c00000, 0x00000006d4180000, 0x000000076df00000)
  object space 169472K, 0% used [0x00000006c9c00000,0x00000006c9c0a000,0x00000006d4180000)
 Metaspace       used 20184K, capacity 21240K, committed 21296K, reserved 1067008K
  class space    used 2590K, capacity 2854K, committed 2864K, reserved 1048576K
Event: 11.551 GC heap after
Heap after GC invocations=4 (full 1):
 PSYoungGen      total 74240K, used 0K [0x000000076df00000, 0x0000000777000000, 0x00000007c0000000)
  eden space 64000K, 0% used [0x000000076df00000,0x000000076df00000,0x0000000771d80000)
  from space 10240K, 0% used [0x0000000771d80000,0x0000000771d80000,0x0000000772780000)
  to   space 10240K, 0% used [0x0000000776600000,0x0000000776600000,0x0000000777000000)
 ParOldGen       total 80384K, used 7596K [0x00000006c9c00000, 0x00000006cea80000, 0x000000076df00000)
  object space 80384K, 9% used [0x00000006c9c00000,0x00000006ca36b268,0x00000006cea80000)
 Metaspace       used 20184K, capacity 21240K, committed 21296K, reserved 1067008K
  class space    used 2590K, capacity 2854K, committed 2864K, reserved 1048576K
}

Deoptimization events (0 events):
No events

Classes redefined (0 events):
No events

Internal exceptions (10 events):
Event: 11.829 Thread 0x00007ffb3c011800 Exception <a 'java/io/FileNotFoundException'> (0x0000000770d5e898) thrown at [/home/jmm/jdk/openjdk-8-8u212-b01/src/hotspot/src/share/vm/prims/jni.cpp, line 710]
Event: 11.837 Thread 0x00007ffb3c011800 Implicit null exception at 0x00007ffb2d123580 to 0x00007ffb2d1236ed
Event: 11.837 Thread 0x00007ffb3c011800 Exception <a 'java/lang/NullPointerException'> (0x0000000770f5b6b8) thrown at [/home/jmm/jdk/openjdk-8-8u212-b01/src/hotspot/src/share/vm/runtime/sharedRuntime.cpp, line 605]
Event: 11.838 Thread 0x00007ffb3c011800 Implicit null exception at 0x00007ffb2d123580 to 0x00007ffb2d1236ed
Event: 11.838 Thread 0x00007ffb3c011800 Exception <a 'java/lang/NullPointerException'> (0x0000000770f5fcd8) thrown at [/home/jmm/jdk/openjdk-8-8u212-b01/src/hotspot/src/share/vm/runtime/sharedRuntime.cpp, line 605]
Event: 11.839 Thread 0x00007ffb3c011800 Implicit null exception at 0x00007ffb2d123580 to 0x00007ffb2d1236ed
Event: 11.839 Thread 0x00007ffb3c011800 Exception <a 'java/lang/NullPointerException'> (0x0000000770f9c1b8) thrown at [/home/jmm/jdk/openjdk-8-8u212-b01/src/hotspot/src/share/vm/runtime/sharedRuntime.cpp, line 605]
Event: 11.848 Thread 0x00007ffb3c011800 Implicit null exception at 0x00007ffb2d123580 to 0x00007ffb2d1236ed
Event: 11.848 Thread 0x00007ffb3c011800 Exception <a 'java/lang/NullPointerException'> (0x00000007710a1440) thrown at [/home/jmm/jdk/openjdk-8-8u212-b01/src/hotspot/src/share/vm/runtime/sharedRuntime.cpp, line 605]
Event: 11.862 Thread 0x00007ffb3c011800 Exception <a 'java/io/FileNotFoundException'> (0x000000077137ae10) thrown at [/home/jmm/jdk/openjdk-8-8u212-b01/src/hotspot/src/share/vm/prims/jni.cpp, line 710]

Events (10 events):
Event: 11.871 loading class sun/reflect/UnsafeObjectFieldAccessorImpl
Event: 11.871 loading class sun/reflect/UnsafeObjectFieldAccessorImpl done
Event: 11.871 loading class org/springframework/beans/factory/SmartFactoryBean
Event: 11.871 loading class org/springframework/beans/factory/SmartFactoryBean done
Event: 11.871 Thread 0x00007ffb3c011800 DEOPT PACKING pc=0x00007ffb2d1f3911 sp=0x00007ffb4362e310
Event: 11.871 Thread 0x00007ffb3c011800 DEOPT UNPACKING pc=0x00007ffb2d0474c4 sp=0x00007ffb4362e080 mode 1
Event: 11.871 Thread 0x00007ffb3c011800 DEOPT PACKING pc=0x00007ffb2d1b3f84 sp=0x00007ffb4362e390
Event: 11.871 Thread 0x00007ffb3c011800 DEOPT UNPACKING pc=0x00007ffb2d0474c4 sp=0x00007ffb4362e1d0 mode 1
Event: 11.871 Thread 0x00007ffb3c011800 DEOPT PACKING pc=0x00007ffb2d1b3ecc sp=0x00007ffb4362e520
Event: 11.871 Thread 0x00007ffb3c011800 DEOPT UNPACKING pc=0x00007ffb2d0474c4 sp=0x00007ffb4362e360 mode 1


Dynamic libraries:
6c9c00000-6cea80000 rw-p 00000000 00:00 0 
6cea80000-76df00000 ---p 00000000 00:00 0 
76df00000-777000000 rw-p 00000000 00:00 0 
777000000-7c0000000 ---p 00000000 00:00 0 
7c0000000-7c036c000 rw-p 00000000 00:00 0 
7c036c000-800000000 ---p 00000000 00:00 0 
5626a0411000-5626a0412000 r-xp 00000000 103:06 1846789                   /usr/lib/jvm/java-8-openjdk-amd64/jre/bin/java
5626a0611000-5626a0612000 r--p 00000000 103:06 1846789                   /usr/lib/jvm/java-8-openjdk-amd64/jre/bin/java
5626a0612000-5626a0613000 rw-p 00001000 103:06 1846789                   /usr/lib/jvm/java-8-openjdk-amd64/jre/bin/java
5626a13aa000-5626a13cb000 rw-p 00000000 00:00 0                          [heap]
7ffaa8000000-7ffaa8021000 rw-p 00000000 00:00 0 
7ffaa8021000-7ffaac000000 ---p 00000000 00:00 0 
7ffab0000000-7ffab0021000 rw-p 00000000 00:00 0 
7ffab0021000-7ffab4000000 ---p 00000000 00:00 0 
7ffab4000000-7ffab4021000 rw-p 00000000 00:00 0 
7ffab4021000-7ffab8000000 ---p 00000000 00:00 0 
7ffab8000000-7ffab8021000 rw-p 00000000 00:00 0 
7ffab8021000-7ffabc000000 ---p 00000000 00:00 0 
7ffabc000000-7ffabc021000 rw-p 00000000 00:00 0 
7ffabc021000-7ffac0000000 ---p 00000000 00:00 0 
7ffac0000000-7ffac0021000 rw-p 00000000 00:00 0 
7ffac0021000-7ffac4000000 ---p 00000000 00:00 0 
7ffac4000000-7ffac4144000 rw-p 00000000 00:00 0 
7ffac4144000-7ffac8000000 ---p 00000000 00:00 0 
7ffac8000000-7ffac8021000 rw-p 00000000 00:00 0 
7ffac8021000-7ffacc000000 ---p 00000000 00:00 0 
7ffacc000000-7ffacc021000 rw-p 00000000 00:00 0 
7ffacc021000-7ffad0000000 ---p 00000000 00:00 0 
7ffad0fff000-7ffad4000000 rw-p 00000000 00:00 0 
7ffad4000000-7ffad4021000 rw-p 00000000 00:00 0 
7ffad4021000-7ffad8000000 ---p 00000000 00:00 0 
7ffad8000000-7ffad82d5000 rw-p 00000000 00:00 0 
7ffad82d5000-7ffadc000000 ---p 00000000 00:00 0 
7ffadc000000-7ffadc06f000 rw-p 00000000 00:00 0 
7ffadc06f000-7ffae0000000 ---p 00000000 00:00 0 
7ffae0000000-7ffae0021000 rw-p 00000000 00:00 0 
7ffae0021000-7ffae4000000 ---p 00000000 00:00 0 
7ffae4000000-7ffae406e000 rw-p 00000000 00:00 0 
7ffae406e000-7ffae8000000 ---p 00000000 00:00 0 
7ffae8000000-7ffae8021000 rw-p 00000000 00:00 0 
7ffae8021000-7ffaec000000 ---p 00000000 00:00 0 
7ffaec000000-7ffaec021000 rw-p 00000000 00:00 0 
7ffaec021000-7ffaf0000000 ---p 00000000 00:00 0 
7ffaf0000000-7ffaf0021000 rw-p 00000000 00:00 0 
7ffaf0021000-7ffaf4000000 ---p 00000000 00:00 0 
7ffaf4000000-7ffaf4021000 rw-p 00000000 00:00 0 
7ffaf4021000-7ffaf8000000 ---p 00000000 00:00 0 
7ffaf8000000-7ffaf8021000 rw-p 00000000 00:00 0 
7ffaf8021000-7ffafc000000 ---p 00000000 00:00 0 
7ffafc000000-7ffafc021000 rw-p 00000000 00:00 0 
7ffafc021000-7ffb00000000 ---p 00000000 00:00 0 
7ffb00000000-7ffb00023000 rw-p 00000000 00:00 0 
7ffb00023000-7ffb04000000 ---p 00000000 00:00 0 
7ffb04000000-7ffb04021000 rw-p 00000000 00:00 0 
7ffb04021000-7ffb08000000 ---p 00000000 00:00 0 
7ffb08000000-7ffb08021000 rw-p 00000000 00:00 0 
7ffb08021000-7ffb0c000000 ---p 00000000 00:00 0 
7ffb0c000000-7ffb0c021000 rw-p 00000000 00:00 0 
7ffb0c021000-7ffb10000000 ---p 00000000 00:00 0 
7ffb1026e000-7ffb10271000 ---p 00000000 00:00 0 
7ffb10271000-7ffb1036f000 rw-p 00000000 00:00 0 
7ffb1036f000-7ffb10372000 ---p 00000000 00:00 0 
7ffb10372000-7ffb10470000 rw-p 00000000 00:00 0 
7ffb10470000-7ffb10473000 ---p 00000000 00:00 0 
7ffb10473000-7ffb105b1000 rw-p 00000000 00:00 0 
7ffb105b1000-7ffb10771000 ---p 00000000 00:00 0 
7ffb10771000-7ffb10971000 rw-p 00000000 00:00 0 
7ffb10971000-7ffb10b71000 rw-p 00000000 00:00 0 
7ffb10b71000-7ffb10b74000 ---p 00000000 00:00 0 
7ffb10b74000-7ffb10c72000 rw-p 00000000 00:00 0 
7ffb10c72000-7ffb10c75000 ---p 00000000 00:00 0 
7ffb10c75000-7ffb10f73000 rw-p 00000000 00:00 0 
7ffb10f73000-7ffb11173000 rw-p 00000000 00:00 0 
7ffb11173000-7ffb11373000 rw-p 00000000 00:00 0 
7ffb11373000-7ffb11376000 ---p 00000000 00:00 0 
7ffb11376000-7ffb11674000 rw-p 00000000 00:00 0 
7ffb11674000-7ffb11874000 rw-p 00000000 00:00 0 
7ffb11874000-7ffb1187b000 r--s 00000000 103:06 2491823                   /usr/lib/x86_64-linux-gnu/gconv/gconv-modules.cache
7ffb1187b000-7ffb1189c000 r--p 00000000 103:06 794786                    /usr/share/locale/zh_CN/LC_MESSAGES/libc.mo
7ffb1189c000-7ffb1189d000 ---p 00000000 00:00 0 
7ffb1189d000-7ffb1199d000 rw-p 00000000 00:00 0 
7ffb1199d000-7ffb119a0000 ---p 00000000 00:00 0 
7ffb119a0000-7ffb11a9e000 rw-p 00000000 00:00 0 
7ffb11a9e000-7ffb11aa2000 r--s 000a1000 103:06 1846872                   /usr/lib/jvm/java-8-openjdk-amd64/jre/lib/jsse.jar
7ffb11aa2000-7ffb11ab3000 r-xp 00000000 103:06 1846828                   /usr/lib/jvm/java-8-openjdk-amd64/jre/lib/amd64/libnio.so
7ffb11ab3000-7ffb11cb2000 ---p 00011000 103:06 1846828                   /usr/lib/jvm/java-8-openjdk-amd64/jre/lib/amd64/libnio.so
7ffb11cb2000-7ffb11cb3000 r--p 00010000 103:06 1846828                   /usr/lib/jvm/java-8-openjdk-amd64/jre/lib/amd64/libnio.so
7ffb11cb3000-7ffb11cb4000 rw-p 00011000 103:06 1846828                   /usr/lib/jvm/java-8-openjdk-amd64/jre/lib/amd64/libnio.so
7ffb11cb4000-7ffb11cbd000 r-xp 00000000 103:06 1846825                   /usr/lib/jvm/java-8-openjdk-amd64/jre/lib/amd64/libmanagement.so
7ffb11cbd000-7ffb11ebc000 ---p 00009000 103:06 1846825                   /usr/lib/jvm/java-8-openjdk-amd64/jre/lib/amd64/libmanagement.so
7ffb11ebc000-7ffb11ebd000 r--p 00008000 103:06 1846825                   /usr/lib/jvm/java-8-openjdk-amd64/jre/lib/amd64/libmanagement.so
7ffb11ebd000-7ffb11ebe000 rw-p 00009000 103:06 1846825                   /usr/lib/jvm/java-8-openjdk-amd64/jre/lib/amd64/libmanagement.so
7ffb11ebe000-7ffb11ed5000 r-xp 00000000 103:06 1846827                   /usr/lib/jvm/java-8-openjdk-amd64/jre/lib/amd64/libnet.so
7ffb11ed5000-7ffb120d4000 ---p 00017000 103:06 1846827                   /usr/lib/jvm/java-8-openjdk-amd64/jre/lib/amd64/libnet.so
7ffb120d4000-7ffb120d5000 r--p 00016000 103:06 1846827                   /usr/lib/jvm/java-8-openjdk-amd64/jre/lib/amd64/libnet.so
7ffb120d5000-7ffb120d6000 rw-p 00017000 103:06 1846827                   /usr/lib/jvm/java-8-openjdk-amd64/jre/lib/amd64/libnet.so
7ffb120d6000-7ffb120d9000 ---p 00000000 00:00 0 
7ffb120d9000-7ffb121d7000 rw-p 00000000 00:00 0 
7ffb121d7000-7ffb121d8000 ---p 00000000 00:00 0 
7ffb121d8000-7ffb121db000 ---p 00000000 00:00 0 
7ffb121db000-7ffb122d8000 rw-p 00000000 00:00 0 
7ffb122d8000-7ffb122d9000 ---p 00000000 00:00 0 
7ffb122d9000-7ffb122dc000 ---p 00000000 00:00 0 
7ffb122dc000-7ffb123d9000 rw-p 00000000 00:00 0 
7ffb123d9000-7ffb123da000 ---p 00000000 00:00 0 
7ffb123da000-7ffb123dd000 ---p 00000000 00:00 0 
7ffb123dd000-7ffb124da000 rw-p 00000000 00:00 0 
7ffb124da000-7ffb124db000 ---p 00000000 00:00 0 
7ffb124db000-7ffb124de000 ---p 00000000 00:00 0 
7ffb124de000-7ffb125db000 rw-p 00000000 00:00 0 
7ffb125db000-7ffb125e3000 r--s 00066000 103:07 3940721                   /home/jleo/app/idea-IU-202.7660.26/plugins/java/lib/rt/debugger-agent.jar
7ffb125e3000-7ffb125e6000 ---p 00000000 00:00 0 
7ffb125e6000-7ffb126e4000 rw-p 00000000 00:00 0 
7ffb126e4000-7ffb126e7000 ---p 00000000 00:00 0 
7ffb126e7000-7ffb127e5000 rw-p 00000000 00:00 0 
7ffb127e5000-7ffb127e8000 ---p 00000000 00:00 0 
7ffb127e8000-7ffb128e6000 rw-p 00000000 00:00 0 
7ffb128e6000-7ffb128ea000 r-xp 00000000 103:06 1846808                   /usr/lib/jvm/java-8-openjdk-amd64/jre/lib/amd64/libdt_socket.so
7ffb128ea000-7ffb12ae9000 ---p 00004000 103:06 1846808                   /usr/lib/jvm/java-8-openjdk-amd64/jre/lib/amd64/libdt_socket.so
7ffb12ae9000-7ffb12aea000 r--p 00003000 103:06 1846808                   /usr/lib/jvm/java-8-openjdk-amd64/jre/lib/amd64/libdt_socket.so
7ffb12aea000-7ffb12aeb000 rw-p 00004000 103:06 1846808                   /usr/lib/jvm/java-8-openjdk-amd64/jre/lib/amd64/libdt_socket.so
7ffb12aeb000-7ffb12aee000 ---p 00000000 00:00 0 
7ffb12aee000-7ffb12bec000 rw-p 00000000 00:00 0 
7ffb12bec000-7ffb12bef000 ---p 00000000 00:00 0 
7ffb12bef000-7ffb12ced000 rw-p 00000000 00:00 0 
7ffb12ced000-7ffb12cf0000 ---p 00000000 00:00 0 
7ffb12cf0000-7ffb12dee000 rw-p 00000000 00:00 0 
7ffb12dee000-7ffb12def000 ---p 00000000 00:00 0 
7ffb12def000-7ffb14000000 rw-p 00000000 00:00 0 
7ffb14000000-7ffb14021000 rw-p 00000000 00:00 0 
7ffb14021000-7ffb18000000 ---p 00000000 00:00 0 
7ffb18000000-7ffb18021000 rw-p 00000000 00:00 0 
7ffb18021000-7ffb1c000000 ---p 00000000 00:00 0 
7ffb1c000000-7ffb1c021000 rw-p 00000000 00:00 0 
7ffb1c021000-7ffb20000000 ---p 00000000 00:00 0 
7ffb20000000-7ffb20001000 r--s 00002000 103:07 3940720                   /home/jleo/app/idea-IU-202.7660.26/plugins/java/lib/rt/debugger-agent-storage.jar
7ffb20002000-7ffb20004000 r--s 00002000 103:07 1446725                   /home/jleo/data/IDEAProject/java/aim/out/artifacts/agent_jar/agent.jar
7ffb20004000-7ffb20006000 r--s 0001d000 103:07 3809066                   /home/jleo/app/idea-IU-202.7660.26/lib/idea_rt.jar
7ffb20006000-7ffb20008000 r--s 00009000 103:07 4597784                   /home/jleo/appData/maven/repository/org/slf4j/slf4j-api/1.7.30/slf4j-api-1.7.30.jar
7ffb20008000-7ffb2000d000 r--s 00038000 103:07 4733931                   /home/jleo/appData/maven/repository/org/ow2/asm/asm-all/5.1/asm-all-5.1.jar
7ffb2000d000-7ffb20012000 r--s 00040000 103:07 1446357                   /home/jleo/appData/maven/repository/org/springframework/spring-expression/5.3.3/spring-expression-5.3.3.jar
7ffb20012000-7ffb2001b000 r--s 00053000 103:07 1446361                   /home/jleo/appData/maven/repository/org/springframework/spring-aop/5.3.3/spring-aop-5.3.3.jar
7ffb2001b000-7ffb2002e000 r--s 000e1000 103:07 5127466                   /home/jleo/appData/maven/repository/org/springframework/spring-webmvc/5.3.3/spring-webmvc-5.3.3.jar
7ffb2002e000-7ffb2003a000 r--s 0009e000 103:07 1446366                   /home/jleo/appData/maven/repository/org/springframework/spring-beans/5.3.3/spring-beans-5.3.3.jar
7ffb2003a000-7ffb20059000 r--s 00160000 103:07 4733953                   /home/jleo/appData/maven/repository/org/springframework/spring-web/5.3.3/spring-web-5.3.3.jar
7ffb20059000-7ffb2005f000 r--s 0003d000 103:07 4998425                   /home/jleo/appData/maven/repository/org/apache/tomcat/embed/tomcat-embed-websocket/9.0.41/tomcat-embed-websocket-9.0.41.jar
7ffb2005f000-7ffb20064000 r--s 00036000 103:07 4597752                   /home/jleo/appData/maven/repository/org/glassfish/jakarta.el/3.0.3/jakarta.el-3.0.3.jar
7ffb20064000-7ffb2008f000 r--s 00316000 103:07 4998422                   /home/jleo/appData/maven/repository/org/apache/tomcat/embed/tomcat-embed-core/9.0.41/tomcat-embed-core-9.0.41.jar
7ffb2008f000-7ffb20090000 r--s 00001000 103:07 4998420                   /home/jleo/appData/maven/repository/org/springframework/boot/spring-boot-starter-tomcat/2.4.2/spring-boot-starter-tomcat-2.4.2.jar
7ffb20090000-7ffb20092000 r--s 00001000 103:07 1446460                   /home/jleo/appData/maven/repository/com/fasterxml/jackson/module/jackson-module-parameter-names/2.11.4/jackson-module-parameter-names-2.11.4.jar
7ffb20092000-7ffb20096000 r--s 00018000 103:07 4866477                   /home/jleo/appData/maven/repository/com/fasterxml/jackson/datatype/jackson-datatype-jsr310/2.11.4/jackson-datatype-jsr310-2.11.4.jar
7ffb20096000-7ffb20098000 r--s 00007000 103:07 4733951                   /home/jleo/appData/maven/repository/com/fasterxml/jackson/datatype/jackson-datatype-jdk8/2.11.4/jackson-datatype-jdk8-2.11.4.jar
7ffb20098000-7ffb2009c000 r--s 00052000 103:07 1446458                   /home/jleo/appData/maven/repository/com/fasterxml/jackson/core/jackson-core/2.11.4/jackson-core-2.11.4.jar
7ffb2009c000-7ffb2009f000 r--s 0000f000 103:07 1446456                   /home/jleo/appData/maven/repository/com/fasterxml/jackson/core/jackson-annotations/2.11.4/jackson-annotations-2.11.4.jar
7ffb2009f000-7ffb200b5000 r--s 00146000 103:07 1446454                   /home/jleo/appData/maven/repository/com/fasterxml/jackson/core/jackson-databind/2.11.4/jackson-databind-2.11.4.jar
7ffb200b5000-7ffb200b6000 r--s 00001000 103:07 4601204                   /home/jleo/appData/maven/repository/org/springframework/boot/spring-boot-starter-json/2.4.2/spring-boot-starter-json-2.4.2.jar
7ffb200b6000-7ffb200b7000 r--s 00001000 103:07 4601203                   /home/jleo/appData/maven/repository/org/springframework/boot/spring-boot-starter-web/2.4.2/spring-boot-starter-web-2.4.2.jar
7ffb200b7000-7ffb200be000 r--s 00045000 103:07 1446379                   /home/jleo/appData/maven/repository/org/yaml/snakeyaml/1.27/snakeyaml-1.27.jar
7ffb200be000-7ffb200da000 r--s 0014b000 103:07 1446410                   /home/jleo/appData/maven/repository/org/springframework/spring-core/5.3.3/spring-core-5.3.3.jar
7ffb200da000-7ffb200dc000 r--s 00005000 103:07 4597729                   /home/jleo/appData/maven/repository/jakarta/annotation/jakarta.annotation-api/1.3.5/jakarta.annotation-api-1.3.5.jar
7ffb200dc000-7ffb28000000 rw-p 00000000 00:00 0 
7ffb28000000-7ffb28021000 rw-p 00000000 00:00 0 
7ffb28021000-7ffb2c000000 ---p 00000000 00:00 0 
7ffb2c000000-7ffb2c02b000 r--s 0014d000 103:07 1446373                   /home/jleo/appData/maven/repository/org/springframework/boot/spring-boot-autoconfigure/2.4.2/spring-boot-autoconfigure-2.4.2.jar
7ffb2c02b000-7ffb2c631000 rw-p 00000000 00:00 0 
7ffb2c631000-7ffb2c800000 r--s 03c3b000 103:06 1846878                   /usr/lib/jvm/java-8-openjdk-amd64/jre/lib/rt.jar
7ffb2c800000-7ffb2d000000 rw-p 00000000 00:00 0 
7ffb2d000000-7ffb2d4d0000 rwxp 00000000 00:00 0 
7ffb2d4d0000-7ffb3c000000 ---p 00000000 00:00 0 
7ffb3c000000-7ffb3cbfa000 rw-p 00000000 00:00 0 
7ffb3cbfa000-7ffb40000000 ---p 00000000 00:00 0 
7ffb40000000-7ffb40001000 r--s 00005000 103:07 1446376                   /home/jleo/appData/maven/repository/org/springframework/spring-jcl/5.3.3/spring-jcl-5.3.3.jar
7ffb40001000-7ffb40003000 r--s 00000000 103:07 4597726                   /home/jleo/appData/maven/repository/org/slf4j/jul-to-slf4j/1.7.30/jul-to-slf4j-1.7.30.jar
7ffb40003000-7ffb40009000 r--s 00042000 103:07 4597724                   /home/jleo/appData/maven/repository/org/apache/logging/log4j/log4j-api/2.13.3/log4j-api-2.13.3.jar
7ffb40009000-7ffb4000b000 r--s 00003000 103:07 4597722                   /home/jleo/appData/maven/repository/org/apache/logging/log4j/log4j-to-slf4j/2.13.3/log4j-to-slf4j-2.13.3.jar
7ffb4000b000-7ffb40016000 r--s 00069000 103:07 4597721                   /home/jleo/appData/maven/repository/ch/qos/logback/logback-core/1.2.3/logback-core-1.2.3.jar
7ffb40016000-7ffb4001c000 r--s 00041000 103:07 4597718                   /home/jleo/appData/maven/repository/ch/qos/logback/logback-classic/1.2.3/logback-classic-1.2.3.jar
7ffb4001c000-7ffb4001d000 r--s 00001000 103:07 1446372                   /home/jleo/appData/maven/repository/org/springframework/boot/spring-boot-starter-logging/2.4.2/spring-boot-starter-logging-2.4.2.jar
7ffb4001d000-7ffb40039000 r--s 00114000 103:07 1446358                   /home/jleo/appData/maven/repository/org/springframework/spring-context/5.3.3/spring-context-5.3.3.jar
7ffb40039000-7ffb40055000 r--s 00124000 103:07 1446385                   /home/jleo/appData/maven/repository/org/springframework/boot/spring-boot/2.4.2/spring-boot-2.4.2.jar
7ffb40055000-7ffb40056000 r--s 00001000 103:07 1446360                   /home/jleo/appData/maven/repository/org/springframework/boot/spring-boot-starter/2.4.2/spring-boot-starter-2.4.2.jar
7ffb40056000-7ffb40069000 r--s 00346000 103:06 1846877                   /usr/lib/jvm/java-8-openjdk-amd64/jre/lib/resources.jar
7ffb40069000-7ffb4006a000 r--s 00000000 103:06 1846875                   /usr/lib/jvm/java-8-openjdk-amd64/jre/lib/management-agent.jar
7ffb4006a000-7ffb4006e000 r--s 000a1000 103:06 1846872                   /usr/lib/jvm/java-8-openjdk-amd64/jre/lib/jsse.jar
7ffb4006e000-7ffb40089000 r--s 00394000 103:06 1846849                   /usr/lib/jvm/java-8-openjdk-amd64/jre/lib/ext/cldrdata.jar
7ffb40089000-7ffb400a4000 r--s 001d6000 103:06 1846854                   /usr/lib/jvm/java-8-openjdk-amd64/jre/lib/ext/nashorn.jar
7ffb400a4000-7ffb409c2000 rw-p 00000000 00:00 0 
7ffb409c2000-7ffb409c3000 ---p 00000000 00:00 0 
7ffb409c3000-7ffb40ac3000 rw-p 00000000 00:00 0 
7ffb40ac3000-7ffb40ac4000 ---p 00000000 00:00 0 
7ffb40ac4000-7ffb40bc4000 rw-p 00000000 00:00 0 
7ffb40bc4000-7ffb40bc5000 ---p 00000000 00:00 0 
7ffb40bc5000-7ffb40cc5000 rw-p 00000000 00:00 0 
7ffb40cc5000-7ffb40cc6000 ---p 00000000 00:00 0 
7ffb40cc6000-7ffb40dc6000 rw-p 00000000 00:00 0 
7ffb40dc6000-7ffb40dc7000 ---p 00000000 00:00 0 
7ffb40dc7000-7ffb40ec7000 rw-p 00000000 00:00 0 
7ffb40ec7000-7ffb40ec8000 ---p 00000000 00:00 0 
7ffb40ec8000-7ffb40fc8000 rw-p 00000000 00:00 0 
7ffb40fc8000-7ffb40fc9000 ---p 00000000 00:00 0 
7ffb40fc9000-7ffb410c9000 rw-p 00000000 00:00 0 
7ffb410c9000-7ffb410ca000 ---p 00000000 00:00 0 
7ffb410ca000-7ffb411f2000 rw-p 00000000 00:00 0 
7ffb411f2000-7ffb416ec000 ---p 00000000 00:00 0 
7ffb416ec000-7ffb41714000 rw-p 00000000 00:00 0 
7ffb41714000-7ffb41c0d000 ---p 00000000 00:00 0 
7ffb41c0d000-7ffb41c56000 rw-p 00000000 00:00 0 
7ffb41c56000-7ffb41e9e000 ---p 00000000 00:00 0 
7ffb41e9e000-7ffb41eb3000 rw-p 00000000 00:00 0 
7ffb41eb3000-7ffb4225f000 ---p 00000000 00:00 0 
7ffb4225f000-7ffb42267000 r-xp 00000000 103:06 1846835                   /usr/lib/jvm/java-8-openjdk-amd64/jre/lib/amd64/libzip.so
7ffb42267000-7ffb42466000 ---p 00008000 103:06 1846835                   /usr/lib/jvm/java-8-openjdk-amd64/jre/lib/amd64/libzip.so
7ffb42466000-7ffb42467000 r--p 00007000 103:06 1846835                   /usr/lib/jvm/java-8-openjdk-amd64/jre/lib/amd64/libzip.so
7ffb42467000-7ffb42468000 rw-p 00008000 103:06 1846835                   /usr/lib/jvm/java-8-openjdk-amd64/jre/lib/amd64/libzip.so
7ffb42468000-7ffb4246b000 r--p 00000000 103:06 2494112                   /usr/lib/x86_64-linux-gnu/libnss_files-2.28.so
7ffb4246b000-7ffb42472000 r-xp 00003000 103:06 2494112                   /usr/lib/x86_64-linux-gnu/libnss_files-2.28.so
7ffb42472000-7ffb42474000 r--p 0000a000 103:06 2494112                   /usr/lib/x86_64-linux-gnu/libnss_files-2.28.so
7ffb42474000-7ffb42475000 ---p 0000c000 103:06 2494112                   /usr/lib/x86_64-linux-gnu/libnss_files-2.28.so
7ffb42475000-7ffb42476000 r--p 0000c000 103:06 2494112                   /usr/lib/x86_64-linux-gnu/libnss_files-2.28.so
7ffb42476000-7ffb42477000 rw-p 0000d000 103:06 2494112                   /usr/lib/x86_64-linux-gnu/libnss_files-2.28.so
7ffb42477000-7ffb4247d000 rw-p 00000000 00:00 0 
7ffb4247d000-7ffb42481000 r--p 00000000 103:06 2494100                   /usr/lib/x86_64-linux-gnu/libnsl-2.28.so
7ffb42481000-7ffb4248d000 r-xp 00004000 103:06 2494100                   /usr/lib/x86_64-linux-gnu/libnsl-2.28.so
7ffb4248d000-7ffb42492000 r--p 00010000 103:06 2494100                   /usr/lib/x86_64-linux-gnu/libnsl-2.28.so
7ffb42492000-7ffb42493000 r--p 00014000 103:06 2494100                   /usr/lib/x86_64-linux-gnu/libnsl-2.28.so
7ffb42493000-7ffb42494000 rw-p 00015000 103:06 2494100                   /usr/lib/x86_64-linux-gnu/libnsl-2.28.so
7ffb42494000-7ffb42496000 rw-p 00000000 00:00 0 
7ffb42496000-7ffb42498000 r--s 00016000 103:06 1846870                   /usr/lib/jvm/java-8-openjdk-amd64/jre/lib/jce.jar
7ffb42498000-7ffb4249d000 r--s 002f9000 103:06 1846839                   /usr/lib/jvm/java-8-openjdk-amd64/jre/lib/charsets.jar
7ffb4249d000-7ffb4249f000 r--s 00001000 103:06 1846850                   /usr/lib/jvm/java-8-openjdk-amd64/jre/lib/ext/dnsns.jar
7ffb4249f000-7ffb424a2000 r--s 00039000 103:06 1846857                   /usr/lib/jvm/java-8-openjdk-amd64/jre/lib/ext/sunpkcs11.jar
7ffb424a2000-7ffb424ac000 r--s 00116000 103:06 1846853                   /usr/lib/jvm/java-8-openjdk-amd64/jre/lib/ext/localedata.jar
7ffb424ac000-7ffb424ad000 r--s 0000a000 103:06 1846852                   /usr/lib/jvm/java-8-openjdk-amd64/jre/lib/ext/jaccess.jar
7ffb424ad000-7ffb424af000 r--s 00008000 103:06 1846855                   /usr/lib/jvm/java-8-openjdk-amd64/jre/lib/ext/sunec.jar
7ffb424af000-7ffb424b4000 r--s 0003c000 103:06 1846856                   /usr/lib/jvm/java-8-openjdk-amd64/jre/lib/ext/sunjce_provider.jar
7ffb424b4000-7ffb424b7000 r--s 0000f000 103:06 1846851                   /usr/lib/jvm/java-8-openjdk-amd64/jre/lib/ext/icedtea-sound.jar
7ffb424b7000-7ffb424b9000 r--s 00007000 103:06 672722                    /usr/share/java/java-atk-wrapper.jar
7ffb424b9000-7ffb424c3000 r-xp 00000000 103:06 1846811                   /usr/lib/jvm/java-8-openjdk-amd64/jre/lib/amd64/libinstrument.so
7ffb424c3000-7ffb426c2000 ---p 0000a000 103:06 1846811                   /usr/lib/jvm/java-8-openjdk-amd64/jre/lib/amd64/libinstrument.so
7ffb426c2000-7ffb426c3000 r--p 00009000 103:06 1846811                   /usr/lib/jvm/java-8-openjdk-amd64/jre/lib/amd64/libinstrument.so
7ffb426c3000-7ffb426c4000 rw-p 0000a000 103:06 1846811                   /usr/lib/jvm/java-8-openjdk-amd64/jre/lib/amd64/libinstrument.so
7ffb426c4000-7ffb42ca8000 r--p 00000000 103:06 1971852                   /usr/lib/locale/locale-archive
7ffb42ca8000-7ffb42caa000 r-xp 00000000 103:06 1846829                   /usr/lib/jvm/java-8-openjdk-amd64/jre/lib/amd64/libnpt.so
7ffb42caa000-7ffb42eaa000 ---p 00002000 103:06 1846829                   /usr/lib/jvm/java-8-openjdk-amd64/jre/lib/amd64/libnpt.so
7ffb42eaa000-7ffb42eab000 r--p 00002000 103:06 1846829                   /usr/lib/jvm/java-8-openjdk-amd64/jre/lib/amd64/libnpt.so
7ffb42eab000-7ffb42eac000 rw-p 00003000 103:06 1846829                   /usr/lib/jvm/java-8-openjdk-amd64/jre/lib/amd64/libnpt.so
7ffb42eac000-7ffb42ee6000 r-xp 00000000 103:06 1846821                   /usr/lib/jvm/java-8-openjdk-amd64/jre/lib/amd64/libjdwp.so
7ffb42ee6000-7ffb430e5000 ---p 0003a000 103:06 1846821                   /usr/lib/jvm/java-8-openjdk-amd64/jre/lib/amd64/libjdwp.so
7ffb430e5000-7ffb430e6000 r--p 00039000 103:06 1846821                   /usr/lib/jvm/java-8-openjdk-amd64/jre/lib/amd64/libjdwp.so
7ffb430e6000-7ffb430e7000 rw-p 0003a000 103:06 1846821                   /usr/lib/jvm/java-8-openjdk-amd64/jre/lib/amd64/libjdwp.so
7ffb430e7000-7ffb43113000 r-xp 00000000 103:06 1846816                   /usr/lib/jvm/java-8-openjdk-amd64/jre/lib/amd64/libjava.so
7ffb43113000-7ffb43312000 ---p 0002c000 103:06 1846816                   /usr/lib/jvm/java-8-openjdk-amd64/jre/lib/amd64/libjava.so
7ffb43312000-7ffb43313000 r--p 0002b000 103:06 1846816                   /usr/lib/jvm/java-8-openjdk-amd64/jre/lib/amd64/libjava.so
7ffb43313000-7ffb43315000 rw-p 0002c000 103:06 1846816                   /usr/lib/jvm/java-8-openjdk-amd64/jre/lib/amd64/libjava.so
7ffb43315000-7ffb43324000 r-xp 00000000 103:06 1846834                   /usr/lib/jvm/java-8-openjdk-amd64/jre/lib/amd64/libverify.so
7ffb43324000-7ffb43523000 ---p 0000f000 103:06 1846834                   /usr/lib/jvm/java-8-openjdk-amd64/jre/lib/amd64/libverify.so
7ffb43523000-7ffb43525000 r--p 0000e000 103:06 1846834                   /usr/lib/jvm/java-8-openjdk-amd64/jre/lib/amd64/libverify.so
7ffb43525000-7ffb43526000 rw-p 00010000 103:06 1846834                   /usr/lib/jvm/java-8-openjdk-amd64/jre/lib/amd64/libverify.so
7ffb43526000-7ffb43528000 r--p 00000000 103:06 2494406                   /usr/lib/x86_64-linux-gnu/librt-2.28.so
7ffb43528000-7ffb4352c000 r-xp 00002000 103:06 2494406                   /usr/lib/x86_64-linux-gnu/librt-2.28.so
7ffb4352c000-7ffb4352e000 r--p 00006000 103:06 2494406                   /usr/lib/x86_64-linux-gnu/librt-2.28.so
7ffb4352e000-7ffb4352f000 r--p 00007000 103:06 2494406                   /usr/lib/x86_64-linux-gnu/librt-2.28.so
7ffb4352f000-7ffb43530000 rw-p 00008000 103:06 2494406                   /usr/lib/x86_64-linux-gnu/librt-2.28.so
7ffb43530000-7ffb43531000 ---p 00000000 00:00 0 
7ffb43531000-7ffb43534000 ---p 00000000 00:00 0 
7ffb43534000-7ffb43631000 rw-p 00000000 00:00 0 
7ffb43631000-7ffb43634000 r--p 00000000 103:06 2493373                   /usr/lib/x86_64-linux-gnu/libgcc_s.so.1
7ffb43634000-7ffb43645000 r-xp 00003000 103:06 2493373                   /usr/lib/x86_64-linux-gnu/libgcc_s.so.1
7ffb43645000-7ffb43648000 r--p 00014000 103:06 2493373                   /usr/lib/x86_64-linux-gnu/libgcc_s.so.1
7ffb43648000-7ffb43649000 ---p 00017000 103:06 2493373                   /usr/lib/x86_64-linux-gnu/libgcc_s.so.1
7ffb43649000-7ffb4364a000 r--p 00017000 103:06 2493373                   /usr/lib/x86_64-linux-gnu/libgcc_s.so.1
7ffb4364a000-7ffb4364b000 rw-p 00018000 103:06 2493373                   /usr/lib/x86_64-linux-gnu/libgcc_s.so.1
7ffb4364b000-7ffb43658000 r--p 00000000 103:06 2493929                   /usr/lib/x86_64-linux-gnu/libm-2.28.so
7ffb43658000-7ffb436f7000 r-xp 0000d000 103:06 2493929                   /usr/lib/x86_64-linux-gnu/libm-2.28.so
7ffb436f7000-7ffb437cc000 r--p 000ac000 103:06 2493929                   /usr/lib/x86_64-linux-gnu/libm-2.28.so
7ffb437cc000-7ffb437cd000 r--p 00180000 103:06 2493929                   /usr/lib/x86_64-linux-gnu/libm-2.28.so
7ffb437cd000-7ffb437ce000 rw-p 00181000 103:06 2493929                   /usr/lib/x86_64-linux-gnu/libm-2.28.so
7ffb437ce000-7ffb43857000 r--p 00000000 103:06 2494516                   /usr/lib/x86_64-linux-gnu/libstdc++.so.6.0.25
7ffb43857000-7ffb43903000 r-xp 00089000 103:06 2494516                   /usr/lib/x86_64-linux-gnu/libstdc++.so.6.0.25
7ffb43903000-7ffb43941000 r--p 00135000 103:06 2494516                   /usr/lib/x86_64-linux-gnu/libstdc++.so.6.0.25
7ffb43941000-7ffb43942000 ---p 00173000 103:06 2494516                   /usr/lib/x86_64-linux-gnu/libstdc++.so.6.0.25
7ffb43942000-7ffb4394c000 r--p 00173000 103:06 2494516                   /usr/lib/x86_64-linux-gnu/libstdc++.so.6.0.25
7ffb4394c000-7ffb4394e000 rw-p 0017d000 103:06 2494516                   /usr/lib/x86_64-linux-gnu/libstdc++.so.6.0.25
7ffb4394e000-7ffb43952000 rw-p 00000000 00:00 0 
7ffb43952000-7ffb445b8000 r-xp 00000000 103:06 1846838                   /usr/lib/jvm/java-8-openjdk-amd64/jre/lib/amd64/server/libjvm.so
7ffb445b8000-7ffb447b7000 ---p 00c66000 103:06 1846838                   /usr/lib/jvm/java-8-openjdk-amd64/jre/lib/amd64/server/libjvm.so
7ffb447b7000-7ffb4484b000 r--p 00c65000 103:06 1846838                   /usr/lib/jvm/java-8-openjdk-amd64/jre/lib/amd64/server/libjvm.so
7ffb4484b000-7ffb44874000 rw-p 00cf9000 103:06 1846838                   /usr/lib/jvm/java-8-openjdk-amd64/jre/lib/amd64/server/libjvm.so
7ffb44874000-7ffb448a6000 rw-p 00000000 00:00 0 
7ffb448a6000-7ffb448c8000 r--p 00000000 103:06 2492971                   /usr/lib/x86_64-linux-gnu/libc-2.28.so
7ffb448c8000-7ffb44a10000 r-xp 00022000 103:06 2492971                   /usr/lib/x86_64-linux-gnu/libc-2.28.so
7ffb44a10000-7ffb44a5c000 r--p 0016a000 103:06 2492971                   /usr/lib/x86_64-linux-gnu/libc-2.28.so
7ffb44a5c000-7ffb44a5d000 ---p 001b6000 103:06 2492971                   /usr/lib/x86_64-linux-gnu/libc-2.28.so
7ffb44a5d000-7ffb44a61000 r--p 001b6000 103:06 2492971                   /usr/lib/x86_64-linux-gnu/libc-2.28.so
7ffb44a61000-7ffb44a63000 rw-p 001ba000 103:06 2492971                   /usr/lib/x86_64-linux-gnu/libc-2.28.so
7ffb44a63000-7ffb44a67000 rw-p 00000000 00:00 0 
7ffb44a67000-7ffb44a68000 r--p 00000000 103:06 2493149                   /usr/lib/x86_64-linux-gnu/libdl-2.28.so
7ffb44a68000-7ffb44a69000 r-xp 00001000 103:06 2493149                   /usr/lib/x86_64-linux-gnu/libdl-2.28.so
7ffb44a69000-7ffb44a6a000 r--p 00002000 103:06 2493149                   /usr/lib/x86_64-linux-gnu/libdl-2.28.so
7ffb44a6a000-7ffb44a6b000 r--p 00002000 103:06 2493149                   /usr/lib/x86_64-linux-gnu/libdl-2.28.so
7ffb44a6b000-7ffb44a6c000 rw-p 00003000 103:06 2493149                   /usr/lib/x86_64-linux-gnu/libdl-2.28.so
7ffb44a6c000-7ffb44a79000 r-xp 00000000 103:06 1846802                   /usr/lib/jvm/java-8-openjdk-amd64/jre/lib/amd64/jli/libjli.so
7ffb44a79000-7ffb44c78000 ---p 0000d000 103:06 1846802                   /usr/lib/jvm/java-8-openjdk-amd64/jre/lib/amd64/jli/libjli.so
7ffb44c78000-7ffb44c79000 r--p 0000c000 103:06 1846802                   /usr/lib/jvm/java-8-openjdk-amd64/jre/lib/amd64/jli/libjli.so
7ffb44c79000-7ffb44c7a000 rw-p 0000d000 103:06 1846802                   /usr/lib/jvm/java-8-openjdk-amd64/jre/lib/amd64/jli/libjli.so
7ffb44c7a000-7ffb44c7d000 r--p 00000000 103:06 2494865                   /usr/lib/x86_64-linux-gnu/libz.so.1.2.11
7ffb44c7d000-7ffb44c8e000 r-xp 00003000 103:06 2494865                   /usr/lib/x86_64-linux-gnu/libz.so.1.2.11
7ffb44c8e000-7ffb44c94000 r--p 00014000 103:06 2494865                   /usr/lib/x86_64-linux-gnu/libz.so.1.2.11
7ffb44c94000-7ffb44c95000 ---p 0001a000 103:06 2494865                   /usr/lib/x86_64-linux-gnu/libz.so.1.2.11
7ffb44c95000-7ffb44c96000 r--p 0001a000 103:06 2494865                   /usr/lib/x86_64-linux-gnu/libz.so.1.2.11
7ffb44c96000-7ffb44c97000 rw-p 0001b000 103:06 2494865                   /usr/lib/x86_64-linux-gnu/libz.so.1.2.11
7ffb44c97000-7ffb44c9d000 r--p 00000000 103:06 2494327                   /usr/lib/x86_64-linux-gnu/libpthread-2.28.so
7ffb44c9d000-7ffb44cac000 r-xp 00006000 103:06 2494327                   /usr/lib/x86_64-linux-gnu/libpthread-2.28.so
7ffb44cac000-7ffb44cb2000 r--p 00015000 103:06 2494327                   /usr/lib/x86_64-linux-gnu/libpthread-2.28.so
7ffb44cb2000-7ffb44cb3000 r--p 0001a000 103:06 2494327                   /usr/lib/x86_64-linux-gnu/libpthread-2.28.so
7ffb44cb3000-7ffb44cb4000 rw-p 0001b000 103:06 2494327                   /usr/lib/x86_64-linux-gnu/libpthread-2.28.so
7ffb44cb4000-7ffb44cb8000 rw-p 00000000 00:00 0 
7ffb44cb8000-7ffb44cb9000 r--s 00010000 103:06 1846858                   /usr/lib/jvm/java-8-openjdk-amd64/jre/lib/ext/zipfs.jar
7ffb44cb9000-7ffb44cc1000 rw-s 00000000 103:06 1704075                   /tmp/hsperfdata_jleo/2706
7ffb44cc1000-7ffb44cc3000 r--p 00000000 103:06 2494118                   /usr/lib/x86_64-linux-gnu/libnss_nis-2.28.so
7ffb44cc3000-7ffb44cca000 r-xp 00002000 103:06 2494118                   /usr/lib/x86_64-linux-gnu/libnss_nis-2.28.so
7ffb44cca000-7ffb44ccc000 r--p 00009000 103:06 2494118                   /usr/lib/x86_64-linux-gnu/libnss_nis-2.28.so
7ffb44ccc000-7ffb44ccd000 r--p 0000a000 103:06 2494118                   /usr/lib/x86_64-linux-gnu/libnss_nis-2.28.so
7ffb44ccd000-7ffb44cce000 rw-p 0000b000 103:06 2494118                   /usr/lib/x86_64-linux-gnu/libnss_nis-2.28.so
7ffb44cce000-7ffb44cd0000 r--p 00000000 103:06 2494106                   /usr/lib/x86_64-linux-gnu/libnss_compat-2.28.so
7ffb44cd0000-7ffb44cd5000 r-xp 00002000 103:06 2494106                   /usr/lib/x86_64-linux-gnu/libnss_compat-2.28.so
7ffb44cd5000-7ffb44cd7000 r--p 00007000 103:06 2494106                   /usr/lib/x86_64-linux-gnu/libnss_compat-2.28.so
7ffb44cd7000-7ffb44cd8000 r--p 00008000 103:06 2494106                   /usr/lib/x86_64-linux-gnu/libnss_compat-2.28.so
7ffb44cd8000-7ffb44cd9000 rw-p 00009000 103:06 2494106                   /usr/lib/x86_64-linux-gnu/libnss_compat-2.28.so
7ffb44cd9000-7ffb44cda000 rw-p 00000000 00:00 0 
7ffb44cda000-7ffb44cdb000 r--p 00000000 00:00 0 
7ffb44cdb000-7ffb44cdd000 rw-p 00000000 00:00 0 
7ffb44cdd000-7ffb44cde000 r--p 00000000 103:06 2492246                   /usr/lib/x86_64-linux-gnu/ld-2.28.so
7ffb44cde000-7ffb44cfc000 r-xp 00001000 103:06 2492246                   /usr/lib/x86_64-linux-gnu/ld-2.28.so
7ffb44cfc000-7ffb44d04000 r--p 0001f000 103:06 2492246                   /usr/lib/x86_64-linux-gnu/ld-2.28.so
7ffb44d04000-7ffb44d05000 r--p 00026000 103:06 2492246                   /usr/lib/x86_64-linux-gnu/ld-2.28.so
7ffb44d05000-7ffb44d06000 rw-p 00027000 103:06 2492246                   /usr/lib/x86_64-linux-gnu/ld-2.28.so
7ffb44d06000-7ffb44d07000 rw-p 00000000 00:00 0 
7fff25fb9000-7fff25fdb000 rw-p 00000000 00:00 0                          [stack]
7fff25feb000-7fff25fee000 r--p 00000000 00:00 0                          [vvar]
7fff25fee000-7fff25fef000 r-xp 00000000 00:00 0                          [vdso]
ffffffffff600000-ffffffffff601000 --xp 00000000 00:00 0                  [vsyscall]

VM Arguments:
jvm_args: -agentlib:jdwp=transport=dt_socket,address=127.0.0.1:58807,suspend=y,server=n -javaagent:/home/jleo/data/IDEAProject/java/aim/out/artifacts/agent_jar/agent.jar -XX:TieredStopAtLevel=1 -Xverify:none -Dspring.output.ansi.enabled=always -javaagent:/home/jleo/app/idea-IU-202.7660.26/plugins/java/lib/rt/debugger-agent.jar -Dcom.sun.management.jmxremote -Dspring.jmx.enabled=true -Dspring.liveBeansView.mbeanDomain -Dspring.application.admin.enabled=true -Dfile.encoding=UTF-8 
java_command: com.example.demo.DemoApplication
java_class_path (initial): /usr/lib/jvm/java-1.8.0-openjdk-amd64/jre/lib/charsets.jar:/usr/lib/jvm/java-1.8.0-openjdk-amd64/jre/lib/ext/cldrdata.jar:/usr/lib/jvm/java-1.8.0-openjdk-amd64/jre/lib/ext/dnsns.jar:/usr/lib/jvm/java-1.8.0-openjdk-amd64/jre/lib/ext/icedtea-sound.jar:/usr/lib/jvm/java-1.8.0-openjdk-amd64/jre/lib/ext/jaccess.jar:/usr/lib/jvm/java-1.8.0-openjdk-amd64/jre/lib/ext/java-atk-wrapper.jar:/usr/lib/jvm/java-1.8.0-openjdk-amd64/jre/lib/ext/localedata.jar:/usr/lib/jvm/java-1.8.0-openjdk-amd64/jre/lib/ext/nashorn.jar:/usr/lib/jvm/java-1.8.0-openjdk-amd64/jre/lib/ext/sunec.jar:/usr/lib/jvm/java-1.8.0-openjdk-amd64/jre/lib/ext/sunjce_provider.jar:/usr/lib/jvm/java-1.8.0-openjdk-amd64/jre/lib/ext/sunpkcs11.jar:/usr/lib/jvm/java-1.8.0-openjdk-amd64/jre/lib/ext/zipfs.jar:/usr/lib/jvm/java-1.8.0-openjdk-amd64/jre/lib/jce.jar:/usr/lib/jvm/java-1.8.0-openjdk-amd64/jre/lib/jsse.jar:/usr/lib/jvm/java-1.8.0-openjdk-amd64/jre/lib/management-agent.jar:/usr/lib/jvm/java-1.8.0-openjdk-amd64/jre/lib/resources.jar:/usr/lib/jvm/java-1.8.0-openjdk-amd64/jre/lib/rt.jar:/home/jleo/data/IDEAProject/java/aim/demo/target/classes:/home/jleo/appData/maven/repository/org/springframework/boot/spring-boot-starter/2.4.2/spring-boot-starter-2.4.2.jar:/home/jleo/appData/maven/repository/org/springframework/boot/spring-boot/2.4.2/spring-boot-2.4.2.jar:/home/jleo/appData/maven/repository/org/springframework/spring-context/5.3.3/spring-context-5.3.3.jar:/home/jleo/appData/maven/repository/org/springframework/boot/spring-boot-autoconfigure/2.4.2/spring-boot-autoconfigure-2.4.2.jar:/home/jleo/appData/maven/repository/org/springframework/boot/spring-boot-starter-logging/2.4.2/spring-boot-starter-logging-2.4.2.jar:/home/jleo/appData/maven/repository/ch/qos/logback/logback-classic/1.2.3/logback-classic-1.2.3.jar:/home/jleo/appData/maven/repository/ch/qos/logback/logback-core/1.2.3/logback-core-1.2.3.jar:/home/jleo/appData/maven/repository/org/apache/logging/log4j/log4j-to-slf4j/2.13.3/log4
Launcher Type: SUN_STANDARD

Environment Variables:
PATH=/usr/local/bin:/usr/bin:/bin:/usr/local/games:/usr/games:/sbin:/usr/sbin
SHELL=/bin/bash
DISPLAY=:0

Signal Handlers:
SIGSEGV: [libjvm.so+0xa79db0], sa_mask[0]=11111111011111111101111111111110, sa_flags=SA_RESTART|SA_SIGINFO
SIGBUS: [libjvm.so+0xa79db0], sa_mask[0]=11111111011111111101111111111110, sa_flags=SA_RESTART|SA_SIGINFO
SIGFPE: [libjvm.so+0x8c24e0], sa_mask[0]=11111111011111111101111111111110, sa_flags=SA_RESTART|SA_SIGINFO
SIGPIPE: [libjvm.so+0x8c24e0], sa_mask[0]=11111111011111111101111111111110, sa_flags=SA_RESTART|SA_SIGINFO
SIGXFSZ: [libjvm.so+0x8c24e0], sa_mask[0]=11111111011111111101111111111110, sa_flags=SA_RESTART|SA_SIGINFO
SIGILL: [libjvm.so+0x8c24e0], sa_mask[0]=11111111011111111101111111111110, sa_flags=SA_RESTART|SA_SIGINFO
SIGUSR1: SIG_DFL, sa_mask[0]=00000000000000000000000000000000, sa_flags=none
SIGUSR2: [libjvm.so+0x8c2390], sa_mask[0]=00100000000000000000000000000000, sa_flags=SA_RESTART|SA_SIGINFO
SIGHUP: SIG_IGN, sa_mask[0]=00000000000000000000000000000000, sa_flags=none
SIGINT: [libjvm.so+0x8c2a00], sa_mask[0]=11111111011111111101111111111110, sa_flags=SA_RESTART|SA_SIGINFO
SIGTERM: [libjvm.so+0x8c2a00], sa_mask[0]=11111111011111111101111111111110, sa_flags=SA_RESTART|SA_SIGINFO
SIGQUIT: [libjvm.so+0x8c2a00], sa_mask[0]=11111111011111111101111111111110, sa_flags=SA_RESTART|SA_SIGINFO


---------------  S Y S T E M  ---------------

OS:DISTRIB_ID=Deepin
DISTRIB_RELEASE=20.1
DISTRIB_DESCRIPTION="Deepin 20.1"
DISTRIB_CODENAME=apricot

uname:Linux 5.4.70-amd64-desktop #1 SMP Wed Oct 14 15:24:23 CST 2020 x86_64
libc:glibc 2.28 NPTL 2.28 
rlimit: STACK 8192k, CORE 0k, NPROC 62713, NOFILE 1048576, AS infinity
load average:0.94 0.66 0.58

/proc/meminfo:
MemTotal:       16130768 kB
MemFree:         4806224 kB
MemAvailable:    7561420 kB
Buffers:          439280 kB
Cached:          3573072 kB
SwapCached:            0 kB
Active:          8567288 kB
Inactive:        1604264 kB
Active(anon):    6763252 kB
Inactive(anon):   535640 kB
Active(file):    1804036 kB
Inactive(file):  1068624 kB
Unevictable:      608180 kB
Mlocked:              96 kB
SwapTotal:             0 kB
SwapFree:              0 kB
Dirty:              8976 kB
Writeback:             0 kB
AnonPages:       6765032 kB
Mapped:          1177344 kB
Shmem:           1146468 kB
KReclaimable:     222852 kB
Slab:             416364 kB
SReclaimable:     222852 kB
SUnreclaim:       193512 kB
KernelStack:       18512 kB
PageTables:        43092 kB
NFS_Unstable:          0 kB
Bounce:                0 kB
WritebackTmp:          0 kB
CommitLimit:     8065384 kB
Committed_AS:   18071136 kB
VmallocTotal:   34359738367 kB
VmallocUsed:       40004 kB
VmallocChunk:          0 kB
Percpu:             5984 kB
HardwareCorrupted:     0 kB
AnonHugePages:         0 kB
ShmemHugePages:        0 kB
ShmemPmdMapped:        0 kB
FileHugePages:         0 kB
FilePmdMapped:         0 kB
CmaTotal:              0 kB
CmaFree:               0 kB
HugePages_Total:       0
HugePages_Free:        0
HugePages_Rsvd:        0
HugePages_Surp:        0
Hugepagesize:       2048 kB
Hugetlb:               0 kB
DirectMap4k:      324472 kB
DirectMap2M:     8845312 kB
DirectMap1G:     7340032 kB

container (cgroup) information:
container_type: cgroupv1
cpu_cpuset_cpus: 0-7
cpu_memory_nodes: 0
active_processor_count: 8
cpu_quota: -1
cpu_period: 100000
cpu_shares: -1
memory_limit_in_bytes: -1
memory_and_swap_limit_in_bytes: -2
memory_soft_limit_in_bytes: -1
memory_usage_in_bytes: 3601285120
memory_max_usage_in_bytes: 3616509952


CPU:total 8 (initial active 8) (4 cores per cpu, 2 threads per core) family 6 model 142 stepping 12, cmov, cx8, fxsr, mmx, sse, sse2, sse3, ssse3, sse4.1, sse4.2, popcnt, avx, avx2, aes, clmul, erms, 3dnowpref, lzcnt, ht, tsc, tscinvbit, bmi1, bmi2, adx

/proc/cpuinfo:
processor	: 0
vendor_id	: GenuineIntel
cpu family	: 6
model		: 142
model name	: Intel(R) Core(TM) i5-10210U CPU @ 1.60GHz
stepping	: 12
microcode	: 0xd6
cpu MHz		: 3335.030
cache size	: 6144 KB
physical id	: 0
siblings	: 8
core id		: 0
cpu cores	: 4
apicid		: 0
initial apicid	: 0
fpu		: yes
fpu_exception	: yes
cpuid level	: 22
wp		: yes
flags		: fpu vme de pse tsc msr pae mce cx8 apic sep mtrr pge mca cmov pat pse36 clflush dts acpi mmx fxsr sse sse2 ss ht tm pbe syscall nx pdpe1gb rdtscp lm constant_tsc art arch_perfmon pebs bts rep_good nopl xtopology nonstop_tsc cpuid aperfmperf pni pclmulqdq dtes64 monitor ds_cpl vmx est tm2 ssse3 sdbg fma cx16 xtpr pdcm pcid sse4_1 sse4_2 x2apic movbe popcnt tsc_deadline_timer aes xsave avx f16c rdrand lahf_lm abm 3dnowprefetch cpuid_fault epb invpcid_single ssbd ibrs ibpb stibp ibrs_enhanced tpr_shadow vnmi flexpriority ept vpid ept_ad fsgsbase tsc_adjust bmi1 avx2 smep bmi2 erms invpcid mpx rdseed adx smap clflushopt intel_pt xsaveopt xsavec xgetbv1 xsaves dtherm ida arat pln pts hwp hwp_notify hwp_act_window hwp_epp md_clear flush_l1d arch_capabilities
bugs		: spectre_v1 spectre_v2 spec_store_bypass swapgs itlb_multihit srbds
bogomips	: 4199.88
clflush size	: 64
cache_alignment	: 64
address sizes	: 39 bits physical, 48 bits virtual
power management:

processor	: 1
vendor_id	: GenuineIntel
cpu family	: 6
model		: 142
model name	: Intel(R) Core(TM) i5-10210U CPU @ 1.60GHz
stepping	: 12
microcode	: 0xd6
cpu MHz		: 3355.026
cache size	: 6144 KB
physical id	: 0
siblings	: 8
core id		: 1
cpu cores	: 4
apicid		: 2
initial apicid	: 2
fpu		: yes
fpu_exception	: yes
cpuid level	: 22
wp		: yes
flags		: fpu vme de pse tsc msr pae mce cx8 apic sep mtrr pge mca cmov pat pse36 clflush dts acpi mmx fxsr sse sse2 ss ht tm pbe syscall nx pdpe1gb rdtscp lm constant_tsc art arch_perfmon pebs bts rep_good nopl xtopology nonstop_tsc cpuid aperfmperf pni pclmulqdq dtes64 monitor ds_cpl vmx est tm2 ssse3 sdbg fma cx16 xtpr pdcm pcid sse4_1 sse4_2 x2apic movbe popcnt tsc_deadline_timer aes xsave avx f16c rdrand lahf_lm abm 3dnowprefetch cpuid_fault epb invpcid_single ssbd ibrs ibpb stibp ibrs_enhanced tpr_shadow vnmi flexpriority ept vpid ept_ad fsgsbase tsc_adjust bmi1 avx2 smep bmi2 erms invpcid mpx rdseed adx smap clflushopt intel_pt xsaveopt xsavec xgetbv1 xsaves dtherm ida arat pln pts hwp hwp_notify hwp_act_window hwp_epp md_clear flush_l1d arch_capabilities
bugs		: spectre_v1 spectre_v2 spec_store_bypass swapgs itlb_multihit srbds
bogomips	: 4199.88
clflush size	: 64
cache_alignment	: 64
address sizes	: 39 bits physical, 48 bits virtual
power management:

processor	: 2
vendor_id	: GenuineIntel
cpu family	: 6
model		: 142
model name	: Intel(R) Core(TM) i5-10210U CPU @ 1.60GHz
stepping	: 12
microcode	: 0xd6
cpu MHz		: 3218.121
cache size	: 6144 KB
physical id	: 0
siblings	: 8
core id		: 2
cpu cores	: 4
apicid		: 4
initial apicid	: 4
fpu		: yes
fpu_exception	: yes
cpuid level	: 22
wp		: yes
flags		: fpu vme de pse tsc msr pae mce cx8 apic sep mtrr pge mca cmov pat pse36 clflush dts acpi mmx fxsr sse sse2 ss ht tm pbe syscall nx pdpe1gb rdtscp lm constant_tsc art arch_perfmon pebs bts rep_good nopl xtopology nonstop_tsc cpuid aperfmperf pni pclmulqdq dtes64 monitor ds_cpl vmx est tm2 ssse3 sdbg fma cx16 xtpr pdcm pcid sse4_1 sse4_2 x2apic movbe popcnt tsc_deadline_timer aes xsave avx f16c rdrand lahf_lm abm 3dnowprefetch cpuid_fault epb invpcid_single ssbd ibrs ibpb stibp ibrs_enhanced tpr_shadow vnmi flexpriority ept vpid ept_ad fsgsbase tsc_adjust bmi1 avx2 smep bmi2 erms invpcid mpx rdseed adx smap clflushopt intel_pt xsaveopt xsavec xgetbv1 xsaves dtherm ida arat pln pts hwp hwp_notify hwp_act_window hwp_epp md_clear flush_l1d arch_capabilities
bugs		: spectre_v1 spectre_v2 spec_store_bypass swapgs itlb_multihit srbds
bogomips	: 4199.88
clflush size	: 64
cache_alignment	: 64
address sizes	: 39 bits physical, 48 bits virtual
power management:

processor	: 3
vendor_id	: GenuineIntel
cpu family	: 6
model		: 142
model name	: Intel(R) Core(TM) i5-10210U CPU @ 1.60GHz
stepping	: 12
microcode	: 0xd6
cpu MHz		: 3536.924
cache size	: 6144 KB
physical id	: 0
siblings	: 8
core id		: 3
cpu cores	: 4
apicid		: 6
initial apicid	: 6
fpu		: yes
fpu_exception	: yes
cpuid level	: 22
wp		: yes
flags		: fpu vme de pse tsc msr pae mce cx8 apic sep mtrr pge mca cmov pat pse36 clflush dts acpi mmx fxsr sse sse2 ss ht tm pbe syscall nx pdpe1gb rdtscp lm constant_tsc art arch_perfmon pebs bts rep_good nopl xtopology nonstop_tsc cpuid aperfmperf pni pclmulqdq dtes64 monitor ds_cpl vmx est tm2 ssse3 sdbg fma cx16 xtpr pdcm pcid sse4_1 sse4_2 x2apic movbe popcnt tsc_deadline_timer aes xsave avx f16c rdrand lahf_lm abm 3dnowprefetch cpuid_fault epb invpcid_single ssbd ibrs ibpb stibp ibrs_enhanced tpr_shadow vnmi flexpriority ept vpid ept_ad fsgsbase tsc_adjust bmi1 avx2 smep bmi2 erms invpcid mpx rdseed adx smap clflushopt intel_pt xsaveopt xsavec xgetbv1 xsaves dtherm ida arat pln pts hwp hwp_notify hwp_act_window hwp_epp md_clear flush_l1d arch_capabilities
bugs		: spectre_v1 spectre_v2 spec_store_bypass swapgs itlb_multihit srbds
bogomips	: 4199.88
clflush size	: 64
cache_alignment	: 64
address sizes	: 39 bits physical, 48 bits virtual
power management:

processor	: 4
vendor_id	: GenuineIntel
cpu family	: 6
model		: 142
model name	: Intel(R) Core(TM) i5-10210U CPU @ 1.60GHz
stepping	: 12
microcode	: 0xd6
cpu MHz		: 2890.546
cache size	: 6144 KB
physical id	: 0
siblings	: 8
core id		: 0
cpu cores	: 4
apicid		: 1
initial apicid	: 1
fpu		: yes
fpu_exception	: yes
cpuid level	: 22
wp		: yes
flags		: fpu vme de pse tsc msr pae mce cx8 apic sep mtrr pge mca cmov pat pse36 clflush dts acpi mmx fxsr sse sse2 ss ht tm pbe syscall nx pdpe1gb rdtscp lm constant_tsc art arch_perfmon pebs bts rep_good nopl xtopology nonstop_tsc cpuid aperfmperf pni pclmulqdq dtes64 monitor ds_cpl vmx est tm2 ssse3 sdbg fma cx16 xtpr pdcm pcid sse4_1 sse4_2 x2apic movbe popcnt tsc_deadline_timer aes xsave avx f16c rdrand lahf_lm abm 3dnowprefetch cpuid_fault epb invpcid_single ssbd ibrs ibpb stibp ibrs_enhanced tpr_shadow vnmi flexpriority ept vpid ept_ad fsgsbase tsc_adjust bmi1 avx2 smep bmi2 erms invpcid mpx rdseed adx smap clflushopt intel_pt xsaveopt xsavec xgetbv1 xsaves dtherm ida arat pln pts hwp hwp_notify hwp_act_window hwp_epp md_clear flush_l1d arch_capabilities
bugs		: spectre_v1 spectre_v2 spec_store_bypass swapgs itlb_multihit srbds
bogomips	: 4199.88
clflush size	: 64
cache_alignment	: 64
address sizes	: 39 bits physical, 48 bits virtual
power management:

processor	: 5
vendor_id	: GenuineIntel
cpu family	: 6
model		: 142
model name	: Intel(R) Core(TM) i5-10210U CPU @ 1.60GHz
stepping	: 12
microcode	: 0xd6
cpu MHz		: 2915.035
cache size	: 6144 KB
physical id	: 0
siblings	: 8
core id		: 1
cpu cores	: 4
apicid		: 3
initial apicid	: 3
fpu		: yes
fpu_exception	: yes
cpuid level	: 22
wp		: yes
flags		: fpu vme de pse tsc msr pae mce cx8 apic sep mtrr pge mca cmov pat pse36 clflush dts acpi mmx fxsr sse sse2 ss ht tm pbe syscall nx pdpe1gb rdtscp lm constant_tsc art arch_perfmon pebs bts rep_good nopl xtopology nonstop_tsc cpuid aperfmperf pni pclmulqdq dtes64 monitor ds_cpl vmx est tm2 ssse3 sdbg fma cx16 xtpr pdcm pcid sse4_1 sse4_2 x2apic movbe popcnt tsc_deadline_timer aes xsave avx f16c rdrand lahf_lm abm 3dnowprefetch cpuid_fault epb invpcid_single ssbd ibrs ibpb stibp ibrs_enhanced tpr_shadow vnmi flexpriority ept vpid ept_ad fsgsbase tsc_adjust bmi1 avx2 smep bmi2 erms invpcid mpx rdseed adx smap clflushopt intel_pt xsaveopt xsavec xgetbv1 xsaves dtherm ida arat pln pts hwp hwp_notify hwp_act_window hwp_epp md_clear flush_l1d arch_capabilities
bugs		: spectre_v1 spectre_v2 spec_store_bypass swapgs itlb_multihit srbds
bogomips	: 4199.88
clflush size	: 64
cache_alignment	: 64
address sizes	: 39 bits physical, 48 bits virtual
power management:

processor	: 6
vendor_id	: GenuineIntel
cpu family	: 6
model		: 142
model name	: Intel(R) Core(TM) i5-10210U CPU @ 1.60GHz
stepping	: 12
microcode	: 0xd6
cpu MHz		: 3264.904
cache size	: 6144 KB
physical id	: 0
siblings	: 8
core id		: 2
cpu cores	: 4
apicid		: 5
initial apicid	: 5
fpu		: yes
fpu_exception	: yes
cpuid level	: 22
wp		: yes
flags		: fpu vme de pse tsc msr pae mce cx8 apic sep mtrr pge mca cmov pat pse36 clflush dts acpi mmx fxsr sse sse2 ss ht tm pbe syscall nx pdpe1gb rdtscp lm constant_tsc art arch_perfmon pebs bts rep_good nopl xtopology nonstop_tsc cpuid aperfmperf pni pclmulqdq dtes64 monitor ds_cpl vmx est tm2 ssse3 sdbg fma cx16 xtpr pdcm pcid sse4_1 sse4_2 x2apic movbe popcnt tsc_deadline_timer aes xsave avx f16c rdrand lahf_lm abm 3dnowprefetch cpuid_fault epb invpcid_single ssbd ibrs ibpb stibp ibrs_enhanced tpr_shadow vnmi flexpriority ept vpid ept_ad fsgsbase tsc_adjust bmi1 avx2 smep bmi2 erms invpcid mpx rdseed adx smap clflushopt intel_pt xsaveopt xsavec xgetbv1 xsaves dtherm ida arat pln pts hwp hwp_notify hwp_act_window hwp_epp md_clear flush_l1d arch_capabilities
bugs		: spectre_v1 spectre_v2 spec_store_bypass swapgs itlb_multihit srbds
bogomips	: 4199.88
clflush size	: 64
cache_alignment	: 64
address sizes	: 39 bits physical, 48 bits virtual
power management:

processor	: 7
vendor_id	: GenuineIntel
cpu family	: 6
model		: 142
model name	: Intel(R) Core(TM) i5-10210U CPU @ 1.60GHz
stepping	: 12
microcode	: 0xd6
cpu MHz		: 3351.386
cache size	: 6144 KB
physical id	: 0
siblings	: 8
core id		: 3
cpu cores	: 4
apicid		: 7
initial apicid	: 7
fpu		: yes
fpu_exception	: yes
cpuid level	: 22
wp		: yes
flags		: fpu vme de pse tsc msr pae mce cx8 apic sep mtrr pge mca cmov pat pse36 clflush dts acpi mmx fxsr sse sse2 ss ht tm pbe syscall nx pdpe1gb rdtscp lm constant_tsc art arch_perfmon pebs bts rep_good nopl xtopology nonstop_tsc cpuid aperfmperf pni pclmulqdq dtes64 monitor ds_cpl vmx est tm2 ssse3 sdbg fma cx16 xtpr pdcm pcid sse4_1 sse4_2 x2apic movbe popcnt tsc_deadline_timer aes xsave avx f16c rdrand lahf_lm abm 3dnowprefetch cpuid_fault epb invpcid_single ssbd ibrs ibpb stibp ibrs_enhanced tpr_shadow vnmi flexpriority ept vpid ept_ad fsgsbase tsc_adjust bmi1 avx2 smep bmi2 erms invpcid mpx rdseed adx smap clflushopt intel_pt xsaveopt xsavec xgetbv1 xsaves dtherm ida arat pln pts hwp hwp_notify hwp_act_window hwp_epp md_clear flush_l1d arch_capabilities
bugs		: spectre_v1 spectre_v2 spec_store_bypass swapgs itlb_multihit srbds
bogomips	: 4199.88
clflush size	: 64
cache_alignment	: 64
address sizes	: 39 bits physical, 48 bits virtual
power management:



Memory: 4k page, physical 16130768k(4806168k free), swap 0k(0k free)

vm_info: OpenJDK 64-Bit Server VM (25.212-b01) for linux-amd64 JRE (1.8.0_212-8u212-b01-1~deb9u1-b01), built on Mar 18 2019 23:06:47 by "jmm" with gcc 6.3.0 20170516

time: Thu Feb  4 17:21:54 2021
timezone: CST
elapsed time: 11 seconds (0d 0h 0m 11s)

