#
# A fatal error has been detected by the Java Runtime Environment:
#
#  SIGSEGV (0xb) at pc=0x00007f5e17abe800, pid=9451, tid=0x00007f5e16f50700
#
# JRE version: OpenJDK Runtime Environment (8.0_212-b01) (build 1.8.0_212-8u212-b01-1~deb9u1-b01)
# Java VM: OpenJDK 64-Bit Server VM (25.212-b01 mixed mode linux-amd64 compressed oops)
# Problematic frame:
# V  [libjvm.so+0x84c800]
#
# Failed to write core dump. Core dumps have been disabled. To enable core dumping, try "ulimit -c unlimited" before starting Java again
#
# If you would like to submit a bug report, please visit:
#   http://bugreport.java.com/bugreport/crash.jsp
#

---------------  T H R E A D  ---------------

Current thread (0x00007f5e10011800):  JavaThread "main" [_thread_in_vm, id=9452, stack(0x00007f5e16e51000,0x00007f5e16f51000)]

siginfo: si_signo: 11 (SIGSEGV), si_code: 1 (SEGV_MAPERR), si_addr: 0x0000000000000008

Registers:
RAX=0x00007f5e010004e7, RBX=0x00007f5e16f4de60, RCX=0x00007f5e01005360, RDX=0x00007f5e1005cd20
RSP=0x00007f5e16f4ddd8, RBP=0x00007f5e16f4e4a0, RSI=0x0000000001f4ebc0, RDI=0x0000000000000000
R8 =0x00007f5e01000000, R9 =0x000000076e0aa598, R10=0x00007f5e16f4f9b8, R11=0x00007f5e16f4f9b8
R12=0x00007f5e10011800, R13=0x0000000000000000, R14=0x00007f5e16f4dde0, R15=0x00007f5e10012498
RIP=0x00007f5e17abe800, EFLAGS=0x0000000000010246, CSGSFS=0x002b000000000033, ERR=0x0000000000000004
  TRAPNO=0x000000000000000e

Top of Stack: (sp=0x00007f5e16f4ddd8)
0x00007f5e16f4ddd8:   00007f5e17be1ce8 00007f5e16f4e518
0x00007f5e16f4dde8:   00007f5e010004e7 00007f5e010003d0
0x00007f5e16f4ddf8:   00007f5e00000000 00007f5e16f4e580
0x00007f5e16f4de08:   00007f5e16f4e518 000000076e01a4e0
0x00007f5e16f4de18:   00007f5e104e4631 00007f5e10012480
0x00007f5e16f4de28:   0000000000000000 00007f5e16f4e508
0x00007f5e16f4de38:   00007f5e01005268 00007f5e01005210
0x00007f5e16f4de48:   0000000700000000 00007f5e16f4e508
0x00007f5e16f4de58:   00007f5e16f4e508 00007f5e16f4e518
0x00007f5e16f4de68:   00007f5e010004e7 00007f5e010003d0
0x00007f5e16f4de78:   00007f5e00000000 00007f5e16f4e580
0x00007f5e16f4de88:   00007f5e16f4e518 00007f5e10011800
0x00007f5e16f4de98:   00007f5e178dc68f 00007f5e16f4e3c0
0x00007f5e16f4dea8:   00000006c9c17ad8 0000000000000000
0x00007f5e16f4deb8:   00000007c036eab8 0000000000000000
0x00007f5e16f4dec8:   000000076e010150 000000076e01a310
0x00007f5e16f4ded8:   00007f5e16f4de88 00007f5e16f4dec9
0x00007f5e16f4dee8:   0000000800000001 00007f5e16f4e300
0x00007f5e16f4def8:   00007f5e012886b4 00007f5e16f4e0a0
0x00007f5e16f4df08:   00007f5e01287df4 00000006c9cea9b0
0x00007f5e16f4df18:   00000008873ddc85 000000076e018f90
0x00007f5e16f4df28:   00000006c9cea950 00000006c9cea980
0x00007f5e16f4df38:   00000006c9cea5b0 00000006c9cea500
0x00007f5e16f4df48:   00007f5e01326a20 00000007c00714f0
0x00007f5e16f4df58:   0000000000000000 00007f5e16f4e038
0x00007f5e16f4df68:   00007f5e0111b04c 00007f5e16f4df70
0x00007f5e16f4df78:   000000076e01a400 00007f5e16f4e620
0x00007f5e16f4df88:   00007f5e01370374 00007f5e0136fa50
0x00007f5e16f4df98:   0000000700000000 00007f5e16f4e808
0x00007f5e16f4dfa8:   00007f5e16f4e620 00007f5e10011800
0x00007f5e16f4dfb8:   0000000600000000 0000000000000000
0x00007f5e16f4dfc8:   0000000000000000 00007f5e16f4e038 

Instructions: (pc=0x00007f5e17abe800)
0x00007f5e17abe7e0:   72 ee 0f b7 7a 20 5d 48 8d 7c 3a 30 89 f2 29 ca
0x00007f5e17abe7f0:   48 39 fe 0f 42 c2 c3 90 0f 1f 84 00 00 00 00 00
0x00007f5e17abe800:   48 8b 47 08 55 48 63 f6 48 89 e5 48 8d 44 30 30
0x00007f5e17abe810:   5d c3 0f 1f 40 00 66 2e 0f 1f 84 00 00 00 00 00 

Register to memory mapping:

RAX=0x00007f5e010004e7 is at begin+136 in a stub
StubRoutines::call_stub [0x00007f5e0100045f, 0x00007f5e01000547[ (232 bytes)
RBX=0x00007f5e16f4de60 is pointing into the stack for thread: 0x00007f5e10011800
RCX=0x00007f5e01005360 is pointing into interpreter code (not bytecode specific)
RDX=0x00007f5e1005cd20 is an unknown value
RSP=0x00007f5e16f4ddd8 is pointing into the stack for thread: 0x00007f5e10011800
RBP=0x00007f5e16f4e4a0 is pointing into the stack for thread: 0x00007f5e10011800
RSI=0x0000000001f4ebc0 is an unknown value
RDI=0x0000000000000000 is an unknown value
R8 =0x00007f5e01000000 is an unknown value
R9 =0x000000076e0aa598 is an oop
[S 
 - klass: {type array short}
 - length: 32
R10=0x00007f5e16f4f9b8 is pointing into the stack for thread: 0x00007f5e10011800
R11=0x00007f5e16f4f9b8 is pointing into the stack for thread: 0x00007f5e10011800
R12=0x00007f5e10011800 is a thread
R13=0x0000000000000000 is an unknown value
R14=0x00007f5e16f4dde0 is pointing into the stack for thread: 0x00007f5e10011800
R15=0x00007f5e10012498 is an unknown value


Stack: [0x00007f5e16e51000,0x00007f5e16f51000],  sp=0x00007f5e16f4ddd8,  free space=1011k
Native frames: (J=compiled Java code, j=interpreted, Vv=VM code, C=native code)
V  [libjvm.so+0x84c800]
V  [libjvm.so+0x9712aa]
v  ~RuntimeStub::StackOverflowError throw_exception
C  0x00007f5e16f4e580
C  0x00000000000000d8

Java frames: (J=compiled Java code, j=interpreted, Vv=VM code)
v  ~RuntimeStub::StackOverflowError throw_exception
v  ~StubRoutines::call_stub
J 1294  sun.reflect.NativeConstructorAccessorImpl.newInstance0(Ljava/lang/reflect/Constructor;[Ljava/lang/Object;)Ljava/lang/Object; (0 bytes) @ 0x00007f5e01303063 [0x00007f5e01303000+0x63]
J 1293 C1 sun.reflect.NativeConstructorAccessorImpl.newInstance([Ljava/lang/Object;)Ljava/lang/Object; (89 bytes) @ 0x00007f5e013037d4 [0x00007f5e01303420+0x3b4]
J 1287 C1 sun.reflect.DelegatingConstructorAccessorImpl.newInstance([Ljava/lang/Object;)Ljava/lang/Object; (9 bytes) @ 0x00007f5e0130199c [0x00007f5e01301940+0x5c]
J 1283 C1 java.lang.reflect.Constructor.newInstance([Ljava/lang/Object;)Ljava/lang/Object; (87 bytes) @ 0x00007f5e013005a4 [0x00007f5e01300460+0x144]
j  org.springframework.beans.BeanUtils.instantiateClass(Ljava/lang/reflect/Constructor;[Ljava/lang/Object;)Ljava/lang/Object;+128
j  org.springframework.beans.factory.support.SimpleInstantiationStrategy.instantiate(Lorg/springframework/beans/factory/support/RootBeanDefinition;Ljava/lang/String;Lorg/springframework/beans/factory/BeanFactory;)Ljava/lang/Object;+140
j  org.springframework.beans.factory.support.AbstractAutowireCapableBeanFactory.instantiateBean(Ljava/lang/String;Lorg/springframework/beans/factory/support/RootBeanDefinition;)Lorg/springframework/beans/BeanWrapper;+32
j  org.springframework.beans.factory.support.AbstractAutowireCapableBeanFactory.createBeanInstance(Ljava/lang/String;Lorg/springframework/beans/factory/support/RootBeanDefinition;[Ljava/lang/Object;)Lorg/springframework/beans/BeanWrapper;+250
j  org.springframework.beans.factory.support.AbstractAutowireCapableBeanFactory.doCreateBean(Ljava/lang/String;Lorg/springframework/beans/factory/support/RootBeanDefinition;[Ljava/lang/Object;)Ljava/lang/Object;+34
j  org.springframework.beans.factory.support.AbstractAutowireCapableBeanFactory.createBean(Ljava/lang/String;Lorg/springframework/beans/factory/support/RootBeanDefinition;[Ljava/lang/Object;)Ljava/lang/Object;+169
j  org.springframework.beans.factory.support.AbstractBeanFactory.lambda$doGetBean$0(Ljava/lang/String;Lorg/springframework/beans/factory/support/RootBeanDefinition;[Ljava/lang/Object;)Ljava/lang/Object;+4
j  org.springframework.beans.factory.support.AbstractBeanFactory$$Lambda$197.getObject()Ljava/lang/Object;+16
j  org.springframework.beans.factory.support.DefaultSingletonBeanRegistry.getSingleton(Ljava/lang/String;Lorg/springframework/beans/factory/ObjectFactory;)Ljava/lang/Object;+132
J 2018 C1 org.springframework.beans.factory.support.AbstractBeanFactory.doGetBean(Ljava/lang/String;Ljava/lang/Class;[Ljava/lang/Object;Z)Ljava/lang/Object; (832 bytes) @ 0x00007f5e0143c9d4 [0x00007f5e0143c320+0x6b4]
j  org.springframework.beans.factory.support.AbstractBeanFactory.getBean(Ljava/lang/String;)Ljava/lang/Object;+5
j  org.springframework.beans.factory.support.DefaultListableBeanFactory.preInstantiateSingletons()V+248
j  org.springframework.context.support.AbstractApplicationContext.finishBeanFactoryInitialization(Lorg/springframework/beans/factory/config/ConfigurableListableBeanFactory;)V+124
j  org.springframework.context.support.AbstractApplicationContext.refresh()V+86
j  org.springframework.boot.web.servlet.context.ServletWebServerApplicationContext.refresh()V+1
j  org.springframework.boot.SpringApplication.refresh(Lorg/springframework/context/ConfigurableApplicationContext;)V+1
j  org.springframework.boot.SpringApplication.refresh(Lorg/springframework/context/ApplicationContext;)V+12
j  org.springframework.boot.SpringApplication.refreshContext(Lorg/springframework/context/ConfigurableApplicationContext;)V+19
j  org.springframework.boot.SpringApplication.run([Ljava/lang/String;)Lorg/springframework/context/ConfigurableApplicationContext;+111
j  org.springframework.boot.SpringApplication.run([Ljava/lang/Class;[Ljava/lang/String;)Lorg/springframework/context/ConfigurableApplicationContext;+9
j  org.springframework.boot.SpringApplication.run(Ljava/lang/Class;[Ljava/lang/String;)Lorg/springframework/context/ConfigurableApplicationContext;+9
j  com.example.demo.DemoApplication.main([Ljava/lang/String;)V+3
v  ~StubRoutines::call_stub

---------------  P R O C E S S  ---------------

Java Threads: ( => current thread )
  0x00007f5e10c04000 JavaThread "container-0" [_thread_blocked, id=9532, stack(0x00007f5ddc0dc000,0x00007f5ddc1dd000)]
  0x00007f5d88003800 JavaThread "Catalina-utility-2" [_thread_blocked, id=9531, stack(0x00007f5ddc3df000,0x00007f5ddc4e0000)]
  0x00007f5e10c11000 JavaThread "Catalina-utility-1" [_thread_blocked, id=9530, stack(0x00007f5ddc1dd000,0x00007f5ddc2de000)]
  0x00007f5d8c010800 JavaThread "RMI Scheduler(0)" daemon [_thread_blocked, id=9495, stack(0x00007f5ddc2de000,0x00007f5ddc3df000)]
  0x00007f5d9c002000 JavaThread "RMI TCP Connection(1)-127.0.0.1" daemon [_thread_in_native, id=9493, stack(0x00007f5df82b2000,0x00007f5df83b3000)]
  0x00007f5dc0001000 JavaThread "Attach Listener" daemon [_thread_blocked, id=9491, stack(0x00007f5df87b3000,0x00007f5df88b4000)]
  0x00007f5e105dc800 JavaThread "RMI TCP Accept-0" daemon [_thread_in_native, id=9481, stack(0x00007f5df8ddd000,0x00007f5df8ede000)]
  0x00007f5e104b1000 JavaThread "Service Thread" daemon [_thread_blocked, id=9480, stack(0x00007f5df9516000,0x00007f5df9617000)]
  0x00007f5e1049d800 JavaThread "C1 CompilerThread3" daemon [_thread_blocked, id=9479, stack(0x00007f5df9618000,0x00007f5df9718000)]
  0x00007f5e1049b800 JavaThread "C2 CompilerThread2" daemon [_thread_blocked, id=9478, stack(0x00007f5df9719000,0x00007f5df9819000)]
  0x00007f5e10499000 JavaThread "C2 CompilerThread1" daemon [_thread_blocked, id=9477, stack(0x00007f5df981a000,0x00007f5df991a000)]
  0x00007f5e10492800 JavaThread "C2 CompilerThread0" daemon [_thread_blocked, id=9476, stack(0x00007f5df991b000,0x00007f5df9a1b000)]
  0x00007f5dc4001000 JavaThread "JDWP Command Reader" daemon [_thread_in_native, id=9475, stack(0x00007f5df9b0b000,0x00007f5df9c0c000)]
  0x00007f5e1021c800 JavaThread "JDWP Event Helper Thread" daemon [_thread_blocked, id=9473, stack(0x00007f5df9c0c000,0x00007f5df9d0d000)]
  0x00007f5e10218800 JavaThread "JDWP Transport Listener: dt_socket" daemon [_thread_blocked, id=9471, stack(0x00007f5df9d0d000,0x00007f5df9e0e000)]
  0x00007f5e1020c000 JavaThread "Signal Dispatcher" daemon [_thread_blocked, id=9469, stack(0x00007f5dfa013000,0x00007f5dfa114000)]
  0x00007f5e101db000 JavaThread "Finalizer" daemon [_thread_blocked, id=9463, stack(0x00007f5dfa114000,0x00007f5dfa215000)]
  0x00007f5e101d8800 JavaThread "Reference Handler" daemon [_thread_blocked, id=9462, stack(0x00007f5dfa215000,0x00007f5dfa316000)]
=>0x00007f5e10011800 JavaThread "main" [_thread_in_vm, id=9452, stack(0x00007f5e16e51000,0x00007f5e16f51000)]

Other Threads:
  0x00007f5e101ce800 VMThread [stack: 0x00007f5dfa317000,0x00007f5dfa417000] [id=9461]
  0x00007f5e105f4000 WatcherThread [stack: 0x00007f5df8cdd000,0x00007f5df8ddd000] [id=9482]

VM state:not at safepoint (normal execution)

VM Mutex/Monitor currently owned by a thread: None

OutOfMemory and StackOverflow Exception counts:
StackOverflowErrors=1

heap address: 0x00000006c9c00000, size: 3940 MB, Compressed Oops mode: Zero based, Oop shift amount: 3
Narrow klass base: 0x0000000000000000, Narrow klass shift: 3
Compressed class space size: 1073741824 Address: 0x00000007c0000000

Heap:
 PSYoungGen      total 74240K, used 9397K [0x000000076df00000, 0x0000000776480000, 0x00000007c0000000)
  eden space 64000K, 4% used [0x000000076df00000,0x000000076e1b4da8,0x0000000771d80000)
  from space 10240K, 64% used [0x0000000772780000,0x0000000772df87c8,0x0000000773180000)
  to   space 10240K, 0% used [0x0000000771d80000,0x0000000771d80000,0x0000000772780000)
 ParOldGen       total 82944K, used 7095K [0x00000006c9c00000, 0x00000006ced00000, 0x000000076df00000)
  object space 82944K, 8% used [0x00000006c9c00000,0x00000006ca2edf40,0x00000006ced00000)
 Metaspace       used 25065K, capacity 26704K, committed 26880K, reserved 1073152K
  class space    used 3211K, capacity 3536K, committed 3584K, reserved 1048576K

Card table byte_map: [0x00007f5e1500c000,0x00007f5e157bf000] byte_map_base: 0x00007f5e119be000

Marking Bits: (ParMarkBitMap*) 0x00007f5e181a75a0
 Begin Bits: [0x00007f5ddc4e0000, 0x00007f5de0270000)
 End Bits:   [0x00007f5de0270000, 0x00007f5de4000000)

Polling page: 0x00007f5e185fa000

CodeCache: size=245760Kb used=4876Kb max_used=4876Kb free=240883Kb
 bounds [0x00007f5e01000000, 0x00007f5e014d0000, 0x00007f5e10000000]
 total_blobs=2676 nmethods=2283 adapters=315
 compilation: enabled

Compilation events (10 events):
Event: 11.537 Thread 0x00007f5e1049d800 2277       1       java.util.Hashtable::<init> (9 bytes)
Event: 11.537 Thread 0x00007f5e1049d800 nmethod 2277 0x00007f5e014c0590 code [0x00007f5e014c0720, 0x00007f5e014c0868]
Event: 11.538 Thread 0x00007f5e1049d800 2278   !   1       java.net.URLClassLoader::getResourceAsStream (137 bytes)
Event: 11.538 Thread 0x00007f5e1049d800 nmethod 2278 0x00007f5e014c08d0 code [0x00007f5e014c0ac0, 0x00007f5e014c12a8]
Event: 11.538 Thread 0x00007f5e1049d800 2279       1       sun.util.locale.BaseLocale::equals (71 bytes)
Event: 11.539 Thread 0x00007f5e1049d800 nmethod 2279 0x00007f5e014c1890 code [0x00007f5e014c1a00, 0x00007f5e014c1c30]
Event: 11.542 Thread 0x00007f5e1049d800 2280       1       org.springframework.beans.factory.support.AbstractBeanDefinition::getBeanClass (63 bytes)
Event: 11.543 Thread 0x00007f5e1049d800 nmethod 2280 0x00007f5e014c1cd0 code [0x00007f5e014c1ec0, 0x00007f5e014c2448]
Event: 11.543 Thread 0x00007f5e1049d800 2281       1       java.util.HashMap::values (25 bytes)
Event: 11.543 Thread 0x00007f5e1049d800 nmethod 2281 0x00007f5e014c2810 code [0x00007f5e014c2960, 0x00007f5e014c2b10]

GC Heap History (10 events):
Event: 1.810 GC heap before
{Heap before GC invocations=1 (full 0):
 PSYoungGen      total 74240K, used 64000K [0x000000076df00000, 0x0000000773180000, 0x00000007c0000000)
  eden space 64000K, 100% used [0x000000076df00000,0x0000000771d80000,0x0000000771d80000)
  from space 10240K, 0% used [0x0000000772780000,0x0000000772780000,0x0000000773180000)
  to   space 10240K, 0% used [0x0000000771d80000,0x0000000771d80000,0x0000000772780000)
 ParOldGen       total 169472K, used 0K [0x00000006c9c00000, 0x00000006d4180000, 0x000000076df00000)
  object space 169472K, 0% used [0x00000006c9c00000,0x00000006c9c00000,0x00000006d4180000)
 Metaspace       used 12766K, capacity 13348K, committed 13568K, reserved 1060864K
  class space    used 1584K, capacity 1732K, committed 1792K, reserved 1048576K
Event: 1.823 GC heap after
Heap after GC invocations=1 (full 0):
 PSYoungGen      total 74240K, used 6310K [0x000000076df00000, 0x0000000773180000, 0x00000007c0000000)
  eden space 64000K, 0% used [0x000000076df00000,0x000000076df00000,0x0000000771d80000)
  from space 10240K, 61% used [0x0000000771d80000,0x00000007723a9978,0x0000000772780000)
  to   space 10240K, 0% used [0x0000000772780000,0x0000000772780000,0x0000000773180000)
 ParOldGen       total 169472K, used 16K [0x00000006c9c00000, 0x00000006d4180000, 0x000000076df00000)
  object space 169472K, 0% used [0x00000006c9c00000,0x00000006c9c04000,0x00000006d4180000)
 Metaspace       used 12766K, capacity 13348K, committed 13568K, reserved 1060864K
  class space    used 1584K, capacity 1732K, committed 1792K, reserved 1048576K
}
Event: 2.283 GC heap before
{Heap before GC invocations=2 (full 0):
 PSYoungGen      total 74240K, used 70310K [0x000000076df00000, 0x0000000773180000, 0x00000007c0000000)
  eden space 64000K, 100% used [0x000000076df00000,0x0000000771d80000,0x0000000771d80000)
  from space 10240K, 61% used [0x0000000771d80000,0x00000007723a9978,0x0000000772780000)
  to   space 10240K, 0% used [0x0000000772780000,0x0000000772780000,0x0000000773180000)
 ParOldGen       total 169472K, used 16K [0x00000006c9c00000, 0x00000006d4180000, 0x000000076df00000)
  object space 169472K, 0% used [0x00000006c9c00000,0x00000006c9c04000,0x00000006d4180000)
 Metaspace       used 18711K, capacity 19586K, committed 19840K, reserved 1067008K
  class space    used 2352K, capacity 2567K, committed 2688K, reserved 1048576K
Event: 2.294 GC heap after
Heap after GC invocations=2 (full 0):
 PSYoungGen      total 74240K, used 9501K [0x000000076df00000, 0x0000000777000000, 0x00000007c0000000)
  eden space 64000K, 0% used [0x000000076df00000,0x000000076df00000,0x0000000771d80000)
  from space 10240K, 92% used [0x0000000772780000,0x00000007730c75a8,0x0000000773180000)
  to   space 10240K, 0% used [0x0000000771d80000,0x0000000771d80000,0x0000000772780000)
 ParOldGen       total 169472K, used 24K [0x00000006c9c00000, 0x00000006d4180000, 0x000000076df00000)
  object space 169472K, 0% used [0x00000006c9c00000,0x00000006c9c06000,0x00000006d4180000)
 Metaspace       used 18711K, capacity 19586K, committed 19840K, reserved 1067008K
  class space    used 2352K, capacity 2567K, committed 2688K, reserved 1048576K
}
Event: 11.118 GC heap before
{Heap before GC invocations=3 (full 0):
 PSYoungGen      total 74240K, used 43818K [0x000000076df00000, 0x0000000777000000, 0x00000007c0000000)
  eden space 64000K, 53% used [0x000000076df00000,0x00000007700832b8,0x0000000771d80000)
  from space 10240K, 92% used [0x0000000772780000,0x00000007730c75a8,0x0000000773180000)
  to   space 10240K, 0% used [0x0000000771d80000,0x0000000771d80000,0x0000000772780000)
 ParOldGen       total 169472K, used 24K [0x00000006c9c00000, 0x00000006d4180000, 0x000000076df00000)
  object space 169472K, 0% used [0x00000006c9c00000,0x00000006c9c06000,0x00000006d4180000)
 Metaspace       used 20251K, capacity 21246K, committed 21296K, reserved 1069056K
  class space    used 2581K, capacity 2803K, committed 2816K, reserved 1048576K
Event: 11.123 GC heap after
Heap after GC invocations=3 (full 0):
 PSYoungGen      total 74240K, used 7383K [0x000000076df00000, 0x0000000773180000, 0x00000007c0000000)
  eden space 64000K, 0% used [0x000000076df00000,0x000000076df00000,0x0000000771d80000)
  from space 10240K, 72% used [0x0000000771d80000,0x00000007724b5c20,0x0000000772780000)
  to   space 10240K, 0% used [0x0000000772780000,0x0000000772780000,0x0000000773180000)
 ParOldGen       total 169472K, used 32K [0x00000006c9c00000, 0x00000006d4180000, 0x000000076df00000)
  object space 169472K, 0% used [0x00000006c9c00000,0x00000006c9c08000,0x00000006d4180000)
 Metaspace       used 20251K, capacity 21246K, committed 21296K, reserved 1069056K
  class space    used 2581K, capacity 2803K, committed 2816K, reserved 1048576K
}
Event: 11.123 GC heap before
{Heap before GC invocations=4 (full 1):
 PSYoungGen      total 74240K, used 7383K [0x000000076df00000, 0x0000000773180000, 0x00000007c0000000)
  eden space 64000K, 0% used [0x000000076df00000,0x000000076df00000,0x0000000771d80000)
  from space 10240K, 72% used [0x0000000771d80000,0x00000007724b5c20,0x0000000772780000)
  to   space 10240K, 0% used [0x0000000772780000,0x0000000772780000,0x0000000773180000)
 ParOldGen       total 169472K, used 32K [0x00000006c9c00000, 0x00000006d4180000, 0x000000076df00000)
  object space 169472K, 0% used [0x00000006c9c00000,0x00000006c9c08000,0x00000006d4180000)
 Metaspace       used 20251K, capacity 21246K, committed 21296K, reserved 1069056K
  class space    used 2581K, capacity 2803K, committed 2816K, reserved 1048576K
Event: 11.147 GC heap after
Heap after GC invocations=4 (full 1):
 PSYoungGen      total 74240K, used 0K [0x000000076df00000, 0x0000000773180000, 0x00000007c0000000)
  eden space 64000K, 0% used [0x000000076df00000,0x000000076df00000,0x0000000771d80000)
  from space 10240K, 0% used [0x0000000771d80000,0x0000000771d80000,0x0000000772780000)
  to   space 10240K, 0% used [0x0000000772780000,0x0000000772780000,0x0000000773180000)
 ParOldGen       total 82944K, used 7087K [0x00000006c9c00000, 0x00000006ced00000, 0x000000076df00000)
  object space 82944K, 8% used [0x00000006c9c00000,0x00000006ca2ebf40,0x00000006ced00000)
 Metaspace       used 20251K, capacity 21246K, committed 21296K, reserved 1069056K
  class space    used 2581K, capacity 2803K, committed 2816K, reserved 1048576K
}
Event: 11.527 GC heap before
{Heap before GC invocations=5 (full 1):
 PSYoungGen      total 74240K, used 64000K [0x000000076df00000, 0x0000000773180000, 0x00000007c0000000)
  eden space 64000K, 100% used [0x000000076df00000,0x0000000771d80000,0x0000000771d80000)
  from space 10240K, 0% used [0x0000000771d80000,0x0000000771d80000,0x0000000772780000)
  to   space 10240K, 0% used [0x0000000772780000,0x0000000772780000,0x0000000773180000)
 ParOldGen       total 82944K, used 7087K [0x00000006c9c00000, 0x00000006ced00000, 0x000000076df00000)
  object space 82944K, 8% used [0x00000006c9c00000,0x00000006ca2ebf40,0x00000006ced00000)
 Metaspace       used 24993K, capacity 26608K, committed 26880K, reserved 1073152K
  class space    used 3196K, capacity 3504K, committed 3584K, reserved 1048576K
Event: 11.530 GC heap after
Heap after GC invocations=5 (full 1):
 PSYoungGen      total 74240K, used 6625K [0x000000076df00000, 0x0000000776480000, 0x00000007c0000000)
  eden space 64000K, 0% used [0x000000076df00000,0x000000076df00000,0x0000000771d80000)
  from space 10240K, 64% used [0x0000000772780000,0x0000000772df87c8,0x0000000773180000)
  to   space 10240K, 0% used [0x0000000771d80000,0x0000000771d80000,0x0000000772780000)
 ParOldGen       total 82944K, used 7095K [0x00000006c9c00000, 0x00000006ced00000, 0x000000076df00000)
  object space 82944K, 8% used [0x00000006c9c00000,0x00000006ca2edf40,0x00000006ced00000)
 Metaspace       used 24993K, capacity 26608K, committed 26880K, reserved 1073152K
  class space    used 3196K, capacity 3504K, committed 3584K, reserved 1048576K
}

Deoptimization events (0 events):
No events

Classes redefined (0 events):
No events

Internal exceptions (10 events):
Event: 11.489 Thread 0x00007f5d9c002000 Exception <a 'java/lang/reflect/InvocationTargetException'> (0x00000007717d03c8) thrown at [/home/jmm/jdk/openjdk-8-8u212-b01/src/hotspot/src/share/vm/runtime/reflection.cpp, line 1092]
Event: 11.493 Thread 0x00007f5e10011800 Implicit null exception at 0x00007f5e01123640 to 0x00007f5e011237ad
Event: 11.493 Thread 0x00007f5e10011800 Exception <a 'java/lang/NullPointerException'> (0x000000077191d518) thrown at [/home/jmm/jdk/openjdk-8-8u212-b01/src/hotspot/src/share/vm/runtime/sharedRuntime.cpp, line 605]
Event: 11.493 Thread 0x00007f5e10011800 Implicit null exception at 0x00007f5e01123640 to 0x00007f5e011237ad
Event: 11.493 Thread 0x00007f5e10011800 Exception <a 'java/lang/NullPointerException'> (0x0000000771921b38) thrown at [/home/jmm/jdk/openjdk-8-8u212-b01/src/hotspot/src/share/vm/runtime/sharedRuntime.cpp, line 605]
Event: 11.495 Thread 0x00007f5e10011800 Implicit null exception at 0x00007f5e01123640 to 0x00007f5e011237ad
Event: 11.495 Thread 0x00007f5e10011800 Exception <a 'java/lang/NullPointerException'> (0x000000077195e060) thrown at [/home/jmm/jdk/openjdk-8-8u212-b01/src/hotspot/src/share/vm/runtime/sharedRuntime.cpp, line 605]
Event: 11.507 Thread 0x00007f5e10011800 Implicit null exception at 0x00007f5e01123640 to 0x00007f5e011237ad
Event: 11.507 Thread 0x00007f5e10011800 Exception <a 'java/lang/NullPointerException'> (0x0000000771a63278) thrown at [/home/jmm/jdk/openjdk-8-8u212-b01/src/hotspot/src/share/vm/runtime/sharedRuntime.cpp, line 605]
Event: 11.524 Thread 0x00007f5e10011800 Exception <a 'java/io/FileNotFoundException'> (0x0000000771d36458) thrown at [/home/jmm/jdk/openjdk-8-8u212-b01/src/hotspot/src/share/vm/prims/jni.cpp, line 710]

Events (10 events):
Event: 11.542 loading class sun/reflect/UnsafeObjectFieldAccessorImpl
Event: 11.542 loading class sun/reflect/UnsafeObjectFieldAccessorImpl done
Event: 11.542 loading class org/springframework/beans/factory/SmartFactoryBean
Event: 11.542 loading class org/springframework/beans/factory/SmartFactoryBean done
Event: 11.542 Thread 0x00007f5e10011800 DEOPT PACKING pc=0x00007f5e011ede11 sp=0x00007f5e16f4e310
Event: 11.542 Thread 0x00007f5e10011800 DEOPT UNPACKING pc=0x00007f5e010474c4 sp=0x00007f5e16f4e080 mode 1
Event: 11.542 Thread 0x00007f5e10011800 DEOPT PACKING pc=0x00007f5e011c8004 sp=0x00007f5e16f4e390
Event: 11.542 Thread 0x00007f5e10011800 DEOPT UNPACKING pc=0x00007f5e010474c4 sp=0x00007f5e16f4e1d0 mode 1
Event: 11.542 Thread 0x00007f5e10011800 DEOPT PACKING pc=0x00007f5e011c7f4c sp=0x00007f5e16f4e520
Event: 11.542 Thread 0x00007f5e10011800 DEOPT UNPACKING pc=0x00007f5e010474c4 sp=0x00007f5e16f4e360 mode 1


Dynamic libraries:
6c9c00000-6ced00000 rw-p 00000000 00:00 0 
6ced00000-76df00000 ---p 00000000 00:00 0 
76df00000-776480000 rw-p 00000000 00:00 0 
776480000-7c0000000 ---p 00000000 00:00 0 
7c0000000-7c0380000 rw-p 00000000 00:00 0 
7c0380000-800000000 ---p 00000000 00:00 0 
5636734be000-5636734bf000 r-xp 00000000 103:06 1846789                   /usr/lib/jvm/java-8-openjdk-amd64/jre/bin/java
5636736be000-5636736bf000 r--p 00000000 103:06 1846789                   /usr/lib/jvm/java-8-openjdk-amd64/jre/bin/java
5636736bf000-5636736c0000 rw-p 00001000 103:06 1846789                   /usr/lib/jvm/java-8-openjdk-amd64/jre/bin/java
563673f21000-563673f42000 rw-p 00000000 00:00 0                          [heap]
7f5d7c000000-7f5d7c021000 rw-p 00000000 00:00 0 
7f5d7c021000-7f5d80000000 ---p 00000000 00:00 0 
7f5d84000000-7f5d84021000 rw-p 00000000 00:00 0 
7f5d84021000-7f5d88000000 ---p 00000000 00:00 0 
7f5d88000000-7f5d88021000 rw-p 00000000 00:00 0 
7f5d88021000-7f5d8c000000 ---p 00000000 00:00 0 
7f5d8c000000-7f5d8c036000 rw-p 00000000 00:00 0 
7f5d8c036000-7f5d90000000 ---p 00000000 00:00 0 
7f5d90000000-7f5d90021000 rw-p 00000000 00:00 0 
7f5d90021000-7f5d94000000 ---p 00000000 00:00 0 
7f5d94000000-7f5d94021000 rw-p 00000000 00:00 0 
7f5d94021000-7f5d98000000 ---p 00000000 00:00 0 
7f5d98000000-7f5d98156000 rw-p 00000000 00:00 0 
7f5d98156000-7f5d9c000000 ---p 00000000 00:00 0 
7f5d9c000000-7f5d9c021000 rw-p 00000000 00:00 0 
7f5d9c021000-7f5da0000000 ---p 00000000 00:00 0 
7f5da0000000-7f5da0021000 rw-p 00000000 00:00 0 
7f5da0021000-7f5da4000000 ---p 00000000 00:00 0 
7f5da49ff000-7f5da4abf000 rw-p 00000000 00:00 0 
7f5da4abf000-7f5da4bff000 ---p 00000000 00:00 0 
7f5da4bff000-7f5da4dff000 rw-p 00000000 00:00 0 
7f5da4dff000-7f5da4fff000 rw-p 00000000 00:00 0 
7f5da4fff000-7f5da8000000 rw-p 00000000 00:00 0 
7f5da8000000-7f5da8021000 rw-p 00000000 00:00 0 
7f5da8021000-7f5dac000000 ---p 00000000 00:00 0 
7f5dac000000-7f5dac2eb000 rw-p 00000000 00:00 0 
7f5dac2eb000-7f5db0000000 ---p 00000000 00:00 0 
7f5db0000000-7f5db004e000 rw-p 00000000 00:00 0 
7f5db004e000-7f5db4000000 ---p 00000000 00:00 0 
7f5db4000000-7f5db4021000 rw-p 00000000 00:00 0 
7f5db4021000-7f5db8000000 ---p 00000000 00:00 0 
7f5db8000000-7f5db806f000 rw-p 00000000 00:00 0 
7f5db806f000-7f5dbc000000 ---p 00000000 00:00 0 
7f5dbc000000-7f5dbc021000 rw-p 00000000 00:00 0 
7f5dbc021000-7f5dc0000000 ---p 00000000 00:00 0 
7f5dc0000000-7f5dc0021000 rw-p 00000000 00:00 0 
7f5dc0021000-7f5dc4000000 ---p 00000000 00:00 0 
7f5dc4000000-7f5dc4021000 rw-p 00000000 00:00 0 
7f5dc4021000-7f5dc8000000 ---p 00000000 00:00 0 
7f5dc8000000-7f5dc8021000 rw-p 00000000 00:00 0 
7f5dc8021000-7f5dcc000000 ---p 00000000 00:00 0 
7f5dcc000000-7f5dcc021000 rw-p 00000000 00:00 0 
7f5dcc021000-7f5dd0000000 ---p 00000000 00:00 0 
7f5dd0000000-7f5dd0021000 rw-p 00000000 00:00 0 
7f5dd0021000-7f5dd4000000 ---p 00000000 00:00 0 
7f5dd4000000-7f5dd4021000 rw-p 00000000 00:00 0 
7f5dd4021000-7f5dd8000000 ---p 00000000 00:00 0 
7f5dd8000000-7f5dd8021000 rw-p 00000000 00:00 0 
7f5dd8021000-7f5ddc000000 ---p 00000000 00:00 0 
7f5ddc0dc000-7f5ddc0df000 ---p 00000000 00:00 0 
7f5ddc0df000-7f5ddc1dd000 rw-p 00000000 00:00 0 
7f5ddc1dd000-7f5ddc1e0000 ---p 00000000 00:00 0 
7f5ddc1e0000-7f5ddc2de000 rw-p 00000000 00:00 0 
7f5ddc2de000-7f5ddc2e1000 ---p 00000000 00:00 0 
7f5ddc2e1000-7f5ddc3df000 rw-p 00000000 00:00 0 
7f5ddc3df000-7f5ddc3e2000 ---p 00000000 00:00 0 
7f5ddc3e2000-7f5de4000000 rw-p 00000000 00:00 0 
7f5de4000000-7f5de4021000 rw-p 00000000 00:00 0 
7f5de4021000-7f5de8000000 ---p 00000000 00:00 0 
7f5de8000000-7f5de8021000 rw-p 00000000 00:00 0 
7f5de8021000-7f5dec000000 ---p 00000000 00:00 0 
7f5dec000000-7f5dec021000 rw-p 00000000 00:00 0 
7f5dec021000-7f5df0000000 ---p 00000000 00:00 0 
7f5df0000000-7f5df0021000 rw-p 00000000 00:00 0 
7f5df0021000-7f5df4000000 ---p 00000000 00:00 0 
7f5df4000000-7f5df4021000 rw-p 00000000 00:00 0 
7f5df4021000-7f5df8000000 ---p 00000000 00:00 0 
7f5df80b2000-7f5df82b2000 rw-p 00000000 00:00 0 
7f5df82b2000-7f5df82b5000 ---p 00000000 00:00 0 
7f5df82b5000-7f5df85b3000 rw-p 00000000 00:00 0 
7f5df85b3000-7f5df87b3000 rw-p 00000000 00:00 0 
7f5df87b3000-7f5df87b6000 ---p 00000000 00:00 0 
7f5df87b6000-7f5df8ab4000 rw-p 00000000 00:00 0 
7f5df8ab4000-7f5df8cb4000 rw-p 00000000 00:00 0 
7f5df8cb4000-7f5df8cbb000 r--s 00000000 103:06 2491823                   /usr/lib/x86_64-linux-gnu/gconv/gconv-modules.cache
7f5df8cbb000-7f5df8cdc000 r--p 00000000 103:06 794786                    /usr/share/locale/zh_CN/LC_MESSAGES/libc.mo
7f5df8cdc000-7f5df8cdd000 ---p 00000000 00:00 0 
7f5df8cdd000-7f5df8ddd000 rw-p 00000000 00:00 0 
7f5df8ddd000-7f5df8de0000 ---p 00000000 00:00 0 
7f5df8de0000-7f5df8ede000 rw-p 00000000 00:00 0 
7f5df8ede000-7f5df8ee2000 r--s 000a1000 103:06 1846872                   /usr/lib/jvm/java-8-openjdk-amd64/jre/lib/jsse.jar
7f5df8ee2000-7f5df8ef3000 r-xp 00000000 103:06 1846828                   /usr/lib/jvm/java-8-openjdk-amd64/jre/lib/amd64/libnio.so
7f5df8ef3000-7f5df90f2000 ---p 00011000 103:06 1846828                   /usr/lib/jvm/java-8-openjdk-amd64/jre/lib/amd64/libnio.so
7f5df90f2000-7f5df90f3000 r--p 00010000 103:06 1846828                   /usr/lib/jvm/java-8-openjdk-amd64/jre/lib/amd64/libnio.so
7f5df90f3000-7f5df90f4000 rw-p 00011000 103:06 1846828                   /usr/lib/jvm/java-8-openjdk-amd64/jre/lib/amd64/libnio.so
7f5df90f4000-7f5df90fd000 r-xp 00000000 103:06 1846825                   /usr/lib/jvm/java-8-openjdk-amd64/jre/lib/amd64/libmanagement.so
7f5df90fd000-7f5df92fc000 ---p 00009000 103:06 1846825                   /usr/lib/jvm/java-8-openjdk-amd64/jre/lib/amd64/libmanagement.so
7f5df92fc000-7f5df92fd000 r--p 00008000 103:06 1846825                   /usr/lib/jvm/java-8-openjdk-amd64/jre/lib/amd64/libmanagement.so
7f5df92fd000-7f5df92fe000 rw-p 00009000 103:06 1846825                   /usr/lib/jvm/java-8-openjdk-amd64/jre/lib/amd64/libmanagement.so
7f5df92fe000-7f5df9315000 r-xp 00000000 103:06 1846827                   /usr/lib/jvm/java-8-openjdk-amd64/jre/lib/amd64/libnet.so
7f5df9315000-7f5df9514000 ---p 00017000 103:06 1846827                   /usr/lib/jvm/java-8-openjdk-amd64/jre/lib/amd64/libnet.so
7f5df9514000-7f5df9515000 r--p 00016000 103:06 1846827                   /usr/lib/jvm/java-8-openjdk-amd64/jre/lib/amd64/libnet.so
7f5df9515000-7f5df9516000 rw-p 00017000 103:06 1846827                   /usr/lib/jvm/java-8-openjdk-amd64/jre/lib/amd64/libnet.so
7f5df9516000-7f5df9519000 ---p 00000000 00:00 0 
7f5df9519000-7f5df9617000 rw-p 00000000 00:00 0 
7f5df9617000-7f5df9618000 ---p 00000000 00:00 0 
7f5df9618000-7f5df961b000 ---p 00000000 00:00 0 
7f5df961b000-7f5df9718000 rw-p 00000000 00:00 0 
7f5df9718000-7f5df9719000 ---p 00000000 00:00 0 
7f5df9719000-7f5df971c000 ---p 00000000 00:00 0 
7f5df971c000-7f5df9819000 rw-p 00000000 00:00 0 
7f5df9819000-7f5df981a000 ---p 00000000 00:00 0 
7f5df981a000-7f5df981d000 ---p 00000000 00:00 0 
7f5df981d000-7f5df991a000 rw-p 00000000 00:00 0 
7f5df991a000-7f5df991b000 ---p 00000000 00:00 0 
7f5df991b000-7f5df991e000 ---p 00000000 00:00 0 
7f5df991e000-7f5df9a1b000 rw-p 00000000 00:00 0 
7f5df9a1b000-7f5df9a1c000 r--s 00002000 103:07 3940720                   /home/jleo/app/idea-IU-202.7660.26/plugins/java/lib/rt/debugger-agent-storage.jar
7f5df9a1d000-7f5df9a25000 r--s 00066000 103:07 3940721                   /home/jleo/app/idea-IU-202.7660.26/plugins/java/lib/rt/debugger-agent.jar
7f5df9a25000-7f5df9a27000 r--s 00002000 103:07 1058048                   /home/jleo/data/IDEAProject/java/aim/out/artifacts/agent_jar/agent.jar
7f5df9a27000-7f5df9a29000 r--s 0001d000 103:07 3809066                   /home/jleo/app/idea-IU-202.7660.26/lib/idea_rt.jar
7f5df9a29000-7f5df9a2b000 r--s 00009000 103:07 4597784                   /home/jleo/appData/maven/repository/org/slf4j/slf4j-api/1.7.30/slf4j-api-1.7.30.jar
7f5df9a2b000-7f5df9a30000 r--s 00038000 103:07 4733931                   /home/jleo/appData/maven/repository/org/ow2/asm/asm-all/5.1/asm-all-5.1.jar
7f5df9a30000-7f5df9a35000 r--s 00040000 103:07 1446357                   /home/jleo/appData/maven/repository/org/springframework/spring-expression/5.3.3/spring-expression-5.3.3.jar
7f5df9a35000-7f5df9a3e000 r--s 00053000 103:07 1446361                   /home/jleo/appData/maven/repository/org/springframework/spring-aop/5.3.3/spring-aop-5.3.3.jar
7f5df9a3e000-7f5df9a51000 r--s 000e1000 103:07 5127466                   /home/jleo/appData/maven/repository/org/springframework/spring-webmvc/5.3.3/spring-webmvc-5.3.3.jar
7f5df9a51000-7f5df9a5d000 r--s 0009e000 103:07 1446366                   /home/jleo/appData/maven/repository/org/springframework/spring-beans/5.3.3/spring-beans-5.3.3.jar
7f5df9a5d000-7f5df9a7c000 r--s 00160000 103:07 4733953                   /home/jleo/appData/maven/repository/org/springframework/spring-web/5.3.3/spring-web-5.3.3.jar
7f5df9a7c000-7f5df9a82000 r--s 0003d000 103:07 4998425                   /home/jleo/appData/maven/repository/org/apache/tomcat/embed/tomcat-embed-websocket/9.0.41/tomcat-embed-websocket-9.0.41.jar
7f5df9a82000-7f5df9a87000 r--s 00036000 103:07 4597752                   /home/jleo/appData/maven/repository/org/glassfish/jakarta.el/3.0.3/jakarta.el-3.0.3.jar
7f5df9a87000-7f5df9ab2000 r--s 00316000 103:07 4998422                   /home/jleo/appData/maven/repository/org/apache/tomcat/embed/tomcat-embed-core/9.0.41/tomcat-embed-core-9.0.41.jar
7f5df9ab2000-7f5df9ab3000 r--s 00001000 103:07 4998420                   /home/jleo/appData/maven/repository/org/springframework/boot/spring-boot-starter-tomcat/2.4.2/spring-boot-starter-tomcat-2.4.2.jar
7f5df9ab3000-7f5df9ab5000 r--s 00001000 103:07 1446460                   /home/jleo/appData/maven/repository/com/fasterxml/jackson/module/jackson-module-parameter-names/2.11.4/jackson-module-parameter-names-2.11.4.jar
7f5df9ab5000-7f5df9ab9000 r--s 00018000 103:07 4866477                   /home/jleo/appData/maven/repository/com/fasterxml/jackson/datatype/jackson-datatype-jsr310/2.11.4/jackson-datatype-jsr310-2.11.4.jar
7f5df9ab9000-7f5df9abb000 r--s 00007000 103:07 4733951                   /home/jleo/appData/maven/repository/com/fasterxml/jackson/datatype/jackson-datatype-jdk8/2.11.4/jackson-datatype-jdk8-2.11.4.jar
7f5df9abb000-7f5df9abf000 r--s 00052000 103:07 1446458                   /home/jleo/appData/maven/repository/com/fasterxml/jackson/core/jackson-core/2.11.4/jackson-core-2.11.4.jar
7f5df9abf000-7f5df9ac2000 r--s 0000f000 103:07 1446456                   /home/jleo/appData/maven/repository/com/fasterxml/jackson/core/jackson-annotations/2.11.4/jackson-annotations-2.11.4.jar
7f5df9ac2000-7f5df9ad8000 r--s 00146000 103:07 1446454                   /home/jleo/appData/maven/repository/com/fasterxml/jackson/core/jackson-databind/2.11.4/jackson-databind-2.11.4.jar
7f5df9ad8000-7f5df9ad9000 r--s 00001000 103:07 4601204                   /home/jleo/appData/maven/repository/org/springframework/boot/spring-boot-starter-json/2.4.2/spring-boot-starter-json-2.4.2.jar
7f5df9ad9000-7f5df9ae0000 r--s 00045000 103:07 1446379                   /home/jleo/appData/maven/repository/org/yaml/snakeyaml/1.27/snakeyaml-1.27.jar
7f5df9ae0000-7f5df9afc000 r--s 0014b000 103:07 1446410                   /home/jleo/appData/maven/repository/org/springframework/spring-core/5.3.3/spring-core-5.3.3.jar
7f5df9afc000-7f5df9afe000 r--s 00005000 103:07 4597729                   /home/jleo/appData/maven/repository/jakarta/annotation/jakarta.annotation-api/1.3.5/jakarta.annotation-api-1.3.5.jar
7f5df9afe000-7f5df9b00000 r--s 00000000 103:07 4597726                   /home/jleo/appData/maven/repository/org/slf4j/jul-to-slf4j/1.7.30/jul-to-slf4j-1.7.30.jar
7f5df9b00000-7f5df9b0b000 r--s 00069000 103:07 4597721                   /home/jleo/appData/maven/repository/ch/qos/logback/logback-core/1.2.3/logback-core-1.2.3.jar
7f5df9b0b000-7f5df9b0e000 ---p 00000000 00:00 0 
7f5df9b0e000-7f5df9c0c000 rw-p 00000000 00:00 0 
7f5df9c0c000-7f5df9c0f000 ---p 00000000 00:00 0 
7f5df9c0f000-7f5df9d0d000 rw-p 00000000 00:00 0 
7f5df9d0d000-7f5df9d10000 ---p 00000000 00:00 0 
7f5df9d10000-7f5df9e0e000 rw-p 00000000 00:00 0 
7f5df9e0e000-7f5df9e12000 r-xp 00000000 103:06 1846808                   /usr/lib/jvm/java-8-openjdk-amd64/jre/lib/amd64/libdt_socket.so
7f5df9e12000-7f5dfa011000 ---p 00004000 103:06 1846808                   /usr/lib/jvm/java-8-openjdk-amd64/jre/lib/amd64/libdt_socket.so
7f5dfa011000-7f5dfa012000 r--p 00003000 103:06 1846808                   /usr/lib/jvm/java-8-openjdk-amd64/jre/lib/amd64/libdt_socket.so
7f5dfa012000-7f5dfa013000 rw-p 00004000 103:06 1846808                   /usr/lib/jvm/java-8-openjdk-amd64/jre/lib/amd64/libdt_socket.so
7f5dfa013000-7f5dfa016000 ---p 00000000 00:00 0 
7f5dfa016000-7f5dfa114000 rw-p 00000000 00:00 0 
7f5dfa114000-7f5dfa117000 ---p 00000000 00:00 0 
7f5dfa117000-7f5dfa215000 rw-p 00000000 00:00 0 
7f5dfa215000-7f5dfa218000 ---p 00000000 00:00 0 
7f5dfa218000-7f5dfa316000 rw-p 00000000 00:00 0 
7f5dfa316000-7f5dfa317000 ---p 00000000 00:00 0 
7f5dfa317000-7f5dfbe31000 rw-p 00000000 00:00 0 
7f5dfbe31000-7f5dfc000000 r--s 03c3b000 103:06 1846878                   /usr/lib/jvm/java-8-openjdk-amd64/jre/lib/rt.jar
7f5dfc000000-7f5dfc021000 rw-p 00000000 00:00 0 
7f5dfc021000-7f5e00000000 ---p 00000000 00:00 0 
7f5e00000000-7f5e00001000 r--s 00001000 103:07 4601203                   /home/jleo/appData/maven/repository/org/springframework/boot/spring-boot-starter-web/2.4.2/spring-boot-starter-web-2.4.2.jar
7f5e00001000-7f5e00007000 r--s 00042000 103:07 4597724                   /home/jleo/appData/maven/repository/org/apache/logging/log4j/log4j-api/2.13.3/log4j-api-2.13.3.jar
7f5e00007000-7f5e00032000 r--s 0014d000 103:07 1446373                   /home/jleo/appData/maven/repository/org/springframework/boot/spring-boot-autoconfigure/2.4.2/spring-boot-autoconfigure-2.4.2.jar
7f5e00032000-7f5e0004e000 r--s 00114000 103:07 1446358                   /home/jleo/appData/maven/repository/org/springframework/spring-context/5.3.3/spring-context-5.3.3.jar
7f5e0004e000-7f5e01000000 rw-p 00000000 00:00 0 
7f5e01000000-7f5e014d0000 rwxp 00000000 00:00 0 
7f5e014d0000-7f5e10000000 ---p 00000000 00:00 0 
7f5e10000000-7f5e10c20000 rw-p 00000000 00:00 0 
7f5e10c20000-7f5e14000000 ---p 00000000 00:00 0 
7f5e14000000-7f5e14001000 r--s 00005000 103:07 1446376                   /home/jleo/appData/maven/repository/org/springframework/spring-jcl/5.3.3/spring-jcl-5.3.3.jar
7f5e14001000-7f5e14003000 r--s 00003000 103:07 4597722                   /home/jleo/appData/maven/repository/org/apache/logging/log4j/log4j-to-slf4j/2.13.3/log4j-to-slf4j-2.13.3.jar
7f5e14003000-7f5e14009000 r--s 00041000 103:07 4597718                   /home/jleo/appData/maven/repository/ch/qos/logback/logback-classic/1.2.3/logback-classic-1.2.3.jar
7f5e14009000-7f5e1400a000 r--s 00001000 103:07 1446372                   /home/jleo/appData/maven/repository/org/springframework/boot/spring-boot-starter-logging/2.4.2/spring-boot-starter-logging-2.4.2.jar
7f5e1400a000-7f5e14026000 r--s 00124000 103:07 1446385                   /home/jleo/appData/maven/repository/org/springframework/boot/spring-boot/2.4.2/spring-boot-2.4.2.jar
7f5e14026000-7f5e14027000 r--s 00001000 103:07 1446360                   /home/jleo/appData/maven/repository/org/springframework/boot/spring-boot-starter/2.4.2/spring-boot-starter-2.4.2.jar
7f5e14027000-7f5e1403a000 r--s 00346000 103:06 1846877                   /usr/lib/jvm/java-8-openjdk-amd64/jre/lib/resources.jar
7f5e1403a000-7f5e1403b000 r--s 00000000 103:06 1846875                   /usr/lib/jvm/java-8-openjdk-amd64/jre/lib/management-agent.jar
7f5e1403b000-7f5e1403f000 r--s 000a1000 103:06 1846872                   /usr/lib/jvm/java-8-openjdk-amd64/jre/lib/jsse.jar
7f5e1403f000-7f5e1405a000 r--s 00394000 103:06 1846849                   /usr/lib/jvm/java-8-openjdk-amd64/jre/lib/ext/cldrdata.jar
7f5e1405a000-7f5e14075000 r--s 001d6000 103:06 1846854                   /usr/lib/jvm/java-8-openjdk-amd64/jre/lib/ext/nashorn.jar
7f5e14075000-7f5e142e2000 rw-p 00000000 00:00 0 
7f5e142e2000-7f5e142e3000 ---p 00000000 00:00 0 
7f5e142e3000-7f5e143e3000 rw-p 00000000 00:00 0 
7f5e143e3000-7f5e143e4000 ---p 00000000 00:00 0 
7f5e143e4000-7f5e144e4000 rw-p 00000000 00:00 0 
7f5e144e4000-7f5e144e5000 ---p 00000000 00:00 0 
7f5e144e5000-7f5e145e5000 rw-p 00000000 00:00 0 
7f5e145e5000-7f5e145e6000 ---p 00000000 00:00 0 
7f5e145e6000-7f5e146e6000 rw-p 00000000 00:00 0 
7f5e146e6000-7f5e146e7000 ---p 00000000 00:00 0 
7f5e146e7000-7f5e147e7000 rw-p 00000000 00:00 0 
7f5e147e7000-7f5e147e8000 ---p 00000000 00:00 0 
7f5e147e8000-7f5e148e8000 rw-p 00000000 00:00 0 
7f5e148e8000-7f5e148e9000 ---p 00000000 00:00 0 
7f5e148e9000-7f5e149e9000 rw-p 00000000 00:00 0 
7f5e149e9000-7f5e149ea000 ---p 00000000 00:00 0 
7f5e149ea000-7f5e14b13000 rw-p 00000000 00:00 0 
7f5e14b13000-7f5e1500c000 ---p 00000000 00:00 0 
7f5e1500c000-7f5e15035000 rw-p 00000000 00:00 0 
7f5e15035000-7f5e1552d000 ---p 00000000 00:00 0 
7f5e1552d000-7f5e15571000 rw-p 00000000 00:00 0 
7f5e15571000-7f5e157be000 ---p 00000000 00:00 0 
7f5e157be000-7f5e157d3000 rw-p 00000000 00:00 0 
7f5e157d3000-7f5e15b7f000 ---p 00000000 00:00 0 
7f5e15b7f000-7f5e15b87000 r-xp 00000000 103:06 1846835                   /usr/lib/jvm/java-8-openjdk-amd64/jre/lib/amd64/libzip.so
7f5e15b87000-7f5e15d86000 ---p 00008000 103:06 1846835                   /usr/lib/jvm/java-8-openjdk-amd64/jre/lib/amd64/libzip.so
7f5e15d86000-7f5e15d87000 r--p 00007000 103:06 1846835                   /usr/lib/jvm/java-8-openjdk-amd64/jre/lib/amd64/libzip.so
7f5e15d87000-7f5e15d88000 rw-p 00008000 103:06 1846835                   /usr/lib/jvm/java-8-openjdk-amd64/jre/lib/amd64/libzip.so
7f5e15d88000-7f5e15d8b000 r--p 00000000 103:06 2494112                   /usr/lib/x86_64-linux-gnu/libnss_files-2.28.so
7f5e15d8b000-7f5e15d92000 r-xp 00003000 103:06 2494112                   /usr/lib/x86_64-linux-gnu/libnss_files-2.28.so
7f5e15d92000-7f5e15d94000 r--p 0000a000 103:06 2494112                   /usr/lib/x86_64-linux-gnu/libnss_files-2.28.so
7f5e15d94000-7f5e15d95000 ---p 0000c000 103:06 2494112                   /usr/lib/x86_64-linux-gnu/libnss_files-2.28.so
7f5e15d95000-7f5e15d96000 r--p 0000c000 103:06 2494112                   /usr/lib/x86_64-linux-gnu/libnss_files-2.28.so
7f5e15d96000-7f5e15d97000 rw-p 0000d000 103:06 2494112                   /usr/lib/x86_64-linux-gnu/libnss_files-2.28.so
7f5e15d97000-7f5e15d9d000 rw-p 00000000 00:00 0 
7f5e15d9d000-7f5e15da1000 r--p 00000000 103:06 2494100                   /usr/lib/x86_64-linux-gnu/libnsl-2.28.so
7f5e15da1000-7f5e15dad000 r-xp 00004000 103:06 2494100                   /usr/lib/x86_64-linux-gnu/libnsl-2.28.so
7f5e15dad000-7f5e15db2000 r--p 00010000 103:06 2494100                   /usr/lib/x86_64-linux-gnu/libnsl-2.28.so
7f5e15db2000-7f5e15db3000 r--p 00014000 103:06 2494100                   /usr/lib/x86_64-linux-gnu/libnsl-2.28.so
7f5e15db3000-7f5e15db4000 rw-p 00015000 103:06 2494100                   /usr/lib/x86_64-linux-gnu/libnsl-2.28.so
7f5e15db4000-7f5e15db6000 rw-p 00000000 00:00 0 
7f5e15db6000-7f5e15db8000 r--s 00016000 103:06 1846870                   /usr/lib/jvm/java-8-openjdk-amd64/jre/lib/jce.jar
7f5e15db8000-7f5e15dbd000 r--s 002f9000 103:06 1846839                   /usr/lib/jvm/java-8-openjdk-amd64/jre/lib/charsets.jar
7f5e15dbd000-7f5e15dbf000 r--s 00001000 103:06 1846850                   /usr/lib/jvm/java-8-openjdk-amd64/jre/lib/ext/dnsns.jar
7f5e15dbf000-7f5e15dc2000 r--s 00039000 103:06 1846857                   /usr/lib/jvm/java-8-openjdk-amd64/jre/lib/ext/sunpkcs11.jar
7f5e15dc2000-7f5e15dcc000 r--s 00116000 103:06 1846853                   /usr/lib/jvm/java-8-openjdk-amd64/jre/lib/ext/localedata.jar
7f5e15dcc000-7f5e15dcd000 r--s 0000a000 103:06 1846852                   /usr/lib/jvm/java-8-openjdk-amd64/jre/lib/ext/jaccess.jar
7f5e15dcd000-7f5e15dcf000 r--s 00008000 103:06 1846855                   /usr/lib/jvm/java-8-openjdk-amd64/jre/lib/ext/sunec.jar
7f5e15dcf000-7f5e15dd4000 r--s 0003c000 103:06 1846856                   /usr/lib/jvm/java-8-openjdk-amd64/jre/lib/ext/sunjce_provider.jar
7f5e15dd4000-7f5e15dd7000 r--s 0000f000 103:06 1846851                   /usr/lib/jvm/java-8-openjdk-amd64/jre/lib/ext/icedtea-sound.jar
7f5e15dd7000-7f5e15dd9000 r--s 00007000 103:06 672722                    /usr/share/java/java-atk-wrapper.jar
7f5e15dd9000-7f5e15de3000 r-xp 00000000 103:06 1846811                   /usr/lib/jvm/java-8-openjdk-amd64/jre/lib/amd64/libinstrument.so
7f5e15de3000-7f5e15fe2000 ---p 0000a000 103:06 1846811                   /usr/lib/jvm/java-8-openjdk-amd64/jre/lib/amd64/libinstrument.so
7f5e15fe2000-7f5e15fe3000 r--p 00009000 103:06 1846811                   /usr/lib/jvm/java-8-openjdk-amd64/jre/lib/amd64/libinstrument.so
7f5e15fe3000-7f5e15fe4000 rw-p 0000a000 103:06 1846811                   /usr/lib/jvm/java-8-openjdk-amd64/jre/lib/amd64/libinstrument.so
7f5e15fe4000-7f5e165c8000 r--p 00000000 103:06 1971852                   /usr/lib/locale/locale-archive
7f5e165c8000-7f5e165ca000 r-xp 00000000 103:06 1846829                   /usr/lib/jvm/java-8-openjdk-amd64/jre/lib/amd64/libnpt.so
7f5e165ca000-7f5e167ca000 ---p 00002000 103:06 1846829                   /usr/lib/jvm/java-8-openjdk-amd64/jre/lib/amd64/libnpt.so
7f5e167ca000-7f5e167cb000 r--p 00002000 103:06 1846829                   /usr/lib/jvm/java-8-openjdk-amd64/jre/lib/amd64/libnpt.so
7f5e167cb000-7f5e167cc000 rw-p 00003000 103:06 1846829                   /usr/lib/jvm/java-8-openjdk-amd64/jre/lib/amd64/libnpt.so
7f5e167cc000-7f5e16806000 r-xp 00000000 103:06 1846821                   /usr/lib/jvm/java-8-openjdk-amd64/jre/lib/amd64/libjdwp.so
7f5e16806000-7f5e16a05000 ---p 0003a000 103:06 1846821                   /usr/lib/jvm/java-8-openjdk-amd64/jre/lib/amd64/libjdwp.so
7f5e16a05000-7f5e16a06000 r--p 00039000 103:06 1846821                   /usr/lib/jvm/java-8-openjdk-amd64/jre/lib/amd64/libjdwp.so
7f5e16a06000-7f5e16a07000 rw-p 0003a000 103:06 1846821                   /usr/lib/jvm/java-8-openjdk-amd64/jre/lib/amd64/libjdwp.so
7f5e16a07000-7f5e16a33000 r-xp 00000000 103:06 1846816                   /usr/lib/jvm/java-8-openjdk-amd64/jre/lib/amd64/libjava.so
7f5e16a33000-7f5e16c32000 ---p 0002c000 103:06 1846816                   /usr/lib/jvm/java-8-openjdk-amd64/jre/lib/amd64/libjava.so
7f5e16c32000-7f5e16c33000 r--p 0002b000 103:06 1846816                   /usr/lib/jvm/java-8-openjdk-amd64/jre/lib/amd64/libjava.so
7f5e16c33000-7f5e16c35000 rw-p 0002c000 103:06 1846816                   /usr/lib/jvm/java-8-openjdk-amd64/jre/lib/amd64/libjava.so
7f5e16c35000-7f5e16c44000 r-xp 00000000 103:06 1846834                   /usr/lib/jvm/java-8-openjdk-amd64/jre/lib/amd64/libverify.so
7f5e16c44000-7f5e16e43000 ---p 0000f000 103:06 1846834                   /usr/lib/jvm/java-8-openjdk-amd64/jre/lib/amd64/libverify.so
7f5e16e43000-7f5e16e45000 r--p 0000e000 103:06 1846834                   /usr/lib/jvm/java-8-openjdk-amd64/jre/lib/amd64/libverify.so
7f5e16e45000-7f5e16e46000 rw-p 00010000 103:06 1846834                   /usr/lib/jvm/java-8-openjdk-amd64/jre/lib/amd64/libverify.so
7f5e16e46000-7f5e16e48000 r--p 00000000 103:06 2494406                   /usr/lib/x86_64-linux-gnu/librt-2.28.so
7f5e16e48000-7f5e16e4c000 r-xp 00002000 103:06 2494406                   /usr/lib/x86_64-linux-gnu/librt-2.28.so
7f5e16e4c000-7f5e16e4e000 r--p 00006000 103:06 2494406                   /usr/lib/x86_64-linux-gnu/librt-2.28.so
7f5e16e4e000-7f5e16e4f000 r--p 00007000 103:06 2494406                   /usr/lib/x86_64-linux-gnu/librt-2.28.so
7f5e16e4f000-7f5e16e50000 rw-p 00008000 103:06 2494406                   /usr/lib/x86_64-linux-gnu/librt-2.28.so
7f5e16e50000-7f5e16e51000 ---p 00000000 00:00 0 
7f5e16e51000-7f5e16e54000 ---p 00000000 00:00 0 
7f5e16e54000-7f5e16f51000 rw-p 00000000 00:00 0 
7f5e16f51000-7f5e16f54000 r--p 00000000 103:06 2493373                   /usr/lib/x86_64-linux-gnu/libgcc_s.so.1
7f5e16f54000-7f5e16f65000 r-xp 00003000 103:06 2493373                   /usr/lib/x86_64-linux-gnu/libgcc_s.so.1
7f5e16f65000-7f5e16f68000 r--p 00014000 103:06 2493373                   /usr/lib/x86_64-linux-gnu/libgcc_s.so.1
7f5e16f68000-7f5e16f69000 ---p 00017000 103:06 2493373                   /usr/lib/x86_64-linux-gnu/libgcc_s.so.1
7f5e16f69000-7f5e16f6a000 r--p 00017000 103:06 2493373                   /usr/lib/x86_64-linux-gnu/libgcc_s.so.1
7f5e16f6a000-7f5e16f6b000 rw-p 00018000 103:06 2493373                   /usr/lib/x86_64-linux-gnu/libgcc_s.so.1
7f5e16f6b000-7f5e16f78000 r--p 00000000 103:06 2493929                   /usr/lib/x86_64-linux-gnu/libm-2.28.so
7f5e16f78000-7f5e17017000 r-xp 0000d000 103:06 2493929                   /usr/lib/x86_64-linux-gnu/libm-2.28.so
7f5e17017000-7f5e170ec000 r--p 000ac000 103:06 2493929                   /usr/lib/x86_64-linux-gnu/libm-2.28.so
7f5e170ec000-7f5e170ed000 r--p 00180000 103:06 2493929                   /usr/lib/x86_64-linux-gnu/libm-2.28.so
7f5e170ed000-7f5e170ee000 rw-p 00181000 103:06 2493929                   /usr/lib/x86_64-linux-gnu/libm-2.28.so
7f5e170ee000-7f5e17177000 r--p 00000000 103:06 2494516                   /usr/lib/x86_64-linux-gnu/libstdc++.so.6.0.25
7f5e17177000-7f5e17223000 r-xp 00089000 103:06 2494516                   /usr/lib/x86_64-linux-gnu/libstdc++.so.6.0.25
7f5e17223000-7f5e17261000 r--p 00135000 103:06 2494516                   /usr/lib/x86_64-linux-gnu/libstdc++.so.6.0.25
7f5e17261000-7f5e17262000 ---p 00173000 103:06 2494516                   /usr/lib/x86_64-linux-gnu/libstdc++.so.6.0.25
7f5e17262000-7f5e1726c000 r--p 00173000 103:06 2494516                   /usr/lib/x86_64-linux-gnu/libstdc++.so.6.0.25
7f5e1726c000-7f5e1726e000 rw-p 0017d000 103:06 2494516                   /usr/lib/x86_64-linux-gnu/libstdc++.so.6.0.25
7f5e1726e000-7f5e17272000 rw-p 00000000 00:00 0 
7f5e17272000-7f5e17ed8000 r-xp 00000000 103:06 1846838                   /usr/lib/jvm/java-8-openjdk-amd64/jre/lib/amd64/server/libjvm.so
7f5e17ed8000-7f5e180d7000 ---p 00c66000 103:06 1846838                   /usr/lib/jvm/java-8-openjdk-amd64/jre/lib/amd64/server/libjvm.so
7f5e180d7000-7f5e1816b000 r--p 00c65000 103:06 1846838                   /usr/lib/jvm/java-8-openjdk-amd64/jre/lib/amd64/server/libjvm.so
7f5e1816b000-7f5e18194000 rw-p 00cf9000 103:06 1846838                   /usr/lib/jvm/java-8-openjdk-amd64/jre/lib/amd64/server/libjvm.so
7f5e18194000-7f5e181c6000 rw-p 00000000 00:00 0 
7f5e181c6000-7f5e181e8000 r--p 00000000 103:06 2492971                   /usr/lib/x86_64-linux-gnu/libc-2.28.so
7f5e181e8000-7f5e18330000 r-xp 00022000 103:06 2492971                   /usr/lib/x86_64-linux-gnu/libc-2.28.so
7f5e18330000-7f5e1837c000 r--p 0016a000 103:06 2492971                   /usr/lib/x86_64-linux-gnu/libc-2.28.so
7f5e1837c000-7f5e1837d000 ---p 001b6000 103:06 2492971                   /usr/lib/x86_64-linux-gnu/libc-2.28.so
7f5e1837d000-7f5e18381000 r--p 001b6000 103:06 2492971                   /usr/lib/x86_64-linux-gnu/libc-2.28.so
7f5e18381000-7f5e18383000 rw-p 001ba000 103:06 2492971                   /usr/lib/x86_64-linux-gnu/libc-2.28.so
7f5e18383000-7f5e18387000 rw-p 00000000 00:00 0 
7f5e18387000-7f5e18388000 r--p 00000000 103:06 2493149                   /usr/lib/x86_64-linux-gnu/libdl-2.28.so
7f5e18388000-7f5e18389000 r-xp 00001000 103:06 2493149                   /usr/lib/x86_64-linux-gnu/libdl-2.28.so
7f5e18389000-7f5e1838a000 r--p 00002000 103:06 2493149                   /usr/lib/x86_64-linux-gnu/libdl-2.28.so
7f5e1838a000-7f5e1838b000 r--p 00002000 103:06 2493149                   /usr/lib/x86_64-linux-gnu/libdl-2.28.so
7f5e1838b000-7f5e1838c000 rw-p 00003000 103:06 2493149                   /usr/lib/x86_64-linux-gnu/libdl-2.28.so
7f5e1838c000-7f5e18399000 r-xp 00000000 103:06 1846802                   /usr/lib/jvm/java-8-openjdk-amd64/jre/lib/amd64/jli/libjli.so
7f5e18399000-7f5e18598000 ---p 0000d000 103:06 1846802                   /usr/lib/jvm/java-8-openjdk-amd64/jre/lib/amd64/jli/libjli.so
7f5e18598000-7f5e18599000 r--p 0000c000 103:06 1846802                   /usr/lib/jvm/java-8-openjdk-amd64/jre/lib/amd64/jli/libjli.so
7f5e18599000-7f5e1859a000 rw-p 0000d000 103:06 1846802                   /usr/lib/jvm/java-8-openjdk-amd64/jre/lib/amd64/jli/libjli.so
7f5e1859a000-7f5e1859d000 r--p 00000000 103:06 2494865                   /usr/lib/x86_64-linux-gnu/libz.so.1.2.11
7f5e1859d000-7f5e185ae000 r-xp 00003000 103:06 2494865                   /usr/lib/x86_64-linux-gnu/libz.so.1.2.11
7f5e185ae000-7f5e185b4000 r--p 00014000 103:06 2494865                   /usr/lib/x86_64-linux-gnu/libz.so.1.2.11
7f5e185b4000-7f5e185b5000 ---p 0001a000 103:06 2494865                   /usr/lib/x86_64-linux-gnu/libz.so.1.2.11
7f5e185b5000-7f5e185b6000 r--p 0001a000 103:06 2494865                   /usr/lib/x86_64-linux-gnu/libz.so.1.2.11
7f5e185b6000-7f5e185b7000 rw-p 0001b000 103:06 2494865                   /usr/lib/x86_64-linux-gnu/libz.so.1.2.11
7f5e185b7000-7f5e185bd000 r--p 00000000 103:06 2494327                   /usr/lib/x86_64-linux-gnu/libpthread-2.28.so
7f5e185bd000-7f5e185cc000 r-xp 00006000 103:06 2494327                   /usr/lib/x86_64-linux-gnu/libpthread-2.28.so
7f5e185cc000-7f5e185d2000 r--p 00015000 103:06 2494327                   /usr/lib/x86_64-linux-gnu/libpthread-2.28.so
7f5e185d2000-7f5e185d3000 r--p 0001a000 103:06 2494327                   /usr/lib/x86_64-linux-gnu/libpthread-2.28.so
7f5e185d3000-7f5e185d4000 rw-p 0001b000 103:06 2494327                   /usr/lib/x86_64-linux-gnu/libpthread-2.28.so
7f5e185d4000-7f5e185d8000 rw-p 00000000 00:00 0 
7f5e185d8000-7f5e185d9000 r--s 00010000 103:06 1846858                   /usr/lib/jvm/java-8-openjdk-amd64/jre/lib/ext/zipfs.jar
7f5e185d9000-7f5e185e1000 rw-s 00000000 103:06 1704022                   /tmp/hsperfdata_jleo/9451
7f5e185e1000-7f5e185e3000 r--p 00000000 103:06 2494118                   /usr/lib/x86_64-linux-gnu/libnss_nis-2.28.so
7f5e185e3000-7f5e185ea000 r-xp 00002000 103:06 2494118                   /usr/lib/x86_64-linux-gnu/libnss_nis-2.28.so
7f5e185ea000-7f5e185ec000 r--p 00009000 103:06 2494118                   /usr/lib/x86_64-linux-gnu/libnss_nis-2.28.so
7f5e185ec000-7f5e185ed000 r--p 0000a000 103:06 2494118                   /usr/lib/x86_64-linux-gnu/libnss_nis-2.28.so
7f5e185ed000-7f5e185ee000 rw-p 0000b000 103:06 2494118                   /usr/lib/x86_64-linux-gnu/libnss_nis-2.28.so
7f5e185ee000-7f5e185f0000 r--p 00000000 103:06 2494106                   /usr/lib/x86_64-linux-gnu/libnss_compat-2.28.so
7f5e185f0000-7f5e185f5000 r-xp 00002000 103:06 2494106                   /usr/lib/x86_64-linux-gnu/libnss_compat-2.28.so
7f5e185f5000-7f5e185f7000 r--p 00007000 103:06 2494106                   /usr/lib/x86_64-linux-gnu/libnss_compat-2.28.so
7f5e185f7000-7f5e185f8000 r--p 00008000 103:06 2494106                   /usr/lib/x86_64-linux-gnu/libnss_compat-2.28.so
7f5e185f8000-7f5e185f9000 rw-p 00009000 103:06 2494106                   /usr/lib/x86_64-linux-gnu/libnss_compat-2.28.so
7f5e185f9000-7f5e185fa000 rw-p 00000000 00:00 0 
7f5e185fa000-7f5e185fb000 r--p 00000000 00:00 0 
7f5e185fb000-7f5e185fd000 rw-p 00000000 00:00 0 
7f5e185fd000-7f5e185fe000 r--p 00000000 103:06 2492246                   /usr/lib/x86_64-linux-gnu/ld-2.28.so
7f5e185fe000-7f5e1861c000 r-xp 00001000 103:06 2492246                   /usr/lib/x86_64-linux-gnu/ld-2.28.so
7f5e1861c000-7f5e18624000 r--p 0001f000 103:06 2492246                   /usr/lib/x86_64-linux-gnu/ld-2.28.so
7f5e18624000-7f5e18625000 r--p 00026000 103:06 2492246                   /usr/lib/x86_64-linux-gnu/ld-2.28.so
7f5e18625000-7f5e18626000 rw-p 00027000 103:06 2492246                   /usr/lib/x86_64-linux-gnu/ld-2.28.so
7f5e18626000-7f5e18627000 rw-p 00000000 00:00 0 
7ffd88c3c000-7ffd88c5e000 rw-p 00000000 00:00 0                          [stack]
7ffd88c68000-7ffd88c6b000 r--p 00000000 00:00 0                          [vvar]
7ffd88c6b000-7ffd88c6c000 r-xp 00000000 00:00 0                          [vdso]
ffffffffff600000-ffffffffff601000 --xp 00000000 00:00 0                  [vsyscall]

VM Arguments:
jvm_args: -agentlib:jdwp=transport=dt_socket,address=127.0.0.1:56859,suspend=y,server=n -javaagent:/home/jleo/data/IDEAProject/java/aim/out/artifacts/agent_jar/agent.jar -XX:TieredStopAtLevel=1 -Xverify:none -Dspring.output.ansi.enabled=always -javaagent:/home/jleo/app/idea-IU-202.7660.26/plugins/java/lib/rt/debugger-agent.jar -Dcom.sun.management.jmxremote -Dspring.jmx.enabled=true -Dspring.liveBeansView.mbeanDomain -Dspring.application.admin.enabled=true -Dfile.encoding=UTF-8 
java_command: com.example.demo.DemoApplication
java_class_path (initial): /usr/lib/jvm/java-1.8.0-openjdk-amd64/jre/lib/charsets.jar:/usr/lib/jvm/java-1.8.0-openjdk-amd64/jre/lib/ext/cldrdata.jar:/usr/lib/jvm/java-1.8.0-openjdk-amd64/jre/lib/ext/dnsns.jar:/usr/lib/jvm/java-1.8.0-openjdk-amd64/jre/lib/ext/icedtea-sound.jar:/usr/lib/jvm/java-1.8.0-openjdk-amd64/jre/lib/ext/jaccess.jar:/usr/lib/jvm/java-1.8.0-openjdk-amd64/jre/lib/ext/java-atk-wrapper.jar:/usr/lib/jvm/java-1.8.0-openjdk-amd64/jre/lib/ext/localedata.jar:/usr/lib/jvm/java-1.8.0-openjdk-amd64/jre/lib/ext/nashorn.jar:/usr/lib/jvm/java-1.8.0-openjdk-amd64/jre/lib/ext/sunec.jar:/usr/lib/jvm/java-1.8.0-openjdk-amd64/jre/lib/ext/sunjce_provider.jar:/usr/lib/jvm/java-1.8.0-openjdk-amd64/jre/lib/ext/sunpkcs11.jar:/usr/lib/jvm/java-1.8.0-openjdk-amd64/jre/lib/ext/zipfs.jar:/usr/lib/jvm/java-1.8.0-openjdk-amd64/jre/lib/jce.jar:/usr/lib/jvm/java-1.8.0-openjdk-amd64/jre/lib/jsse.jar:/usr/lib/jvm/java-1.8.0-openjdk-amd64/jre/lib/management-agent.jar:/usr/lib/jvm/java-1.8.0-openjdk-amd64/jre/lib/resources.jar:/usr/lib/jvm/java-1.8.0-openjdk-amd64/jre/lib/rt.jar:/home/jleo/data/IDEAProject/java/aim/demo/target/classes:/home/jleo/appData/maven/repository/org/springframework/boot/spring-boot-starter/2.4.2/spring-boot-starter-2.4.2.jar:/home/jleo/appData/maven/repository/org/springframework/boot/spring-boot/2.4.2/spring-boot-2.4.2.jar:/home/jleo/appData/maven/repository/org/springframework/spring-context/5.3.3/spring-context-5.3.3.jar:/home/jleo/appData/maven/repository/org/springframework/boot/spring-boot-autoconfigure/2.4.2/spring-boot-autoconfigure-2.4.2.jar:/home/jleo/appData/maven/repository/org/springframework/boot/spring-boot-starter-logging/2.4.2/spring-boot-starter-logging-2.4.2.jar:/home/jleo/appData/maven/repository/ch/qos/logback/logback-classic/1.2.3/logback-classic-1.2.3.jar:/home/jleo/appData/maven/repository/ch/qos/logback/logback-core/1.2.3/logback-core-1.2.3.jar:/home/jleo/appData/maven/repository/org/apache/logging/log4j/log4j-to-slf4j/2.13.3/log4
Launcher Type: SUN_STANDARD

Environment Variables:
PATH=/usr/local/bin:/usr/bin:/bin:/usr/local/games:/usr/games:/sbin:/usr/sbin
SHELL=/bin/bash
DISPLAY=:0

Signal Handlers:
SIGSEGV: [libjvm.so+0xa79db0], sa_mask[0]=11111111011111111101111111111110, sa_flags=SA_RESTART|SA_SIGINFO
SIGBUS: [libjvm.so+0xa79db0], sa_mask[0]=11111111011111111101111111111110, sa_flags=SA_RESTART|SA_SIGINFO
SIGFPE: [libjvm.so+0x8c24e0], sa_mask[0]=11111111011111111101111111111110, sa_flags=SA_RESTART|SA_SIGINFO
SIGPIPE: [libjvm.so+0x8c24e0], sa_mask[0]=11111111011111111101111111111110, sa_flags=SA_RESTART|SA_SIGINFO
SIGXFSZ: [libjvm.so+0x8c24e0], sa_mask[0]=11111111011111111101111111111110, sa_flags=SA_RESTART|SA_SIGINFO
SIGILL: [libjvm.so+0x8c24e0], sa_mask[0]=11111111011111111101111111111110, sa_flags=SA_RESTART|SA_SIGINFO
SIGUSR1: SIG_DFL, sa_mask[0]=00000000000000000000000000000000, sa_flags=none
SIGUSR2: [libjvm.so+0x8c2390], sa_mask[0]=00100000000000000000000000000000, sa_flags=SA_RESTART|SA_SIGINFO
SIGHUP: SIG_IGN, sa_mask[0]=00000000000000000000000000000000, sa_flags=none
SIGINT: [libjvm.so+0x8c2a00], sa_mask[0]=11111111011111111101111111111110, sa_flags=SA_RESTART|SA_SIGINFO
SIGTERM: [libjvm.so+0x8c2a00], sa_mask[0]=11111111011111111101111111111110, sa_flags=SA_RESTART|SA_SIGINFO
SIGQUIT: [libjvm.so+0x8c2a00], sa_mask[0]=11111111011111111101111111111110, sa_flags=SA_RESTART|SA_SIGINFO


---------------  S Y S T E M  ---------------

OS:DISTRIB_ID=Deepin
DISTRIB_RELEASE=20.1
DISTRIB_DESCRIPTION="Deepin 20.1"
DISTRIB_CODENAME=apricot

uname:Linux 5.4.70-amd64-desktop #1 SMP Wed Oct 14 15:24:23 CST 2020 x86_64
libc:glibc 2.28 NPTL 2.28 
rlimit: STACK 8192k, CORE 0k, NPROC 62713, NOFILE 1048576, AS infinity
load average:1.44 0.81 0.60

/proc/meminfo:
MemTotal:       16130768 kB
MemFree:         4690076 kB
MemAvailable:    7463140 kB
Buffers:          443512 kB
Cached:          3518612 kB
SwapCached:            0 kB
Active:          8752512 kB
Inactive:        1573468 kB
Active(anon):    6926244 kB
Inactive(anon):   510132 kB
Active(file):    1826268 kB
Inactive(file):  1063336 kB
Unevictable:      566516 kB
Mlocked:              96 kB
SwapTotal:             0 kB
SwapFree:              0 kB
Dirty:             44520 kB
Writeback:             0 kB
AnonPages:       6928560 kB
Mapped:          1188032 kB
Shmem:           1079296 kB
KReclaimable:     223776 kB
Slab:             417488 kB
SReclaimable:     223776 kB
SUnreclaim:       193712 kB
KernelStack:       18688 kB
PageTables:        43500 kB
NFS_Unstable:          0 kB
Bounce:                0 kB
WritebackTmp:          0 kB
CommitLimit:     8065384 kB
Committed_AS:   18175524 kB
VmallocTotal:   34359738367 kB
VmallocUsed:       40164 kB
VmallocChunk:          0 kB
Percpu:             5984 kB
HardwareCorrupted:     0 kB
AnonHugePages:         0 kB
ShmemHugePages:        0 kB
ShmemPmdMapped:        0 kB
FileHugePages:         0 kB
FilePmdMapped:         0 kB
CmaTotal:              0 kB
CmaFree:               0 kB
HugePages_Total:       0
HugePages_Free:        0
HugePages_Rsvd:        0
HugePages_Surp:        0
Hugepagesize:       2048 kB
Hugetlb:               0 kB
DirectMap4k:      340856 kB
DirectMap2M:     9877504 kB
DirectMap1G:     6291456 kB

container (cgroup) information:
container_type: cgroupv1
cpu_cpuset_cpus: 0-7
cpu_memory_nodes: 0
active_processor_count: 8
cpu_quota: -1
cpu_period: 100000
cpu_shares: -1
memory_limit_in_bytes: -1
memory_and_swap_limit_in_bytes: -2
memory_soft_limit_in_bytes: -1
memory_usage_in_bytes: 3642552320
memory_max_usage_in_bytes: 3646414848


CPU:total 8 (initial active 8) (4 cores per cpu, 2 threads per core) family 6 model 142 stepping 12, cmov, cx8, fxsr, mmx, sse, sse2, sse3, ssse3, sse4.1, sse4.2, popcnt, avx, avx2, aes, clmul, erms, 3dnowpref, lzcnt, ht, tsc, tscinvbit, bmi1, bmi2, adx

/proc/cpuinfo:
processor	: 0
vendor_id	: GenuineIntel
cpu family	: 6
model		: 142
model name	: Intel(R) Core(TM) i5-10210U CPU @ 1.60GHz
stepping	: 12
microcode	: 0xd6
cpu MHz		: 2497.593
cache size	: 6144 KB
physical id	: 0
siblings	: 8
core id		: 0
cpu cores	: 4
apicid		: 0
initial apicid	: 0
fpu		: yes
fpu_exception	: yes
cpuid level	: 22
wp		: yes
flags		: fpu vme de pse tsc msr pae mce cx8 apic sep mtrr pge mca cmov pat pse36 clflush dts acpi mmx fxsr sse sse2 ss ht tm pbe syscall nx pdpe1gb rdtscp lm constant_tsc art arch_perfmon pebs bts rep_good nopl xtopology nonstop_tsc cpuid aperfmperf pni pclmulqdq dtes64 monitor ds_cpl vmx est tm2 ssse3 sdbg fma cx16 xtpr pdcm pcid sse4_1 sse4_2 x2apic movbe popcnt tsc_deadline_timer aes xsave avx f16c rdrand lahf_lm abm 3dnowprefetch cpuid_fault epb invpcid_single ssbd ibrs ibpb stibp ibrs_enhanced tpr_shadow vnmi flexpriority ept vpid ept_ad fsgsbase tsc_adjust bmi1 avx2 smep bmi2 erms invpcid mpx rdseed adx smap clflushopt intel_pt xsaveopt xsavec xgetbv1 xsaves dtherm ida arat pln pts hwp hwp_notify hwp_act_window hwp_epp md_clear flush_l1d arch_capabilities
bugs		: spectre_v1 spectre_v2 spec_store_bypass swapgs itlb_multihit srbds
bogomips	: 4199.88
clflush size	: 64
cache_alignment	: 64
address sizes	: 39 bits physical, 48 bits virtual
power management:

processor	: 1
vendor_id	: GenuineIntel
cpu family	: 6
model		: 142
model name	: Intel(R) Core(TM) i5-10210U CPU @ 1.60GHz
stepping	: 12
microcode	: 0xd6
cpu MHz		: 2165.175
cache size	: 6144 KB
physical id	: 0
siblings	: 8
core id		: 1
cpu cores	: 4
apicid		: 2
initial apicid	: 2
fpu		: yes
fpu_exception	: yes
cpuid level	: 22
wp		: yes
flags		: fpu vme de pse tsc msr pae mce cx8 apic sep mtrr pge mca cmov pat pse36 clflush dts acpi mmx fxsr sse sse2 ss ht tm pbe syscall nx pdpe1gb rdtscp lm constant_tsc art arch_perfmon pebs bts rep_good nopl xtopology nonstop_tsc cpuid aperfmperf pni pclmulqdq dtes64 monitor ds_cpl vmx est tm2 ssse3 sdbg fma cx16 xtpr pdcm pcid sse4_1 sse4_2 x2apic movbe popcnt tsc_deadline_timer aes xsave avx f16c rdrand lahf_lm abm 3dnowprefetch cpuid_fault epb invpcid_single ssbd ibrs ibpb stibp ibrs_enhanced tpr_shadow vnmi flexpriority ept vpid ept_ad fsgsbase tsc_adjust bmi1 avx2 smep bmi2 erms invpcid mpx rdseed adx smap clflushopt intel_pt xsaveopt xsavec xgetbv1 xsaves dtherm ida arat pln pts hwp hwp_notify hwp_act_window hwp_epp md_clear flush_l1d arch_capabilities
bugs		: spectre_v1 spectre_v2 spec_store_bypass swapgs itlb_multihit srbds
bogomips	: 4199.88
clflush size	: 64
cache_alignment	: 64
address sizes	: 39 bits physical, 48 bits virtual
power management:

processor	: 2
vendor_id	: GenuineIntel
cpu family	: 6
model		: 142
model name	: Intel(R) Core(TM) i5-10210U CPU @ 1.60GHz
stepping	: 12
microcode	: 0xd6
cpu MHz		: 2429.192
cache size	: 6144 KB
physical id	: 0
siblings	: 8
core id		: 2
cpu cores	: 4
apicid		: 4
initial apicid	: 4
fpu		: yes
fpu_exception	: yes
cpuid level	: 22
wp		: yes
flags		: fpu vme de pse tsc msr pae mce cx8 apic sep mtrr pge mca cmov pat pse36 clflush dts acpi mmx fxsr sse sse2 ss ht tm pbe syscall nx pdpe1gb rdtscp lm constant_tsc art arch_perfmon pebs bts rep_good nopl xtopology nonstop_tsc cpuid aperfmperf pni pclmulqdq dtes64 monitor ds_cpl vmx est tm2 ssse3 sdbg fma cx16 xtpr pdcm pcid sse4_1 sse4_2 x2apic movbe popcnt tsc_deadline_timer aes xsave avx f16c rdrand lahf_lm abm 3dnowprefetch cpuid_fault epb invpcid_single ssbd ibrs ibpb stibp ibrs_enhanced tpr_shadow vnmi flexpriority ept vpid ept_ad fsgsbase tsc_adjust bmi1 avx2 smep bmi2 erms invpcid mpx rdseed adx smap clflushopt intel_pt xsaveopt xsavec xgetbv1 xsaves dtherm ida arat pln pts hwp hwp_notify hwp_act_window hwp_epp md_clear flush_l1d arch_capabilities
bugs		: spectre_v1 spectre_v2 spec_store_bypass swapgs itlb_multihit srbds
bogomips	: 4199.88
clflush size	: 64
cache_alignment	: 64
address sizes	: 39 bits physical, 48 bits virtual
power management:

processor	: 3
vendor_id	: GenuineIntel
cpu family	: 6
model		: 142
model name	: Intel(R) Core(TM) i5-10210U CPU @ 1.60GHz
stepping	: 12
microcode	: 0xd6
cpu MHz		: 2647.835
cache size	: 6144 KB
physical id	: 0
siblings	: 8
core id		: 3
cpu cores	: 4
apicid		: 6
initial apicid	: 6
fpu		: yes
fpu_exception	: yes
cpuid level	: 22
wp		: yes
flags		: fpu vme de pse tsc msr pae mce cx8 apic sep mtrr pge mca cmov pat pse36 clflush dts acpi mmx fxsr sse sse2 ss ht tm pbe syscall nx pdpe1gb rdtscp lm constant_tsc art arch_perfmon pebs bts rep_good nopl xtopology nonstop_tsc cpuid aperfmperf pni pclmulqdq dtes64 monitor ds_cpl vmx est tm2 ssse3 sdbg fma cx16 xtpr pdcm pcid sse4_1 sse4_2 x2apic movbe popcnt tsc_deadline_timer aes xsave avx f16c rdrand lahf_lm abm 3dnowprefetch cpuid_fault epb invpcid_single ssbd ibrs ibpb stibp ibrs_enhanced tpr_shadow vnmi flexpriority ept vpid ept_ad fsgsbase tsc_adjust bmi1 avx2 smep bmi2 erms invpcid mpx rdseed adx smap clflushopt intel_pt xsaveopt xsavec xgetbv1 xsaves dtherm ida arat pln pts hwp hwp_notify hwp_act_window hwp_epp md_clear flush_l1d arch_capabilities
bugs		: spectre_v1 spectre_v2 spec_store_bypass swapgs itlb_multihit srbds
bogomips	: 4199.88
clflush size	: 64
cache_alignment	: 64
address sizes	: 39 bits physical, 48 bits virtual
power management:

processor	: 4
vendor_id	: GenuineIntel
cpu family	: 6
model		: 142
model name	: Intel(R) Core(TM) i5-10210U CPU @ 1.60GHz
stepping	: 12
microcode	: 0xd6
cpu MHz		: 2371.187
cache size	: 6144 KB
physical id	: 0
siblings	: 8
core id		: 0
cpu cores	: 4
apicid		: 1
initial apicid	: 1
fpu		: yes
fpu_exception	: yes
cpuid level	: 22
wp		: yes
flags		: fpu vme de pse tsc msr pae mce cx8 apic sep mtrr pge mca cmov pat pse36 clflush dts acpi mmx fxsr sse sse2 ss ht tm pbe syscall nx pdpe1gb rdtscp lm constant_tsc art arch_perfmon pebs bts rep_good nopl xtopology nonstop_tsc cpuid aperfmperf pni pclmulqdq dtes64 monitor ds_cpl vmx est tm2 ssse3 sdbg fma cx16 xtpr pdcm pcid sse4_1 sse4_2 x2apic movbe popcnt tsc_deadline_timer aes xsave avx f16c rdrand lahf_lm abm 3dnowprefetch cpuid_fault epb invpcid_single ssbd ibrs ibpb stibp ibrs_enhanced tpr_shadow vnmi flexpriority ept vpid ept_ad fsgsbase tsc_adjust bmi1 avx2 smep bmi2 erms invpcid mpx rdseed adx smap clflushopt intel_pt xsaveopt xsavec xgetbv1 xsaves dtherm ida arat pln pts hwp hwp_notify hwp_act_window hwp_epp md_clear flush_l1d arch_capabilities
bugs		: spectre_v1 spectre_v2 spec_store_bypass swapgs itlb_multihit srbds
bogomips	: 4199.88
clflush size	: 64
cache_alignment	: 64
address sizes	: 39 bits physical, 48 bits virtual
power management:

processor	: 5
vendor_id	: GenuineIntel
cpu family	: 6
model		: 142
model name	: Intel(R) Core(TM) i5-10210U CPU @ 1.60GHz
stepping	: 12
microcode	: 0xd6
cpu MHz		: 2397.699
cache size	: 6144 KB
physical id	: 0
siblings	: 8
core id		: 1
cpu cores	: 4
apicid		: 3
initial apicid	: 3
fpu		: yes
fpu_exception	: yes
cpuid level	: 22
wp		: yes
flags		: fpu vme de pse tsc msr pae mce cx8 apic sep mtrr pge mca cmov pat pse36 clflush dts acpi mmx fxsr sse sse2 ss ht tm pbe syscall nx pdpe1gb rdtscp lm constant_tsc art arch_perfmon pebs bts rep_good nopl xtopology nonstop_tsc cpuid aperfmperf pni pclmulqdq dtes64 monitor ds_cpl vmx est tm2 ssse3 sdbg fma cx16 xtpr pdcm pcid sse4_1 sse4_2 x2apic movbe popcnt tsc_deadline_timer aes xsave avx f16c rdrand lahf_lm abm 3dnowprefetch cpuid_fault epb invpcid_single ssbd ibrs ibpb stibp ibrs_enhanced tpr_shadow vnmi flexpriority ept vpid ept_ad fsgsbase tsc_adjust bmi1 avx2 smep bmi2 erms invpcid mpx rdseed adx smap clflushopt intel_pt xsaveopt xsavec xgetbv1 xsaves dtherm ida arat pln pts hwp hwp_notify hwp_act_window hwp_epp md_clear flush_l1d arch_capabilities
bugs		: spectre_v1 spectre_v2 spec_store_bypass swapgs itlb_multihit srbds
bogomips	: 4199.88
clflush size	: 64
cache_alignment	: 64
address sizes	: 39 bits physical, 48 bits virtual
power management:

processor	: 6
vendor_id	: GenuineIntel
cpu family	: 6
model		: 142
model name	: Intel(R) Core(TM) i5-10210U CPU @ 1.60GHz
stepping	: 12
microcode	: 0xd6
cpu MHz		: 2420.191
cache size	: 6144 KB
physical id	: 0
siblings	: 8
core id		: 2
cpu cores	: 4
apicid		: 5
initial apicid	: 5
fpu		: yes
fpu_exception	: yes
cpuid level	: 22
wp		: yes
flags		: fpu vme de pse tsc msr pae mce cx8 apic sep mtrr pge mca cmov pat pse36 clflush dts acpi mmx fxsr sse sse2 ss ht tm pbe syscall nx pdpe1gb rdtscp lm constant_tsc art arch_perfmon pebs bts rep_good nopl xtopology nonstop_tsc cpuid aperfmperf pni pclmulqdq dtes64 monitor ds_cpl vmx est tm2 ssse3 sdbg fma cx16 xtpr pdcm pcid sse4_1 sse4_2 x2apic movbe popcnt tsc_deadline_timer aes xsave avx f16c rdrand lahf_lm abm 3dnowprefetch cpuid_fault epb invpcid_single ssbd ibrs ibpb stibp ibrs_enhanced tpr_shadow vnmi flexpriority ept vpid ept_ad fsgsbase tsc_adjust bmi1 avx2 smep bmi2 erms invpcid mpx rdseed adx smap clflushopt intel_pt xsaveopt xsavec xgetbv1 xsaves dtherm ida arat pln pts hwp hwp_notify hwp_act_window hwp_epp md_clear flush_l1d arch_capabilities
bugs		: spectre_v1 spectre_v2 spec_store_bypass swapgs itlb_multihit srbds
bogomips	: 4199.88
clflush size	: 64
cache_alignment	: 64
address sizes	: 39 bits physical, 48 bits virtual
power management:

processor	: 7
vendor_id	: GenuineIntel
cpu family	: 6
model		: 142
model name	: Intel(R) Core(TM) i5-10210U CPU @ 1.60GHz
stepping	: 12
microcode	: 0xd6
cpu MHz		: 2524.963
cache size	: 6144 KB
physical id	: 0
siblings	: 8
core id		: 3
cpu cores	: 4
apicid		: 7
initial apicid	: 7
fpu		: yes
fpu_exception	: yes
cpuid level	: 22
wp		: yes
flags		: fpu vme de pse tsc msr pae mce cx8 apic sep mtrr pge mca cmov pat pse36 clflush dts acpi mmx fxsr sse sse2 ss ht tm pbe syscall nx pdpe1gb rdtscp lm constant_tsc art arch_perfmon pebs bts rep_good nopl xtopology nonstop_tsc cpuid aperfmperf pni pclmulqdq dtes64 monitor ds_cpl vmx est tm2 ssse3 sdbg fma cx16 xtpr pdcm pcid sse4_1 sse4_2 x2apic movbe popcnt tsc_deadline_timer aes xsave avx f16c rdrand lahf_lm abm 3dnowprefetch cpuid_fault epb invpcid_single ssbd ibrs ibpb stibp ibrs_enhanced tpr_shadow vnmi flexpriority ept vpid ept_ad fsgsbase tsc_adjust bmi1 avx2 smep bmi2 erms invpcid mpx rdseed adx smap clflushopt intel_pt xsaveopt xsavec xgetbv1 xsaves dtherm ida arat pln pts hwp hwp_notify hwp_act_window hwp_epp md_clear flush_l1d arch_capabilities
bugs		: spectre_v1 spectre_v2 spec_store_bypass swapgs itlb_multihit srbds
bogomips	: 4199.88
clflush size	: 64
cache_alignment	: 64
address sizes	: 39 bits physical, 48 bits virtual
power management:



Memory: 4k page, physical 16130768k(4690076k free), swap 0k(0k free)

vm_info: OpenJDK 64-Bit Server VM (25.212-b01) for linux-amd64 JRE (1.8.0_212-8u212-b01-1~deb9u1-b01), built on Mar 18 2019 23:06:47 by "jmm" with gcc 6.3.0 20170516

time: Thu Feb  4 17:48:58 2021
timezone: CST
elapsed time: 11 seconds (0d 0h 0m 11s)

